[3.014s] Invoking command in '/home/reddy/ros2_ws/src/py_pubsub': PYTHONPATH=/home/reddy/ros2_ws/build/py_pubsub/prefix_override:/usr/lib/python3/dist-packages/colcon_core/task/python/colcon_distutils_commands:/home/reddy/ros2_ws/install/py_pubsub/lib/python3.10/site-packages:${PYTHONPATH} /usr/bin/python3 -W ignore:setup.py install is deprecated -W ignore:easy_install command is deprecated setup.py egg_info --egg-base ../../build/py_pubsub build --build-base /home/reddy/ros2_ws/build/py_pubsub/build install --record /home/reddy/ros2_ws/build/py_pubsub/install.log --single-version-externally-managed install_data
[3.372s] running egg_info
[3.372s] creating ../../build/py_pubsub/py_pubsub.egg-info
[3.372s] writing ../../build/py_pubsub/py_pubsub.egg-info/PKG-INFO
[3.372s] writing dependency_links to ../../build/py_pubsub/py_pubsub.egg-info/dependency_links.txt
[3.372s] writing entry points to ../../build/py_pubsub/py_pubsub.egg-info/entry_points.txt
[3.373s] writing requirements to ../../build/py_pubsub/py_pubsub.egg-info/requires.txt
[3.373s] writing top-level names to ../../build/py_pubsub/py_pubsub.egg-info/top_level.txt
[3.373s] writing manifest file '../../build/py_pubsub/py_pubsub.egg-info/SOURCES.txt'
[3.373s] reading manifest file '../../build/py_pubsub/py_pubsub.egg-info/SOURCES.txt'
[3.373s] writing manifest file '../../build/py_pubsub/py_pubsub.egg-info/SOURCES.txt'
[3.374s] running build
[3.374s] running build_py
[3.374s] creating /home/reddy/ros2_ws/build/py_pubsub/build
[3.374s] creating /home/reddy/ros2_ws/build/py_pubsub/build/lib
[3.374s] creating /home/reddy/ros2_ws/build/py_pubsub/build/lib/py_pubsub
[3.374s] copying py_pubsub/listener.py -> /home/reddy/ros2_ws/build/py_pubsub/build/lib/py_pubsub
[3.374s] copying py_pubsub/talker.py -> /home/reddy/ros2_ws/build/py_pubsub/build/lib/py_pubsub
[3.374s] copying py_pubsub/__init__.py -> /home/reddy/ros2_ws/build/py_pubsub/build/lib/py_pubsub
[3.374s] running install
[3.374s] running install_lib
[3.375s] creating /home/reddy/ros2_ws/install/py_pubsub/lib/python3.10/site-packages/py_pubsub
[3.375s] copying /home/reddy/ros2_ws/build/py_pubsub/build/lib/py_pubsub/listener.py -> /home/reddy/ros2_ws/install/py_pubsub/lib/python3.10/site-packages/py_pubsub
[3.375s] copying /home/reddy/ros2_ws/build/py_pubsub/build/lib/py_pubsub/talker.py -> /home/reddy/ros2_ws/install/py_pubsub/lib/python3.10/site-packages/py_pubsub
[3.375s] copying /home/reddy/ros2_ws/build/py_pubsub/build/lib/py_pubsub/__init__.py -> /home/reddy/ros2_ws/install/py_pubsub/lib/python3.10/site-packages/py_pubsub
[3.375s] byte-compiling /home/reddy/ros2_ws/install/py_pubsub/lib/python3.10/site-packages/py_pubsub/listener.py to listener.cpython-310.pyc
[3.375s] byte-compiling /home/reddy/ros2_ws/install/py_pubsub/lib/python3.10/site-packages/py_pubsub/talker.py to talker.cpython-310.pyc
[3.375s] byte-compiling /home/reddy/ros2_ws/install/py_pubsub/lib/python3.10/site-packages/py_pubsub/__init__.py to __init__.cpython-310.pyc
[3.375s] running install_data
[3.375s] creating /home/reddy/ros2_ws/install/py_pubsub/share/ament_index
[3.375s] creating /home/reddy/ros2_ws/install/py_pubsub/share/ament_index/resource_index
[3.376s] creating /home/reddy/ros2_ws/install/py_pubsub/share/ament_index/resource_index/packages
[3.376s] copying resource/py_pubsub -> /home/reddy/ros2_ws/install/py_pubsub/share/ament_index/resource_index/packages
[3.376s] copying package.xml -> /home/reddy/ros2_ws/install/py_pubsub/share/py_pubsub
[3.376s] running install_egg_info
[3.376s] Copying ../../build/py_pubsub/py_pubsub.egg-info to /home/reddy/ros2_ws/install/py_pubsub/lib/python3.10/site-packages/py_pubsub-0.0.0-py3.10.egg-info
[3.376s] running install_scripts
[3.376s] Installing listener script to /home/reddy/ros2_ws/install/py_pubsub/lib/py_pubsub
[3.376s] Installing talker script to /home/reddy/ros2_ws/install/py_pubsub/lib/py_pubsub
[3.376s] writing list of installed files to '/home/reddy/ros2_ws/build/py_pubsub/install.log'
[3.438s] Invoked command in '/home/reddy/ros2_ws/src/py_pubsub' returned '0': PYTHONPATH=/home/reddy/ros2_ws/build/py_pubsub/prefix_override:/usr/lib/python3/dist-packages/colcon_core/task/python/colcon_distutils_commands:/home/reddy/ros2_ws/install/py_pubsub/lib/python3.10/site-packages:${PYTHONPATH} /usr/bin/python3 -W ignore:setup.py install is deprecated -W ignore:easy_install command is deprecated setup.py egg_info --egg-base ../../build/py_pubsub build --build-base /home/reddy/ros2_ws/build/py_pubsub/build install --record /home/reddy/ros2_ws/build/py_pubsub/install.log --single-version-externally-managed install_data
