[0.082s] Invoking command in '/home/reddy/ros2_ws/build/examples_rclcpp_minimal_timer': CMAKE_PREFIX_PATH=${CMAKE_PREFIX_PATH}:/home/reddy/ros2_ws/install/py_service:/home/reddy/ros2_ws/install/py_clint:/home/reddy/ros2_ws/install/launch_testing_examples:/home/reddy/ros2_ws/install/examples_rclpy_pointcloud_publisher:/home/reddy/ros2_ws/install/examples_rclpy_minimal_subscriber:/home/reddy/ros2_ws/install/examples_rclpy_minimal_service:/home/reddy/ros2_ws/install/examples_rclpy_minimal_publisher:/home/reddy/ros2_ws/install/examples_rclpy_minimal_client:/home/reddy/ros2_ws/install/examples_rclpy_minimal_action_server:/home/reddy/ros2_ws/install/examples_rclpy_minimal_action_client:/home/reddy/ros2_ws/install/examples_rclpy_guard_conditions:/home/reddy/ros2_ws/install/examples_rclpy_executors:/home/reddy/ros2_ws/install/py_action:/home/reddy/ros2_ws/install/py_srvcli:/home/reddy/ros2_ws/install/py_pubsub:/home/reddy/ros2_ws/install/py_params:/opt/ros/humble /usr/bin/cmake /home/reddy/ros2_ws/src/examples/rclcpp/timers/minimal_timer -DCMAKE_INSTALL_PREFIX=/home/reddy/ros2_ws/install/examples_rclcpp_minimal_timer
[2.438s] -- The C compiler identification is GNU 11.4.0
[2.438s] -- The CXX compiler identification is GNU 11.4.0
[2.438s] -- Detecting C compiler ABI info
[2.438s] -- Detecting C compiler ABI info - done
[2.438s] -- Check for working C compiler: /usr/bin/cc - skipped
[2.438s] -- Detecting C compile features
[2.438s] -- Detecting C compile features - done
[2.438s] -- Detecting CXX compiler ABI info
[2.439s] -- Detecting CXX compiler ABI info - done
[2.439s] -- Check for working CXX compiler: /usr/bin/c++ - skipped
[2.439s] -- Detecting CXX compile features
[2.439s] -- Detecting CXX compile features - done
[2.439s] -- Found ament_cmake: 1.3.11 (/opt/ros/humble/share/ament_cmake/cmake)
[2.439s] -- Found Python3: /usr/bin/python3 (found version "3.10.12") found components: Interpreter 
[2.439s] -- Found rclcpp: 16.0.12 (/opt/ros/humble/share/rclcpp/cmake)
[2.439s] -- Found rosidl_generator_c: 3.1.6 (/opt/ros/humble/share/rosidl_generator_c/cmake)
[2.439s] -- Found rosidl_adapter: 3.1.6 (/opt/ros/humble/share/rosidl_adapter/cmake)
[2.439s] -- Found rosidl_generator_cpp: 3.1.6 (/opt/ros/humble/share/rosidl_generator_cpp/cmake)
[2.439s] -- Using all available rosidl_typesupport_c: rosidl_typesupport_fastrtps_c;rosidl_typesupport_introspection_c
[2.439s] -- Using all available rosidl_typesupport_cpp: rosidl_typesupport_fastrtps_cpp;rosidl_typesupport_introspection_cpp
[2.439s] -- Found rmw_implementation_cmake: 6.1.2 (/opt/ros/humble/share/rmw_implementation_cmake/cmake)
[2.439s] -- Found rmw_fastrtps_cpp: 6.2.7 (/opt/ros/humble/share/rmw_fastrtps_cpp/cmake)
[2.658s] -- Found OpenSSL: /usr/lib/x86_64-linux-gnu/libcrypto.so (found version "3.0.2")  
[3.862s] -- Found FastRTPS: /opt/ros/humble/include  
[6.685s] -- Using RMW implementation 'rmw_fastrtps_cpp' as default
[6.695s] -- Looking for pthread.h
[6.812s] -- Looking for pthread.h - found
[6.812s] -- Performing Test CMAKE_HAVE_LIBC_PTHREAD
[6.946s] -- Performing Test CMAKE_HAVE_LIBC_PTHREAD - Success
[6.948s] -- Found Threads: TRUE  
[7.008s] -- Found ament_lint_auto: 0.12.12 (/opt/ros/humble/share/ament_lint_auto/cmake)
[7.114s] -- Added test 'copyright' to check source files copyright and LICENSE
[7.115s] -- Added test 'cppcheck' to perform static code analysis on C / C++ code
[7.116s] -- Configured cppcheck include dirs: 
[7.116s] -- Configured cppcheck exclude dirs and/or files: 
[7.118s] -- Added test 'cpplint' to check C / C++ code against the Google style
[7.118s] -- Configured cpplint exclude dirs and/or files: 
[7.119s] -- Added test 'lint_cmake' to check CMake code style
[7.121s] -- Added test 'uncrustify' to check C / C++ code style
[7.121s] -- Configured uncrustify additional arguments: 
[7.122s] -- Added test 'xmllint' to check XML markup files
[7.124s] -- Configuring done
[7.139s] -- Generating done
[7.145s] -- Build files have been written to: /home/reddy/ros2_ws/build/examples_rclcpp_minimal_timer
[7.157s] Invoked command in '/home/reddy/ros2_ws/build/examples_rclcpp_minimal_timer' returned '0': CMAKE_PREFIX_PATH=${CMAKE_PREFIX_PATH}:/home/reddy/ros2_ws/install/py_service:/home/reddy/ros2_ws/install/py_clint:/home/reddy/ros2_ws/install/launch_testing_examples:/home/reddy/ros2_ws/install/examples_rclpy_pointcloud_publisher:/home/reddy/ros2_ws/install/examples_rclpy_minimal_subscriber:/home/reddy/ros2_ws/install/examples_rclpy_minimal_service:/home/reddy/ros2_ws/install/examples_rclpy_minimal_publisher:/home/reddy/ros2_ws/install/examples_rclpy_minimal_client:/home/reddy/ros2_ws/install/examples_rclpy_minimal_action_server:/home/reddy/ros2_ws/install/examples_rclpy_minimal_action_client:/home/reddy/ros2_ws/install/examples_rclpy_guard_conditions:/home/reddy/ros2_ws/install/examples_rclpy_executors:/home/reddy/ros2_ws/install/py_action:/home/reddy/ros2_ws/install/py_srvcli:/home/reddy/ros2_ws/install/py_pubsub:/home/reddy/ros2_ws/install/py_params:/opt/ros/humble /usr/bin/cmake /home/reddy/ros2_ws/src/examples/rclcpp/timers/minimal_timer -DCMAKE_INSTALL_PREFIX=/home/reddy/ros2_ws/install/examples_rclcpp_minimal_timer
[7.159s] Invoking command in '/home/reddy/ros2_ws/build/examples_rclcpp_minimal_timer': CMAKE_PREFIX_PATH=${CMAKE_PREFIX_PATH}:/home/reddy/ros2_ws/install/py_service:/home/reddy/ros2_ws/install/py_clint:/home/reddy/ros2_ws/install/launch_testing_examples:/home/reddy/ros2_ws/install/examples_rclpy_pointcloud_publisher:/home/reddy/ros2_ws/install/examples_rclpy_minimal_subscriber:/home/reddy/ros2_ws/install/examples_rclpy_minimal_service:/home/reddy/ros2_ws/install/examples_rclpy_minimal_publisher:/home/reddy/ros2_ws/install/examples_rclpy_minimal_client:/home/reddy/ros2_ws/install/examples_rclpy_minimal_action_server:/home/reddy/ros2_ws/install/examples_rclpy_minimal_action_client:/home/reddy/ros2_ws/install/examples_rclpy_guard_conditions:/home/reddy/ros2_ws/install/examples_rclpy_executors:/home/reddy/ros2_ws/install/py_action:/home/reddy/ros2_ws/install/py_srvcli:/home/reddy/ros2_ws/install/py_pubsub:/home/reddy/ros2_ws/install/py_params:/opt/ros/humble /usr/bin/cmake --build /home/reddy/ros2_ws/build/examples_rclcpp_minimal_timer -- -j32 -l32
[7.221s] [ 25%] [32mBuilding CXX object CMakeFiles/timer_member_function.dir/member_function.cpp.o[0m
[7.225s] [ 50%] [32mBuilding CXX object CMakeFiles/timer_lambda.dir/lambda.cpp.o[0m
[11.965s] [ 75%] [32m[1mLinking CXX executable timer_lambda[0m
[12.537s] [100%] [32m[1mLinking CXX executable timer_member_function[0m
[12.948s] [100%] Built target timer_lambda
[13.206s] [100%] Built target timer_member_function
[13.265s] Invoked command in '/home/reddy/ros2_ws/build/examples_rclcpp_minimal_timer' returned '0': CMAKE_PREFIX_PATH=${CMAKE_PREFIX_PATH}:/home/reddy/ros2_ws/install/py_service:/home/reddy/ros2_ws/install/py_clint:/home/reddy/ros2_ws/install/launch_testing_examples:/home/reddy/ros2_ws/install/examples_rclpy_pointcloud_publisher:/home/reddy/ros2_ws/install/examples_rclpy_minimal_subscriber:/home/reddy/ros2_ws/install/examples_rclpy_minimal_service:/home/reddy/ros2_ws/install/examples_rclpy_minimal_publisher:/home/reddy/ros2_ws/install/examples_rclpy_minimal_client:/home/reddy/ros2_ws/install/examples_rclpy_minimal_action_server:/home/reddy/ros2_ws/install/examples_rclpy_minimal_action_client:/home/reddy/ros2_ws/install/examples_rclpy_guard_conditions:/home/reddy/ros2_ws/install/examples_rclpy_executors:/home/reddy/ros2_ws/install/py_action:/home/reddy/ros2_ws/install/py_srvcli:/home/reddy/ros2_ws/install/py_pubsub:/home/reddy/ros2_ws/install/py_params:/opt/ros/humble /usr/bin/cmake --build /home/reddy/ros2_ws/build/examples_rclcpp_minimal_timer -- -j32 -l32
[13.282s] Invoking command in '/home/reddy/ros2_ws/build/examples_rclcpp_minimal_timer': CMAKE_PREFIX_PATH=${CMAKE_PREFIX_PATH}:/home/reddy/ros2_ws/install/py_service:/home/reddy/ros2_ws/install/py_clint:/home/reddy/ros2_ws/install/launch_testing_examples:/home/reddy/ros2_ws/install/examples_rclpy_pointcloud_publisher:/home/reddy/ros2_ws/install/examples_rclpy_minimal_subscriber:/home/reddy/ros2_ws/install/examples_rclpy_minimal_service:/home/reddy/ros2_ws/install/examples_rclpy_minimal_publisher:/home/reddy/ros2_ws/install/examples_rclpy_minimal_client:/home/reddy/ros2_ws/install/examples_rclpy_minimal_action_server:/home/reddy/ros2_ws/install/examples_rclpy_minimal_action_client:/home/reddy/ros2_ws/install/examples_rclpy_guard_conditions:/home/reddy/ros2_ws/install/examples_rclpy_executors:/home/reddy/ros2_ws/install/py_action:/home/reddy/ros2_ws/install/py_srvcli:/home/reddy/ros2_ws/install/py_pubsub:/home/reddy/ros2_ws/install/py_params:/opt/ros/humble /usr/bin/cmake --install /home/reddy/ros2_ws/build/examples_rclcpp_minimal_timer
[13.297s] -- Install configuration: ""
[13.297s] -- Installing: /home/reddy/ros2_ws/install/examples_rclcpp_minimal_timer/lib/examples_rclcpp_minimal_timer/timer_lambda
[13.297s] -- Set runtime path of "/home/reddy/ros2_ws/install/examples_rclcpp_minimal_timer/lib/examples_rclcpp_minimal_timer/timer_lambda" to ""
[13.297s] -- Installing: /home/reddy/ros2_ws/install/examples_rclcpp_minimal_timer/lib/examples_rclcpp_minimal_timer/timer_member_function
[13.301s] -- Set runtime path of "/home/reddy/ros2_ws/install/examples_rclcpp_minimal_timer/lib/examples_rclcpp_minimal_timer/timer_member_function" to ""
[13.302s] -- Installing: /home/reddy/ros2_ws/install/examples_rclcpp_minimal_timer/share/ament_index/resource_index/package_run_dependencies/examples_rclcpp_minimal_timer
[13.304s] -- Installing: /home/reddy/ros2_ws/install/examples_rclcpp_minimal_timer/share/ament_index/resource_index/parent_prefix_path/examples_rclcpp_minimal_timer
[13.304s] -- Installing: /home/reddy/ros2_ws/install/examples_rclcpp_minimal_timer/share/examples_rclcpp_minimal_timer/environment/ament_prefix_path.sh
[13.304s] -- Installing: /home/reddy/ros2_ws/install/examples_rclcpp_minimal_timer/share/examples_rclcpp_minimal_timer/environment/ament_prefix_path.dsv
[13.304s] -- Installing: /home/reddy/ros2_ws/install/examples_rclcpp_minimal_timer/share/examples_rclcpp_minimal_timer/environment/path.sh
[13.304s] -- Installing: /home/reddy/ros2_ws/install/examples_rclcpp_minimal_timer/share/examples_rclcpp_minimal_timer/environment/path.dsv
[13.305s] -- Installing: /home/reddy/ros2_ws/install/examples_rclcpp_minimal_timer/share/examples_rclcpp_minimal_timer/local_setup.bash
[13.305s] -- Installing: /home/reddy/ros2_ws/install/examples_rclcpp_minimal_timer/share/examples_rclcpp_minimal_timer/local_setup.sh
[13.305s] -- Installing: /home/reddy/ros2_ws/install/examples_rclcpp_minimal_timer/share/examples_rclcpp_minimal_timer/local_setup.zsh
[13.305s] -- Installing: /home/reddy/ros2_ws/install/examples_rclcpp_minimal_timer/share/examples_rclcpp_minimal_timer/local_setup.dsv
[13.305s] -- Installing: /home/reddy/ros2_ws/install/examples_rclcpp_minimal_timer/share/examples_rclcpp_minimal_timer/package.dsv
[13.314s] -- Installing: /home/reddy/ros2_ws/install/examples_rclcpp_minimal_timer/share/ament_index/resource_index/packages/examples_rclcpp_minimal_timer
[13.314s] -- Installing: /home/reddy/ros2_ws/install/examples_rclcpp_minimal_timer/share/examples_rclcpp_minimal_timer/cmake/examples_rclcpp_minimal_timerConfig.cmake
[13.314s] -- Installing: /home/reddy/ros2_ws/install/examples_rclcpp_minimal_timer/share/examples_rclcpp_minimal_timer/cmake/examples_rclcpp_minimal_timerConfig-version.cmake
[13.314s] -- Installing: /home/reddy/ros2_ws/install/examples_rclcpp_minimal_timer/share/examples_rclcpp_minimal_timer/package.xml
[13.332s] Invoked command in '/home/reddy/ros2_ws/build/examples_rclcpp_minimal_timer' returned '0': CMAKE_PREFIX_PATH=${CMAKE_PREFIX_PATH}:/home/reddy/ros2_ws/install/py_service:/home/reddy/ros2_ws/install/py_clint:/home/reddy/ros2_ws/install/launch_testing_examples:/home/reddy/ros2_ws/install/examples_rclpy_pointcloud_publisher:/home/reddy/ros2_ws/install/examples_rclpy_minimal_subscriber:/home/reddy/ros2_ws/install/examples_rclpy_minimal_service:/home/reddy/ros2_ws/install/examples_rclpy_minimal_publisher:/home/reddy/ros2_ws/install/examples_rclpy_minimal_client:/home/reddy/ros2_ws/install/examples_rclpy_minimal_action_server:/home/reddy/ros2_ws/install/examples_rclpy_minimal_action_client:/home/reddy/ros2_ws/install/examples_rclpy_guard_conditions:/home/reddy/ros2_ws/install/examples_rclpy_executors:/home/reddy/ros2_ws/install/py_action:/home/reddy/ros2_ws/install/py_srvcli:/home/reddy/ros2_ws/install/py_pubsub:/home/reddy/ros2_ws/install/py_params:/opt/ros/humble /usr/bin/cmake --install /home/reddy/ros2_ws/build/examples_rclcpp_minimal_timer
