[0.281s] Invoking command in '/home/reddy/ros2_ws/src/py_srvcli/build/py_srvcli': PYTHONPATH=/home/reddy/ros2_ws/src/py_srvcli/build/py_srvcli/prefix_override:/usr/lib/python3/dist-packages/colcon_core/task/python/colcon_distutils_commands:/home/reddy/ros2_ws/src/py_srvcli/install/py_srvcli/lib/python3.10/site-packages:${PYTHONPATH} /usr/bin/python3 -W ignore:setup.py install is deprecated -W ignore:easy_install command is deprecated setup.py develop --editable --build-directory /home/reddy/ros2_ws/src/py_srvcli/build/py_srvcli/build --no-deps symlink_data
[0.390s] running develop
[0.450s] running egg_info
[0.450s] creating py_srvcli.egg-info
[0.450s] writing py_srvcli.egg-info/PKG-INFO
[0.450s] writing dependency_links to py_srvcli.egg-info/dependency_links.txt
[0.450s] writing entry points to py_srvcli.egg-info/entry_points.txt
[0.450s] writing requirements to py_srvcli.egg-info/requires.txt
[0.450s] writing top-level names to py_srvcli.egg-info/top_level.txt
[0.451s] writing manifest file 'py_srvcli.egg-info/SOURCES.txt'
[0.451s] reading manifest file 'py_srvcli.egg-info/SOURCES.txt'
[0.452s] writing manifest file 'py_srvcli.egg-info/SOURCES.txt'
[0.453s] running build_ext
[0.453s] Creating /home/reddy/ros2_ws/src/py_srvcli/install/py_srvcli/lib/python3.10/site-packages/py-srvcli.egg-link (link to .)
[0.453s] Installing add_two_ints_server script to /home/reddy/ros2_ws/src/py_srvcli/install/py_srvcli/lib/py_srvcli
[0.453s] Installing countdown_client script to /home/reddy/ros2_ws/src/py_srvcli/install/py_srvcli/lib/py_srvcli
[0.453s] Installing countdown_server script to /home/reddy/ros2_ws/src/py_srvcli/install/py_srvcli/lib/py_srvcli
[0.453s] Installing retry_add_two_ints_client script to /home/reddy/ros2_ws/src/py_srvcli/install/py_srvcli/lib/py_srvcli
[0.453s] 
[0.453s] Installed /home/reddy/ros2_ws/src/py_srvcli/build/py_srvcli
[0.453s] running symlink_data
[0.453s] creating /home/reddy/ros2_ws/src/py_srvcli/install/py_srvcli/share/ament_index
[0.453s] creating /home/reddy/ros2_ws/src/py_srvcli/install/py_srvcli/share/ament_index/resource_index
[0.453s] creating /home/reddy/ros2_ws/src/py_srvcli/install/py_srvcli/share/ament_index/resource_index/packages
[0.454s] symbolically linking /home/reddy/ros2_ws/src/py_srvcli/build/py_srvcli/resource/py_srvcli -> /home/reddy/ros2_ws/src/py_srvcli/install/py_srvcli/share/ament_index/resource_index/packages
[0.454s] symbolically linking /home/reddy/ros2_ws/src/py_srvcli/build/py_srvcli/package.xml -> /home/reddy/ros2_ws/src/py_srvcli/install/py_srvcli/share/py_srvcli
[0.454s] creating /home/reddy/ros2_ws/src/py_srvcli/install/py_srvcli/share/py_srvcli/action
[0.454s] symbolically linking /home/reddy/ros2_ws/src/py_srvcli/build/py_srvcli/action/Countdown.action -> /home/reddy/ros2_ws/src/py_srvcli/install/py_srvcli/share/py_srvcli/action
[0.468s] Invoked command in '/home/reddy/ros2_ws/src/py_srvcli/build/py_srvcli' returned '0': PYTHONPATH=/home/reddy/ros2_ws/src/py_srvcli/build/py_srvcli/prefix_override:/usr/lib/python3/dist-packages/colcon_core/task/python/colcon_distutils_commands:/home/reddy/ros2_ws/src/py_srvcli/install/py_srvcli/lib/python3.10/site-packages:${PYTHONPATH} /usr/bin/python3 -W ignore:setup.py install is deprecated -W ignore:easy_install command is deprecated setup.py develop --editable --build-directory /home/reddy/ros2_ws/src/py_srvcli/build/py_srvcli/build --no-deps symlink_data
