-- The C compiler identification is GNU 11.4.0
-- The CXX compiler identification is GNU 11.4.0
-- Detecting C compiler ABI info
-- Detecting C compiler ABI info - done
-- Check for working C compiler: /usr/bin/cc - skipped
-- Detecting C compile features
-- Detecting C compile features - done
-- Detecting CXX compiler ABI info
-- Detecting CXX compiler ABI info - done
-- Check for working CXX compiler: /usr/bin/c++ - skipped
-- Detecting CXX compile features
-- Detecting CXX compile features - done
-- Found ament_cmake: 1.3.11 (/opt/ros/humble/share/ament_cmake/cmake)
-- Found Python3: /usr/bin/python3 (found version "3.10.12") found components: Interpreter 
-- Found rosidl_default_generators: 1.2.0 (/opt/ros/humble/share/rosidl_default_generators/cmake)
-- Using all available rosidl_typesupport_c: rosidl_typesupport_fastrtps_c;rosidl_typesupport_introspection_c
-- Found rosidl_adapter: 3.1.6 (/opt/ros/humble/share/rosidl_adapter/cmake)
-- Using all available rosidl_typesupport_cpp: rosidl_typesupport_fastrtps_cpp;rosidl_typesupport_introspection_cpp
-- Found action_msgs: 1.2.1 (/opt/ros/humble/share/action_msgs/cmake)
-- Found ament_cmake_ros: 0.10.0 (/opt/ros/humble/share/ament_cmake_ros/cmake)
-- Using all available rosidl_typesupport_c: rosidl_typesupport_fastrtps_c;rosidl_typesupport_introspection_c
-- Using all available rosidl_typesupport_cpp: rosidl_typesupport_fastrtps_cpp;rosidl_typesupport_introspection_cpp
-- Found PythonInterp: /usr/bin/python3 (found suitable version "3.10.12", minimum required is "3.6") 
-- Found python_cmake_module: 0.10.0 (/opt/ros/humble/share/python_cmake_module/cmake)
-- Found PythonLibs: /usr/lib/x86_64-linux-gnu/libpython3.10.so (found suitable version "3.10.12", minimum required is "3.5") 
-- Using PYTHON_EXECUTABLE: /usr/bin/python3
-- Using PYTHON_INCLUDE_DIRS: /usr/include/python3.10
-- Using PYTHON_LIBRARIES: /usr/lib/x86_64-linux-gnu/libpython3.10.so
-- Found PythonExtra: .so  
-- Found ament_lint_auto: 0.12.12 (/opt/ros/humble/share/ament_lint_auto/cmake)
-- Configuring done
-- Generating done
-- Build files have been written to: /home/reddy/ros2_ws/build/py_action_interfaces
/usr/bin/cmake -S/home/reddy/ros2_ws/src/py_action_interfaces -B/home/reddy/ros2_ws/build/py_action_interfaces --check-build-system CMakeFiles/Makefile.cmake 0
/usr/bin/cmake -E cmake_progress_start /home/reddy/ros2_ws/build/py_action_interfaces/CMakeFiles /home/reddy/ros2_ws/build/py_action_interfaces//CMakeFiles/progress.marks
/usr/bin/gmake  -f CMakeFiles/Makefile2 all
gmake[1]: Entering directory '/home/reddy/ros2_ws/build/py_action_interfaces'
/usr/bin/gmake  -f CMakeFiles/py_action_interfaces__cpp.dir/build.make CMakeFiles/py_action_interfaces__cpp.dir/depend
/usr/bin/gmake  -f CMakeFiles/py_action_interfaces__rosidl_generator_c.dir/build.make CMakeFiles/py_action_interfaces__rosidl_generator_c.dir/depend
/usr/bin/gmake  -f CMakeFiles/ament_cmake_python_copy_py_action_interfaces.dir/build.make CMakeFiles/ament_cmake_python_copy_py_action_interfaces.dir/depend
gmake[2]: Entering directory '/home/reddy/ros2_ws/build/py_action_interfaces'
cd /home/reddy/ros2_ws/build/py_action_interfaces && /usr/bin/cmake -E cmake_depends "Unix Makefiles" /home/reddy/ros2_ws/src/py_action_interfaces /home/reddy/ros2_ws/src/py_action_interfaces /home/reddy/ros2_ws/build/py_action_interfaces /home/reddy/ros2_ws/build/py_action_interfaces /home/reddy/ros2_ws/build/py_action_interfaces/CMakeFiles/py_action_interfaces__cpp.dir/DependInfo.cmake --color=
gmake[2]: Entering directory '/home/reddy/ros2_ws/build/py_action_interfaces'
gmake[2]: Entering directory '/home/reddy/ros2_ws/build/py_action_interfaces'
cd /home/reddy/ros2_ws/build/py_action_interfaces && /usr/bin/cmake -E cmake_depends "Unix Makefiles" /home/reddy/ros2_ws/src/py_action_interfaces /home/reddy/ros2_ws/src/py_action_interfaces /home/reddy/ros2_ws/build/py_action_interfaces /home/reddy/ros2_ws/build/py_action_interfaces /home/reddy/ros2_ws/build/py_action_interfaces/CMakeFiles/ament_cmake_python_copy_py_action_interfaces.dir/DependInfo.cmake --color=
[  3%] [34m[1mGenerating C code for ROS interfaces[0m
gmake[2]: Leaving directory '/home/reddy/ros2_ws/build/py_action_interfaces'
/usr/bin/python3 /opt/ros/humble/share/rosidl_generator_c/cmake/../../../lib/rosidl_generator_c/rosidl_generator_c --generator-arguments-file /home/reddy/ros2_ws/build/py_action_interfaces/rosidl_generator_c__arguments.json
/usr/bin/gmake  -f CMakeFiles/py_action_interfaces__cpp.dir/build.make CMakeFiles/py_action_interfaces__cpp.dir/build
gmake[2]: Leaving directory '/home/reddy/ros2_ws/build/py_action_interfaces'
/usr/bin/gmake  -f CMakeFiles/ament_cmake_python_copy_py_action_interfaces.dir/build.make CMakeFiles/ament_cmake_python_copy_py_action_interfaces.dir/build
gmake[2]: Entering directory '/home/reddy/ros2_ws/build/py_action_interfaces'
gmake[2]: Entering directory '/home/reddy/ros2_ws/build/py_action_interfaces'
/usr/bin/cmake -E copy_directory /home/reddy/ros2_ws/build/py_action_interfaces/rosidl_generator_py/py_action_interfaces /home/reddy/ros2_ws/build/py_action_interfaces/ament_cmake_python/py_action_interfaces/py_action_interfaces
[  6%] [34m[1mGenerating C++ code for ROS interfaces[0m
gmake[2]: Leaving directory '/home/reddy/ros2_ws/build/py_action_interfaces'
/usr/bin/python3 /opt/ros/humble/share/rosidl_generator_cpp/cmake/../../../lib/rosidl_generator_cpp/rosidl_generator_cpp --generator-arguments-file /home/reddy/ros2_ws/build/py_action_interfaces/rosidl_generator_cpp__arguments.json
[  6%] Built target ament_cmake_python_copy_py_action_interfaces
/usr/bin/gmake  -f CMakeFiles/ament_cmake_python_build_py_action_interfaces_egg.dir/build.make CMakeFiles/ament_cmake_python_build_py_action_interfaces_egg.dir/depend
gmake[2]: Entering directory '/home/reddy/ros2_ws/build/py_action_interfaces'
cd /home/reddy/ros2_ws/build/py_action_interfaces && /usr/bin/cmake -E cmake_depends "Unix Makefiles" /home/reddy/ros2_ws/src/py_action_interfaces /home/reddy/ros2_ws/src/py_action_interfaces /home/reddy/ros2_ws/build/py_action_interfaces /home/reddy/ros2_ws/build/py_action_interfaces /home/reddy/ros2_ws/build/py_action_interfaces/CMakeFiles/ament_cmake_python_build_py_action_interfaces_egg.dir/DependInfo.cmake --color=
gmake[2]: Leaving directory '/home/reddy/ros2_ws/build/py_action_interfaces'
/usr/bin/gmake  -f CMakeFiles/ament_cmake_python_build_py_action_interfaces_egg.dir/build.make CMakeFiles/ament_cmake_python_build_py_action_interfaces_egg.dir/build
gmake[2]: Entering directory '/home/reddy/ros2_ws/build/py_action_interfaces'
cd /home/reddy/ros2_ws/build/py_action_interfaces/ament_cmake_python/py_action_interfaces && /usr/bin/python3 setup.py egg_info
running egg_info
creating py_action_interfaces.egg-info
writing py_action_interfaces.egg-info/PKG-INFO
writing dependency_links to py_action_interfaces.egg-info/dependency_links.txt
writing top-level names to py_action_interfaces.egg-info/top_level.txt
writing manifest file 'py_action_interfaces.egg-info/SOURCES.txt'
reading manifest file 'py_action_interfaces.egg-info/SOURCES.txt'
writing manifest file 'py_action_interfaces.egg-info/SOURCES.txt'
gmake[2]: Leaving directory '/home/reddy/ros2_ws/build/py_action_interfaces'
[  6%] Built target ament_cmake_python_build_py_action_interfaces_egg
cd /home/reddy/ros2_ws/build/py_action_interfaces && /usr/bin/cmake -E cmake_depends "Unix Makefiles" /home/reddy/ros2_ws/src/py_action_interfaces /home/reddy/ros2_ws/src/py_action_interfaces /home/reddy/ros2_ws/build/py_action_interfaces /home/reddy/ros2_ws/build/py_action_interfaces /home/reddy/ros2_ws/build/py_action_interfaces/CMakeFiles/py_action_interfaces__rosidl_generator_c.dir/DependInfo.cmake --color=
gmake[2]: Leaving directory '/home/reddy/ros2_ws/build/py_action_interfaces'
/usr/bin/gmake  -f CMakeFiles/py_action_interfaces__rosidl_generator_c.dir/build.make CMakeFiles/py_action_interfaces__rosidl_generator_c.dir/build
gmake[2]: Entering directory '/home/reddy/ros2_ws/build/py_action_interfaces'
gmake[2]: Leaving directory '/home/reddy/ros2_ws/build/py_action_interfaces'
[  9%] [32mBuilding C object CMakeFiles/py_action_interfaces__rosidl_generator_c.dir/rosidl_generator_c/py_action_interfaces/action/detail/fibonacci__functions.c.o[0m
/usr/bin/cc -DRCUTILS_ENABLE_FAULT_INJECTION -DROSIDL_GENERATOR_C_BUILDING_DLL_py_action_interfaces -DROS_PACKAGE_NAME=\"py_action_interfaces\" -I/home/reddy/ros2_ws/build/py_action_interfaces/rosidl_generator_c -isystem /opt/ros/humble/include/action_msgs -isystem /opt/ros/humble/include/builtin_interfaces -isystem /opt/ros/humble/include/rosidl_runtime_c -isystem /opt/ros/humble/include/rcutils -isystem /opt/ros/humble/include/rosidl_typesupport_interface -isystem /opt/ros/humble/include/unique_identifier_msgs -fPIC -Wall -std=gnu11 -MD -MT CMakeFiles/py_action_interfaces__rosidl_generator_c.dir/rosidl_generator_c/py_action_interfaces/action/detail/fibonacci__functions.c.o -MF CMakeFiles/py_action_interfaces__rosidl_generator_c.dir/rosidl_generator_c/py_action_interfaces/action/detail/fibonacci__functions.c.o.d -o CMakeFiles/py_action_interfaces__rosidl_generator_c.dir/rosidl_generator_c/py_action_interfaces/action/detail/fibonacci__functions.c.o -c /home/reddy/ros2_ws/build/py_action_interfaces/rosidl_generator_c/py_action_interfaces/action/detail/fibonacci__functions.c
[  9%] Built target py_action_interfaces__cpp
/usr/bin/gmake  -f CMakeFiles/py_action_interfaces__rosidl_typesupport_cpp.dir/build.make CMakeFiles/py_action_interfaces__rosidl_typesupport_cpp.dir/depend
/usr/bin/gmake  -f CMakeFiles/py_action_interfaces__rosidl_typesupport_fastrtps_cpp.dir/build.make CMakeFiles/py_action_interfaces__rosidl_typesupport_fastrtps_cpp.dir/depend
/usr/bin/gmake  -f CMakeFiles/py_action_interfaces__rosidl_typesupport_introspection_cpp.dir/build.make CMakeFiles/py_action_interfaces__rosidl_typesupport_introspection_cpp.dir/depend
gmake[2]: Entering directory '/home/reddy/ros2_ws/build/py_action_interfaces'
gmake[2]: Entering directory '/home/reddy/ros2_ws/build/py_action_interfaces'
gmake[2]: Entering directory '/home/reddy/ros2_ws/build/py_action_interfaces'
[ 12%] [34m[1mGenerating C++ type support dispatch for ROS interfaces[0m
[ 19%] [34m[1mGenerating C++ type support for eProsima Fast-RTPS[0m
[ 19%] [34m[1mGenerating C++ introspection for ROS interfaces[0m
/usr/bin/python3 /opt/ros/humble/lib/rosidl_typesupport_cpp/rosidl_typesupport_cpp --generator-arguments-file /home/reddy/ros2_ws/build/py_action_interfaces/rosidl_typesupport_cpp__arguments.json --typesupports rosidl_typesupport_fastrtps_cpp rosidl_typesupport_introspection_cpp
/usr/bin/python3 /opt/ros/humble/lib/rosidl_typesupport_introspection_cpp/rosidl_typesupport_introspection_cpp --generator-arguments-file /home/reddy/ros2_ws/build/py_action_interfaces/rosidl_typesupport_introspection_cpp__arguments.json
/usr/bin/python3 /opt/ros/humble/lib/rosidl_typesupport_fastrtps_cpp/rosidl_typesupport_fastrtps_cpp --generator-arguments-file /home/reddy/ros2_ws/build/py_action_interfaces/rosidl_typesupport_fastrtps_cpp__arguments.json
[ 22%] [32m[1mLinking C shared library libpy_action_interfaces__rosidl_generator_c.so[0m
/usr/bin/cmake -E cmake_link_script CMakeFiles/py_action_interfaces__rosidl_generator_c.dir/link.txt --verbose=1
/usr/bin/cc -fPIC -shared -Wl,-soname,libpy_action_interfaces__rosidl_generator_c.so -o libpy_action_interfaces__rosidl_generator_c.so CMakeFiles/py_action_interfaces__rosidl_generator_c.dir/rosidl_generator_c/py_action_interfaces/action/detail/fibonacci__functions.c.o  -Wl,-rpath,/opt/ros/humble/lib: /opt/ros/humble/lib/libaction_msgs__rosidl_generator_c.so /opt/ros/humble/lib/libbuiltin_interfaces__rosidl_generator_c.so /opt/ros/humble/lib/libunique_identifier_msgs__rosidl_generator_c.so /opt/ros/humble/lib/librosidl_runtime_c.so /opt/ros/humble/lib/librcutils.so -ldl 
gmake[2]: Leaving directory '/home/reddy/ros2_ws/build/py_action_interfaces'
[ 22%] Built target py_action_interfaces__rosidl_generator_c
/usr/bin/gmake  -f CMakeFiles/py_action_interfaces__rosidl_typesupport_fastrtps_c.dir/build.make CMakeFiles/py_action_interfaces__rosidl_typesupport_fastrtps_c.dir/depend
/usr/bin/gmake  -f CMakeFiles/py_action_interfaces__rosidl_typesupport_introspection_c.dir/build.make CMakeFiles/py_action_interfaces__rosidl_typesupport_introspection_c.dir/depend
/usr/bin/gmake  -f CMakeFiles/py_action_interfaces__rosidl_typesupport_c.dir/build.make CMakeFiles/py_action_interfaces__rosidl_typesupport_c.dir/depend
gmake[2]: Entering directory '/home/reddy/ros2_ws/build/py_action_interfaces'
gmake[2]: Entering directory '/home/reddy/ros2_ws/build/py_action_interfaces'
gmake[2]: Entering directory '/home/reddy/ros2_ws/build/py_action_interfaces'
cd /home/reddy/ros2_ws/build/py_action_interfaces && /usr/bin/cmake -E cmake_depends "Unix Makefiles" /home/reddy/ros2_ws/src/py_action_interfaces /home/reddy/ros2_ws/src/py_action_interfaces /home/reddy/ros2_ws/build/py_action_interfaces /home/reddy/ros2_ws/build/py_action_interfaces /home/reddy/ros2_ws/build/py_action_interfaces/CMakeFiles/py_action_interfaces__rosidl_typesupport_cpp.dir/DependInfo.cmake --color=
[ 32%] [34m[1mGenerating C introspection for ROS interfaces[0m
[ 32%] [34m[1mGenerating C type support dispatch for ROS interfaces[0m
[ 32%] [34m[1mGenerating C type support for eProsima Fast-RTPS[0m
/usr/bin/python3 /opt/ros/humble/lib/rosidl_typesupport_introspection_c/rosidl_typesupport_introspection_c --generator-arguments-file /home/reddy/ros2_ws/build/py_action_interfaces/rosidl_typesupport_introspection_c__arguments.json
/usr/bin/python3 /opt/ros/humble/lib/rosidl_typesupport_c/rosidl_typesupport_c --generator-arguments-file /home/reddy/ros2_ws/build/py_action_interfaces/rosidl_typesupport_c__arguments.json --typesupports rosidl_typesupport_fastrtps_c rosidl_typesupport_introspection_c
/usr/bin/python3 /opt/ros/humble/lib/rosidl_typesupport_fastrtps_c/rosidl_typesupport_fastrtps_c --generator-arguments-file /home/reddy/ros2_ws/build/py_action_interfaces/rosidl_typesupport_fastrtps_c__arguments.json
gmake[2]: Leaving directory '/home/reddy/ros2_ws/build/py_action_interfaces'
/usr/bin/gmake  -f CMakeFiles/py_action_interfaces__rosidl_typesupport_cpp.dir/build.make CMakeFiles/py_action_interfaces__rosidl_typesupport_cpp.dir/build
gmake[2]: Entering directory '/home/reddy/ros2_ws/build/py_action_interfaces'
[ 35%] [32mBuilding CXX object CMakeFiles/py_action_interfaces__rosidl_typesupport_cpp.dir/rosidl_typesupport_cpp/py_action_interfaces/action/fibonacci__type_support.cpp.o[0m
/usr/bin/c++ -DRCUTILS_ENABLE_FAULT_INJECTION -DROSIDL_TYPESUPPORT_CPP_BUILDING_DLL -DROS_PACKAGE_NAME=\"py_action_interfaces\" -I/home/reddy/ros2_ws/build/py_action_interfaces/rosidl_generator_cpp -isystem /opt/ros/humble/include/action_msgs -isystem /opt/ros/humble/include/builtin_interfaces -isystem /opt/ros/humble/include/rosidl_runtime_cpp -isystem /opt/ros/humble/include/rosidl_runtime_c -isystem /opt/ros/humble/include/rcutils -isystem /opt/ros/humble/include/rosidl_typesupport_interface -isystem /opt/ros/humble/include/unique_identifier_msgs -isystem /opt/ros/humble/include/rosidl_typesupport_cpp -isystem /opt/ros/humble/include/rosidl_typesupport_c -fPIC -Wall -Wextra -Wpedantic -std=gnu++14 -MD -MT CMakeFiles/py_action_interfaces__rosidl_typesupport_cpp.dir/rosidl_typesupport_cpp/py_action_interfaces/action/fibonacci__type_support.cpp.o -MF CMakeFiles/py_action_interfaces__rosidl_typesupport_cpp.dir/rosidl_typesupport_cpp/py_action_interfaces/action/fibonacci__type_support.cpp.o.d -o CMakeFiles/py_action_interfaces__rosidl_typesupport_cpp.dir/rosidl_typesupport_cpp/py_action_interfaces/action/fibonacci__type_support.cpp.o -c /home/reddy/ros2_ws/build/py_action_interfaces/rosidl_typesupport_cpp/py_action_interfaces/action/fibonacci__type_support.cpp
cd /home/reddy/ros2_ws/build/py_action_interfaces && /usr/bin/cmake -E cmake_depends "Unix Makefiles" /home/reddy/ros2_ws/src/py_action_interfaces /home/reddy/ros2_ws/src/py_action_interfaces /home/reddy/ros2_ws/build/py_action_interfaces /home/reddy/ros2_ws/build/py_action_interfaces /home/reddy/ros2_ws/build/py_action_interfaces/CMakeFiles/py_action_interfaces__rosidl_typesupport_introspection_cpp.dir/DependInfo.cmake --color=
gmake[2]: Leaving directory '/home/reddy/ros2_ws/build/py_action_interfaces'
/usr/bin/gmake  -f CMakeFiles/py_action_interfaces__rosidl_typesupport_introspection_cpp.dir/build.make CMakeFiles/py_action_interfaces__rosidl_typesupport_introspection_cpp.dir/build
gmake[2]: Entering directory '/home/reddy/ros2_ws/build/py_action_interfaces'
[ 38%] [32mBuilding CXX object CMakeFiles/py_action_interfaces__rosidl_typesupport_introspection_cpp.dir/rosidl_typesupport_introspection_cpp/py_action_interfaces/action/detail/fibonacci__type_support.cpp.o[0m
/usr/bin/c++ -DRCUTILS_ENABLE_FAULT_INJECTION -DROSIDL_TYPESUPPORT_INTROSPECTION_CPP_BUILDING_DLL -DROS_PACKAGE_NAME=\"py_action_interfaces\" -I/home/reddy/ros2_ws/build/py_action_interfaces/rosidl_typesupport_introspection_cpp -I/home/reddy/ros2_ws/build/py_action_interfaces/rosidl_generator_cpp -isystem /opt/ros/humble/include/action_msgs -isystem /opt/ros/humble/include/builtin_interfaces -isystem /opt/ros/humble/include/rosidl_runtime_cpp -isystem /opt/ros/humble/include/rosidl_runtime_c -isystem /opt/ros/humble/include/rcutils -isystem /opt/ros/humble/include/rosidl_typesupport_interface -isystem /opt/ros/humble/include/unique_identifier_msgs -isystem /opt/ros/humble/include/rosidl_typesupport_introspection_cpp -isystem /opt/ros/humble/include/rosidl_typesupport_introspection_c -fPIC -Wall -Wextra -Wpedantic -MD -MT CMakeFiles/py_action_interfaces__rosidl_typesupport_introspection_cpp.dir/rosidl_typesupport_introspection_cpp/py_action_interfaces/action/detail/fibonacci__type_support.cpp.o -MF CMakeFiles/py_action_interfaces__rosidl_typesupport_introspection_cpp.dir/rosidl_typesupport_introspection_cpp/py_action_interfaces/action/detail/fibonacci__type_support.cpp.o.d -o CMakeFiles/py_action_interfaces__rosidl_typesupport_introspection_cpp.dir/rosidl_typesupport_introspection_cpp/py_action_interfaces/action/detail/fibonacci__type_support.cpp.o -c /home/reddy/ros2_ws/build/py_action_interfaces/rosidl_typesupport_introspection_cpp/py_action_interfaces/action/detail/fibonacci__type_support.cpp
cd /home/reddy/ros2_ws/build/py_action_interfaces && /usr/bin/cmake -E cmake_depends "Unix Makefiles" /home/reddy/ros2_ws/src/py_action_interfaces /home/reddy/ros2_ws/src/py_action_interfaces /home/reddy/ros2_ws/build/py_action_interfaces /home/reddy/ros2_ws/build/py_action_interfaces /home/reddy/ros2_ws/build/py_action_interfaces/CMakeFiles/py_action_interfaces__rosidl_typesupport_fastrtps_cpp.dir/DependInfo.cmake --color=
gmake[2]: Leaving directory '/home/reddy/ros2_ws/build/py_action_interfaces'
/usr/bin/gmake  -f CMakeFiles/py_action_interfaces__rosidl_typesupport_fastrtps_cpp.dir/build.make CMakeFiles/py_action_interfaces__rosidl_typesupport_fastrtps_cpp.dir/build
gmake[2]: Entering directory '/home/reddy/ros2_ws/build/py_action_interfaces'
[ 41%] [32mBuilding CXX object CMakeFiles/py_action_interfaces__rosidl_typesupport_fastrtps_cpp.dir/rosidl_typesupport_fastrtps_cpp/py_action_interfaces/action/detail/dds_fastrtps/fibonacci__type_support.cpp.o[0m
/usr/bin/c++ -DRCUTILS_ENABLE_FAULT_INJECTION -DROSIDL_TYPESUPPORT_FASTRTPS_CPP_BUILDING_DLL_py_action_interfaces -DROS_PACKAGE_NAME=\"py_action_interfaces\" -I/home/reddy/ros2_ws/build/py_action_interfaces/rosidl_typesupport_fastrtps_cpp -I/home/reddy/ros2_ws/build/py_action_interfaces/rosidl_generator_cpp -isystem /opt/ros/humble/include/fastcdr -isystem /opt/ros/humble/include/rmw -isystem /opt/ros/humble/include/rcutils -isystem /opt/ros/humble/include/rosidl_runtime_c -isystem /opt/ros/humble/include/rosidl_typesupport_interface -isystem /opt/ros/humble/include/rosidl_runtime_cpp -isystem /opt/ros/humble/include/rosidl_typesupport_fastrtps_cpp -isystem /opt/ros/humble/include/action_msgs -isystem /opt/ros/humble/include/builtin_interfaces -isystem /opt/ros/humble/include/unique_identifier_msgs -fPIC -Wall -Wextra -Wpedantic -Wredundant-decls -std=gnu++14 -MD -MT CMakeFiles/py_action_interfaces__rosidl_typesupport_fastrtps_cpp.dir/rosidl_typesupport_fastrtps_cpp/py_action_interfaces/action/detail/dds_fastrtps/fibonacci__type_support.cpp.o -MF CMakeFiles/py_action_interfaces__rosidl_typesupport_fastrtps_cpp.dir/rosidl_typesupport_fastrtps_cpp/py_action_interfaces/action/detail/dds_fastrtps/fibonacci__type_support.cpp.o.d -o CMakeFiles/py_action_interfaces__rosidl_typesupport_fastrtps_cpp.dir/rosidl_typesupport_fastrtps_cpp/py_action_interfaces/action/detail/dds_fastrtps/fibonacci__type_support.cpp.o -c /home/reddy/ros2_ws/build/py_action_interfaces/rosidl_typesupport_fastrtps_cpp/py_action_interfaces/action/detail/dds_fastrtps/fibonacci__type_support.cpp
cd /home/reddy/ros2_ws/build/py_action_interfaces && /usr/bin/cmake -E cmake_depends "Unix Makefiles" /home/reddy/ros2_ws/src/py_action_interfaces /home/reddy/ros2_ws/src/py_action_interfaces /home/reddy/ros2_ws/build/py_action_interfaces /home/reddy/ros2_ws/build/py_action_interfaces /home/reddy/ros2_ws/build/py_action_interfaces/CMakeFiles/py_action_interfaces__rosidl_typesupport_c.dir/DependInfo.cmake --color=
gmake[2]: Leaving directory '/home/reddy/ros2_ws/build/py_action_interfaces'
/usr/bin/gmake  -f CMakeFiles/py_action_interfaces__rosidl_typesupport_c.dir/build.make CMakeFiles/py_action_interfaces__rosidl_typesupport_c.dir/build
gmake[2]: Entering directory '/home/reddy/ros2_ws/build/py_action_interfaces'
[ 45%] [32mBuilding CXX object CMakeFiles/py_action_interfaces__rosidl_typesupport_c.dir/rosidl_typesupport_c/py_action_interfaces/action/fibonacci__type_support.cpp.o[0m
/usr/bin/c++ -DRCUTILS_ENABLE_FAULT_INJECTION -DROSIDL_GENERATOR_C_BUILDING_DLL_py_action_interfaces -DROS_PACKAGE_NAME=\"py_action_interfaces\" -I/home/reddy/ros2_ws/build/py_action_interfaces/rosidl_generator_c -isystem /opt/ros/humble/include/action_msgs -isystem /opt/ros/humble/include/builtin_interfaces -isystem /opt/ros/humble/include/rosidl_runtime_c -isystem /opt/ros/humble/include/rcutils -isystem /opt/ros/humble/include/rosidl_typesupport_interface -isystem /opt/ros/humble/include/unique_identifier_msgs -isystem /opt/ros/humble/include/rosidl_typesupport_c -fPIC -Wall -std=gnu++14 -MD -MT CMakeFiles/py_action_interfaces__rosidl_typesupport_c.dir/rosidl_typesupport_c/py_action_interfaces/action/fibonacci__type_support.cpp.o -MF CMakeFiles/py_action_interfaces__rosidl_typesupport_c.dir/rosidl_typesupport_c/py_action_interfaces/action/fibonacci__type_support.cpp.o.d -o CMakeFiles/py_action_interfaces__rosidl_typesupport_c.dir/rosidl_typesupport_c/py_action_interfaces/action/fibonacci__type_support.cpp.o -c /home/reddy/ros2_ws/build/py_action_interfaces/rosidl_typesupport_c/py_action_interfaces/action/fibonacci__type_support.cpp
cd /home/reddy/ros2_ws/build/py_action_interfaces && /usr/bin/cmake -E cmake_depends "Unix Makefiles" /home/reddy/ros2_ws/src/py_action_interfaces /home/reddy/ros2_ws/src/py_action_interfaces /home/reddy/ros2_ws/build/py_action_interfaces /home/reddy/ros2_ws/build/py_action_interfaces /home/reddy/ros2_ws/build/py_action_interfaces/CMakeFiles/py_action_interfaces__rosidl_typesupport_introspection_c.dir/DependInfo.cmake --color=
gmake[2]: Leaving directory '/home/reddy/ros2_ws/build/py_action_interfaces'
/usr/bin/gmake  -f CMakeFiles/py_action_interfaces__rosidl_typesupport_introspection_c.dir/build.make CMakeFiles/py_action_interfaces__rosidl_typesupport_introspection_c.dir/build
gmake[2]: Entering directory '/home/reddy/ros2_ws/build/py_action_interfaces'
cd /home/reddy/ros2_ws/build/py_action_interfaces && /usr/bin/cmake -E cmake_depends "Unix Makefiles" /home/reddy/ros2_ws/src/py_action_interfaces /home/reddy/ros2_ws/src/py_action_interfaces /home/reddy/ros2_ws/build/py_action_interfaces /home/reddy/ros2_ws/build/py_action_interfaces /home/reddy/ros2_ws/build/py_action_interfaces/CMakeFiles/py_action_interfaces__rosidl_typesupport_fastrtps_c.dir/DependInfo.cmake --color=
[ 48%] [32m[1mLinking CXX shared library libpy_action_interfaces__rosidl_typesupport_c.so[0m
/usr/bin/cmake -E cmake_link_script CMakeFiles/py_action_interfaces__rosidl_typesupport_c.dir/link.txt --verbose=1
[ 51%] [32mBuilding C object CMakeFiles/py_action_interfaces__rosidl_typesupport_introspection_c.dir/rosidl_typesupport_introspection_c/py_action_interfaces/action/detail/fibonacci__type_support.c.o[0m
/usr/bin/cc -DRCUTILS_ENABLE_FAULT_INJECTION -DROSIDL_TYPESUPPORT_INTROSPECTION_C_BUILDING_DLL_py_action_interfaces -DROS_PACKAGE_NAME=\"py_action_interfaces\" -I/home/reddy/ros2_ws/build/py_action_interfaces/rosidl_typesupport_introspection_c -I/home/reddy/ros2_ws/build/py_action_interfaces/rosidl_generator_c -isystem /opt/ros/humble/include/action_msgs -isystem /opt/ros/humble/include/builtin_interfaces -isystem /opt/ros/humble/include/rosidl_runtime_c -isystem /opt/ros/humble/include/rcutils -isystem /opt/ros/humble/include/rosidl_typesupport_interface -isystem /opt/ros/humble/include/unique_identifier_msgs -isystem /opt/ros/humble/include/rosidl_typesupport_introspection_c -fPIC -Wall -std=gnu11 -MD -MT CMakeFiles/py_action_interfaces__rosidl_typesupport_introspection_c.dir/rosidl_typesupport_introspection_c/py_action_interfaces/action/detail/fibonacci__type_support.c.o -MF CMakeFiles/py_action_interfaces__rosidl_typesupport_introspection_c.dir/rosidl_typesupport_introspection_c/py_action_interfaces/action/detail/fibonacci__type_support.c.o.d -o CMakeFiles/py_action_interfaces__rosidl_typesupport_introspection_c.dir/rosidl_typesupport_introspection_c/py_action_interfaces/action/detail/fibonacci__type_support.c.o -c /home/reddy/ros2_ws/build/py_action_interfaces/rosidl_typesupport_introspection_c/py_action_interfaces/action/detail/fibonacci__type_support.c
gmake[2]: Leaving directory '/home/reddy/ros2_ws/build/py_action_interfaces'
/usr/bin/gmake  -f CMakeFiles/py_action_interfaces__rosidl_typesupport_fastrtps_c.dir/build.make CMakeFiles/py_action_interfaces__rosidl_typesupport_fastrtps_c.dir/build
/usr/bin/c++ -fPIC -shared -Wl,-soname,libpy_action_interfaces__rosidl_typesupport_c.so -o libpy_action_interfaces__rosidl_typesupport_c.so CMakeFiles/py_action_interfaces__rosidl_typesupport_c.dir/rosidl_typesupport_c/py_action_interfaces/action/fibonacci__type_support.cpp.o  -Wl,-rpath,/home/reddy/ros2_ws/build/py_action_interfaces:/opt/ros/humble/lib: libpy_action_interfaces__rosidl_generator_c.so /opt/ros/humble/lib/libaction_msgs__rosidl_typesupport_c.so /opt/ros/humble/lib/libbuiltin_interfaces__rosidl_typesupport_c.so /opt/ros/humble/lib/libunique_identifier_msgs__rosidl_typesupport_c.so /opt/ros/humble/lib/librosidl_typesupport_c.so /opt/ros/humble/lib/libaction_msgs__rosidl_generator_c.so /opt/ros/humble/lib/libbuiltin_interfaces__rosidl_generator_c.so /opt/ros/humble/lib/libunique_identifier_msgs__rosidl_generator_c.so /opt/ros/humble/lib/librosidl_runtime_c.so /opt/ros/humble/lib/librcutils.so -ldl -Wl,-rpath-link,/opt/ros/humble/lib 
gmake[2]: Entering directory '/home/reddy/ros2_ws/build/py_action_interfaces'
[ 54%] [32mBuilding CXX object CMakeFiles/py_action_interfaces__rosidl_typesupport_fastrtps_c.dir/rosidl_typesupport_fastrtps_c/py_action_interfaces/action/detail/fibonacci__type_support_c.cpp.o[0m
/usr/bin/c++ -DRCUTILS_ENABLE_FAULT_INJECTION -DROSIDL_TYPESUPPORT_FASTRTPS_C_BUILDING_DLL_py_action_interfaces -DROS_PACKAGE_NAME=\"py_action_interfaces\" -I/home/reddy/ros2_ws/build/py_action_interfaces/rosidl_typesupport_fastrtps_c -I/home/reddy/ros2_ws/build/py_action_interfaces/rosidl_generator_c -isystem /opt/ros/humble/include/fastcdr -isystem /opt/ros/humble/include/rosidl_runtime_c -isystem /opt/ros/humble/include/rcutils -isystem /opt/ros/humble/include/rosidl_typesupport_interface -isystem /opt/ros/humble/include/rosidl_runtime_cpp -isystem /opt/ros/humble/include/rosidl_typesupport_fastrtps_cpp -isystem /opt/ros/humble/include/rmw -isystem /opt/ros/humble/include/rosidl_typesupport_fastrtps_c -isystem /opt/ros/humble/include/action_msgs -isystem /opt/ros/humble/include/builtin_interfaces -isystem /opt/ros/humble/include/unique_identifier_msgs -fPIC -Wall -Wextra -Wpedantic -std=gnu++14 -MD -MT CMakeFiles/py_action_interfaces__rosidl_typesupport_fastrtps_c.dir/rosidl_typesupport_fastrtps_c/py_action_interfaces/action/detail/fibonacci__type_support_c.cpp.o -MF CMakeFiles/py_action_interfaces__rosidl_typesupport_fastrtps_c.dir/rosidl_typesupport_fastrtps_c/py_action_interfaces/action/detail/fibonacci__type_support_c.cpp.o.d -o CMakeFiles/py_action_interfaces__rosidl_typesupport_fastrtps_c.dir/rosidl_typesupport_fastrtps_c/py_action_interfaces/action/detail/fibonacci__type_support_c.cpp.o -c /home/reddy/ros2_ws/build/py_action_interfaces/rosidl_typesupport_fastrtps_c/py_action_interfaces/action/detail/fibonacci__type_support_c.cpp
[ 58%] [32m[1mLinking C shared library libpy_action_interfaces__rosidl_typesupport_introspection_c.so[0m
/usr/bin/cmake -E cmake_link_script CMakeFiles/py_action_interfaces__rosidl_typesupport_introspection_c.dir/link.txt --verbose=1
/usr/bin/cc -fPIC -shared -Wl,-soname,libpy_action_interfaces__rosidl_typesupport_introspection_c.so -o libpy_action_interfaces__rosidl_typesupport_introspection_c.so CMakeFiles/py_action_interfaces__rosidl_typesupport_introspection_c.dir/rosidl_typesupport_introspection_c/py_action_interfaces/action/detail/fibonacci__type_support.c.o  -Wl,-rpath,/home/reddy/ros2_ws/build/py_action_interfaces:/opt/ros/humble/lib: libpy_action_interfaces__rosidl_generator_c.so /opt/ros/humble/lib/libaction_msgs__rosidl_typesupport_introspection_c.so /opt/ros/humble/lib/libbuiltin_interfaces__rosidl_typesupport_introspection_c.so /opt/ros/humble/lib/libunique_identifier_msgs__rosidl_typesupport_introspection_c.so /opt/ros/humble/lib/librosidl_typesupport_introspection_c.so /opt/ros/humble/lib/libaction_msgs__rosidl_generator_c.so /opt/ros/humble/lib/libbuiltin_interfaces__rosidl_generator_c.so /opt/ros/humble/lib/libunique_identifier_msgs__rosidl_generator_c.so /opt/ros/humble/lib/librosidl_runtime_c.so /opt/ros/humble/lib/librcutils.so -ldl 
[ 61%] [32m[1mLinking CXX shared library libpy_action_interfaces__rosidl_typesupport_cpp.so[0m
/usr/bin/cmake -E cmake_link_script CMakeFiles/py_action_interfaces__rosidl_typesupport_cpp.dir/link.txt --verbose=1
/usr/bin/c++ -fPIC -shared -Wl,-soname,libpy_action_interfaces__rosidl_typesupport_cpp.so -o libpy_action_interfaces__rosidl_typesupport_cpp.so CMakeFiles/py_action_interfaces__rosidl_typesupport_cpp.dir/rosidl_typesupport_cpp/py_action_interfaces/action/fibonacci__type_support.cpp.o  -Wl,-rpath,/opt/ros/humble/lib: /opt/ros/humble/lib/libaction_msgs__rosidl_typesupport_cpp.so /opt/ros/humble/lib/libbuiltin_interfaces__rosidl_typesupport_cpp.so /opt/ros/humble/lib/libunique_identifier_msgs__rosidl_typesupport_cpp.so /opt/ros/humble/lib/librosidl_typesupport_cpp.so /opt/ros/humble/lib/librosidl_typesupport_c.so /opt/ros/humble/lib/librosidl_runtime_c.so /opt/ros/humble/lib/librcutils.so -ldl -Wl,-rpath-link,/opt/ros/humble/lib 
gmake[2]: Leaving directory '/home/reddy/ros2_ws/build/py_action_interfaces'
[ 61%] Built target py_action_interfaces__rosidl_typesupport_c
gmake[2]: Leaving directory '/home/reddy/ros2_ws/build/py_action_interfaces'
[ 61%] Built target py_action_interfaces__rosidl_typesupport_introspection_c
gmake[2]: Leaving directory '/home/reddy/ros2_ws/build/py_action_interfaces'
[ 61%] Built target py_action_interfaces__rosidl_typesupport_cpp
[ 64%] [32m[1mLinking CXX shared library libpy_action_interfaces__rosidl_typesupport_introspection_cpp.so[0m
/usr/bin/cmake -E cmake_link_script CMakeFiles/py_action_interfaces__rosidl_typesupport_introspection_cpp.dir/link.txt --verbose=1
/usr/bin/c++ -fPIC -shared -Wl,-soname,libpy_action_interfaces__rosidl_typesupport_introspection_cpp.so -o libpy_action_interfaces__rosidl_typesupport_introspection_cpp.so CMakeFiles/py_action_interfaces__rosidl_typesupport_introspection_cpp.dir/rosidl_typesupport_introspection_cpp/py_action_interfaces/action/detail/fibonacci__type_support.cpp.o  -Wl,-rpath,/opt/ros/humble/lib: /opt/ros/humble/lib/libaction_msgs__rosidl_typesupport_introspection_cpp.so /opt/ros/humble/lib/libbuiltin_interfaces__rosidl_typesupport_introspection_cpp.so /opt/ros/humble/lib/libunique_identifier_msgs__rosidl_typesupport_introspection_cpp.so /opt/ros/humble/lib/librosidl_typesupport_introspection_cpp.so /opt/ros/humble/lib/librosidl_typesupport_introspection_c.so /opt/ros/humble/lib/librosidl_runtime_c.so /opt/ros/humble/lib/librcutils.so -ldl 
[ 67%] [32m[1mLinking CXX shared library libpy_action_interfaces__rosidl_typesupport_fastrtps_cpp.so[0m
/usr/bin/cmake -E cmake_link_script CMakeFiles/py_action_interfaces__rosidl_typesupport_fastrtps_cpp.dir/link.txt --verbose=1
/usr/bin/c++ -fPIC -shared -Wl,-soname,libpy_action_interfaces__rosidl_typesupport_fastrtps_cpp.so -o libpy_action_interfaces__rosidl_typesupport_fastrtps_cpp.so CMakeFiles/py_action_interfaces__rosidl_typesupport_fastrtps_cpp.dir/rosidl_typesupport_fastrtps_cpp/py_action_interfaces/action/detail/dds_fastrtps/fibonacci__type_support.cpp.o  -Wl,-rpath,/opt/ros/humble/lib: /opt/ros/humble/lib/libaction_msgs__rosidl_typesupport_fastrtps_cpp.so /opt/ros/humble/lib/libbuiltin_interfaces__rosidl_typesupport_fastrtps_cpp.so /opt/ros/humble/lib/libunique_identifier_msgs__rosidl_typesupport_fastrtps_cpp.so /opt/ros/humble/lib/librosidl_typesupport_fastrtps_cpp.so /opt/ros/humble/lib/libfastcdr.so.1.0.24 /opt/ros/humble/lib/librmw.so /opt/ros/humble/lib/librosidl_runtime_c.so /opt/ros/humble/lib/librcutils.so -ldl 
[ 70%] [32m[1mLinking CXX shared library libpy_action_interfaces__rosidl_typesupport_fastrtps_c.so[0m
/usr/bin/cmake -E cmake_link_script CMakeFiles/py_action_interfaces__rosidl_typesupport_fastrtps_c.dir/link.txt --verbose=1
/usr/bin/c++ -fPIC -shared -Wl,-soname,libpy_action_interfaces__rosidl_typesupport_fastrtps_c.so -o libpy_action_interfaces__rosidl_typesupport_fastrtps_c.so CMakeFiles/py_action_interfaces__rosidl_typesupport_fastrtps_c.dir/rosidl_typesupport_fastrtps_c/py_action_interfaces/action/detail/fibonacci__type_support_c.cpp.o  -Wl,-rpath,/home/reddy/ros2_ws/build/py_action_interfaces:/opt/ros/humble/lib: libpy_action_interfaces__rosidl_generator_c.so /opt/ros/humble/lib/libaction_msgs__rosidl_typesupport_fastrtps_c.so /opt/ros/humble/lib/libbuiltin_interfaces__rosidl_typesupport_fastrtps_c.so /opt/ros/humble/lib/libunique_identifier_msgs__rosidl_typesupport_fastrtps_c.so /opt/ros/humble/lib/librosidl_typesupport_fastrtps_cpp.so /opt/ros/humble/lib/libfastcdr.so.1.0.24 /opt/ros/humble/lib/librmw.so /opt/ros/humble/lib/librosidl_typesupport_fastrtps_c.so /opt/ros/humble/lib/libaction_msgs__rosidl_generator_c.so /opt/ros/humble/lib/libbuiltin_interfaces__rosidl_generator_c.so /opt/ros/humble/lib/libunique_identifier_msgs__rosidl_generator_c.so /opt/ros/humble/lib/librosidl_runtime_c.so /opt/ros/humble/lib/librcutils.so -ldl 
gmake[2]: Leaving directory '/home/reddy/ros2_ws/build/py_action_interfaces'
gmake[2]: Leaving directory '/home/reddy/ros2_ws/build/py_action_interfaces'
[ 70%] Built target py_action_interfaces__rosidl_typesupport_introspection_cpp
[ 70%] Built target py_action_interfaces__rosidl_typesupport_fastrtps_cpp
gmake[2]: Leaving directory '/home/reddy/ros2_ws/build/py_action_interfaces'
[ 70%] Built target py_action_interfaces__rosidl_typesupport_fastrtps_c
/usr/bin/gmake  -f CMakeFiles/py_action_interfaces.dir/build.make CMakeFiles/py_action_interfaces.dir/depend
gmake[2]: Entering directory '/home/reddy/ros2_ws/build/py_action_interfaces'
cd /home/reddy/ros2_ws/build/py_action_interfaces && /usr/bin/cmake -E cmake_depends "Unix Makefiles" /home/reddy/ros2_ws/src/py_action_interfaces /home/reddy/ros2_ws/src/py_action_interfaces /home/reddy/ros2_ws/build/py_action_interfaces /home/reddy/ros2_ws/build/py_action_interfaces /home/reddy/ros2_ws/build/py_action_interfaces/CMakeFiles/py_action_interfaces.dir/DependInfo.cmake --color=
gmake[2]: Leaving directory '/home/reddy/ros2_ws/build/py_action_interfaces'
/usr/bin/gmake  -f CMakeFiles/py_action_interfaces.dir/build.make CMakeFiles/py_action_interfaces.dir/build
gmake[2]: Entering directory '/home/reddy/ros2_ws/build/py_action_interfaces'
gmake[2]: Nothing to be done for 'CMakeFiles/py_action_interfaces.dir/build'.
gmake[2]: Leaving directory '/home/reddy/ros2_ws/build/py_action_interfaces'
[ 70%] Built target py_action_interfaces
/usr/bin/gmake  -f py_action_interfaces__py/CMakeFiles/py_action_interfaces__py.dir/build.make py_action_interfaces__py/CMakeFiles/py_action_interfaces__py.dir/depend
gmake[2]: Entering directory '/home/reddy/ros2_ws/build/py_action_interfaces'
cd /home/reddy/ros2_ws/build/py_action_interfaces && /usr/bin/cmake -E cmake_depends "Unix Makefiles" /home/reddy/ros2_ws/src/py_action_interfaces /home/reddy/ros2_ws/build/py_action_interfaces/py_action_interfaces__py /home/reddy/ros2_ws/build/py_action_interfaces /home/reddy/ros2_ws/build/py_action_interfaces/py_action_interfaces__py /home/reddy/ros2_ws/build/py_action_interfaces/py_action_interfaces__py/CMakeFiles/py_action_interfaces__py.dir/DependInfo.cmake --color=
gmake[2]: Leaving directory '/home/reddy/ros2_ws/build/py_action_interfaces'
/usr/bin/gmake  -f py_action_interfaces__py/CMakeFiles/py_action_interfaces__py.dir/build.make py_action_interfaces__py/CMakeFiles/py_action_interfaces__py.dir/build
gmake[2]: Entering directory '/home/reddy/ros2_ws/build/py_action_interfaces'
[ 74%] [34m[1mGenerating Python code for ROS interfaces[0m
cd /home/reddy/ros2_ws/build/py_action_interfaces/py_action_interfaces__py && /usr/bin/python3 /opt/ros/humble/share/rosidl_generator_py/cmake/../../../lib/rosidl_generator_py/rosidl_generator_py --generator-arguments-file /home/reddy/ros2_ws/build/py_action_interfaces/rosidl_generator_py__arguments.json --typesupport-impls "rosidl_typesupport_fastrtps_c;rosidl_typesupport_introspection_c;rosidl_typesupport_c"
gmake[2]: Leaving directory '/home/reddy/ros2_ws/build/py_action_interfaces'
[ 74%] Built target py_action_interfaces__py
/usr/bin/gmake  -f CMakeFiles/py_action_interfaces__rosidl_generator_py.dir/build.make CMakeFiles/py_action_interfaces__rosidl_generator_py.dir/depend
gmake[2]: Entering directory '/home/reddy/ros2_ws/build/py_action_interfaces'
cd /home/reddy/ros2_ws/build/py_action_interfaces && /usr/bin/cmake -E cmake_depends "Unix Makefiles" /home/reddy/ros2_ws/src/py_action_interfaces /home/reddy/ros2_ws/src/py_action_interfaces /home/reddy/ros2_ws/build/py_action_interfaces /home/reddy/ros2_ws/build/py_action_interfaces /home/reddy/ros2_ws/build/py_action_interfaces/CMakeFiles/py_action_interfaces__rosidl_generator_py.dir/DependInfo.cmake --color=
gmake[2]: Leaving directory '/home/reddy/ros2_ws/build/py_action_interfaces'
/usr/bin/gmake  -f CMakeFiles/py_action_interfaces__rosidl_generator_py.dir/build.make CMakeFiles/py_action_interfaces__rosidl_generator_py.dir/build
gmake[2]: Entering directory '/home/reddy/ros2_ws/build/py_action_interfaces'
[ 77%] [32mBuilding C object CMakeFiles/py_action_interfaces__rosidl_generator_py.dir/rosidl_generator_py/py_action_interfaces/action/_fibonacci_s.c.o[0m
/usr/bin/cc -DRCUTILS_ENABLE_FAULT_INJECTION -DROS_PACKAGE_NAME=\"py_action_interfaces\" -Dpy_action_interfaces__rosidl_generator_py_EXPORTS -I/home/reddy/ros2_ws/build/py_action_interfaces/rosidl_generator_c -I/home/reddy/ros2_ws/build/py_action_interfaces/rosidl_generator_py -I/usr/include/python3.10 -isystem /opt/ros/humble/include/action_msgs -isystem /opt/ros/humble/include/builtin_interfaces -isystem /opt/ros/humble/include/rosidl_runtime_c -isystem /opt/ros/humble/include/rcutils -isystem /opt/ros/humble/include/rosidl_typesupport_interface -isystem /opt/ros/humble/include/unique_identifier_msgs -fPIC -Wall -Wextra -MD -MT CMakeFiles/py_action_interfaces__rosidl_generator_py.dir/rosidl_generator_py/py_action_interfaces/action/_fibonacci_s.c.o -MF CMakeFiles/py_action_interfaces__rosidl_generator_py.dir/rosidl_generator_py/py_action_interfaces/action/_fibonacci_s.c.o.d -o CMakeFiles/py_action_interfaces__rosidl_generator_py.dir/rosidl_generator_py/py_action_interfaces/action/_fibonacci_s.c.o -c /home/reddy/ros2_ws/build/py_action_interfaces/rosidl_generator_py/py_action_interfaces/action/_fibonacci_s.c
[ 80%] [32m[1mLinking C shared library rosidl_generator_py/py_action_interfaces/libpy_action_interfaces__rosidl_generator_py.so[0m
/usr/bin/cmake -E cmake_link_script CMakeFiles/py_action_interfaces__rosidl_generator_py.dir/link.txt --verbose=1
/usr/bin/cc -fPIC -shared -Wl,-soname,libpy_action_interfaces__rosidl_generator_py.so -o rosidl_generator_py/py_action_interfaces/libpy_action_interfaces__rosidl_generator_py.so CMakeFiles/py_action_interfaces__rosidl_generator_py.dir/rosidl_generator_py/py_action_interfaces/action/_fibonacci_s.c.o  -Wl,-rpath,/home/reddy/ros2_ws/build/py_action_interfaces:/opt/ros/humble/lib: /usr/lib/x86_64-linux-gnu/libpython3.10.so libpy_action_interfaces__rosidl_typesupport_c.so /opt/ros/humble/lib/libaction_msgs__rosidl_generator_py.so /opt/ros/humble/lib/libbuiltin_interfaces__rosidl_generator_py.so /opt/ros/humble/lib/libunique_identifier_msgs__rosidl_generator_py.so libpy_action_interfaces__rosidl_generator_c.so /usr/lib/x86_64-linux-gnu/libpython3.10.so /opt/ros/humble/lib/libaction_msgs__rosidl_typesupport_c.so /opt/ros/humble/lib/libaction_msgs__rosidl_generator_c.so /opt/ros/humble/lib/libbuiltin_interfaces__rosidl_typesupport_c.so /opt/ros/humble/lib/libbuiltin_interfaces__rosidl_generator_c.so /opt/ros/humble/lib/libunique_identifier_msgs__rosidl_typesupport_c.so /opt/ros/humble/lib/libunique_identifier_msgs__rosidl_generator_c.so /opt/ros/humble/lib/librosidl_runtime_c.so /opt/ros/humble/lib/librcutils.so -ldl -Wl,-rpath-link,/opt/ros/humble/lib 
gmake[2]: Leaving directory '/home/reddy/ros2_ws/build/py_action_interfaces'
[ 80%] Built target py_action_interfaces__rosidl_generator_py
/usr/bin/gmake  -f CMakeFiles/py_action_interfaces__rosidl_typesupport_fastrtps_c__pyext.dir/build.make CMakeFiles/py_action_interfaces__rosidl_typesupport_fastrtps_c__pyext.dir/depend
/usr/bin/gmake  -f CMakeFiles/py_action_interfaces__rosidl_typesupport_introspection_c__pyext.dir/build.make CMakeFiles/py_action_interfaces__rosidl_typesupport_introspection_c__pyext.dir/depend
/usr/bin/gmake  -f CMakeFiles/py_action_interfaces__rosidl_typesupport_c__pyext.dir/build.make CMakeFiles/py_action_interfaces__rosidl_typesupport_c__pyext.dir/depend
gmake[2]: Entering directory '/home/reddy/ros2_ws/build/py_action_interfaces'
cd /home/reddy/ros2_ws/build/py_action_interfaces && /usr/bin/cmake -E cmake_depends "Unix Makefiles" /home/reddy/ros2_ws/src/py_action_interfaces /home/reddy/ros2_ws/src/py_action_interfaces /home/reddy/ros2_ws/build/py_action_interfaces /home/reddy/ros2_ws/build/py_action_interfaces /home/reddy/ros2_ws/build/py_action_interfaces/CMakeFiles/py_action_interfaces__rosidl_typesupport_fastrtps_c__pyext.dir/DependInfo.cmake --color=
gmake[2]: Entering directory '/home/reddy/ros2_ws/build/py_action_interfaces'
cd /home/reddy/ros2_ws/build/py_action_interfaces && /usr/bin/cmake -E cmake_depends "Unix Makefiles" /home/reddy/ros2_ws/src/py_action_interfaces /home/reddy/ros2_ws/src/py_action_interfaces /home/reddy/ros2_ws/build/py_action_interfaces /home/reddy/ros2_ws/build/py_action_interfaces /home/reddy/ros2_ws/build/py_action_interfaces/CMakeFiles/py_action_interfaces__rosidl_typesupport_introspection_c__pyext.dir/DependInfo.cmake --color=
gmake[2]: Entering directory '/home/reddy/ros2_ws/build/py_action_interfaces'
cd /home/reddy/ros2_ws/build/py_action_interfaces && /usr/bin/cmake -E cmake_depends "Unix Makefiles" /home/reddy/ros2_ws/src/py_action_interfaces /home/reddy/ros2_ws/src/py_action_interfaces /home/reddy/ros2_ws/build/py_action_interfaces /home/reddy/ros2_ws/build/py_action_interfaces /home/reddy/ros2_ws/build/py_action_interfaces/CMakeFiles/py_action_interfaces__rosidl_typesupport_c__pyext.dir/DependInfo.cmake --color=
gmake[2]: Leaving directory '/home/reddy/ros2_ws/build/py_action_interfaces'
/usr/bin/gmake  -f CMakeFiles/py_action_interfaces__rosidl_typesupport_fastrtps_c__pyext.dir/build.make CMakeFiles/py_action_interfaces__rosidl_typesupport_fastrtps_c__pyext.dir/build
gmake[2]: Leaving directory '/home/reddy/ros2_ws/build/py_action_interfaces'
gmake[2]: Leaving directory '/home/reddy/ros2_ws/build/py_action_interfaces'
/usr/bin/gmake  -f CMakeFiles/py_action_interfaces__rosidl_typesupport_introspection_c__pyext.dir/build.make CMakeFiles/py_action_interfaces__rosidl_typesupport_introspection_c__pyext.dir/build
/usr/bin/gmake  -f CMakeFiles/py_action_interfaces__rosidl_typesupport_c__pyext.dir/build.make CMakeFiles/py_action_interfaces__rosidl_typesupport_c__pyext.dir/build
gmake[2]: Entering directory '/home/reddy/ros2_ws/build/py_action_interfaces'
gmake[2]: Entering directory '/home/reddy/ros2_ws/build/py_action_interfaces'
gmake[2]: Entering directory '/home/reddy/ros2_ws/build/py_action_interfaces'
[ 87%] [32mBuilding C object CMakeFiles/py_action_interfaces__rosidl_typesupport_introspection_c__pyext.dir/rosidl_generator_py/py_action_interfaces/_py_action_interfaces_s.ep.rosidl_typesupport_introspection_c.c.o[0m
[ 87%] [32mBuilding C object CMakeFiles/py_action_interfaces__rosidl_typesupport_fastrtps_c__pyext.dir/rosidl_generator_py/py_action_interfaces/_py_action_interfaces_s.ep.rosidl_typesupport_fastrtps_c.c.o[0m
[ 90%] [32mBuilding C object CMakeFiles/py_action_interfaces__rosidl_typesupport_c__pyext.dir/rosidl_generator_py/py_action_interfaces/_py_action_interfaces_s.ep.rosidl_typesupport_c.c.o[0m
/usr/bin/cc -DRCUTILS_ENABLE_FAULT_INJECTION -DROS_PACKAGE_NAME=\"py_action_interfaces\" -Dpy_action_interfaces__rosidl_typesupport_fastrtps_c__pyext_EXPORTS -I/home/reddy/ros2_ws/build/py_action_interfaces/rosidl_generator_c -I/home/reddy/ros2_ws/build/py_action_interfaces/rosidl_generator_py -I/usr/include/python3.10 -I/home/reddy/ros2_ws/build/py_action_interfaces/rosidl_typesupport_fastrtps_c -isystem /opt/ros/humble/include/rosidl_runtime_c -isystem /opt/ros/humble/include/rosidl_typesupport_c -isystem /opt/ros/humble/include/rosidl_typesupport_interface -isystem /opt/ros/humble/include/action_msgs -isystem /opt/ros/humble/include/builtin_interfaces -isystem /opt/ros/humble/include/unique_identifier_msgs -isystem /opt/ros/humble/include/rmw -isystem /opt/ros/humble/include/rcutils -isystem /opt/ros/humble/include/fastcdr -isystem /opt/ros/humble/include/rosidl_runtime_cpp -isystem /opt/ros/humble/include/rosidl_typesupport_fastrtps_cpp -isystem /opt/ros/humble/include/rosidl_typesupport_fastrtps_c -isystem /opt/ros/humble/include/rosidl_typesupport_introspection_c -isystem /opt/ros/humble/include/rosidl_typesupport_introspection_cpp -fPIC -Wall -Wextra -MD -MT CMakeFiles/py_action_interfaces__rosidl_typesupport_fastrtps_c__pyext.dir/rosidl_generator_py/py_action_interfaces/_py_action_interfaces_s.ep.rosidl_typesupport_fastrtps_c.c.o -MF CMakeFiles/py_action_interfaces__rosidl_typesupport_fastrtps_c__pyext.dir/rosidl_generator_py/py_action_interfaces/_py_action_interfaces_s.ep.rosidl_typesupport_fastrtps_c.c.o.d -o CMakeFiles/py_action_interfaces__rosidl_typesupport_fastrtps_c__pyext.dir/rosidl_generator_py/py_action_interfaces/_py_action_interfaces_s.ep.rosidl_typesupport_fastrtps_c.c.o -c /home/reddy/ros2_ws/build/py_action_interfaces/rosidl_generator_py/py_action_interfaces/_py_action_interfaces_s.ep.rosidl_typesupport_fastrtps_c.c
/usr/bin/cc -DRCUTILS_ENABLE_FAULT_INJECTION -DROS_PACKAGE_NAME=\"py_action_interfaces\" -Dpy_action_interfaces__rosidl_typesupport_introspection_c__pyext_EXPORTS -I/home/reddy/ros2_ws/build/py_action_interfaces/rosidl_generator_c -I/home/reddy/ros2_ws/build/py_action_interfaces/rosidl_generator_py -I/usr/include/python3.10 -I/home/reddy/ros2_ws/build/py_action_interfaces/rosidl_typesupport_introspection_c -isystem /opt/ros/humble/include/rosidl_runtime_c -isystem /opt/ros/humble/include/rosidl_typesupport_c -isystem /opt/ros/humble/include/rosidl_typesupport_interface -isystem /opt/ros/humble/include/action_msgs -isystem /opt/ros/humble/include/builtin_interfaces -isystem /opt/ros/humble/include/unique_identifier_msgs -isystem /opt/ros/humble/include/rmw -isystem /opt/ros/humble/include/rcutils -isystem /opt/ros/humble/include/rosidl_typesupport_introspection_c -isystem /opt/ros/humble/include/fastcdr -isystem /opt/ros/humble/include/rosidl_runtime_cpp -isystem /opt/ros/humble/include/rosidl_typesupport_fastrtps_cpp -isystem /opt/ros/humble/include/rosidl_typesupport_fastrtps_c -isystem /opt/ros/humble/include/rosidl_typesupport_introspection_cpp -fPIC -Wall -Wextra -MD -MT CMakeFiles/py_action_interfaces__rosidl_typesupport_introspection_c__pyext.dir/rosidl_generator_py/py_action_interfaces/_py_action_interfaces_s.ep.rosidl_typesupport_introspection_c.c.o -MF CMakeFiles/py_action_interfaces__rosidl_typesupport_introspection_c__pyext.dir/rosidl_generator_py/py_action_interfaces/_py_action_interfaces_s.ep.rosidl_typesupport_introspection_c.c.o.d -o CMakeFiles/py_action_interfaces__rosidl_typesupport_introspection_c__pyext.dir/rosidl_generator_py/py_action_interfaces/_py_action_interfaces_s.ep.rosidl_typesupport_introspection_c.c.o -c /home/reddy/ros2_ws/build/py_action_interfaces/rosidl_generator_py/py_action_interfaces/_py_action_interfaces_s.ep.rosidl_typesupport_introspection_c.c
/usr/bin/cc -DRCUTILS_ENABLE_FAULT_INJECTION -DROS_PACKAGE_NAME=\"py_action_interfaces\" -Dpy_action_interfaces__rosidl_typesupport_c__pyext_EXPORTS -I/home/reddy/ros2_ws/build/py_action_interfaces/rosidl_generator_c -I/home/reddy/ros2_ws/build/py_action_interfaces/rosidl_generator_py -I/usr/include/python3.10 -isystem /opt/ros/humble/include/rosidl_runtime_c -isystem /opt/ros/humble/include/rosidl_typesupport_c -isystem /opt/ros/humble/include/rosidl_typesupport_interface -isystem /opt/ros/humble/include/action_msgs -isystem /opt/ros/humble/include/builtin_interfaces -isystem /opt/ros/humble/include/unique_identifier_msgs -isystem /opt/ros/humble/include/rmw -isystem /opt/ros/humble/include/rcutils -isystem /opt/ros/humble/include/fastcdr -isystem /opt/ros/humble/include/rosidl_runtime_cpp -isystem /opt/ros/humble/include/rosidl_typesupport_fastrtps_cpp -isystem /opt/ros/humble/include/rosidl_typesupport_fastrtps_c -isystem /opt/ros/humble/include/rosidl_typesupport_introspection_c -isystem /opt/ros/humble/include/rosidl_typesupport_introspection_cpp -fPIC -Wall -Wextra -MD -MT CMakeFiles/py_action_interfaces__rosidl_typesupport_c__pyext.dir/rosidl_generator_py/py_action_interfaces/_py_action_interfaces_s.ep.rosidl_typesupport_c.c.o -MF CMakeFiles/py_action_interfaces__rosidl_typesupport_c__pyext.dir/rosidl_generator_py/py_action_interfaces/_py_action_interfaces_s.ep.rosidl_typesupport_c.c.o.d -o CMakeFiles/py_action_interfaces__rosidl_typesupport_c__pyext.dir/rosidl_generator_py/py_action_interfaces/_py_action_interfaces_s.ep.rosidl_typesupport_c.c.o -c /home/reddy/ros2_ws/build/py_action_interfaces/rosidl_generator_py/py_action_interfaces/_py_action_interfaces_s.ep.rosidl_typesupport_c.c
[100%] [32m[1mLinking C shared library rosidl_generator_py/py_action_interfaces/py_action_interfaces_s__rosidl_typesupport_introspection_c.cpython-310-x86_64-linux-gnu.so[0m
[100%] [32m[1mLinking C shared library rosidl_generator_py/py_action_interfaces/py_action_interfaces_s__rosidl_typesupport_fastrtps_c.cpython-310-x86_64-linux-gnu.so[0m
[100%] [32m[1mLinking C shared library rosidl_generator_py/py_action_interfaces/py_action_interfaces_s__rosidl_typesupport_c.cpython-310-x86_64-linux-gnu.so[0m
/usr/bin/cmake -E cmake_link_script CMakeFiles/py_action_interfaces__rosidl_typesupport_introspection_c__pyext.dir/link.txt --verbose=1
/usr/bin/cmake -E cmake_link_script CMakeFiles/py_action_interfaces__rosidl_typesupport_c__pyext.dir/link.txt --verbose=1
/usr/bin/cmake -E cmake_link_script CMakeFiles/py_action_interfaces__rosidl_typesupport_fastrtps_c__pyext.dir/link.txt --verbose=1
/usr/bin/cc -fPIC -shared -Wl,-soname,py_action_interfaces_s__rosidl_typesupport_c.cpython-310-x86_64-linux-gnu.so -o rosidl_generator_py/py_action_interfaces/py_action_interfaces_s__rosidl_typesupport_c.cpython-310-x86_64-linux-gnu.so CMakeFiles/py_action_interfaces__rosidl_typesupport_c__pyext.dir/rosidl_generator_py/py_action_interfaces/_py_action_interfaces_s.ep.rosidl_typesupport_c.c.o  -Wl,-rpath,/home/reddy/ros2_ws/build/py_action_interfaces/rosidl_generator_py/py_action_interfaces:/home/reddy/ros2_ws/build/py_action_interfaces:/opt/ros/humble/lib: rosidl_generator_py/py_action_interfaces/libpy_action_interfaces__rosidl_generator_py.so /usr/lib/x86_64-linux-gnu/libpython3.10.so libpy_action_interfaces__rosidl_typesupport_c.so /opt/ros/humble/lib/libaction_msgs__rosidl_typesupport_fastrtps_c.so /opt/ros/humble/lib/libaction_msgs__rosidl_typesupport_fastrtps_cpp.so /opt/ros/humble/lib/libaction_msgs__rosidl_typesupport_introspection_c.so /opt/ros/humble/lib/libaction_msgs__rosidl_typesupport_introspection_cpp.so /opt/ros/humble/lib/libaction_msgs__rosidl_typesupport_cpp.so /opt/ros/humble/lib/libaction_msgs__rosidl_generator_py.so /opt/ros/humble/lib/libbuiltin_interfaces__rosidl_typesupport_fastrtps_c.so /opt/ros/humble/lib/libbuiltin_interfaces__rosidl_typesupport_introspection_c.so /opt/ros/humble/lib/libbuiltin_interfaces__rosidl_typesupport_fastrtps_cpp.so /opt/ros/humble/lib/libbuiltin_interfaces__rosidl_typesupport_introspection_cpp.so /opt/ros/humble/lib/libbuiltin_interfaces__rosidl_typesupport_cpp.so /opt/ros/humble/lib/libbuiltin_interfaces__rosidl_generator_py.so /opt/ros/humble/lib/libunique_identifier_msgs__rosidl_typesupport_fastrtps_c.so /opt/ros/humble/lib/libunique_identifier_msgs__rosidl_typesupport_introspection_c.so /opt/ros/humble/lib/libunique_identifier_msgs__rosidl_typesupport_fastrtps_cpp.so /opt/ros/humble/lib/libunique_identifier_msgs__rosidl_typesupport_introspection_cpp.so /opt/ros/humble/lib/libunique_identifier_msgs__rosidl_typesupport_cpp.so /opt/ros/humble/lib/libunique_iden/usr/bin/cc -fPIC -shared -Wl,-soname,py_action_interfaces_s__rosidl_typesupport_introspection_c.cpython-310-x86_64-linux-gnu.so -o rosidl_generator_py/py_action_interfaces/py_action_interfaces_s__rosidl_typesupport_introspection_c.cpython-310-x86_64-linux-gnu.so CMakeFiles/py_action_interfaces__rosidl_typesupport_introspection_c__pyext.dir/rosidl_generator_py/py_action_interfaces/_py_action_interfaces_s.ep.rosidl_typesupport_introspection_c.c.o  -Wl,-rpath,/home/reddy/ros2_ws/build/py_action_interfaces/rosidl_generator_py/py_action_interfaces:/home/reddy/ros2_ws/build/py_action_interfaces:/opt/ros/humble/lib: rosidl_generator_py/py_action_interfaces/libpy_action_interfaces__rosidl_generator_py.so /usr/lib/x86_64-linux-gnu/libpython3.10.so libpy_action_interfaces__rosidl_typesupport_introspection_c.so libpy_action_interfaces__rosidl_typesupport_c.so /opt/ros/humble/lib/libaction_msgs__rosidl_typesupport_fastrtps_c.so /opt/ros/humble/lib/libaction_msgs__rosidl_typesupport_fastrtps_cpp.so /opt/ros/humble/lib/libaction_msgs__rosidl_typesupport_introspection_c.so /opt/ros/humble/lib/libaction_msgs__rosidl_typesupport_introspection_cpp.so /opt/ros/humble/lib/libaction_msgs__rosidl_typesupport_cpp.so /opt/ros/humble/lib/libaction_msgs__rosidl_generator_py.so /opt/ros/humble/lib/libbuiltin_interfaces__rosidl_typesupport_fastrtps_c.so /opt/ros/humble/lib/libbuiltin_interfaces__rosidl_typesupport_introspection_c.so /opt/ros/humble/lib/libbuiltin_interfaces__rosidl_typesupport_fastrtps_cpp.so /opt/ros/humble/lib/libbuiltin_interfaces__rosidl_typesupport_introspection_cpp.so /opt/ros/humble/lib/libbuiltin_interfaces__rosidl_typesupport_cpp.so /opt/ros/humble/lib/libbuiltin_interfaces__rosidl_generator_py.so /opt/ros/humble/lib/libunique_identifier_msgs__rosidl_typesupport_fastrtps_c.so /opt/ros/humble/lib/libunique_identifier_msgs__rosidl_typesupport_introspection_c.so /opt/ros/humble/lib/libunique_identifier_msgs__rosidl_typesupport_fastrtps_cpp.so /opt/ros/humble/lib/libunique_identifier_msgs__rosidl_typesupport_introspection_cpp.so /opt/ros/humble/lib/libunique_identifier_msgs__rosidl_typesupport_cpp.so /opt/ros/humble/lib/libunique_identifier_msgs__rosidl_generator_py.so /opt/ros/humble/lib/librmw.so /opt/ros/humble/lib/libaction_msgs__rosidl_typesupport_c.so /opt/ros/humble/lib/libbuiltin_interfaces__rosidl_typesupport_c.so /usr/lib/x86_64-linux-gnu/libpython3.10.so /opt/ros/humble/lib/libunique_identifier_msgs__rosidl_typesupport_c.so libpy_action_interfaces__rosidl_generator_c.so /opt/ros/humble/lib/libaction_msgs__rosidl_generator_c.so /opt/ros/humble/lib/libbuiltin_interfaces__rosidl_generator_c.so /opt/ros/humble/lib/libunique_identifier_msgs__rosidl_generator_c.so /opt/ros/humble/lib/librosidl_typesupport_fastrtps_c.so /opt/ros/humble/lib/librosidl_typesupport_fastrtps_cpp.so /opt/ros/humble/lib/libfastcdr.so.1.0.24 /opt/ros/humble/lib/librmw.so /opt/ros/humble/lib/librosidl_typesupport_introspection_cpp.so /opt/ros/humble/lib/librosidl_typesupport_introspection_c.so /opt/ros/humble/lib/librosidl_typesupport_c.so /optifier_msgs__rosidl_generator_py.so /opt/ros/humble/lib/librmw.so /opt/ros/humble/lib/libaction_msgs__rosidl_typesupport_c.so /opt/ros/humble/lib/libbuiltin_interfaces__rosidl_typesupport_c.so /usr/lib/x86_64-linux-gnu/libpython3.10.so /opt/ros/humble/lib/libunique_identifier_msgs__rosidl_typesupport_c.so libpy_action_interfaces__rosidl_generator_c.so /opt/ros/humble/lib/librosidl_typesupport_fastrtps_c.so /opt/ros/humble/lib/librosidl_typesupport_fastrtps_cpp.so /opt/ros/humble/lib/libfastcdr.so.1.0.24 /opt/ros/humble/lib/librmw.so /opt/ros/humble/lib/libaction_msgs__rosidl_generator_c.so /opt/ros/humble/lib/libbuiltin_interfaces__rosidl_generator_c.so /opt/ros/humble/lib/libunique_identifier_msgs__rosidl_generator_c.so /opt/ros/humble/lib/librosidl_typesupport_introspection_cpp.so /opt/ros/humble/lib/librosidl_typesupport_introspection_c.so /opt/ros/humble/lib/librosidl_typesupport_c.so /opt/ros/humble/lib/librosidl_runtime_c.so /opt/ros/humble/lib/librcutils.so -ldl -Wl,-rpath-link,/opt/ros/humble/lib 
t/ros/humble/lib/librosidl_runtime_c.so /opt/ros/humble/lib/librcutils.so -ldl -Wl,-rpath-link,/opt/ros/humble/lib 
/usr/bin/cc -fPIC -shared -Wl,-soname,py_action_interfaces_s__rosidl_typesupport_fastrtps_c.cpython-310-x86_64-linux-gnu.so -o rosidl_generator_py/py_action_interfaces/py_action_interfaces_s__rosidl_typesupport_fastrtps_c.cpython-310-x86_64-linux-gnu.so CMakeFiles/py_action_interfaces__rosidl_typesupport_fastrtps_c__pyext.dir/rosidl_generator_py/py_action_interfaces/_py_action_interfaces_s.ep.rosidl_typesupport_fastrtps_c.c.o  -Wl,-rpath,/home/reddy/ros2_ws/build/py_action_interfaces/rosidl_generator_py/py_action_interfaces:/home/reddy/ros2_ws/build/py_action_interfaces:/opt/ros/humble/lib: rosidl_generator_py/py_action_interfaces/libpy_action_interfaces__rosidl_generator_py.so /usr/lib/x86_64-linux-gnu/libpython3.10.so libpy_action_interfaces__rosidl_typesupport_fastrtps_c.so libpy_action_interfaces__rosidl_typesupport_c.so /opt/ros/humble/lib/libaction_msgs__rosidl_typesupport_fastrtps_c.so /opt/ros/humble/lib/libaction_msgs__rosidl_typesupport_fastrtps_cpp.so /opt/ros/humble/lib/libaction_msgs__rosidl_typesupport_introspection_c.so /opt/ros/humble/lib/libaction_msgs__rosidl_typesupport_introspection_cpp.so /opt/ros/humble/lib/libaction_msgs__rosidl_typesupport_cpp.so /opt/ros/humble/lib/libaction_msgs__rosidl_generator_py.so /opt/ros/humble/lib/libbuiltin_interfaces__rosidl_typesupport_fastrtps_c.so /opt/ros/humble/lib/libbuiltin_interfaces__rosidl_typesupport_introspection_c.so /opt/ros/humble/lib/libbuiltin_interfaces__rosidl_typesupport_fastrtps_cpp.so /opt/ros/humble/lib/libbuiltin_interfaces__rosidl_typesupport_introspection_cpp.so /opt/ros/humble/lib/libbuiltin_interfaces__rosidl_typesupport_cpp.so /opt/ros/humble/lib/libbuiltin_interfaces__rosidl_generator_py.so /opt/ros/humble/lib/libunique_identifier_msgs__rosidl_typesupport_fastrtps_c.so /opt/ros/humble/lib/libunique_identifier_msgs__rosidl_typesupport_introspection_c.so /opt/ros/humble/lib/libunique_identifier_msgs__rosidl_typesupport_fastrtps_cpp.so /opt/ros/humble/lib/libunique_identifier_msgs__rosidl_typesupport_introspection_cpp.so /opt/ros/humble/lib/libunique_identifier_msgs__rosidl_typesupport_cpp.so /opt/ros/humble/lib/libunique_identifier_msgs__rosidl_generator_py.so /opt/ros/humble/lib/librmw.so /opt/ros/humble/lib/libaction_msgs__rosidl_typesupport_c.so /opt/ros/humble/lib/libbuiltin_interfaces__rosidl_typesupport_c.so /usr/lib/x86_64-linux-gnu/libpython3.10.so /opt/ros/humble/lib/libunique_identifier_msgs__rosidl_typesupport_c.so libpy_action_interfaces__rosidl_generator_c.so /opt/ros/humble/lib/librosidl_typesupport_fastrtps_c.so /opt/ros/humble/lib/librosidl_typesupport_fastrtps_cpp.so /opt/ros/humble/lib/libfastcdr.so.1.0.24 /opt/ros/humble/lib/librmw.so /opt/ros/humble/lib/libaction_msgs__rosidl_generator_c.so /opt/ros/humble/lib/libbuiltin_interfaces__rosidl_generator_c.so /opt/ros/humble/lib/libunique_identifier_msgs__rosidl_generator_c.so /opt/ros/humble/lib/librosidl_typesupport_introspection_cpp.so /opt/ros/humble/lib/librosidl_typesupport_introspection_c.so /opt/ros/humble/lib/librosidl_typesupport_c.so /opt/ros/humble/lib/librosidl_runtime_c.so /opt/ros/humble/lib/librcutils.so -ldl -Wl,-rpath-link,/opt/ros/humble/lib 
gmake[2]: Leaving directory '/home/reddy/ros2_ws/build/py_action_interfaces'
gmake[2]: Leaving directory '/home/reddy/ros2_ws/build/py_action_interfaces'
gmake[2]: Leaving directory '/home/reddy/ros2_ws/build/py_action_interfaces'
[100%] Built target py_action_interfaces__rosidl_typesupport_introspection_c__pyext
[100%] Built target py_action_interfaces__rosidl_typesupport_fastrtps_c__pyext
[100%] Built target py_action_interfaces__rosidl_typesupport_c__pyext
gmake[1]: Leaving directory '/home/reddy/ros2_ws/build/py_action_interfaces'
/usr/bin/cmake -E cmake_progress_start /home/reddy/ros2_ws/build/py_action_interfaces/CMakeFiles 0
-- Install configuration: ""
-- Installing: /home/reddy/ros2_ws/install/py_action_interfaces/share/ament_index/resource_index/rosidl_interfaces/py_action_interfaces
-- Installing: /home/reddy/ros2_ws/install/py_action_interfaces/include/py_action_interfaces/py_action_interfaces
-- Installing: /home/reddy/ros2_ws/install/py_action_interfaces/include/py_action_interfaces/py_action_interfaces/msg
-- Installing: /home/reddy/ros2_ws/install/py_action_interfaces/include/py_action_interfaces/py_action_interfaces/msg/rosidl_generator_c__visibility_control.h
-- Installing: /home/reddy/ros2_ws/install/py_action_interfaces/include/py_action_interfaces/py_action_interfaces/action
-- Installing: /home/reddy/ros2_ws/install/py_action_interfaces/include/py_action_interfaces/py_action_interfaces/action/fibonacci.h
-- Installing: /home/reddy/ros2_ws/install/py_action_interfaces/include/py_action_interfaces/py_action_interfaces/action/detail
-- Installing: /home/reddy/ros2_ws/install/py_action_interfaces/include/py_action_interfaces/py_action_interfaces/action/detail/fibonacci__functions.h
-- Installing: /home/reddy/ros2_ws/install/py_action_interfaces/include/py_action_interfaces/py_action_interfaces/action/detail/fibonacci__functions.c
-- Installing: /home/reddy/ros2_ws/install/py_action_interfaces/include/py_action_interfaces/py_action_interfaces/action/detail/fibonacci__struct.h
-- Installing: /home/reddy/ros2_ws/install/py_action_interfaces/include/py_action_interfaces/py_action_interfaces/action/detail/fibonacci__type_support.h
-- Installing: /home/reddy/ros2_ws/install/py_action_interfaces/share/py_action_interfaces/environment/library_path.sh
-- Installing: /home/reddy/ros2_ws/install/py_action_interfaces/share/py_action_interfaces/environment/library_path.dsv
-- Installing: /home/reddy/ros2_ws/install/py_action_interfaces/lib/libpy_action_interfaces__rosidl_generator_c.so
-- Set runtime path of "/home/reddy/ros2_ws/install/py_action_interfaces/lib/libpy_action_interfaces__rosidl_generator_c.so" to ""
-- Up-to-date: /home/reddy/ros2_ws/install/py_action_interfaces/include/py_action_interfaces/py_action_interfaces
-- Up-to-date: /home/reddy/ros2_ws/install/py_action_interfaces/include/py_action_interfaces/py_action_interfaces/msg
-- Installing: /home/reddy/ros2_ws/install/py_action_interfaces/include/py_action_interfaces/py_action_interfaces/msg/rosidl_typesupport_fastrtps_c__visibility_control.h
-- Up-to-date: /home/reddy/ros2_ws/install/py_action_interfaces/include/py_action_interfaces/py_action_interfaces/action
-- Up-to-date: /home/reddy/ros2_ws/install/py_action_interfaces/include/py_action_interfaces/py_action_interfaces/action/detail
-- Installing: /home/reddy/ros2_ws/install/py_action_interfaces/include/py_action_interfaces/py_action_interfaces/action/detail/fibonacci__rosidl_typesupport_fastrtps_c.h
-- Installing: /home/reddy/ros2_ws/install/py_action_interfaces/lib/libpy_action_interfaces__rosidl_typesupport_fastrtps_c.so
-- Set runtime path of "/home/reddy/ros2_ws/install/py_action_interfaces/lib/libpy_action_interfaces__rosidl_typesupport_fastrtps_c.so" to ""
-- Up-to-date: /home/reddy/ros2_ws/install/py_action_interfaces/include/py_action_interfaces/py_action_interfaces
-- Up-to-date: /home/reddy/ros2_ws/install/py_action_interfaces/include/py_action_interfaces/py_action_interfaces/msg
-- Installing: /home/reddy/ros2_ws/install/py_action_interfaces/include/py_action_interfaces/py_action_interfaces/msg/rosidl_typesupport_introspection_c__visibility_control.h
-- Up-to-date: /home/reddy/ros2_ws/install/py_action_interfaces/include/py_action_interfaces/py_action_interfaces/action
-- Up-to-date: /home/reddy/ros2_ws/install/py_action_interfaces/include/py_action_interfaces/py_action_interfaces/action/detail
-- Installing: /home/reddy/ros2_ws/install/py_action_interfaces/include/py_action_interfaces/py_action_interfaces/action/detail/fibonacci__rosidl_typesupport_introspection_c.h
-- Installing: /home/reddy/ros2_ws/install/py_action_interfaces/include/py_action_interfaces/py_action_interfaces/action/detail/fibonacci__type_support.c
-- Installing: /home/reddy/ros2_ws/install/py_action_interfaces/lib/libpy_action_interfaces__rosidl_typesupport_introspection_c.so
-- Set runtime path of "/home/reddy/ros2_ws/install/py_action_interfaces/lib/libpy_action_interfaces__rosidl_typesupport_introspection_c.so" to ""
-- Installing: /home/reddy/ros2_ws/install/py_action_interfaces/lib/libpy_action_interfaces__rosidl_typesupport_c.so
-- Set runtime path of "/home/reddy/ros2_ws/install/py_action_interfaces/lib/libpy_action_interfaces__rosidl_typesupport_c.so" to ""
-- Up-to-date: /home/reddy/ros2_ws/install/py_action_interfaces/include/py_action_interfaces/py_action_interfaces
-- Up-to-date: /home/reddy/ros2_ws/install/py_action_interfaces/include/py_action_interfaces/py_action_interfaces/msg
-- Installing: /home/reddy/ros2_ws/install/py_action_interfaces/include/py_action_interfaces/py_action_interfaces/msg/rosidl_generator_cpp__visibility_control.hpp
-- Up-to-date: /home/reddy/ros2_ws/install/py_action_interfaces/include/py_action_interfaces/py_action_interfaces/action
-- Installing: /home/reddy/ros2_ws/install/py_action_interfaces/include/py_action_interfaces/py_action_interfaces/action/fibonacci.hpp
-- Up-to-date: /home/reddy/ros2_ws/install/py_action_interfaces/include/py_action_interfaces/py_action_interfaces/action/detail
-- Installing: /home/reddy/ros2_ws/install/py_action_interfaces/include/py_action_interfaces/py_action_interfaces/action/detail/fibonacci__traits.hpp
-- Installing: /home/reddy/ros2_ws/install/py_action_interfaces/include/py_action_interfaces/py_action_interfaces/action/detail/fibonacci__type_support.hpp
-- Installing: /home/reddy/ros2_ws/install/py_action_interfaces/include/py_action_interfaces/py_action_interfaces/action/detail/fibonacci__struct.hpp
-- Installing: /home/reddy/ros2_ws/install/py_action_interfaces/include/py_action_interfaces/py_action_interfaces/action/detail/fibonacci__builder.hpp
-- Up-to-date: /home/reddy/ros2_ws/install/py_action_interfaces/include/py_action_interfaces/py_action_interfaces
-- Up-to-date: /home/reddy/ros2_ws/install/py_action_interfaces/include/py_action_interfaces/py_action_interfaces/msg
-- Installing: /home/reddy/ros2_ws/install/py_action_interfaces/include/py_action_interfaces/py_action_interfaces/msg/rosidl_typesupport_fastrtps_cpp__visibility_control.h
-- Up-to-date: /home/reddy/ros2_ws/install/py_action_interfaces/include/py_action_interfaces/py_action_interfaces/action
-- Up-to-date: /home/reddy/ros2_ws/install/py_action_interfaces/include/py_action_interfaces/py_action_interfaces/action/detail
-- Installing: /home/reddy/ros2_ws/install/py_action_interfaces/include/py_action_interfaces/py_action_interfaces/action/detail/fibonacci__rosidl_typesupport_fastrtps_cpp.hpp
-- Installing: /home/reddy/ros2_ws/install/py_action_interfaces/include/py_action_interfaces/py_action_interfaces/action/detail/dds_fastrtps
-- Installing: /home/reddy/ros2_ws/install/py_action_interfaces/lib/libpy_action_interfaces__rosidl_typesupport_fastrtps_cpp.so
-- Set runtime path of "/home/reddy/ros2_ws/install/py_action_interfaces/lib/libpy_action_interfaces__rosidl_typesupport_fastrtps_cpp.so" to ""
-- Up-to-date: /home/reddy/ros2_ws/install/py_action_interfaces/include/py_action_interfaces/py_action_interfaces
-- Up-to-date: /home/reddy/ros2_ws/install/py_action_interfaces/include/py_action_interfaces/py_action_interfaces/action
-- Up-to-date: /home/reddy/ros2_ws/install/py_action_interfaces/include/py_action_interfaces/py_action_interfaces/action/detail
-- Installing: /home/reddy/ros2_ws/install/py_action_interfaces/include/py_action_interfaces/py_action_interfaces/action/detail/fibonacci__type_support.cpp
-- Installing: /home/reddy/ros2_ws/install/py_action_interfaces/include/py_action_interfaces/py_action_interfaces/action/detail/fibonacci__rosidl_typesupport_introspection_cpp.hpp
-- Installing: /home/reddy/ros2_ws/install/py_action_interfaces/lib/libpy_action_interfaces__rosidl_typesupport_introspection_cpp.so
-- Set runtime path of "/home/reddy/ros2_ws/install/py_action_interfaces/lib/libpy_action_interfaces__rosidl_typesupport_introspection_cpp.so" to ""
-- Installing: /home/reddy/ros2_ws/install/py_action_interfaces/lib/libpy_action_interfaces__rosidl_typesupport_cpp.so
-- Set runtime path of "/home/reddy/ros2_ws/install/py_action_interfaces/lib/libpy_action_interfaces__rosidl_typesupport_cpp.so" to ""
-- Installing: /home/reddy/ros2_ws/install/py_action_interfaces/share/py_action_interfaces/environment/pythonpath.sh
-- Installing: /home/reddy/ros2_ws/install/py_action_interfaces/share/py_action_interfaces/environment/pythonpath.dsv
-- Installing: /home/reddy/ros2_ws/install/py_action_interfaces/local/lib/python3.10/dist-packages/py_action_interfaces-0.0.0-py3.10.egg-info
-- Installing: /home/reddy/ros2_ws/install/py_action_interfaces/local/lib/python3.10/dist-packages/py_action_interfaces-0.0.0-py3.10.egg-info/SOURCES.txt
-- Installing: /home/reddy/ros2_ws/install/py_action_interfaces/local/lib/python3.10/dist-packages/py_action_interfaces-0.0.0-py3.10.egg-info/PKG-INFO
-- Installing: /home/reddy/ros2_ws/install/py_action_interfaces/local/lib/python3.10/dist-packages/py_action_interfaces-0.0.0-py3.10.egg-info/dependency_links.txt
-- Installing: /home/reddy/ros2_ws/install/py_action_interfaces/local/lib/python3.10/dist-packages/py_action_interfaces-0.0.0-py3.10.egg-info/top_level.txt
-- Installing: /home/reddy/ros2_ws/install/py_action_interfaces/local/lib/python3.10/dist-packages/py_action_interfaces
-- Installing: /home/reddy/ros2_ws/install/py_action_interfaces/local/lib/python3.10/dist-packages/py_action_interfaces/py_action_interfaces_s__rosidl_typesupport_introspection_c.cpython-310-x86_64-linux-gnu.so
-- Installing: /home/reddy/ros2_ws/install/py_action_interfaces/local/lib/python3.10/dist-packages/py_action_interfaces/libpy_action_interfaces__rosidl_generator_py.so
-- Installing: /home/reddy/ros2_ws/install/py_action_interfaces/local/lib/python3.10/dist-packages/py_action_interfaces/_py_action_interfaces_s.ep.rosidl_typesupport_c.c
-- Installing: /home/reddy/ros2_ws/install/py_action_interfaces/local/lib/python3.10/dist-packages/py_action_interfaces/action
-- Installing: /home/reddy/ros2_ws/install/py_action_interfaces/local/lib/python3.10/dist-packages/py_action_interfaces/action/_fibonacci.py
-- Installing: /home/reddy/ros2_ws/install/py_action_interfaces/local/lib/python3.10/dist-packages/py_action_interfaces/action/__init__.py
-- Installing: /home/reddy/ros2_ws/install/py_action_interfaces/local/lib/python3.10/dist-packages/py_action_interfaces/action/_fibonacci_s.c
-- Installing: /home/reddy/ros2_ws/install/py_action_interfaces/local/lib/python3.10/dist-packages/py_action_interfaces/_py_action_interfaces_s.ep.rosidl_typesupport_fastrtps_c.c
-- Installing: /home/reddy/ros2_ws/install/py_action_interfaces/local/lib/python3.10/dist-packages/py_action_interfaces/__init__.py
-- Installing: /home/reddy/ros2_ws/install/py_action_interfaces/local/lib/python3.10/dist-packages/py_action_interfaces/py_action_interfaces_s__rosidl_typesupport_fastrtps_c.cpython-310-x86_64-linux-gnu.so
-- Installing: /home/reddy/ros2_ws/install/py_action_interfaces/local/lib/python3.10/dist-packages/py_action_interfaces/py_action_interfaces_s__rosidl_typesupport_c.cpython-310-x86_64-linux-gnu.so
-- Installing: /home/reddy/ros2_ws/install/py_action_interfaces/local/lib/python3.10/dist-packages/py_action_interfaces/_py_action_interfaces_s.ep.rosidl_typesupport_introspection_c.c
Listing '/home/reddy/ros2_ws/install/py_action_interfaces/local/lib/python3.10/dist-packages/py_action_interfaces'...
Compiling '/home/reddy/ros2_ws/install/py_action_interfaces/local/lib/python3.10/dist-packages/py_action_interfaces/__init__.py'...
Listing '/home/reddy/ros2_ws/install/py_action_interfaces/local/lib/python3.10/dist-packages/py_action_interfaces/action'...
Compiling '/home/reddy/ros2_ws/install/py_action_interfaces/local/lib/python3.10/dist-packages/py_action_interfaces/action/__init__.py'...
Compiling '/home/reddy/ros2_ws/install/py_action_interfaces/local/lib/python3.10/dist-packages/py_action_interfaces/action/_fibonacci.py'...
-- Installing: /home/reddy/ros2_ws/install/py_action_interfaces/local/lib/python3.10/dist-packages/py_action_interfaces/py_action_interfaces_s__rosidl_typesupport_fastrtps_c.cpython-310-x86_64-linux-gnu.so
-- Set runtime path of "/home/reddy/ros2_ws/install/py_action_interfaces/local/lib/python3.10/dist-packages/py_action_interfaces/py_action_interfaces_s__rosidl_typesupport_fastrtps_c.cpython-310-x86_64-linux-gnu.so" to ""
-- Installing: /home/reddy/ros2_ws/install/py_action_interfaces/local/lib/python3.10/dist-packages/py_action_interfaces/py_action_interfaces_s__rosidl_typesupport_introspection_c.cpython-310-x86_64-linux-gnu.so
-- Set runtime path of "/home/reddy/ros2_ws/install/py_action_interfaces/local/lib/python3.10/dist-packages/py_action_interfaces/py_action_interfaces_s__rosidl_typesupport_introspection_c.cpython-310-x86_64-linux-gnu.so" to ""
-- Installing: /home/reddy/ros2_ws/install/py_action_interfaces/local/lib/python3.10/dist-packages/py_action_interfaces/py_action_interfaces_s__rosidl_typesupport_c.cpython-310-x86_64-linux-gnu.so
-- Set runtime path of "/home/reddy/ros2_ws/install/py_action_interfaces/local/lib/python3.10/dist-packages/py_action_interfaces/py_action_interfaces_s__rosidl_typesupport_c.cpython-310-x86_64-linux-gnu.so" to ""
-- Installing: /home/reddy/ros2_ws/install/py_action_interfaces/lib/libpy_action_interfaces__rosidl_generator_py.so
-- Set runtime path of "/home/reddy/ros2_ws/install/py_action_interfaces/lib/libpy_action_interfaces__rosidl_generator_py.so" to ""
-- Installing: /home/reddy/ros2_ws/install/py_action_interfaces/share/py_action_interfaces/action/Fibonacci.idl
-- Installing: /home/reddy/ros2_ws/install/py_action_interfaces/share/py_action_interfaces/action/Fibonacci.action
-- Installing: /home/reddy/ros2_ws/install/py_action_interfaces/share/ament_index/resource_index/package_run_dependencies/py_action_interfaces
-- Installing: /home/reddy/ros2_ws/install/py_action_interfaces/share/ament_index/resource_index/parent_prefix_path/py_action_interfaces
-- Installing: /home/reddy/ros2_ws/install/py_action_interfaces/share/py_action_interfaces/environment/ament_prefix_path.sh
-- Installing: /home/reddy/ros2_ws/install/py_action_interfaces/share/py_action_interfaces/environment/ament_prefix_path.dsv
-- Installing: /home/reddy/ros2_ws/install/py_action_interfaces/share/py_action_interfaces/environment/path.sh
-- Installing: /home/reddy/ros2_ws/install/py_action_interfaces/share/py_action_interfaces/environment/path.dsv
-- Installing: /home/reddy/ros2_ws/install/py_action_interfaces/share/py_action_interfaces/local_setup.bash
-- Installing: /home/reddy/ros2_ws/install/py_action_interfaces/share/py_action_interfaces/local_setup.sh
-- Installing: /home/reddy/ros2_ws/install/py_action_interfaces/share/py_action_interfaces/local_setup.zsh
-- Installing: /home/reddy/ros2_ws/install/py_action_interfaces/share/py_action_interfaces/local_setup.dsv
-- Installing: /home/reddy/ros2_ws/install/py_action_interfaces/share/py_action_interfaces/package.dsv
-- Installing: /home/reddy/ros2_ws/install/py_action_interfaces/share/ament_index/resource_index/packages/py_action_interfaces
-- Installing: /home/reddy/ros2_ws/install/py_action_interfaces/share/py_action_interfaces/cmake/export_py_action_interfaces__rosidl_generator_cExport.cmake
-- Installing: /home/reddy/ros2_ws/install/py_action_interfaces/share/py_action_interfaces/cmake/export_py_action_interfaces__rosidl_generator_cExport-noconfig.cmake
-- Installing: /home/reddy/ros2_ws/install/py_action_interfaces/share/py_action_interfaces/cmake/export_py_action_interfaces__rosidl_typesupport_fastrtps_cExport.cmake
-- Installing: /home/reddy/ros2_ws/install/py_action_interfaces/share/py_action_interfaces/cmake/export_py_action_interfaces__rosidl_typesupport_fastrtps_cExport-noconfig.cmake
-- Installing: /home/reddy/ros2_ws/install/py_action_interfaces/share/py_action_interfaces/cmake/py_action_interfaces__rosidl_typesupport_introspection_cExport.cmake
-- Installing: /home/reddy/ros2_ws/install/py_action_interfaces/share/py_action_interfaces/cmake/py_action_interfaces__rosidl_typesupport_introspection_cExport-noconfig.cmake
-- Installing: /home/reddy/ros2_ws/install/py_action_interfaces/share/py_action_interfaces/cmake/py_action_interfaces__rosidl_typesupport_cExport.cmake
-- Installing: /home/reddy/ros2_ws/install/py_action_interfaces/share/py_action_interfaces/cmake/py_action_interfaces__rosidl_typesupport_cExport-noconfig.cmake
-- Installing: /home/reddy/ros2_ws/install/py_action_interfaces/share/py_action_interfaces/cmake/export_py_action_interfaces__rosidl_generator_cppExport.cmake
-- Installing: /home/reddy/ros2_ws/install/py_action_interfaces/share/py_action_interfaces/cmake/export_py_action_interfaces__rosidl_typesupport_fastrtps_cppExport.cmake
-- Installing: /home/reddy/ros2_ws/install/py_action_interfaces/share/py_action_interfaces/cmake/export_py_action_interfaces__rosidl_typesupport_fastrtps_cppExport-noconfig.cmake
-- Installing: /home/reddy/ros2_ws/install/py_action_interfaces/share/py_action_interfaces/cmake/py_action_interfaces__rosidl_typesupport_introspection_cppExport.cmake
-- Installing: /home/reddy/ros2_ws/install/py_action_interfaces/share/py_action_interfaces/cmake/py_action_interfaces__rosidl_typesupport_introspection_cppExport-noconfig.cmake
-- Installing: /home/reddy/ros2_ws/install/py_action_interfaces/share/py_action_interfaces/cmake/py_action_interfaces__rosidl_typesupport_cppExport.cmake
-- Installing: /home/reddy/ros2_ws/install/py_action_interfaces/share/py_action_interfaces/cmake/py_action_interfaces__rosidl_typesupport_cppExport-noconfig.cmake
-- Installing: /home/reddy/ros2_ws/install/py_action_interfaces/share/py_action_interfaces/cmake/export_py_action_interfaces__rosidl_generator_pyExport.cmake
-- Installing: /home/reddy/ros2_ws/install/py_action_interfaces/share/py_action_interfaces/cmake/export_py_action_interfaces__rosidl_generator_pyExport-noconfig.cmake
-- Installing: /home/reddy/ros2_ws/install/py_action_interfaces/share/py_action_interfaces/cmake/rosidl_cmake-extras.cmake
-- Installing: /home/reddy/ros2_ws/install/py_action_interfaces/share/py_action_interfaces/cmake/ament_cmake_export_dependencies-extras.cmake
-- Installing: /home/reddy/ros2_ws/install/py_action_interfaces/share/py_action_interfaces/cmake/ament_cmake_export_include_directories-extras.cmake
-- Installing: /home/reddy/ros2_ws/install/py_action_interfaces/share/py_action_interfaces/cmake/ament_cmake_export_libraries-extras.cmake
-- Installing: /home/reddy/ros2_ws/install/py_action_interfaces/share/py_action_interfaces/cmake/ament_cmake_export_targets-extras.cmake
-- Installing: /home/reddy/ros2_ws/install/py_action_interfaces/share/py_action_interfaces/cmake/rosidl_cmake_export_typesupport_targets-extras.cmake
-- Installing: /home/reddy/ros2_ws/install/py_action_interfaces/share/py_action_interfaces/cmake/rosidl_cmake_export_typesupport_libraries-extras.cmake
-- Installing: /home/reddy/ros2_ws/install/py_action_interfaces/share/py_action_interfaces/cmake/py_action_interfacesConfig.cmake
-- Installing: /home/reddy/ros2_ws/install/py_action_interfaces/share/py_action_interfaces/cmake/py_action_interfacesConfig-version.cmake
-- Installing: /home/reddy/ros2_ws/install/py_action_interfaces/share/py_action_interfaces/package.xml
