[3.045s] Invoking command in '/home/reddy/ros2_ws/src/examples/rclpy/services/minimal_service': PYTHONPATH=/home/reddy/ros2_ws/build/examples_rclpy_minimal_service/prefix_override:/usr/lib/python3/dist-packages/colcon_core/task/python/colcon_distutils_commands:/home/reddy/ros2_ws/install/examples_rclpy_minimal_service/lib/python3.10/site-packages:${PYTHONPATH} /usr/bin/python3 -W ignore:setup.py install is deprecated -W ignore:easy_install command is deprecated setup.py egg_info --egg-base ../../../../../build/examples_rclpy_minimal_service build --build-base /home/reddy/ros2_ws/build/examples_rclpy_minimal_service/build install --record /home/reddy/ros2_ws/build/examples_rclpy_minimal_service/install.log --single-version-externally-managed install_data
[3.431s] running egg_info
[3.432s] creating ../../../../../build/examples_rclpy_minimal_service/examples_rclpy_minimal_service.egg-info
[3.432s] writing ../../../../../build/examples_rclpy_minimal_service/examples_rclpy_minimal_service.egg-info/PKG-INFO
[3.432s] writing dependency_links to ../../../../../build/examples_rclpy_minimal_service/examples_rclpy_minimal_service.egg-info/dependency_links.txt
[3.432s] writing entry points to ../../../../../build/examples_rclpy_minimal_service/examples_rclpy_minimal_service.egg-info/entry_points.txt
[3.432s] writing requirements to ../../../../../build/examples_rclpy_minimal_service/examples_rclpy_minimal_service.egg-info/requires.txt
[3.432s] writing top-level names to ../../../../../build/examples_rclpy_minimal_service/examples_rclpy_minimal_service.egg-info/top_level.txt
[3.432s] writing manifest file '../../../../../build/examples_rclpy_minimal_service/examples_rclpy_minimal_service.egg-info/SOURCES.txt'
[3.433s] reading manifest file '../../../../../build/examples_rclpy_minimal_service/examples_rclpy_minimal_service.egg-info/SOURCES.txt'
[3.433s] writing manifest file '../../../../../build/examples_rclpy_minimal_service/examples_rclpy_minimal_service.egg-info/SOURCES.txt'
[3.433s] running build
[3.433s] running build_py
[3.433s] creating /home/reddy/ros2_ws/build/examples_rclpy_minimal_service/build
[3.433s] creating /home/reddy/ros2_ws/build/examples_rclpy_minimal_service/build/lib
[3.433s] creating /home/reddy/ros2_ws/build/examples_rclpy_minimal_service/build/lib/examples_rclpy_minimal_service
[3.433s] copying examples_rclpy_minimal_service/service.py -> /home/reddy/ros2_ws/build/examples_rclpy_minimal_service/build/lib/examples_rclpy_minimal_service
[3.434s] copying examples_rclpy_minimal_service/__init__.py -> /home/reddy/ros2_ws/build/examples_rclpy_minimal_service/build/lib/examples_rclpy_minimal_service
[3.434s] copying examples_rclpy_minimal_service/service_member_function.py -> /home/reddy/ros2_ws/build/examples_rclpy_minimal_service/build/lib/examples_rclpy_minimal_service
[3.434s] running install
[3.434s] running install_lib
[3.434s] creating /home/reddy/ros2_ws/install/examples_rclpy_minimal_service/lib/python3.10/site-packages/examples_rclpy_minimal_service
[3.434s] copying /home/reddy/ros2_ws/build/examples_rclpy_minimal_service/build/lib/examples_rclpy_minimal_service/service.py -> /home/reddy/ros2_ws/install/examples_rclpy_minimal_service/lib/python3.10/site-packages/examples_rclpy_minimal_service
[3.434s] copying /home/reddy/ros2_ws/build/examples_rclpy_minimal_service/build/lib/examples_rclpy_minimal_service/__init__.py -> /home/reddy/ros2_ws/install/examples_rclpy_minimal_service/lib/python3.10/site-packages/examples_rclpy_minimal_service
[3.434s] copying /home/reddy/ros2_ws/build/examples_rclpy_minimal_service/build/lib/examples_rclpy_minimal_service/service_member_function.py -> /home/reddy/ros2_ws/install/examples_rclpy_minimal_service/lib/python3.10/site-packages/examples_rclpy_minimal_service
[3.434s] byte-compiling /home/reddy/ros2_ws/install/examples_rclpy_minimal_service/lib/python3.10/site-packages/examples_rclpy_minimal_service/service.py to service.cpython-310.pyc
[3.434s] byte-compiling /home/reddy/ros2_ws/install/examples_rclpy_minimal_service/lib/python3.10/site-packages/examples_rclpy_minimal_service/__init__.py to __init__.cpython-310.pyc
[3.435s] byte-compiling /home/reddy/ros2_ws/install/examples_rclpy_minimal_service/lib/python3.10/site-packages/examples_rclpy_minimal_service/service_member_function.py to service_member_function.cpython-310.pyc
[3.435s] running install_data
[3.437s] creating /home/reddy/ros2_ws/install/examples_rclpy_minimal_service/share/ament_index
[3.437s] creating /home/reddy/ros2_ws/install/examples_rclpy_minimal_service/share/ament_index/resource_index
[3.437s] creating /home/reddy/ros2_ws/install/examples_rclpy_minimal_service/share/ament_index/resource_index/packages
[3.437s] copying resource/examples_rclpy_minimal_service -> /home/reddy/ros2_ws/install/examples_rclpy_minimal_service/share/ament_index/resource_index/packages
[3.437s] copying package.xml -> /home/reddy/ros2_ws/install/examples_rclpy_minimal_service/share/examples_rclpy_minimal_service
[3.437s] running install_egg_info
[3.438s] Copying ../../../../../build/examples_rclpy_minimal_service/examples_rclpy_minimal_service.egg-info to /home/reddy/ros2_ws/install/examples_rclpy_minimal_service/lib/python3.10/site-packages/examples_rclpy_minimal_service-0.15.3-py3.10.egg-info
[3.438s] running install_scripts
[3.438s] Installing service script to /home/reddy/ros2_ws/install/examples_rclpy_minimal_service/lib/examples_rclpy_minimal_service
[3.438s] Installing service_member_function script to /home/reddy/ros2_ws/install/examples_rclpy_minimal_service/lib/examples_rclpy_minimal_service
[3.438s] writing list of installed files to '/home/reddy/ros2_ws/build/examples_rclpy_minimal_service/install.log'
[3.483s] Invoked command in '/home/reddy/ros2_ws/src/examples/rclpy/services/minimal_service' returned '0': PYTHONPATH=/home/reddy/ros2_ws/build/examples_rclpy_minimal_service/prefix_override:/usr/lib/python3/dist-packages/colcon_core/task/python/colcon_distutils_commands:/home/reddy/ros2_ws/install/examples_rclpy_minimal_service/lib/python3.10/site-packages:${PYTHONPATH} /usr/bin/python3 -W ignore:setup.py install is deprecated -W ignore:easy_install command is deprecated setup.py egg_info --egg-base ../../../../../build/examples_rclpy_minimal_service build --build-base /home/reddy/ros2_ws/build/examples_rclpy_minimal_service/build install --record /home/reddy/ros2_ws/build/examples_rclpy_minimal_service/install.log --single-version-externally-managed install_data
