[0.565s] Invoking command in '/home/reddy/ros2_ws/src/py_srvcli/build/py_srvcli': PYTHONPATH=/home/reddy/ros2_ws/src/py_srvcli/build/py_srvcli/prefix_override:/usr/lib/python3/dist-packages/colcon_core/task/python/colcon_distutils_commands:/home/reddy/ros2_ws/src/py_srvcli/install/py_srvcli/lib/python3.10/site-packages:${PYTHONPATH} /usr/bin/python3 -W ignore:setup.py install is deprecated -W ignore:easy_install command is deprecated setup.py develop --editable --build-directory /home/reddy/ros2_ws/src/py_srvcli/build/py_srvcli/build --no-deps symlink_data
[0.715s] running develop
[0.790s] running egg_info
[0.790s] creating py_srvcli.egg-info
[0.790s] writing py_srvcli.egg-info/PKG-INFO
[0.790s] writing dependency_links to py_srvcli.egg-info/dependency_links.txt
[0.790s] writing entry points to py_srvcli.egg-info/entry_points.txt
[0.790s] writing requirements to py_srvcli.egg-info/requires.txt
[0.791s] writing top-level names to py_srvcli.egg-info/top_level.txt
[0.791s] writing manifest file 'py_srvcli.egg-info/SOURCES.txt'
[0.793s] reading manifest file 'py_srvcli.egg-info/SOURCES.txt'
[0.793s] writing manifest file 'py_srvcli.egg-info/SOURCES.txt'
[0.794s] running build_ext
[0.794s] Creating /home/reddy/ros2_ws/src/py_srvcli/install/py_srvcli/lib/python3.10/site-packages/py-srvcli.egg-link (link to .)
[0.795s] Installing add_two_ints_server script to /home/reddy/ros2_ws/src/py_srvcli/install/py_srvcli/lib/py_srvcli
[0.795s] Installing countdown_client script to /home/reddy/ros2_ws/src/py_srvcli/install/py_srvcli/lib/py_srvcli
[0.795s] Installing countdown_server script to /home/reddy/ros2_ws/src/py_srvcli/install/py_srvcli/lib/py_srvcli
[0.795s] Installing retry_add_two_ints_client script to /home/reddy/ros2_ws/src/py_srvcli/install/py_srvcli/lib/py_srvcli
[0.795s] 
[0.795s] Installed /home/reddy/ros2_ws/src/py_srvcli/build/py_srvcli
[0.795s] running symlink_data
[0.796s] creating /home/reddy/ros2_ws/src/py_srvcli/install/py_srvcli/share/ament_index
[0.796s] creating /home/reddy/ros2_ws/src/py_srvcli/install/py_srvcli/share/ament_index/resource_index
[0.796s] creating /home/reddy/ros2_ws/src/py_srvcli/install/py_srvcli/share/ament_index/resource_index/packages
[0.796s] symbolically linking /home/reddy/ros2_ws/src/py_srvcli/build/py_srvcli/resource/py_srvcli -> /home/reddy/ros2_ws/src/py_srvcli/install/py_srvcli/share/ament_index/resource_index/packages
[0.796s] symbolically linking /home/reddy/ros2_ws/src/py_srvcli/build/py_srvcli/package.xml -> /home/reddy/ros2_ws/src/py_srvcli/install/py_srvcli/share/py_srvcli
[0.796s] creating /home/reddy/ros2_ws/src/py_srvcli/install/py_srvcli/share/py_srvcli/action
[0.796s] symbolically linking /home/reddy/ros2_ws/src/py_srvcli/build/py_srvcli/action/Countdown.action -> /home/reddy/ros2_ws/src/py_srvcli/install/py_srvcli/share/py_srvcli/action
[0.812s] Invoked command in '/home/reddy/ros2_ws/src/py_srvcli/build/py_srvcli' returned '0': PYTHONPATH=/home/reddy/ros2_ws/src/py_srvcli/build/py_srvcli/prefix_override:/usr/lib/python3/dist-packages/colcon_core/task/python/colcon_distutils_commands:/home/reddy/ros2_ws/src/py_srvcli/install/py_srvcli/lib/python3.10/site-packages:${PYTHONPATH} /usr/bin/python3 -W ignore:setup.py install is deprecated -W ignore:easy_install command is deprecated setup.py develop --editable --build-directory /home/reddy/ros2_ws/src/py_srvcli/build/py_srvcli/build --no-deps symlink_data
