[0.082s] Invoking command in '/home/reddy/ros2_ws/build/examples_rclcpp_wait_set': CMAKE_PREFIX_PATH=${CMAKE_PREFIX_PATH}:/home/reddy/ros2_ws/install/py_service:/home/reddy/ros2_ws/install/py_clint:/home/reddy/ros2_ws/install/launch_testing_examples:/home/reddy/ros2_ws/install/examples_rclpy_pointcloud_publisher:/home/reddy/ros2_ws/install/examples_rclpy_minimal_subscriber:/home/reddy/ros2_ws/install/examples_rclpy_minimal_service:/home/reddy/ros2_ws/install/examples_rclpy_minimal_publisher:/home/reddy/ros2_ws/install/examples_rclpy_minimal_client:/home/reddy/ros2_ws/install/examples_rclpy_minimal_action_server:/home/reddy/ros2_ws/install/examples_rclpy_minimal_action_client:/home/reddy/ros2_ws/install/examples_rclpy_guard_conditions:/home/reddy/ros2_ws/install/examples_rclpy_executors:/home/reddy/ros2_ws/install/py_action:/home/reddy/ros2_ws/install/py_srvcli:/home/reddy/ros2_ws/install/py_pubsub:/home/reddy/ros2_ws/install/py_params:/opt/ros/humble /usr/bin/cmake /home/reddy/ros2_ws/src/examples/rclcpp/wait_set -DCMAKE_INSTALL_PREFIX=/home/reddy/ros2_ws/install/examples_rclcpp_wait_set
[2.437s] -- The C compiler identification is GNU 11.4.0
[2.437s] -- The CXX compiler identification is GNU 11.4.0
[2.437s] -- Detecting C compiler ABI info
[2.437s] -- Detecting C compiler ABI info - done
[2.437s] -- Check for working C compiler: /usr/bin/cc - skipped
[2.437s] -- Detecting C compile features
[2.437s] -- Detecting C compile features - done
[2.437s] -- Detecting CXX compiler ABI info
[2.437s] -- Detecting CXX compiler ABI info - done
[2.437s] -- Check for working CXX compiler: /usr/bin/c++ - skipped
[2.438s] -- Detecting CXX compile features
[2.438s] -- Detecting CXX compile features - done
[2.438s] -- Found ament_cmake: 1.3.11 (/opt/ros/humble/share/ament_cmake/cmake)
[2.438s] -- Found Python3: /usr/bin/python3 (found version "3.10.12") found components: Interpreter 
[2.438s] -- Found example_interfaces: 0.9.3 (/opt/ros/humble/share/example_interfaces/cmake)
[2.438s] -- Found rosidl_generator_c: 3.1.6 (/opt/ros/humble/share/rosidl_generator_c/cmake)
[2.438s] -- Found rosidl_adapter: 3.1.6 (/opt/ros/humble/share/rosidl_adapter/cmake)
[2.438s] -- Found rosidl_generator_cpp: 3.1.6 (/opt/ros/humble/share/rosidl_generator_cpp/cmake)
[2.438s] -- Using all available rosidl_typesupport_c: rosidl_typesupport_fastrtps_c;rosidl_typesupport_introspection_c
[2.438s] -- Using all available rosidl_typesupport_cpp: rosidl_typesupport_fastrtps_cpp;rosidl_typesupport_introspection_cpp
[2.438s] -- Found rclcpp: 16.0.12 (/opt/ros/humble/share/rclcpp/cmake)
[2.438s] -- Found rmw_implementation_cmake: 6.1.2 (/opt/ros/humble/share/rmw_implementation_cmake/cmake)
[2.438s] -- Found rmw_fastrtps_cpp: 6.2.7 (/opt/ros/humble/share/rmw_fastrtps_cpp/cmake)
[2.664s] -- Found OpenSSL: /usr/lib/x86_64-linux-gnu/libcrypto.so (found version "3.0.2")  
[4.028s] -- Found FastRTPS: /opt/ros/humble/include  
[6.135s] -- Using RMW implementation 'rmw_fastrtps_cpp' as default
[6.141s] -- Looking for pthread.h
[6.214s] -- Looking for pthread.h - found
[6.214s] -- Performing Test CMAKE_HAVE_LIBC_PTHREAD
[6.309s] -- Performing Test CMAKE_HAVE_LIBC_PTHREAD - Success
[6.310s] -- Found Threads: TRUE  
[6.347s] -- Found rclcpp_components: 16.0.12 (/opt/ros/humble/share/rclcpp_components/cmake)
[6.396s] -- Found ament_lint_auto: 0.12.12 (/opt/ros/humble/share/ament_lint_auto/cmake)
[6.476s] -- Added test 'copyright' to check source files copyright and LICENSE
[6.479s] -- Added test 'cppcheck' to perform static code analysis on C / C++ code
[6.479s] -- Configured cppcheck include dirs: /home/reddy/ros2_ws/src/examples/rclcpp/wait_set/include
[6.479s] -- Configured cppcheck exclude dirs and/or files: 
[6.480s] -- Added test 'cpplint' to check C / C++ code against the Google style
[6.480s] -- Configured cpplint exclude dirs and/or files: 
[6.481s] -- Added test 'lint_cmake' to check CMake code style
[6.482s] -- Added test 'uncrustify' to check C / C++ code style
[6.482s] -- Configured uncrustify additional arguments: 
[6.483s] -- Added test 'xmllint' to check XML markup files
[6.484s] -- Configuring done
[6.517s] -- Generating done
[6.532s] -- Build files have been written to: /home/reddy/ros2_ws/build/examples_rclcpp_wait_set
[6.541s] Invoked command in '/home/reddy/ros2_ws/build/examples_rclcpp_wait_set' returned '0': CMAKE_PREFIX_PATH=${CMAKE_PREFIX_PATH}:/home/reddy/ros2_ws/install/py_service:/home/reddy/ros2_ws/install/py_clint:/home/reddy/ros2_ws/install/launch_testing_examples:/home/reddy/ros2_ws/install/examples_rclpy_pointcloud_publisher:/home/reddy/ros2_ws/install/examples_rclpy_minimal_subscriber:/home/reddy/ros2_ws/install/examples_rclpy_minimal_service:/home/reddy/ros2_ws/install/examples_rclpy_minimal_publisher:/home/reddy/ros2_ws/install/examples_rclpy_minimal_client:/home/reddy/ros2_ws/install/examples_rclpy_minimal_action_server:/home/reddy/ros2_ws/install/examples_rclpy_minimal_action_client:/home/reddy/ros2_ws/install/examples_rclpy_guard_conditions:/home/reddy/ros2_ws/install/examples_rclpy_executors:/home/reddy/ros2_ws/install/py_action:/home/reddy/ros2_ws/install/py_srvcli:/home/reddy/ros2_ws/install/py_pubsub:/home/reddy/ros2_ws/install/py_params:/opt/ros/humble /usr/bin/cmake /home/reddy/ros2_ws/src/examples/rclcpp/wait_set -DCMAKE_INSTALL_PREFIX=/home/reddy/ros2_ws/install/examples_rclcpp_wait_set
[6.543s] Invoking command in '/home/reddy/ros2_ws/build/examples_rclcpp_wait_set': CMAKE_PREFIX_PATH=${CMAKE_PREFIX_PATH}:/home/reddy/ros2_ws/install/py_service:/home/reddy/ros2_ws/install/py_clint:/home/reddy/ros2_ws/install/launch_testing_examples:/home/reddy/ros2_ws/install/examples_rclpy_pointcloud_publisher:/home/reddy/ros2_ws/install/examples_rclpy_minimal_subscriber:/home/reddy/ros2_ws/install/examples_rclpy_minimal_service:/home/reddy/ros2_ws/install/examples_rclpy_minimal_publisher:/home/reddy/ros2_ws/install/examples_rclpy_minimal_client:/home/reddy/ros2_ws/install/examples_rclpy_minimal_action_server:/home/reddy/ros2_ws/install/examples_rclpy_minimal_action_client:/home/reddy/ros2_ws/install/examples_rclpy_guard_conditions:/home/reddy/ros2_ws/install/examples_rclpy_executors:/home/reddy/ros2_ws/install/py_action:/home/reddy/ros2_ws/install/py_srvcli:/home/reddy/ros2_ws/install/py_pubsub:/home/reddy/ros2_ws/install/py_params:/opt/ros/humble /usr/bin/cmake --build /home/reddy/ros2_ws/build/examples_rclcpp_wait_set -- -j32 -l32
[6.567s] -- Found ament_cmake: 1.3.11 (/opt/ros/humble/share/ament_cmake/cmake)
[6.730s] -- Found example_interfaces: 0.9.3 (/opt/ros/humble/share/example_interfaces/cmake)
[6.843s] -- Found rosidl_generator_c: 3.1.6 (/opt/ros/humble/share/rosidl_generator_c/cmake)
[6.846s] -- Found rosidl_adapter: 3.1.6 (/opt/ros/humble/share/rosidl_adapter/cmake)
[6.853s] -- Found rosidl_generator_cpp: 3.1.6 (/opt/ros/humble/share/rosidl_generator_cpp/cmake)
[6.866s] -- Using all available rosidl_typesupport_c: rosidl_typesupport_fastrtps_c;rosidl_typesupport_introspection_c
[6.881s] -- Using all available rosidl_typesupport_cpp: rosidl_typesupport_fastrtps_cpp;rosidl_typesupport_introspection_cpp
[6.937s] -- Found rclcpp: 16.0.12 (/opt/ros/humble/share/rclcpp/cmake)
[6.964s] -- Found rmw_implementation_cmake: 6.1.2 (/opt/ros/humble/share/rmw_implementation_cmake/cmake)
[6.966s] -- Found rmw_fastrtps_cpp: 6.2.7 (/opt/ros/humble/share/rmw_fastrtps_cpp/cmake)
[10.589s] -- Using RMW implementation 'rmw_fastrtps_cpp' as default
[10.649s] -- Found rclcpp_components: 16.0.12 (/opt/ros/humble/share/rclcpp_components/cmake)
[10.709s] -- Found ament_lint_auto: 0.12.12 (/opt/ros/humble/share/ament_lint_auto/cmake)
[10.862s] -- Added test 'copyright' to check source files copyright and LICENSE
[10.865s] -- Added test 'cppcheck' to perform static code analysis on C / C++ code
[10.867s] -- Configured cppcheck include dirs: /home/reddy/ros2_ws/src/examples/rclcpp/wait_set/include
[10.867s] -- Configured cppcheck exclude dirs and/or files: 
[10.869s] -- Added test 'cpplint' to check C / C++ code against the Google style
[10.877s] -- Configured cpplint exclude dirs and/or files: 
[10.877s] -- Added test 'lint_cmake' to check CMake code style
[10.877s] -- Added test 'uncrustify' to check C / C++ code style
[10.877s] -- Configured uncrustify additional arguments: 
[10.878s] -- Added test 'xmllint' to check XML markup files
[10.878s] -- Configuring done
[10.963s] -- Generating done
[10.990s] -- Build files have been written to: /home/reddy/ros2_ws/build/examples_rclcpp_wait_set
[11.113s] [  4%] [32mBuilding CXX object CMakeFiles/wait_set_talker.dir/rclcpp_components/node_main_wait_set_talker.cpp.o[0m
[11.121s] [  8%] [32mBuilding CXX object CMakeFiles/talker.dir/src/talker.cpp.o[0m
[11.125s] [ 12%] [32mBuilding CXX object CMakeFiles/wait_set_listener.dir/rclcpp_components/node_main_wait_set_listener.cpp.o[0m
[11.129s] [ 16%] [32mBuilding CXX object CMakeFiles/wait_set.dir/src/wait_set.cpp.o[0m
[11.131s] [ 20%] [32mBuilding CXX object CMakeFiles/static_wait_set.dir/src/static_wait_set.cpp.o[0m
[11.140s] [ 25%] [32mBuilding CXX object CMakeFiles/listener.dir/src/listener.cpp.o[0m
[11.162s] [ 29%] [32mBuilding CXX object CMakeFiles/thread_safe_wait_set.dir/src/thread_safe_wait_set.cpp.o[0m
[11.163s] [ 33%] [32mBuilding CXX object CMakeFiles/wait_set_random_order.dir/src/wait_set_random_order.cpp.o[0m
[11.163s] [ 37%] [32mBuilding CXX object CMakeFiles/executor_random_order.dir/src/executor_random_order.cpp.o[0m
[11.163s] [ 41%] [32mBuilding CXX object CMakeFiles/wait_set_topics_and_timer.dir/src/wait_set_topics_and_timer.cpp.o[0m
[11.171s] [ 45%] [32mBuilding CXX object CMakeFiles/wait_set_topics_with_different_rates.dir/src/wait_set_topics_with_different_rates.cpp.o[0m
[17.092s] [ 50%] [32m[1mLinking CXX executable wait_set_talker[0m
[17.447s] [ 50%] Built target wait_set_talker
[17.999s] [ 54%] [32m[1mLinking CXX executable wait_set_listener[0m
[18.289s] [ 54%] Built target wait_set_listener
[20.270s] [ 58%] [32m[1mLinking CXX shared library libtalker.so[0m
[20.589s] [ 58%] Built target talker
[24.713s] [ 62%] [32m[1mLinking CXX executable executor_random_order[0m
[24.944s] [ 66%] [32m[1mLinking CXX executable static_wait_set[0m
[25.104s] [ 66%] Built target executor_random_order
[25.263s] [ 70%] [32m[1mLinking CXX executable wait_set_topics_and_timer[0m
[25.351s] [ 70%] Built target static_wait_set
[25.402s] [ 75%] [32m[1mLinking CXX executable wait_set[0m
[25.541s] [ 79%] [32m[1mLinking CXX executable wait_set_topics_with_different_rates[0m
[25.653s] [ 79%] Built target wait_set_topics_and_timer
[25.802s] [ 79%] Built target wait_set
[25.914s] [ 79%] Built target wait_set_topics_with_different_rates
[25.943s] [ 83%] [32m[1mLinking CXX executable thread_safe_wait_set[0m
[25.976s] [ 87%] [32m[1mLinking CXX shared library liblistener.so[0m
[26.211s] [ 91%] [32m[1mLinking CXX executable wait_set_random_order[0m
[26.281s] [ 91%] Built target thread_safe_wait_set
[26.345s] [ 91%] Built target listener
[26.358s] [ 95%] [32mBuilding CXX object CMakeFiles/wait_set_composed.dir/src/wait_set_composed.cpp.o[0m
[26.559s] [ 95%] Built target wait_set_random_order
[27.925s] [100%] [32m[1mLinking CXX executable wait_set_composed[0m
[28.123s] [100%] Built target wait_set_composed
[28.131s] Invoked command in '/home/reddy/ros2_ws/build/examples_rclcpp_wait_set' returned '0': CMAKE_PREFIX_PATH=${CMAKE_PREFIX_PATH}:/home/reddy/ros2_ws/install/py_service:/home/reddy/ros2_ws/install/py_clint:/home/reddy/ros2_ws/install/launch_testing_examples:/home/reddy/ros2_ws/install/examples_rclpy_pointcloud_publisher:/home/reddy/ros2_ws/install/examples_rclpy_minimal_subscriber:/home/reddy/ros2_ws/install/examples_rclpy_minimal_service:/home/reddy/ros2_ws/install/examples_rclpy_minimal_publisher:/home/reddy/ros2_ws/install/examples_rclpy_minimal_client:/home/reddy/ros2_ws/install/examples_rclpy_minimal_action_server:/home/reddy/ros2_ws/install/examples_rclpy_minimal_action_client:/home/reddy/ros2_ws/install/examples_rclpy_guard_conditions:/home/reddy/ros2_ws/install/examples_rclpy_executors:/home/reddy/ros2_ws/install/py_action:/home/reddy/ros2_ws/install/py_srvcli:/home/reddy/ros2_ws/install/py_pubsub:/home/reddy/ros2_ws/install/py_params:/opt/ros/humble /usr/bin/cmake --build /home/reddy/ros2_ws/build/examples_rclcpp_wait_set -- -j32 -l32
[28.132s] Invoking command in '/home/reddy/ros2_ws/build/examples_rclcpp_wait_set': CMAKE_PREFIX_PATH=${CMAKE_PREFIX_PATH}:/home/reddy/ros2_ws/install/py_service:/home/reddy/ros2_ws/install/py_clint:/home/reddy/ros2_ws/install/launch_testing_examples:/home/reddy/ros2_ws/install/examples_rclpy_pointcloud_publisher:/home/reddy/ros2_ws/install/examples_rclpy_minimal_subscriber:/home/reddy/ros2_ws/install/examples_rclpy_minimal_service:/home/reddy/ros2_ws/install/examples_rclpy_minimal_publisher:/home/reddy/ros2_ws/install/examples_rclpy_minimal_client:/home/reddy/ros2_ws/install/examples_rclpy_minimal_action_server:/home/reddy/ros2_ws/install/examples_rclpy_minimal_action_client:/home/reddy/ros2_ws/install/examples_rclpy_guard_conditions:/home/reddy/ros2_ws/install/examples_rclpy_executors:/home/reddy/ros2_ws/install/py_action:/home/reddy/ros2_ws/install/py_srvcli:/home/reddy/ros2_ws/install/py_pubsub:/home/reddy/ros2_ws/install/py_params:/opt/ros/humble /usr/bin/cmake --install /home/reddy/ros2_ws/build/examples_rclcpp_wait_set
[28.136s] -- Install configuration: ""
[28.136s] -- Installing: /home/reddy/ros2_ws/install/examples_rclcpp_wait_set/lib/examples_rclcpp_wait_set/wait_set_talker
[28.136s] -- Set runtime path of "/home/reddy/ros2_ws/install/examples_rclcpp_wait_set/lib/examples_rclcpp_wait_set/wait_set_talker" to ""
[28.136s] -- Installing: /home/reddy/ros2_ws/install/examples_rclcpp_wait_set/lib/examples_rclcpp_wait_set/wait_set_listener
[28.137s] -- Set runtime path of "/home/reddy/ros2_ws/install/examples_rclcpp_wait_set/lib/examples_rclcpp_wait_set/wait_set_listener" to ""
[28.137s] -- Installing: /home/reddy/ros2_ws/install/examples_rclcpp_wait_set/lib/libtalker.so
[28.137s] -- Set runtime path of "/home/reddy/ros2_ws/install/examples_rclcpp_wait_set/lib/libtalker.so" to ""
[28.137s] -- Installing: /home/reddy/ros2_ws/install/examples_rclcpp_wait_set/lib/liblistener.so
[28.141s] -- Set runtime path of "/home/reddy/ros2_ws/install/examples_rclcpp_wait_set/lib/liblistener.so" to ""
[28.141s] -- Installing: /home/reddy/ros2_ws/install/examples_rclcpp_wait_set/lib/examples_rclcpp_wait_set/wait_set
[28.143s] -- Set runtime path of "/home/reddy/ros2_ws/install/examples_rclcpp_wait_set/lib/examples_rclcpp_wait_set/wait_set" to ""
[28.143s] -- Installing: /home/reddy/ros2_ws/install/examples_rclcpp_wait_set/lib/examples_rclcpp_wait_set/static_wait_set
[28.145s] -- Set runtime path of "/home/reddy/ros2_ws/install/examples_rclcpp_wait_set/lib/examples_rclcpp_wait_set/static_wait_set" to ""
[28.145s] -- Installing: /home/reddy/ros2_ws/install/examples_rclcpp_wait_set/lib/examples_rclcpp_wait_set/thread_safe_wait_set
[28.147s] -- Set runtime path of "/home/reddy/ros2_ws/install/examples_rclcpp_wait_set/lib/examples_rclcpp_wait_set/thread_safe_wait_set" to ""
[28.147s] -- Installing: /home/reddy/ros2_ws/install/examples_rclcpp_wait_set/lib/examples_rclcpp_wait_set/wait_set_topics_and_timer
[28.149s] -- Set runtime path of "/home/reddy/ros2_ws/install/examples_rclcpp_wait_set/lib/examples_rclcpp_wait_set/wait_set_topics_and_timer" to ""
[28.149s] -- Installing: /home/reddy/ros2_ws/install/examples_rclcpp_wait_set/lib/examples_rclcpp_wait_set/wait_set_random_order
[28.151s] -- Set runtime path of "/home/reddy/ros2_ws/install/examples_rclcpp_wait_set/lib/examples_rclcpp_wait_set/wait_set_random_order" to ""
[28.151s] -- Installing: /home/reddy/ros2_ws/install/examples_rclcpp_wait_set/lib/examples_rclcpp_wait_set/executor_random_order
[28.153s] -- Set runtime path of "/home/reddy/ros2_ws/install/examples_rclcpp_wait_set/lib/examples_rclcpp_wait_set/executor_random_order" to ""
[28.153s] -- Installing: /home/reddy/ros2_ws/install/examples_rclcpp_wait_set/lib/examples_rclcpp_wait_set/wait_set_topics_with_different_rates
[28.155s] -- Set runtime path of "/home/reddy/ros2_ws/install/examples_rclcpp_wait_set/lib/examples_rclcpp_wait_set/wait_set_topics_with_different_rates" to ""
[28.155s] -- Installing: /home/reddy/ros2_ws/install/examples_rclcpp_wait_set/lib/examples_rclcpp_wait_set/wait_set_composed
[28.156s] -- Set runtime path of "/home/reddy/ros2_ws/install/examples_rclcpp_wait_set/lib/examples_rclcpp_wait_set/wait_set_composed" to ""
[28.156s] -- Installing: /home/reddy/ros2_ws/install/examples_rclcpp_wait_set/share/ament_index/resource_index/package_run_dependencies/examples_rclcpp_wait_set
[28.156s] -- Installing: /home/reddy/ros2_ws/install/examples_rclcpp_wait_set/share/ament_index/resource_index/parent_prefix_path/examples_rclcpp_wait_set
[28.157s] -- Installing: /home/reddy/ros2_ws/install/examples_rclcpp_wait_set/share/examples_rclcpp_wait_set/environment/ament_prefix_path.sh
[28.157s] -- Installing: /home/reddy/ros2_ws/install/examples_rclcpp_wait_set/share/examples_rclcpp_wait_set/environment/ament_prefix_path.dsv
[28.157s] -- Installing: /home/reddy/ros2_ws/install/examples_rclcpp_wait_set/share/examples_rclcpp_wait_set/environment/path.sh
[28.157s] -- Installing: /home/reddy/ros2_ws/install/examples_rclcpp_wait_set/share/examples_rclcpp_wait_set/environment/path.dsv
[28.157s] -- Installing: /home/reddy/ros2_ws/install/examples_rclcpp_wait_set/share/examples_rclcpp_wait_set/local_setup.bash
[28.157s] -- Installing: /home/reddy/ros2_ws/install/examples_rclcpp_wait_set/share/examples_rclcpp_wait_set/local_setup.sh
[28.157s] -- Installing: /home/reddy/ros2_ws/install/examples_rclcpp_wait_set/share/examples_rclcpp_wait_set/local_setup.zsh
[28.157s] -- Installing: /home/reddy/ros2_ws/install/examples_rclcpp_wait_set/share/examples_rclcpp_wait_set/local_setup.dsv
[28.157s] -- Installing: /home/reddy/ros2_ws/install/examples_rclcpp_wait_set/share/examples_rclcpp_wait_set/package.dsv
[28.157s] -- Installing: /home/reddy/ros2_ws/install/examples_rclcpp_wait_set/share/ament_index/resource_index/packages/examples_rclcpp_wait_set
[28.158s] -- Installing: /home/reddy/ros2_ws/install/examples_rclcpp_wait_set/share/ament_index/resource_index/rclcpp_components/examples_rclcpp_wait_set
[28.158s] -- Installing: /home/reddy/ros2_ws/install/examples_rclcpp_wait_set/share/examples_rclcpp_wait_set/cmake/examples_rclcpp_wait_setConfig.cmake
[28.158s] -- Installing: /home/reddy/ros2_ws/install/examples_rclcpp_wait_set/share/examples_rclcpp_wait_set/cmake/examples_rclcpp_wait_setConfig-version.cmake
[28.158s] -- Installing: /home/reddy/ros2_ws/install/examples_rclcpp_wait_set/share/examples_rclcpp_wait_set/package.xml
[28.160s] Invoked command in '/home/reddy/ros2_ws/build/examples_rclcpp_wait_set' returned '0': CMAKE_PREFIX_PATH=${CMAKE_PREFIX_PATH}:/home/reddy/ros2_ws/install/py_service:/home/reddy/ros2_ws/install/py_clint:/home/reddy/ros2_ws/install/launch_testing_examples:/home/reddy/ros2_ws/install/examples_rclpy_pointcloud_publisher:/home/reddy/ros2_ws/install/examples_rclpy_minimal_subscriber:/home/reddy/ros2_ws/install/examples_rclpy_minimal_service:/home/reddy/ros2_ws/install/examples_rclpy_minimal_publisher:/home/reddy/ros2_ws/install/examples_rclpy_minimal_client:/home/reddy/ros2_ws/install/examples_rclpy_minimal_action_server:/home/reddy/ros2_ws/install/examples_rclpy_minimal_action_client:/home/reddy/ros2_ws/install/examples_rclpy_guard_conditions:/home/reddy/ros2_ws/install/examples_rclpy_executors:/home/reddy/ros2_ws/install/py_action:/home/reddy/ros2_ws/install/py_srvcli:/home/reddy/ros2_ws/install/py_pubsub:/home/reddy/ros2_ws/install/py_params:/opt/ros/humble /usr/bin/cmake --install /home/reddy/ros2_ws/build/examples_rclcpp_wait_set
