[0.010s] Invoking command in '/home/reddy/ros2_ws/build/py_action_interfaces': CMAKE_PREFIX_PATH=${CMAKE_PREFIX_PATH}:/home/reddy/ros2_ws/install/py_service:/home/reddy/ros2_ws/install/py_clint:/home/reddy/ros2_ws/install/launch_testing_examples:/home/reddy/ros2_ws/install/examples_rclpy_pointcloud_publisher:/home/reddy/ros2_ws/install/examples_rclpy_minimal_subscriber:/home/reddy/ros2_ws/install/examples_rclpy_minimal_service:/home/reddy/ros2_ws/install/examples_rclpy_minimal_publisher:/home/reddy/ros2_ws/install/examples_rclpy_minimal_client:/home/reddy/ros2_ws/install/examples_rclpy_minimal_action_server:/home/reddy/ros2_ws/install/examples_rclpy_minimal_action_client:/home/reddy/ros2_ws/install/examples_rclpy_guard_conditions:/home/reddy/ros2_ws/install/examples_rclpy_executors:/home/reddy/ros2_ws/install/py_action:/home/reddy/ros2_ws/install/py_srvcli:/home/reddy/ros2_ws/install/py_pubsub:/home/reddy/ros2_ws/install/py_params:/opt/ros/humble /usr/bin/cmake /home/reddy/ros2_ws/src/py_action_interfaces -DCMAKE_INSTALL_PREFIX=/home/reddy/ros2_ws/install/py_action_interfaces
[0.127s] -- The C compiler identification is GNU 11.4.0
[0.355s] -- The CXX compiler identification is GNU 11.4.0
[0.511s] -- Detecting C compiler ABI info
[0.596s] -- Detecting C compiler ABI info - done
[0.600s] -- Check for working C compiler: /usr/bin/cc - skipped
[0.600s] -- Detecting C compile features
[0.600s] -- Detecting C compile features - done
[0.602s] -- Detecting CXX compiler ABI info
[0.685s] -- Detecting CXX compiler ABI info - done
[0.689s] -- Check for working CXX compiler: /usr/bin/c++ - skipped
[0.689s] -- Detecting CXX compile features
[0.690s] -- Detecting CXX compile features - done
[0.694s] -- Found ament_cmake: 1.3.11 (/opt/ros/humble/share/ament_cmake/cmake)
[0.786s] -- Found Python3: /usr/bin/python3 (found version "3.10.12") found components: Interpreter 
[0.857s] -- Found rosidl_default_generators: 1.2.0 (/opt/ros/humble/share/rosidl_default_generators/cmake)
[0.861s] -- Using all available rosidl_typesupport_c: rosidl_typesupport_fastrtps_c;rosidl_typesupport_introspection_c
[0.868s] -- Found rosidl_adapter: 3.1.6 (/opt/ros/humble/share/rosidl_adapter/cmake)
[1.010s] -- Using all available rosidl_typesupport_cpp: rosidl_typesupport_fastrtps_cpp;rosidl_typesupport_introspection_cpp
[1.034s] -- Found action_msgs: 1.2.1 (/opt/ros/humble/share/action_msgs/cmake)
[1.226s] -- Found ament_cmake_ros: 0.10.0 (/opt/ros/humble/share/ament_cmake_ros/cmake)
[1.344s] -- Using all available rosidl_typesupport_c: rosidl_typesupport_fastrtps_c;rosidl_typesupport_introspection_c
[1.482s] -- Using all available rosidl_typesupport_cpp: rosidl_typesupport_fastrtps_cpp;rosidl_typesupport_introspection_cpp
[1.551s] -- Found PythonInterp: /usr/bin/python3 (found suitable version "3.10.12", minimum required is "3.6") 
[1.553s] -- Found python_cmake_module: 0.10.0 (/opt/ros/humble/share/python_cmake_module/cmake)
[1.703s] -- Found PythonLibs: /usr/lib/x86_64-linux-gnu/libpython3.10.so (found suitable version "3.10.12", minimum required is "3.5") 
[1.703s] -- Using PYTHON_EXECUTABLE: /usr/bin/python3
[1.703s] -- Using PYTHON_INCLUDE_DIRS: /usr/include/python3.10
[1.703s] -- Using PYTHON_LIBRARIES: /usr/lib/x86_64-linux-gnu/libpython3.10.so
[1.717s] -- Found PythonExtra: .so  
[1.770s] -- Found ament_lint_auto: 0.12.12 (/opt/ros/humble/share/ament_lint_auto/cmake)
[1.786s] -- Added test 'lint_cmake' to check CMake code style
[1.788s] -- Added test 'xmllint' to check XML markup files
[1.790s] -- Configuring done
[1.812s] -- Generating done
[1.820s] -- Build files have been written to: /home/reddy/ros2_ws/build/py_action_interfaces
[1.825s] Invoked command in '/home/reddy/ros2_ws/build/py_action_interfaces' returned '0': CMAKE_PREFIX_PATH=${CMAKE_PREFIX_PATH}:/home/reddy/ros2_ws/install/py_service:/home/reddy/ros2_ws/install/py_clint:/home/reddy/ros2_ws/install/launch_testing_examples:/home/reddy/ros2_ws/install/examples_rclpy_pointcloud_publisher:/home/reddy/ros2_ws/install/examples_rclpy_minimal_subscriber:/home/reddy/ros2_ws/install/examples_rclpy_minimal_service:/home/reddy/ros2_ws/install/examples_rclpy_minimal_publisher:/home/reddy/ros2_ws/install/examples_rclpy_minimal_client:/home/reddy/ros2_ws/install/examples_rclpy_minimal_action_server:/home/reddy/ros2_ws/install/examples_rclpy_minimal_action_client:/home/reddy/ros2_ws/install/examples_rclpy_guard_conditions:/home/reddy/ros2_ws/install/examples_rclpy_executors:/home/reddy/ros2_ws/install/py_action:/home/reddy/ros2_ws/install/py_srvcli:/home/reddy/ros2_ws/install/py_pubsub:/home/reddy/ros2_ws/install/py_params:/opt/ros/humble /usr/bin/cmake /home/reddy/ros2_ws/src/py_action_interfaces -DCMAKE_INSTALL_PREFIX=/home/reddy/ros2_ws/install/py_action_interfaces
[1.826s] Invoking command in '/home/reddy/ros2_ws/build/py_action_interfaces': CMAKE_PREFIX_PATH=${CMAKE_PREFIX_PATH}:/home/reddy/ros2_ws/install/py_service:/home/reddy/ros2_ws/install/py_clint:/home/reddy/ros2_ws/install/launch_testing_examples:/home/reddy/ros2_ws/install/examples_rclpy_pointcloud_publisher:/home/reddy/ros2_ws/install/examples_rclpy_minimal_subscriber:/home/reddy/ros2_ws/install/examples_rclpy_minimal_service:/home/reddy/ros2_ws/install/examples_rclpy_minimal_publisher:/home/reddy/ros2_ws/install/examples_rclpy_minimal_client:/home/reddy/ros2_ws/install/examples_rclpy_minimal_action_server:/home/reddy/ros2_ws/install/examples_rclpy_minimal_action_client:/home/reddy/ros2_ws/install/examples_rclpy_guard_conditions:/home/reddy/ros2_ws/install/examples_rclpy_executors:/home/reddy/ros2_ws/install/py_action:/home/reddy/ros2_ws/install/py_srvcli:/home/reddy/ros2_ws/install/py_pubsub:/home/reddy/ros2_ws/install/py_params:/opt/ros/humble /usr/bin/cmake --build /home/reddy/ros2_ws/build/py_action_interfaces -- -j32 -l32
[1.850s] [  3%] [34m[1mGenerating C code for ROS interfaces[0m
[1.855s] [  6%] [34m[1mGenerating C++ code for ROS interfaces[0m
[1.860s] [  6%] Built target ament_cmake_python_copy_py_action_interfaces
[2.003s] running egg_info
[2.003s] creating py_action_interfaces.egg-info
[2.003s] writing py_action_interfaces.egg-info/PKG-INFO
[2.003s] writing dependency_links to py_action_interfaces.egg-info/dependency_links.txt
[2.004s] writing top-level names to py_action_interfaces.egg-info/top_level.txt
[2.004s] writing manifest file 'py_action_interfaces.egg-info/SOURCES.txt'
[2.005s] reading manifest file 'py_action_interfaces.egg-info/SOURCES.txt'
[2.006s] writing manifest file 'py_action_interfaces.egg-info/SOURCES.txt'
[2.020s] [  6%] Built target ament_cmake_python_build_py_action_interfaces_egg
[2.070s] [  9%] [32mBuilding C object CMakeFiles/py_action_interfaces__rosidl_generator_c.dir/rosidl_generator_c/py_action_interfaces/action/detail/fibonacci__functions.c.o[0m
[2.078s] [  9%] Built target py_action_interfaces__cpp
[2.084s] [ 12%] [34m[1mGenerating C++ type support dispatch for ROS interfaces[0m
[2.084s] [ 16%] [34m[1mGenerating C++ type support for eProsima Fast-RTPS[0m
[2.084s] [ 19%] [34m[1mGenerating C++ introspection for ROS interfaces[0m
[2.143s] [ 22%] [32m[1mLinking C shared library libpy_action_interfaces__rosidl_generator_c.so[0m
[2.213s] [ 22%] Built target py_action_interfaces__rosidl_generator_c
[2.219s] [ 32%] [34m[1mGenerating C type support for eProsima Fast-RTPS[0m
[2.220s] [ 32%] [34m[1mGenerating C introspection for ROS interfaces[0m
[2.220s] [ 32%] [34m[1mGenerating C type support dispatch for ROS interfaces[0m
[2.231s] [ 35%] [32mBuilding CXX object CMakeFiles/py_action_interfaces__rosidl_typesupport_cpp.dir/rosidl_typesupport_cpp/py_action_interfaces/action/fibonacci__type_support.cpp.o[0m
[2.254s] [ 38%] [32mBuilding CXX object CMakeFiles/py_action_interfaces__rosidl_typesupport_introspection_cpp.dir/rosidl_typesupport_introspection_cpp/py_action_interfaces/action/detail/fibonacci__type_support.cpp.o[0m
[2.283s] [ 41%] [32mBuilding CXX object CMakeFiles/py_action_interfaces__rosidl_typesupport_fastrtps_cpp.dir/rosidl_typesupport_fastrtps_cpp/py_action_interfaces/action/detail/dds_fastrtps/fibonacci__type_support.cpp.o[0m
[2.373s] [ 45%] [32mBuilding CXX object CMakeFiles/py_action_interfaces__rosidl_typesupport_c.dir/rosidl_typesupport_c/py_action_interfaces/action/fibonacci__type_support.cpp.o[0m
[2.399s] [ 48%] [32m[1mLinking CXX shared library libpy_action_interfaces__rosidl_typesupport_c.so[0m
[2.405s] [ 51%] [32mBuilding C object CMakeFiles/py_action_interfaces__rosidl_typesupport_introspection_c.dir/rosidl_typesupport_introspection_c/py_action_interfaces/action/detail/fibonacci__type_support.c.o[0m
[2.411s] [ 54%] [32mBuilding CXX object CMakeFiles/py_action_interfaces__rosidl_typesupport_fastrtps_c.dir/rosidl_typesupport_fastrtps_c/py_action_interfaces/action/detail/fibonacci__type_support_c.cpp.o[0m
[2.435s] [ 58%] [32m[1mLinking C shared library libpy_action_interfaces__rosidl_typesupport_introspection_c.so[0m
[2.479s] [ 61%] [32m[1mLinking CXX shared library libpy_action_interfaces__rosidl_typesupport_cpp.so[0m
[2.493s] [ 61%] Built target py_action_interfaces__rosidl_typesupport_c
[2.523s] [ 61%] Built target py_action_interfaces__rosidl_typesupport_introspection_c
[2.566s] [ 61%] Built target py_action_interfaces__rosidl_typesupport_cpp
[2.568s] [ 64%] [32m[1mLinking CXX shared library libpy_action_interfaces__rosidl_typesupport_introspection_cpp.so[0m
[2.589s] [ 67%] [32m[1mLinking CXX shared library libpy_action_interfaces__rosidl_typesupport_fastrtps_cpp.so[0m
[2.599s] [ 70%] [32m[1mLinking CXX shared library libpy_action_interfaces__rosidl_typesupport_fastrtps_c.so[0m
[2.649s] [ 70%] Built target py_action_interfaces__rosidl_typesupport_introspection_cpp
[2.663s] [ 70%] Built target py_action_interfaces__rosidl_typesupport_fastrtps_c
[2.663s] [ 70%] Built target py_action_interfaces__rosidl_typesupport_fastrtps_cpp
[2.673s] [ 70%] Built target py_action_interfaces
[2.684s] [ 74%] [34m[1mGenerating Python code for ROS interfaces[0m
[3.008s] [ 74%] Built target py_action_interfaces__py
[3.019s] [ 77%] [32mBuilding C object CMakeFiles/py_action_interfaces__rosidl_generator_py.dir/rosidl_generator_py/py_action_interfaces/action/_fibonacci_s.c.o[0m
[3.097s] [ 80%] [32m[1mLinking C shared library rosidl_generator_py/py_action_interfaces/libpy_action_interfaces__rosidl_generator_py.so[0m
[3.165s] [ 80%] Built target py_action_interfaces__rosidl_generator_py
[3.176s] [ 83%] [32mBuilding C object CMakeFiles/py_action_interfaces__rosidl_typesupport_fastrtps_c__pyext.dir/rosidl_generator_py/py_action_interfaces/_py_action_interfaces_s.ep.rosidl_typesupport_fastrtps_c.c.o[0m
[3.176s] [ 87%] [32mBuilding C object CMakeFiles/py_action_interfaces__rosidl_typesupport_c__pyext.dir/rosidl_generator_py/py_action_interfaces/_py_action_interfaces_s.ep.rosidl_typesupport_c.c.o[0m
[3.176s] [ 90%] [32mBuilding C object CMakeFiles/py_action_interfaces__rosidl_typesupport_introspection_c__pyext.dir/rosidl_generator_py/py_action_interfaces/_py_action_interfaces_s.ep.rosidl_typesupport_introspection_c.c.o[0m
[3.237s] [100%] [32m[1mLinking C shared library rosidl_generator_py/py_action_interfaces/py_action_interfaces_s__rosidl_typesupport_fastrtps_c.cpython-310-x86_64-linux-gnu.so[0m
[3.237s] [100%] [32m[1mLinking C shared library rosidl_generator_py/py_action_interfaces/py_action_interfaces_s__rosidl_typesupport_introspection_c.cpython-310-x86_64-linux-gnu.so[0m
[3.237s] [100%] [32m[1mLinking C shared library rosidl_generator_py/py_action_interfaces/py_action_interfaces_s__rosidl_typesupport_c.cpython-310-x86_64-linux-gnu.so[0m
[3.301s] [100%] Built target py_action_interfaces__rosidl_typesupport_fastrtps_c__pyext
[3.301s] [100%] Built target py_action_interfaces__rosidl_typesupport_introspection_c__pyext
[3.301s] [100%] Built target py_action_interfaces__rosidl_typesupport_c__pyext
[3.308s] Invoked command in '/home/reddy/ros2_ws/build/py_action_interfaces' returned '0': CMAKE_PREFIX_PATH=${CMAKE_PREFIX_PATH}:/home/reddy/ros2_ws/install/py_service:/home/reddy/ros2_ws/install/py_clint:/home/reddy/ros2_ws/install/launch_testing_examples:/home/reddy/ros2_ws/install/examples_rclpy_pointcloud_publisher:/home/reddy/ros2_ws/install/examples_rclpy_minimal_subscriber:/home/reddy/ros2_ws/install/examples_rclpy_minimal_service:/home/reddy/ros2_ws/install/examples_rclpy_minimal_publisher:/home/reddy/ros2_ws/install/examples_rclpy_minimal_client:/home/reddy/ros2_ws/install/examples_rclpy_minimal_action_server:/home/reddy/ros2_ws/install/examples_rclpy_minimal_action_client:/home/reddy/ros2_ws/install/examples_rclpy_guard_conditions:/home/reddy/ros2_ws/install/examples_rclpy_executors:/home/reddy/ros2_ws/install/py_action:/home/reddy/ros2_ws/install/py_srvcli:/home/reddy/ros2_ws/install/py_pubsub:/home/reddy/ros2_ws/install/py_params:/opt/ros/humble /usr/bin/cmake --build /home/reddy/ros2_ws/build/py_action_interfaces -- -j32 -l32
[3.313s] Invoking command in '/home/reddy/ros2_ws/build/py_action_interfaces': CMAKE_PREFIX_PATH=${CMAKE_PREFIX_PATH}:/home/reddy/ros2_ws/install/py_service:/home/reddy/ros2_ws/install/py_clint:/home/reddy/ros2_ws/install/launch_testing_examples:/home/reddy/ros2_ws/install/examples_rclpy_pointcloud_publisher:/home/reddy/ros2_ws/install/examples_rclpy_minimal_subscriber:/home/reddy/ros2_ws/install/examples_rclpy_minimal_service:/home/reddy/ros2_ws/install/examples_rclpy_minimal_publisher:/home/reddy/ros2_ws/install/examples_rclpy_minimal_client:/home/reddy/ros2_ws/install/examples_rclpy_minimal_action_server:/home/reddy/ros2_ws/install/examples_rclpy_minimal_action_client:/home/reddy/ros2_ws/install/examples_rclpy_guard_conditions:/home/reddy/ros2_ws/install/examples_rclpy_executors:/home/reddy/ros2_ws/install/py_action:/home/reddy/ros2_ws/install/py_srvcli:/home/reddy/ros2_ws/install/py_pubsub:/home/reddy/ros2_ws/install/py_params:/opt/ros/humble /usr/bin/cmake --install /home/reddy/ros2_ws/build/py_action_interfaces
[3.317s] -- Install configuration: ""
[3.318s] -- Installing: /home/reddy/ros2_ws/install/py_action_interfaces/share/ament_index/resource_index/rosidl_interfaces/py_action_interfaces
[3.318s] -- Installing: /home/reddy/ros2_ws/install/py_action_interfaces/include/py_action_interfaces/py_action_interfaces
[3.318s] -- Installing: /home/reddy/ros2_ws/install/py_action_interfaces/include/py_action_interfaces/py_action_interfaces/msg
[3.318s] -- Installing: /home/reddy/ros2_ws/install/py_action_interfaces/include/py_action_interfaces/py_action_interfaces/msg/rosidl_generator_c__visibility_control.h
[3.318s] -- Installing: /home/reddy/ros2_ws/install/py_action_interfaces/include/py_action_interfaces/py_action_interfaces/action
[3.319s] -- Installing: /home/reddy/ros2_ws/install/py_action_interfaces/include/py_action_interfaces/py_action_interfaces/action/fibonacci.h
[3.319s] -- Installing: /home/reddy/ros2_ws/install/py_action_interfaces/include/py_action_interfaces/py_action_interfaces/action/detail
[3.319s] -- Installing: /home/reddy/ros2_ws/install/py_action_interfaces/include/py_action_interfaces/py_action_interfaces/action/detail/fibonacci__functions.h
[3.319s] -- Installing: /home/reddy/ros2_ws/install/py_action_interfaces/include/py_action_interfaces/py_action_interfaces/action/detail/fibonacci__functions.c
[3.319s] -- Installing: /home/reddy/ros2_ws/install/py_action_interfaces/include/py_action_interfaces/py_action_interfaces/action/detail/fibonacci__struct.h
[3.319s] -- Installing: /home/reddy/ros2_ws/install/py_action_interfaces/include/py_action_interfaces/py_action_interfaces/action/detail/fibonacci__type_support.h
[3.319s] -- Installing: /home/reddy/ros2_ws/install/py_action_interfaces/share/py_action_interfaces/environment/library_path.sh
[3.319s] -- Installing: /home/reddy/ros2_ws/install/py_action_interfaces/share/py_action_interfaces/environment/library_path.dsv
[3.319s] -- Installing: /home/reddy/ros2_ws/install/py_action_interfaces/lib/libpy_action_interfaces__rosidl_generator_c.so
[3.320s] -- Set runtime path of "/home/reddy/ros2_ws/install/py_action_interfaces/lib/libpy_action_interfaces__rosidl_generator_c.so" to ""
[3.320s] -- Up-to-date: /home/reddy/ros2_ws/install/py_action_interfaces/include/py_action_interfaces/py_action_interfaces
[3.320s] -- Up-to-date: /home/reddy/ros2_ws/install/py_action_interfaces/include/py_action_interfaces/py_action_interfaces/msg
[3.320s] -- Installing: /home/reddy/ros2_ws/install/py_action_interfaces/include/py_action_interfaces/py_action_interfaces/msg/rosidl_typesupport_fastrtps_c__visibility_control.h
[3.320s] -- Up-to-date: /home/reddy/ros2_ws/install/py_action_interfaces/include/py_action_interfaces/py_action_interfaces/action
[3.320s] -- Up-to-date: /home/reddy/ros2_ws/install/py_action_interfaces/include/py_action_interfaces/py_action_interfaces/action/detail
[3.320s] -- Installing: /home/reddy/ros2_ws/install/py_action_interfaces/include/py_action_interfaces/py_action_interfaces/action/detail/fibonacci__rosidl_typesupport_fastrtps_c.h
[3.320s] -- Installing: /home/reddy/ros2_ws/install/py_action_interfaces/lib/libpy_action_interfaces__rosidl_typesupport_fastrtps_c.so
[3.320s] -- Set runtime path of "/home/reddy/ros2_ws/install/py_action_interfaces/lib/libpy_action_interfaces__rosidl_typesupport_fastrtps_c.so" to ""
[3.320s] -- Up-to-date: /home/reddy/ros2_ws/install/py_action_interfaces/include/py_action_interfaces/py_action_interfaces
[3.321s] -- Up-to-date: /home/reddy/ros2_ws/install/py_action_interfaces/include/py_action_interfaces/py_action_interfaces/msg
[3.321s] -- Installing: /home/reddy/ros2_ws/install/py_action_interfaces/include/py_action_interfaces/py_action_interfaces/msg/rosidl_typesupport_introspection_c__visibility_control.h
[3.321s] -- Up-to-date: /home/reddy/ros2_ws/install/py_action_interfaces/include/py_action_interfaces/py_action_interfaces/action
[3.321s] -- Up-to-date: /home/reddy/ros2_ws/install/py_action_interfaces/include/py_action_interfaces/py_action_interfaces/action/detail
[3.321s] -- Installing: /home/reddy/ros2_ws/install/py_action_interfaces/include/py_action_interfaces/py_action_interfaces/action/detail/fibonacci__rosidl_typesupport_introspection_c.h
[3.321s] -- Installing: /home/reddy/ros2_ws/install/py_action_interfaces/include/py_action_interfaces/py_action_interfaces/action/detail/fibonacci__type_support.c
[3.321s] -- Installing: /home/reddy/ros2_ws/install/py_action_interfaces/lib/libpy_action_interfaces__rosidl_typesupport_introspection_c.so
[3.321s] -- Set runtime path of "/home/reddy/ros2_ws/install/py_action_interfaces/lib/libpy_action_interfaces__rosidl_typesupport_introspection_c.so" to ""
[3.321s] -- Installing: /home/reddy/ros2_ws/install/py_action_interfaces/lib/libpy_action_interfaces__rosidl_typesupport_c.so
[3.321s] -- Set runtime path of "/home/reddy/ros2_ws/install/py_action_interfaces/lib/libpy_action_interfaces__rosidl_typesupport_c.so" to ""
[3.322s] -- Up-to-date: /home/reddy/ros2_ws/install/py_action_interfaces/include/py_action_interfaces/py_action_interfaces
[3.322s] -- Up-to-date: /home/reddy/ros2_ws/install/py_action_interfaces/include/py_action_interfaces/py_action_interfaces/msg
[3.322s] -- Installing: /home/reddy/ros2_ws/install/py_action_interfaces/include/py_action_interfaces/py_action_interfaces/msg/rosidl_generator_cpp__visibility_control.hpp
[3.322s] -- Up-to-date: /home/reddy/ros2_ws/install/py_action_interfaces/include/py_action_interfaces/py_action_interfaces/action
[3.322s] -- Installing: /home/reddy/ros2_ws/install/py_action_interfaces/include/py_action_interfaces/py_action_interfaces/action/fibonacci.hpp
[3.322s] -- Up-to-date: /home/reddy/ros2_ws/install/py_action_interfaces/include/py_action_interfaces/py_action_interfaces/action/detail
[3.322s] -- Installing: /home/reddy/ros2_ws/install/py_action_interfaces/include/py_action_interfaces/py_action_interfaces/action/detail/fibonacci__traits.hpp
[3.322s] -- Installing: /home/reddy/ros2_ws/install/py_action_interfaces/include/py_action_interfaces/py_action_interfaces/action/detail/fibonacci__type_support.hpp
[3.322s] -- Installing: /home/reddy/ros2_ws/install/py_action_interfaces/include/py_action_interfaces/py_action_interfaces/action/detail/fibonacci__struct.hpp
[3.322s] -- Installing: /home/reddy/ros2_ws/install/py_action_interfaces/include/py_action_interfaces/py_action_interfaces/action/detail/fibonacci__builder.hpp
[3.322s] -- Up-to-date: /home/reddy/ros2_ws/install/py_action_interfaces/include/py_action_interfaces/py_action_interfaces
[3.323s] -- Up-to-date: /home/reddy/ros2_ws/install/py_action_interfaces/include/py_action_interfaces/py_action_interfaces/msg
[3.323s] -- Installing: /home/reddy/ros2_ws/install/py_action_interfaces/include/py_action_interfaces/py_action_interfaces/msg/rosidl_typesupport_fastrtps_cpp__visibility_control.h
[3.323s] -- Up-to-date: /home/reddy/ros2_ws/install/py_action_interfaces/include/py_action_interfaces/py_action_interfaces/action
[3.323s] -- Up-to-date: /home/reddy/ros2_ws/install/py_action_interfaces/include/py_action_interfaces/py_action_interfaces/action/detail
[3.323s] -- Installing: /home/reddy/ros2_ws/install/py_action_interfaces/include/py_action_interfaces/py_action_interfaces/action/detail/fibonacci__rosidl_typesupport_fastrtps_cpp.hpp
[3.323s] -- Installing: /home/reddy/ros2_ws/install/py_action_interfaces/include/py_action_interfaces/py_action_interfaces/action/detail/dds_fastrtps
[3.323s] -- Installing: /home/reddy/ros2_ws/install/py_action_interfaces/lib/libpy_action_interfaces__rosidl_typesupport_fastrtps_cpp.so
[3.323s] -- Set runtime path of "/home/reddy/ros2_ws/install/py_action_interfaces/lib/libpy_action_interfaces__rosidl_typesupport_fastrtps_cpp.so" to ""
[3.323s] -- Up-to-date: /home/reddy/ros2_ws/install/py_action_interfaces/include/py_action_interfaces/py_action_interfaces
[3.323s] -- Up-to-date: /home/reddy/ros2_ws/install/py_action_interfaces/include/py_action_interfaces/py_action_interfaces/action
[3.323s] -- Up-to-date: /home/reddy/ros2_ws/install/py_action_interfaces/include/py_action_interfaces/py_action_interfaces/action/detail
[3.323s] -- Installing: /home/reddy/ros2_ws/install/py_action_interfaces/include/py_action_interfaces/py_action_interfaces/action/detail/fibonacci__type_support.cpp
[3.323s] -- Installing: /home/reddy/ros2_ws/install/py_action_interfaces/include/py_action_interfaces/py_action_interfaces/action/detail/fibonacci__rosidl_typesupport_introspection_cpp.hpp
[3.324s] -- Installing: /home/reddy/ros2_ws/install/py_action_interfaces/lib/libpy_action_interfaces__rosidl_typesupport_introspection_cpp.so
[3.324s] -- Set runtime path of "/home/reddy/ros2_ws/install/py_action_interfaces/lib/libpy_action_interfaces__rosidl_typesupport_introspection_cpp.so" to ""
[3.324s] -- Installing: /home/reddy/ros2_ws/install/py_action_interfaces/lib/libpy_action_interfaces__rosidl_typesupport_cpp.so
[3.324s] -- Set runtime path of "/home/reddy/ros2_ws/install/py_action_interfaces/lib/libpy_action_interfaces__rosidl_typesupport_cpp.so" to ""
[3.324s] -- Installing: /home/reddy/ros2_ws/install/py_action_interfaces/share/py_action_interfaces/environment/pythonpath.sh
[3.324s] -- Installing: /home/reddy/ros2_ws/install/py_action_interfaces/share/py_action_interfaces/environment/pythonpath.dsv
[3.324s] -- Installing: /home/reddy/ros2_ws/install/py_action_interfaces/local/lib/python3.10/dist-packages/py_action_interfaces-0.0.0-py3.10.egg-info
[3.324s] -- Installing: /home/reddy/ros2_ws/install/py_action_interfaces/local/lib/python3.10/dist-packages/py_action_interfaces-0.0.0-py3.10.egg-info/SOURCES.txt
[3.324s] -- Installing: /home/reddy/ros2_ws/install/py_action_interfaces/local/lib/python3.10/dist-packages/py_action_interfaces-0.0.0-py3.10.egg-info/PKG-INFO
[3.324s] -- Installing: /home/reddy/ros2_ws/install/py_action_interfaces/local/lib/python3.10/dist-packages/py_action_interfaces-0.0.0-py3.10.egg-info/dependency_links.txt
[3.324s] -- Installing: /home/reddy/ros2_ws/install/py_action_interfaces/local/lib/python3.10/dist-packages/py_action_interfaces-0.0.0-py3.10.egg-info/top_level.txt
[3.324s] -- Installing: /home/reddy/ros2_ws/install/py_action_interfaces/local/lib/python3.10/dist-packages/py_action_interfaces
[3.324s] -- Installing: /home/reddy/ros2_ws/install/py_action_interfaces/local/lib/python3.10/dist-packages/py_action_interfaces/py_action_interfaces_s__rosidl_typesupport_introspection_c.cpython-310-x86_64-linux-gnu.so
[3.325s] -- Installing: /home/reddy/ros2_ws/install/py_action_interfaces/local/lib/python3.10/dist-packages/py_action_interfaces/libpy_action_interfaces__rosidl_generator_py.so
[3.325s] -- Installing: /home/reddy/ros2_ws/install/py_action_interfaces/local/lib/python3.10/dist-packages/py_action_interfaces/_py_action_interfaces_s.ep.rosidl_typesupport_c.c
[3.325s] -- Installing: /home/reddy/ros2_ws/install/py_action_interfaces/local/lib/python3.10/dist-packages/py_action_interfaces/action
[3.325s] -- Installing: /home/reddy/ros2_ws/install/py_action_interfaces/local/lib/python3.10/dist-packages/py_action_interfaces/action/_fibonacci.py
[3.325s] -- Installing: /home/reddy/ros2_ws/install/py_action_interfaces/local/lib/python3.10/dist-packages/py_action_interfaces/action/__init__.py
[3.325s] -- Installing: /home/reddy/ros2_ws/install/py_action_interfaces/local/lib/python3.10/dist-packages/py_action_interfaces/action/_fibonacci_s.c
[3.325s] -- Installing: /home/reddy/ros2_ws/install/py_action_interfaces/local/lib/python3.10/dist-packages/py_action_interfaces/_py_action_interfaces_s.ep.rosidl_typesupport_fastrtps_c.c
[3.325s] -- Installing: /home/reddy/ros2_ws/install/py_action_interfaces/local/lib/python3.10/dist-packages/py_action_interfaces/__init__.py
[3.325s] -- Installing: /home/reddy/ros2_ws/install/py_action_interfaces/local/lib/python3.10/dist-packages/py_action_interfaces/py_action_interfaces_s__rosidl_typesupport_fastrtps_c.cpython-310-x86_64-linux-gnu.so
[3.325s] -- Installing: /home/reddy/ros2_ws/install/py_action_interfaces/local/lib/python3.10/dist-packages/py_action_interfaces/py_action_interfaces_s__rosidl_typesupport_c.cpython-310-x86_64-linux-gnu.so
[3.325s] -- Installing: /home/reddy/ros2_ws/install/py_action_interfaces/local/lib/python3.10/dist-packages/py_action_interfaces/_py_action_interfaces_s.ep.rosidl_typesupport_introspection_c.c
[3.351s] Listing '/home/reddy/ros2_ws/install/py_action_interfaces/local/lib/python3.10/dist-packages/py_action_interfaces'...
[3.351s] Compiling '/home/reddy/ros2_ws/install/py_action_interfaces/local/lib/python3.10/dist-packages/py_action_interfaces/__init__.py'...
[3.351s] Listing '/home/reddy/ros2_ws/install/py_action_interfaces/local/lib/python3.10/dist-packages/py_action_interfaces/action'...
[3.351s] Compiling '/home/reddy/ros2_ws/install/py_action_interfaces/local/lib/python3.10/dist-packages/py_action_interfaces/action/__init__.py'...
[3.351s] Compiling '/home/reddy/ros2_ws/install/py_action_interfaces/local/lib/python3.10/dist-packages/py_action_interfaces/action/_fibonacci.py'...
[3.354s] -- Installing: /home/reddy/ros2_ws/install/py_action_interfaces/local/lib/python3.10/dist-packages/py_action_interfaces/py_action_interfaces_s__rosidl_typesupport_fastrtps_c.cpython-310-x86_64-linux-gnu.so
[3.354s] -- Set runtime path of "/home/reddy/ros2_ws/install/py_action_interfaces/local/lib/python3.10/dist-packages/py_action_interfaces/py_action_interfaces_s__rosidl_typesupport_fastrtps_c.cpython-310-x86_64-linux-gnu.so" to ""
[3.354s] -- Installing: /home/reddy/ros2_ws/install/py_action_interfaces/local/lib/python3.10/dist-packages/py_action_interfaces/py_action_interfaces_s__rosidl_typesupport_introspection_c.cpython-310-x86_64-linux-gnu.so
[3.354s] -- Set runtime path of "/home/reddy/ros2_ws/install/py_action_interfaces/local/lib/python3.10/dist-packages/py_action_interfaces/py_action_interfaces_s__rosidl_typesupport_introspection_c.cpython-310-x86_64-linux-gnu.so" to ""
[3.354s] -- Installing: /home/reddy/ros2_ws/install/py_action_interfaces/local/lib/python3.10/dist-packages/py_action_interfaces/py_action_interfaces_s__rosidl_typesupport_c.cpython-310-x86_64-linux-gnu.so
[3.354s] -- Set runtime path of "/home/reddy/ros2_ws/install/py_action_interfaces/local/lib/python3.10/dist-packages/py_action_interfaces/py_action_interfaces_s__rosidl_typesupport_c.cpython-310-x86_64-linux-gnu.so" to ""
[3.355s] -- Installing: /home/reddy/ros2_ws/install/py_action_interfaces/lib/libpy_action_interfaces__rosidl_generator_py.so
[3.355s] -- Set runtime path of "/home/reddy/ros2_ws/install/py_action_interfaces/lib/libpy_action_interfaces__rosidl_generator_py.so" to ""
[3.355s] -- Installing: /home/reddy/ros2_ws/install/py_action_interfaces/share/py_action_interfaces/action/Fibonacci.idl
[3.355s] -- Installing: /home/reddy/ros2_ws/install/py_action_interfaces/share/py_action_interfaces/action/Fibonacci.action
[3.355s] -- Installing: /home/reddy/ros2_ws/install/py_action_interfaces/share/ament_index/resource_index/package_run_dependencies/py_action_interfaces
[3.355s] -- Installing: /home/reddy/ros2_ws/install/py_action_interfaces/share/ament_index/resource_index/parent_prefix_path/py_action_interfaces
[3.355s] -- Installing: /home/reddy/ros2_ws/install/py_action_interfaces/share/py_action_interfaces/environment/ament_prefix_path.sh
[3.355s] -- Installing: /home/reddy/ros2_ws/install/py_action_interfaces/share/py_action_interfaces/environment/ament_prefix_path.dsv
[3.355s] -- Installing: /home/reddy/ros2_ws/install/py_action_interfaces/share/py_action_interfaces/environment/path.sh
[3.356s] -- Installing: /home/reddy/ros2_ws/install/py_action_interfaces/share/py_action_interfaces/environment/path.dsv
[3.356s] -- Installing: /home/reddy/ros2_ws/install/py_action_interfaces/share/py_action_interfaces/local_setup.bash
[3.356s] -- Installing: /home/reddy/ros2_ws/install/py_action_interfaces/share/py_action_interfaces/local_setup.sh
[3.356s] -- Installing: /home/reddy/ros2_ws/install/py_action_interfaces/share/py_action_interfaces/local_setup.zsh
[3.356s] -- Installing: /home/reddy/ros2_ws/install/py_action_interfaces/share/py_action_interfaces/local_setup.dsv
[3.356s] -- Installing: /home/reddy/ros2_ws/install/py_action_interfaces/share/py_action_interfaces/package.dsv
[3.356s] -- Installing: /home/reddy/ros2_ws/install/py_action_interfaces/share/ament_index/resource_index/packages/py_action_interfaces
[3.356s] -- Installing: /home/reddy/ros2_ws/install/py_action_interfaces/share/py_action_interfaces/cmake/export_py_action_interfaces__rosidl_generator_cExport.cmake
[3.356s] -- Installing: /home/reddy/ros2_ws/install/py_action_interfaces/share/py_action_interfaces/cmake/export_py_action_interfaces__rosidl_generator_cExport-noconfig.cmake
[3.356s] -- Installing: /home/reddy/ros2_ws/install/py_action_interfaces/share/py_action_interfaces/cmake/export_py_action_interfaces__rosidl_typesupport_fastrtps_cExport.cmake
[3.356s] -- Installing: /home/reddy/ros2_ws/install/py_action_interfaces/share/py_action_interfaces/cmake/export_py_action_interfaces__rosidl_typesupport_fastrtps_cExport-noconfig.cmake
[3.356s] -- Installing: /home/reddy/ros2_ws/install/py_action_interfaces/share/py_action_interfaces/cmake/py_action_interfaces__rosidl_typesupport_introspection_cExport.cmake
[3.357s] -- Installing: /home/reddy/ros2_ws/install/py_action_interfaces/share/py_action_interfaces/cmake/py_action_interfaces__rosidl_typesupport_introspection_cExport-noconfig.cmake
[3.357s] -- Installing: /home/reddy/ros2_ws/install/py_action_interfaces/share/py_action_interfaces/cmake/py_action_interfaces__rosidl_typesupport_cExport.cmake
[3.357s] -- Installing: /home/reddy/ros2_ws/install/py_action_interfaces/share/py_action_interfaces/cmake/py_action_interfaces__rosidl_typesupport_cExport-noconfig.cmake
[3.358s] -- Installing: /home/reddy/ros2_ws/install/py_action_interfaces/share/py_action_interfaces/cmake/export_py_action_interfaces__rosidl_generator_cppExport.cmake
[3.358s] -- Installing: /home/reddy/ros2_ws/install/py_action_interfaces/share/py_action_interfaces/cmake/export_py_action_interfaces__rosidl_typesupport_fastrtps_cppExport.cmake
[3.358s] -- Installing: /home/reddy/ros2_ws/install/py_action_interfaces/share/py_action_interfaces/cmake/export_py_action_interfaces__rosidl_typesupport_fastrtps_cppExport-noconfig.cmake
[3.358s] -- Installing: /home/reddy/ros2_ws/install/py_action_interfaces/share/py_action_interfaces/cmake/py_action_interfaces__rosidl_typesupport_introspection_cppExport.cmake
[3.358s] -- Installing: /home/reddy/ros2_ws/install/py_action_interfaces/share/py_action_interfaces/cmake/py_action_interfaces__rosidl_typesupport_introspection_cppExport-noconfig.cmake
[3.358s] -- Installing: /home/reddy/ros2_ws/install/py_action_interfaces/share/py_action_interfaces/cmake/py_action_interfaces__rosidl_typesupport_cppExport.cmake
[3.358s] -- Installing: /home/reddy/ros2_ws/install/py_action_interfaces/share/py_action_interfaces/cmake/py_action_interfaces__rosidl_typesupport_cppExport-noconfig.cmake
[3.358s] -- Installing: /home/reddy/ros2_ws/install/py_action_interfaces/share/py_action_interfaces/cmake/export_py_action_interfaces__rosidl_generator_pyExport.cmake
[3.358s] -- Installing: /home/reddy/ros2_ws/install/py_action_interfaces/share/py_action_interfaces/cmake/export_py_action_interfaces__rosidl_generator_pyExport-noconfig.cmake
[3.358s] -- Installing: /home/reddy/ros2_ws/install/py_action_interfaces/share/py_action_interfaces/cmake/rosidl_cmake-extras.cmake
[3.359s] -- Installing: /home/reddy/ros2_ws/install/py_action_interfaces/share/py_action_interfaces/cmake/ament_cmake_export_dependencies-extras.cmake
[3.359s] -- Installing: /home/reddy/ros2_ws/install/py_action_interfaces/share/py_action_interfaces/cmake/ament_cmake_export_include_directories-extras.cmake
[3.359s] -- Installing: /home/reddy/ros2_ws/install/py_action_interfaces/share/py_action_interfaces/cmake/ament_cmake_export_libraries-extras.cmake
[3.359s] -- Installing: /home/reddy/ros2_ws/install/py_action_interfaces/share/py_action_interfaces/cmake/ament_cmake_export_targets-extras.cmake
[3.359s] -- Installing: /home/reddy/ros2_ws/install/py_action_interfaces/share/py_action_interfaces/cmake/rosidl_cmake_export_typesupport_targets-extras.cmake
[3.359s] -- Installing: /home/reddy/ros2_ws/install/py_action_interfaces/share/py_action_interfaces/cmake/rosidl_cmake_export_typesupport_libraries-extras.cmake
[3.359s] -- Installing: /home/reddy/ros2_ws/install/py_action_interfaces/share/py_action_interfaces/cmake/py_action_interfacesConfig.cmake
[3.359s] -- Installing: /home/reddy/ros2_ws/install/py_action_interfaces/share/py_action_interfaces/cmake/py_action_interfacesConfig-version.cmake
[3.359s] -- Installing: /home/reddy/ros2_ws/install/py_action_interfaces/share/py_action_interfaces/package.xml
[3.360s] Invoked command in '/home/reddy/ros2_ws/build/py_action_interfaces' returned '0': CMAKE_PREFIX_PATH=${CMAKE_PREFIX_PATH}:/home/reddy/ros2_ws/install/py_service:/home/reddy/ros2_ws/install/py_clint:/home/reddy/ros2_ws/install/launch_testing_examples:/home/reddy/ros2_ws/install/examples_rclpy_pointcloud_publisher:/home/reddy/ros2_ws/install/examples_rclpy_minimal_subscriber:/home/reddy/ros2_ws/install/examples_rclpy_minimal_service:/home/reddy/ros2_ws/install/examples_rclpy_minimal_publisher:/home/reddy/ros2_ws/install/examples_rclpy_minimal_client:/home/reddy/ros2_ws/install/examples_rclpy_minimal_action_server:/home/reddy/ros2_ws/install/examples_rclpy_minimal_action_client:/home/reddy/ros2_ws/install/examples_rclpy_guard_conditions:/home/reddy/ros2_ws/install/examples_rclpy_executors:/home/reddy/ros2_ws/install/py_action:/home/reddy/ros2_ws/install/py_srvcli:/home/reddy/ros2_ws/install/py_pubsub:/home/reddy/ros2_ws/install/py_params:/opt/ros/humble /usr/bin/cmake --install /home/reddy/ros2_ws/build/py_action_interfaces
