[3.101s] Invoking command in '/home/reddy/ros2_ws/src/examples/rclpy/guard_conditions': PYTHONPATH=/home/reddy/ros2_ws/build/examples_rclpy_guard_conditions/prefix_override:/usr/lib/python3/dist-packages/colcon_core/task/python/colcon_distutils_commands:/home/reddy/ros2_ws/install/examples_rclpy_guard_conditions/lib/python3.10/site-packages:${PYTHONPATH} /usr/bin/python3 -W ignore:setup.py install is deprecated -W ignore:easy_install command is deprecated setup.py egg_info --egg-base ../../../../build/examples_rclpy_guard_conditions build --build-base /home/reddy/ros2_ws/build/examples_rclpy_guard_conditions/build install --record /home/reddy/ros2_ws/build/examples_rclpy_guard_conditions/install.log --single-version-externally-managed install_data
[3.469s] running egg_info
[3.469s] creating ../../../../build/examples_rclpy_guard_conditions/examples_rclpy_guard_conditions.egg-info
[3.469s] writing ../../../../build/examples_rclpy_guard_conditions/examples_rclpy_guard_conditions.egg-info/PKG-INFO
[3.469s] writing dependency_links to ../../../../build/examples_rclpy_guard_conditions/examples_rclpy_guard_conditions.egg-info/dependency_links.txt
[3.469s] writing entry points to ../../../../build/examples_rclpy_guard_conditions/examples_rclpy_guard_conditions.egg-info/entry_points.txt
[3.470s] writing requirements to ../../../../build/examples_rclpy_guard_conditions/examples_rclpy_guard_conditions.egg-info/requires.txt
[3.470s] writing top-level names to ../../../../build/examples_rclpy_guard_conditions/examples_rclpy_guard_conditions.egg-info/top_level.txt
[3.470s] writing manifest file '../../../../build/examples_rclpy_guard_conditions/examples_rclpy_guard_conditions.egg-info/SOURCES.txt'
[3.470s] reading manifest file '../../../../build/examples_rclpy_guard_conditions/examples_rclpy_guard_conditions.egg-info/SOURCES.txt'
[3.470s] writing manifest file '../../../../build/examples_rclpy_guard_conditions/examples_rclpy_guard_conditions.egg-info/SOURCES.txt'
[3.470s] running build
[3.470s] running build_py
[3.470s] creating /home/reddy/ros2_ws/build/examples_rclpy_guard_conditions/build
[3.470s] creating /home/reddy/ros2_ws/build/examples_rclpy_guard_conditions/build/lib
[3.471s] creating /home/reddy/ros2_ws/build/examples_rclpy_guard_conditions/build/lib/examples_rclpy_guard_conditions
[3.471s] copying examples_rclpy_guard_conditions/trigger_guard_condition.py -> /home/reddy/ros2_ws/build/examples_rclpy_guard_conditions/build/lib/examples_rclpy_guard_conditions
[3.471s] copying examples_rclpy_guard_conditions/__init__.py -> /home/reddy/ros2_ws/build/examples_rclpy_guard_conditions/build/lib/examples_rclpy_guard_conditions
[3.471s] running install
[3.471s] running install_lib
[3.471s] creating /home/reddy/ros2_ws/install/examples_rclpy_guard_conditions/lib/python3.10/site-packages/examples_rclpy_guard_conditions
[3.471s] copying /home/reddy/ros2_ws/build/examples_rclpy_guard_conditions/build/lib/examples_rclpy_guard_conditions/trigger_guard_condition.py -> /home/reddy/ros2_ws/install/examples_rclpy_guard_conditions/lib/python3.10/site-packages/examples_rclpy_guard_conditions
[3.471s] copying /home/reddy/ros2_ws/build/examples_rclpy_guard_conditions/build/lib/examples_rclpy_guard_conditions/__init__.py -> /home/reddy/ros2_ws/install/examples_rclpy_guard_conditions/lib/python3.10/site-packages/examples_rclpy_guard_conditions
[3.471s] byte-compiling /home/reddy/ros2_ws/install/examples_rclpy_guard_conditions/lib/python3.10/site-packages/examples_rclpy_guard_conditions/trigger_guard_condition.py to trigger_guard_condition.cpython-310.pyc
[3.471s] byte-compiling /home/reddy/ros2_ws/install/examples_rclpy_guard_conditions/lib/python3.10/site-packages/examples_rclpy_guard_conditions/__init__.py to __init__.cpython-310.pyc
[3.471s] running install_data
[3.471s] creating /home/reddy/ros2_ws/install/examples_rclpy_guard_conditions/share/ament_index
[3.472s] creating /home/reddy/ros2_ws/install/examples_rclpy_guard_conditions/share/ament_index/resource_index
[3.472s] creating /home/reddy/ros2_ws/install/examples_rclpy_guard_conditions/share/ament_index/resource_index/packages
[3.472s] copying resource/examples_rclpy_guard_conditions -> /home/reddy/ros2_ws/install/examples_rclpy_guard_conditions/share/ament_index/resource_index/packages
[3.472s] copying package.xml -> /home/reddy/ros2_ws/install/examples_rclpy_guard_conditions/share/examples_rclpy_guard_conditions
[3.472s] running install_egg_info
[3.472s] Copying ../../../../build/examples_rclpy_guard_conditions/examples_rclpy_guard_conditions.egg-info to /home/reddy/ros2_ws/install/examples_rclpy_guard_conditions/lib/python3.10/site-packages/examples_rclpy_guard_conditions-0.15.3-py3.10.egg-info
[3.472s] running install_scripts
[3.472s] Installing trigger_guard_condition script to /home/reddy/ros2_ws/install/examples_rclpy_guard_conditions/lib/examples_rclpy_guard_conditions
[3.472s] writing list of installed files to '/home/reddy/ros2_ws/build/examples_rclpy_guard_conditions/install.log'
[3.506s] Invoked command in '/home/reddy/ros2_ws/src/examples/rclpy/guard_conditions' returned '0': PYTHONPATH=/home/reddy/ros2_ws/build/examples_rclpy_guard_conditions/prefix_override:/usr/lib/python3/dist-packages/colcon_core/task/python/colcon_distutils_commands:/home/reddy/ros2_ws/install/examples_rclpy_guard_conditions/lib/python3.10/site-packages:${PYTHONPATH} /usr/bin/python3 -W ignore:setup.py install is deprecated -W ignore:easy_install command is deprecated setup.py egg_info --egg-base ../../../../build/examples_rclpy_guard_conditions build --build-base /home/reddy/ros2_ws/build/examples_rclpy_guard_conditions/build install --record /home/reddy/ros2_ws/build/examples_rclpy_guard_conditions/install.log --single-version-externally-managed install_data
