[2.974s] Invoking command in '/home/reddy/ros2_ws/src/py_params': PYTHONPATH=/home/reddy/ros2_ws/build/py_params/prefix_override:/usr/lib/python3/dist-packages/colcon_core/task/python/colcon_distutils_commands:/home/reddy/ros2_ws/install/py_params/lib/python3.10/site-packages:${PYTHONPATH} /usr/bin/python3 -W ignore:setup.py install is deprecated -W ignore:easy_install command is deprecated setup.py egg_info --egg-base ../../build/py_params build --build-base /home/reddy/ros2_ws/build/py_params/build install --record /home/reddy/ros2_ws/build/py_params/install.log --single-version-externally-managed install_data
[3.224s] running egg_info
[3.225s] creating ../../build/py_params/py_params.egg-info
[3.225s] writing ../../build/py_params/py_params.egg-info/PKG-INFO
[3.226s] writing dependency_links to ../../build/py_params/py_params.egg-info/dependency_links.txt
[3.226s] writing entry points to ../../build/py_params/py_params.egg-info/entry_points.txt
[3.226s] writing requirements to ../../build/py_params/py_params.egg-info/requires.txt
[3.226s] writing top-level names to ../../build/py_params/py_params.egg-info/top_level.txt
[3.226s] writing manifest file '../../build/py_params/py_params.egg-info/SOURCES.txt'
[3.229s] reading manifest file '../../build/py_params/py_params.egg-info/SOURCES.txt'
[3.231s] writing manifest file '../../build/py_params/py_params.egg-info/SOURCES.txt'
[3.231s] running build
[3.231s] running build_py
[3.231s] creating /home/reddy/ros2_ws/build/py_params/build
[3.231s] creating /home/reddy/ros2_ws/build/py_params/build/lib
[3.232s] creating /home/reddy/ros2_ws/build/py_params/build/lib/py_params
[3.232s] copying py_params/configurable_talker.py -> /home/reddy/ros2_ws/build/py_params/build/lib/py_params
[3.233s] copying py_params/__init__.py -> /home/reddy/ros2_ws/build/py_params/build/lib/py_params
[3.233s] running install
[3.233s] running install_lib
[3.234s] creating /home/reddy/ros2_ws/install/py_params/lib/python3.10/site-packages/py_params
[3.236s] copying /home/reddy/ros2_ws/build/py_params/build/lib/py_params/configurable_talker.py -> /home/reddy/ros2_ws/install/py_params/lib/python3.10/site-packages/py_params
[3.237s] copying /home/reddy/ros2_ws/build/py_params/build/lib/py_params/__init__.py -> /home/reddy/ros2_ws/install/py_params/lib/python3.10/site-packages/py_params
[3.237s] byte-compiling /home/reddy/ros2_ws/install/py_params/lib/python3.10/site-packages/py_params/configurable_talker.py to configurable_talker.cpython-310.pyc
[3.240s] byte-compiling /home/reddy/ros2_ws/install/py_params/lib/python3.10/site-packages/py_params/__init__.py to __init__.cpython-310.pyc
[3.241s] running install_data
[3.241s] creating /home/reddy/ros2_ws/install/py_params/share/ament_index
[3.242s] creating /home/reddy/ros2_ws/install/py_params/share/ament_index/resource_index
[3.242s] creating /home/reddy/ros2_ws/install/py_params/share/ament_index/resource_index/packages
[3.242s] copying resource/py_params -> /home/reddy/ros2_ws/install/py_params/share/ament_index/resource_index/packages
[3.243s] copying package.xml -> /home/reddy/ros2_ws/install/py_params/share/py_params
[3.243s] creating /home/reddy/ros2_ws/install/py_params/share/py_params/launch
[3.243s] copying launch/demo_system.launch.py -> /home/reddy/ros2_ws/install/py_params/share/py_params/launch
[3.243s] copying talker_params.yaml -> /home/reddy/ros2_ws/install/py_params/share/py_params
[3.245s] running install_egg_info
[3.246s] Copying ../../build/py_params/py_params.egg-info to /home/reddy/ros2_ws/install/py_params/lib/python3.10/site-packages/py_params-0.0.0-py3.10.egg-info
[3.248s] running install_scripts
[3.270s] Installing configurable_talker script to /home/reddy/ros2_ws/install/py_params/bin
[3.270s] writing list of installed files to '/home/reddy/ros2_ws/build/py_params/install.log'
[3.302s] Invoked command in '/home/reddy/ros2_ws/src/py_params' returned '0': PYTHONPATH=/home/reddy/ros2_ws/build/py_params/prefix_override:/usr/lib/python3/dist-packages/colcon_core/task/python/colcon_distutils_commands:/home/reddy/ros2_ws/install/py_params/lib/python3.10/site-packages:${PYTHONPATH} /usr/bin/python3 -W ignore:setup.py install is deprecated -W ignore:easy_install command is deprecated setup.py egg_info --egg-base ../../build/py_params build --build-base /home/reddy/ros2_ws/build/py_params/build install --record /home/reddy/ros2_ws/build/py_params/install.log --single-version-externally-managed install_data
