[3.074s] Invoking command in '/home/reddy/ros2_ws/src/py_action': PYTHONPATH=/home/reddy/ros2_ws/build/py_action/prefix_override:/usr/lib/python3/dist-packages/colcon_core/task/python/colcon_distutils_commands:/home/reddy/ros2_ws/install/py_action/lib/python3.10/site-packages:${PYTHONPATH} /usr/bin/python3 -W ignore:setup.py install is deprecated -W ignore:easy_install command is deprecated setup.py egg_info --egg-base ../../build/py_action build --build-base /home/reddy/ros2_ws/build/py_action/build install --record /home/reddy/ros2_ws/build/py_action/install.log --single-version-externally-managed install_data
[3.439s] running egg_info
[3.439s] creating ../../build/py_action/py_action.egg-info
[3.439s] writing ../../build/py_action/py_action.egg-info/PKG-INFO
[3.439s] writing dependency_links to ../../build/py_action/py_action.egg-info/dependency_links.txt
[3.439s] writing entry points to ../../build/py_action/py_action.egg-info/entry_points.txt
[3.439s] writing requirements to ../../build/py_action/py_action.egg-info/requires.txt
[3.439s] writing top-level names to ../../build/py_action/py_action.egg-info/top_level.txt
[3.440s] writing manifest file '../../build/py_action/py_action.egg-info/SOURCES.txt'
[3.440s] reading manifest file '../../build/py_action/py_action.egg-info/SOURCES.txt'
[3.440s] writing manifest file '../../build/py_action/py_action.egg-info/SOURCES.txt'
[3.440s] running build
[3.440s] running build_py
[3.440s] creating /home/reddy/ros2_ws/build/py_action/build
[3.440s] creating /home/reddy/ros2_ws/build/py_action/build/lib
[3.440s] creating /home/reddy/ros2_ws/build/py_action/build/lib/py_action
[3.440s] copying py_action/fibonacci_action_client.py -> /home/reddy/ros2_ws/build/py_action/build/lib/py_action
[3.440s] copying py_action/fibonacci_action_server.py -> /home/reddy/ros2_ws/build/py_action/build/lib/py_action
[3.440s] copying py_action/__init__.py -> /home/reddy/ros2_ws/build/py_action/build/lib/py_action
[3.441s] running install
[3.441s] running install_lib
[3.441s] creating /home/reddy/ros2_ws/install/py_action/lib/python3.10/site-packages/py_action
[3.441s] copying /home/reddy/ros2_ws/build/py_action/build/lib/py_action/fibonacci_action_client.py -> /home/reddy/ros2_ws/install/py_action/lib/python3.10/site-packages/py_action
[3.441s] copying /home/reddy/ros2_ws/build/py_action/build/lib/py_action/fibonacci_action_server.py -> /home/reddy/ros2_ws/install/py_action/lib/python3.10/site-packages/py_action
[3.441s] copying /home/reddy/ros2_ws/build/py_action/build/lib/py_action/__init__.py -> /home/reddy/ros2_ws/install/py_action/lib/python3.10/site-packages/py_action
[3.441s] byte-compiling /home/reddy/ros2_ws/install/py_action/lib/python3.10/site-packages/py_action/fibonacci_action_client.py to fibonacci_action_client.cpython-310.pyc
[3.441s] byte-compiling /home/reddy/ros2_ws/install/py_action/lib/python3.10/site-packages/py_action/fibonacci_action_server.py to fibonacci_action_server.cpython-310.pyc
[3.441s] byte-compiling /home/reddy/ros2_ws/install/py_action/lib/python3.10/site-packages/py_action/__init__.py to __init__.cpython-310.pyc
[3.441s] running install_data
[3.441s] creating /home/reddy/ros2_ws/install/py_action/share/ament_index
[3.441s] creating /home/reddy/ros2_ws/install/py_action/share/ament_index/resource_index
[3.441s] creating /home/reddy/ros2_ws/install/py_action/share/ament_index/resource_index/packages
[3.442s] copying resource/py_action -> /home/reddy/ros2_ws/install/py_action/share/ament_index/resource_index/packages
[3.442s] copying package.xml -> /home/reddy/ros2_ws/install/py_action/share/py_action
[3.442s] running install_egg_info
[3.442s] Copying ../../build/py_action/py_action.egg-info to /home/reddy/ros2_ws/install/py_action/lib/python3.10/site-packages/py_action-0.0.0-py3.10.egg-info
[3.442s] running install_scripts
[3.442s] Installing fibonacci_action_client script to /home/reddy/ros2_ws/install/py_action/lib/py_action
[3.442s] Installing fibonacci_action_server script to /home/reddy/ros2_ws/install/py_action/lib/py_action
[3.442s] writing list of installed files to '/home/reddy/ros2_ws/build/py_action/install.log'
[3.483s] Invoked command in '/home/reddy/ros2_ws/src/py_action' returned '0': PYTHONPATH=/home/reddy/ros2_ws/build/py_action/prefix_override:/usr/lib/python3/dist-packages/colcon_core/task/python/colcon_distutils_commands:/home/reddy/ros2_ws/install/py_action/lib/python3.10/site-packages:${PYTHONPATH} /usr/bin/python3 -W ignore:setup.py install is deprecated -W ignore:easy_install command is deprecated setup.py egg_info --egg-base ../../build/py_action build --build-base /home/reddy/ros2_ws/build/py_action/build install --record /home/reddy/ros2_ws/build/py_action/install.log --single-version-externally-managed install_data
