[0.081s] Invoking command in '/home/reddy/ros2_ws/build/examples_rclcpp_minimal_client': CMAKE_PREFIX_PATH=${CMAKE_PREFIX_PATH}:/home/reddy/ros2_ws/install/py_service:/home/reddy/ros2_ws/install/py_clint:/home/reddy/ros2_ws/install/launch_testing_examples:/home/reddy/ros2_ws/install/examples_rclpy_pointcloud_publisher:/home/reddy/ros2_ws/install/examples_rclpy_minimal_subscriber:/home/reddy/ros2_ws/install/examples_rclpy_minimal_service:/home/reddy/ros2_ws/install/examples_rclpy_minimal_publisher:/home/reddy/ros2_ws/install/examples_rclpy_minimal_client:/home/reddy/ros2_ws/install/examples_rclpy_minimal_action_server:/home/reddy/ros2_ws/install/examples_rclpy_minimal_action_client:/home/reddy/ros2_ws/install/examples_rclpy_guard_conditions:/home/reddy/ros2_ws/install/examples_rclpy_executors:/home/reddy/ros2_ws/install/py_action:/home/reddy/ros2_ws/install/py_srvcli:/home/reddy/ros2_ws/install/py_pubsub:/home/reddy/ros2_ws/install/py_params:/opt/ros/humble /usr/bin/cmake /home/reddy/ros2_ws/src/examples/rclcpp/services/minimal_client -DCMAKE_INSTALL_PREFIX=/home/reddy/ros2_ws/install/examples_rclcpp_minimal_client
[2.432s] -- The C compiler identification is GNU 11.4.0
[2.432s] -- The CXX compiler identification is GNU 11.4.0
[2.432s] -- Detecting C compiler ABI info
[2.432s] -- Detecting C compiler ABI info - done
[2.432s] -- Check for working C compiler: /usr/bin/cc - skipped
[2.432s] -- Detecting C compile features
[2.432s] -- Detecting C compile features - done
[2.432s] -- Detecting CXX compiler ABI info
[2.432s] -- Detecting CXX compiler ABI info - done
[2.432s] -- Check for working CXX compiler: /usr/bin/c++ - skipped
[2.432s] -- Detecting CXX compile features
[2.433s] -- Detecting CXX compile features - done
[2.433s] -- Found ament_cmake: 1.3.11 (/opt/ros/humble/share/ament_cmake/cmake)
[2.433s] -- Found Python3: /usr/bin/python3 (found version "3.10.12") found components: Interpreter 
[2.433s] -- Found example_interfaces: 0.9.3 (/opt/ros/humble/share/example_interfaces/cmake)
[2.433s] -- Found rosidl_generator_c: 3.1.6 (/opt/ros/humble/share/rosidl_generator_c/cmake)
[2.433s] -- Found rosidl_adapter: 3.1.6 (/opt/ros/humble/share/rosidl_adapter/cmake)
[2.433s] -- Found rosidl_generator_cpp: 3.1.6 (/opt/ros/humble/share/rosidl_generator_cpp/cmake)
[2.433s] -- Using all available rosidl_typesupport_c: rosidl_typesupport_fastrtps_c;rosidl_typesupport_introspection_c
[2.433s] -- Using all available rosidl_typesupport_cpp: rosidl_typesupport_fastrtps_cpp;rosidl_typesupport_introspection_cpp
[2.433s] -- Found rclcpp: 16.0.12 (/opt/ros/humble/share/rclcpp/cmake)
[2.434s] -- Found rmw_implementation_cmake: 6.1.2 (/opt/ros/humble/share/rmw_implementation_cmake/cmake)
[2.434s] -- Found rmw_fastrtps_cpp: 6.2.7 (/opt/ros/humble/share/rmw_fastrtps_cpp/cmake)
[2.667s] -- Found OpenSSL: /usr/lib/x86_64-linux-gnu/libcrypto.so (found version "3.0.2")  
[3.878s] -- Found FastRTPS: /opt/ros/humble/include  
[6.096s] -- Using RMW implementation 'rmw_fastrtps_cpp' as default
[6.106s] -- Looking for pthread.h
[6.194s] -- Looking for pthread.h - found
[6.194s] -- Performing Test CMAKE_HAVE_LIBC_PTHREAD
[6.281s] -- Performing Test CMAKE_HAVE_LIBC_PTHREAD - Success
[6.282s] -- Found Threads: TRUE  
[6.335s] -- Found ament_lint_auto: 0.12.12 (/opt/ros/humble/share/ament_lint_auto/cmake)
[6.415s] -- Added test 'copyright' to check source files copyright and LICENSE
[6.417s] -- Added test 'cppcheck' to perform static code analysis on C / C++ code
[6.417s] -- Configured cppcheck include dirs: 
[6.417s] -- Configured cppcheck exclude dirs and/or files: 
[6.418s] -- Added test 'cpplint' to check C / C++ code against the Google style
[6.418s] -- Configured cpplint exclude dirs and/or files: 
[6.418s] -- Added test 'lint_cmake' to check CMake code style
[6.419s] -- Added test 'uncrustify' to check C / C++ code style
[6.419s] -- Configured uncrustify additional arguments: 
[6.419s] -- Added test 'xmllint' to check XML markup files
[6.421s] -- Configuring done
[6.428s] -- Generating done
[6.431s] -- Build files have been written to: /home/reddy/ros2_ws/build/examples_rclcpp_minimal_client
[6.437s] Invoked command in '/home/reddy/ros2_ws/build/examples_rclcpp_minimal_client' returned '0': CMAKE_PREFIX_PATH=${CMAKE_PREFIX_PATH}:/home/reddy/ros2_ws/install/py_service:/home/reddy/ros2_ws/install/py_clint:/home/reddy/ros2_ws/install/launch_testing_examples:/home/reddy/ros2_ws/install/examples_rclpy_pointcloud_publisher:/home/reddy/ros2_ws/install/examples_rclpy_minimal_subscriber:/home/reddy/ros2_ws/install/examples_rclpy_minimal_service:/home/reddy/ros2_ws/install/examples_rclpy_minimal_publisher:/home/reddy/ros2_ws/install/examples_rclpy_minimal_client:/home/reddy/ros2_ws/install/examples_rclpy_minimal_action_server:/home/reddy/ros2_ws/install/examples_rclpy_minimal_action_client:/home/reddy/ros2_ws/install/examples_rclpy_guard_conditions:/home/reddy/ros2_ws/install/examples_rclpy_executors:/home/reddy/ros2_ws/install/py_action:/home/reddy/ros2_ws/install/py_srvcli:/home/reddy/ros2_ws/install/py_pubsub:/home/reddy/ros2_ws/install/py_params:/opt/ros/humble /usr/bin/cmake /home/reddy/ros2_ws/src/examples/rclcpp/services/minimal_client -DCMAKE_INSTALL_PREFIX=/home/reddy/ros2_ws/install/examples_rclcpp_minimal_client
[6.439s] Invoking command in '/home/reddy/ros2_ws/build/examples_rclcpp_minimal_client': CMAKE_PREFIX_PATH=${CMAKE_PREFIX_PATH}:/home/reddy/ros2_ws/install/py_service:/home/reddy/ros2_ws/install/py_clint:/home/reddy/ros2_ws/install/launch_testing_examples:/home/reddy/ros2_ws/install/examples_rclpy_pointcloud_publisher:/home/reddy/ros2_ws/install/examples_rclpy_minimal_subscriber:/home/reddy/ros2_ws/install/examples_rclpy_minimal_service:/home/reddy/ros2_ws/install/examples_rclpy_minimal_publisher:/home/reddy/ros2_ws/install/examples_rclpy_minimal_client:/home/reddy/ros2_ws/install/examples_rclpy_minimal_action_server:/home/reddy/ros2_ws/install/examples_rclpy_minimal_action_client:/home/reddy/ros2_ws/install/examples_rclpy_guard_conditions:/home/reddy/ros2_ws/install/examples_rclpy_executors:/home/reddy/ros2_ws/install/py_action:/home/reddy/ros2_ws/install/py_srvcli:/home/reddy/ros2_ws/install/py_pubsub:/home/reddy/ros2_ws/install/py_params:/opt/ros/humble /usr/bin/cmake --build /home/reddy/ros2_ws/build/examples_rclcpp_minimal_client -- -j32 -l32
[6.476s] [ 50%] [32mBuilding CXX object CMakeFiles/client_main.dir/main.cpp.o[0m
[12.556s] [100%] [32m[1mLinking CXX executable client_main[0m
[13.208s] [100%] Built target client_main
[13.240s] Invoked command in '/home/reddy/ros2_ws/build/examples_rclcpp_minimal_client' returned '0': CMAKE_PREFIX_PATH=${CMAKE_PREFIX_PATH}:/home/reddy/ros2_ws/install/py_service:/home/reddy/ros2_ws/install/py_clint:/home/reddy/ros2_ws/install/launch_testing_examples:/home/reddy/ros2_ws/install/examples_rclpy_pointcloud_publisher:/home/reddy/ros2_ws/install/examples_rclpy_minimal_subscriber:/home/reddy/ros2_ws/install/examples_rclpy_minimal_service:/home/reddy/ros2_ws/install/examples_rclpy_minimal_publisher:/home/reddy/ros2_ws/install/examples_rclpy_minimal_client:/home/reddy/ros2_ws/install/examples_rclpy_minimal_action_server:/home/reddy/ros2_ws/install/examples_rclpy_minimal_action_client:/home/reddy/ros2_ws/install/examples_rclpy_guard_conditions:/home/reddy/ros2_ws/install/examples_rclpy_executors:/home/reddy/ros2_ws/install/py_action:/home/reddy/ros2_ws/install/py_srvcli:/home/reddy/ros2_ws/install/py_pubsub:/home/reddy/ros2_ws/install/py_params:/opt/ros/humble /usr/bin/cmake --build /home/reddy/ros2_ws/build/examples_rclcpp_minimal_client -- -j32 -l32
[13.241s] Invoking command in '/home/reddy/ros2_ws/build/examples_rclcpp_minimal_client': CMAKE_PREFIX_PATH=${CMAKE_PREFIX_PATH}:/home/reddy/ros2_ws/install/py_service:/home/reddy/ros2_ws/install/py_clint:/home/reddy/ros2_ws/install/launch_testing_examples:/home/reddy/ros2_ws/install/examples_rclpy_pointcloud_publisher:/home/reddy/ros2_ws/install/examples_rclpy_minimal_subscriber:/home/reddy/ros2_ws/install/examples_rclpy_minimal_service:/home/reddy/ros2_ws/install/examples_rclpy_minimal_publisher:/home/reddy/ros2_ws/install/examples_rclpy_minimal_client:/home/reddy/ros2_ws/install/examples_rclpy_minimal_action_server:/home/reddy/ros2_ws/install/examples_rclpy_minimal_action_client:/home/reddy/ros2_ws/install/examples_rclpy_guard_conditions:/home/reddy/ros2_ws/install/examples_rclpy_executors:/home/reddy/ros2_ws/install/py_action:/home/reddy/ros2_ws/install/py_srvcli:/home/reddy/ros2_ws/install/py_pubsub:/home/reddy/ros2_ws/install/py_params:/opt/ros/humble /usr/bin/cmake --install /home/reddy/ros2_ws/build/examples_rclcpp_minimal_client
[13.265s] -- Install configuration: ""
[13.266s] -- Installing: /home/reddy/ros2_ws/install/examples_rclcpp_minimal_client/lib/examples_rclcpp_minimal_client/client_main
[13.267s] -- Set runtime path of "/home/reddy/ros2_ws/install/examples_rclcpp_minimal_client/lib/examples_rclcpp_minimal_client/client_main" to ""
[13.282s] -- Installing: /home/reddy/ros2_ws/install/examples_rclcpp_minimal_client/share/ament_index/resource_index/package_run_dependencies/examples_rclcpp_minimal_client
[13.282s] -- Installing: /home/reddy/ros2_ws/install/examples_rclcpp_minimal_client/share/ament_index/resource_index/parent_prefix_path/examples_rclcpp_minimal_client
[13.282s] -- Installing: /home/reddy/ros2_ws/install/examples_rclcpp_minimal_client/share/examples_rclcpp_minimal_client/environment/ament_prefix_path.sh
[13.282s] -- Installing: /home/reddy/ros2_ws/install/examples_rclcpp_minimal_client/share/examples_rclcpp_minimal_client/environment/ament_prefix_path.dsv
[13.283s] -- Installing: /home/reddy/ros2_ws/install/examples_rclcpp_minimal_client/share/examples_rclcpp_minimal_client/environment/path.sh
[13.283s] -- Installing: /home/reddy/ros2_ws/install/examples_rclcpp_minimal_client/share/examples_rclcpp_minimal_client/environment/path.dsv
[13.283s] -- Installing: /home/reddy/ros2_ws/install/examples_rclcpp_minimal_client/share/examples_rclcpp_minimal_client/local_setup.bash
[13.283s] -- Installing: /home/reddy/ros2_ws/install/examples_rclcpp_minimal_client/share/examples_rclcpp_minimal_client/local_setup.sh
[13.283s] -- Installing: /home/reddy/ros2_ws/install/examples_rclcpp_minimal_client/share/examples_rclcpp_minimal_client/local_setup.zsh
[13.284s] -- Installing: /home/reddy/ros2_ws/install/examples_rclcpp_minimal_client/share/examples_rclcpp_minimal_client/local_setup.dsv
[13.284s] -- Installing: /home/reddy/ros2_ws/install/examples_rclcpp_minimal_client/share/examples_rclcpp_minimal_client/package.dsv
[13.284s] -- Installing: /home/reddy/ros2_ws/install/examples_rclcpp_minimal_client/share/ament_index/resource_index/packages/examples_rclcpp_minimal_client
[13.284s] -- Installing: /home/reddy/ros2_ws/install/examples_rclcpp_minimal_client/share/examples_rclcpp_minimal_client/cmake/examples_rclcpp_minimal_clientConfig.cmake
[13.284s] -- Installing: /home/reddy/ros2_ws/install/examples_rclcpp_minimal_client/share/examples_rclcpp_minimal_client/cmake/examples_rclcpp_minimal_clientConfig-version.cmake
[13.284s] -- Installing: /home/reddy/ros2_ws/install/examples_rclcpp_minimal_client/share/examples_rclcpp_minimal_client/package.xml
[13.306s] Invoked command in '/home/reddy/ros2_ws/build/examples_rclcpp_minimal_client' returned '0': CMAKE_PREFIX_PATH=${CMAKE_PREFIX_PATH}:/home/reddy/ros2_ws/install/py_service:/home/reddy/ros2_ws/install/py_clint:/home/reddy/ros2_ws/install/launch_testing_examples:/home/reddy/ros2_ws/install/examples_rclpy_pointcloud_publisher:/home/reddy/ros2_ws/install/examples_rclpy_minimal_subscriber:/home/reddy/ros2_ws/install/examples_rclpy_minimal_service:/home/reddy/ros2_ws/install/examples_rclpy_minimal_publisher:/home/reddy/ros2_ws/install/examples_rclpy_minimal_client:/home/reddy/ros2_ws/install/examples_rclpy_minimal_action_server:/home/reddy/ros2_ws/install/examples_rclpy_minimal_action_client:/home/reddy/ros2_ws/install/examples_rclpy_guard_conditions:/home/reddy/ros2_ws/install/examples_rclpy_executors:/home/reddy/ros2_ws/install/py_action:/home/reddy/ros2_ws/install/py_srvcli:/home/reddy/ros2_ws/install/py_pubsub:/home/reddy/ros2_ws/install/py_params:/opt/ros/humble /usr/bin/cmake --install /home/reddy/ros2_ws/build/examples_rclcpp_minimal_client
