running egg_info
creating ../../build/py_service/py_service.egg-info
writing ../../build/py_service/py_service.egg-info/PKG-INFO
writing dependency_links to ../../build/py_service/py_service.egg-info/dependency_links.txt
writing entry points to ../../build/py_service/py_service.egg-info/entry_points.txt
writing requirements to ../../build/py_service/py_service.egg-info/requires.txt
writing top-level names to ../../build/py_service/py_service.egg-info/top_level.txt
writing manifest file '../../build/py_service/py_service.egg-info/SOURCES.txt'
reading manifest file '../../build/py_service/py_service.egg-info/SOURCES.txt'
writing manifest file '../../build/py_service/py_service.egg-info/SOURCES.txt'
running build
running build_py
creating /home/reddy/ros2_ws/build/py_service/build
creating /home/reddy/ros2_ws/build/py_service/build/lib
creating /home/reddy/ros2_ws/build/py_service/build/lib/py_service
copying py_service/__init__.py -> /home/reddy/ros2_ws/build/py_service/build/lib/py_service
running install
running install_lib
creating /home/reddy/ros2_ws/install/py_service/lib/python3.10/site-packages/py_service
copying /home/reddy/ros2_ws/build/py_service/build/lib/py_service/__init__.py -> /home/reddy/ros2_ws/install/py_service/lib/python3.10/site-packages/py_service
byte-compiling /home/reddy/ros2_ws/install/py_service/lib/python3.10/site-packages/py_service/__init__.py to __init__.cpython-310.pyc
running install_data
creating /home/reddy/ros2_ws/install/py_service/share/ament_index
creating /home/reddy/ros2_ws/install/py_service/share/ament_index/resource_index
creating /home/reddy/ros2_ws/install/py_service/share/ament_index/resource_index/packages
copying resource/py_service -> /home/reddy/ros2_ws/install/py_service/share/ament_index/resource_index/packages
copying package.xml -> /home/reddy/ros2_ws/install/py_service/share/py_service
running install_egg_info
Copying ../../build/py_service/py_service.egg-info to /home/reddy/ros2_ws/install/py_service/lib/python3.10/site-packages/py_service-0.0.0-py3.10.egg-info
running install_scripts
writing list of installed files to '/home/reddy/ros2_ws/build/py_service/install.log'
