[3.023s] Invoking command in '/home/reddy/ros2_ws/src/examples/rclpy/executors': PYTHONPATH=/home/reddy/ros2_ws/build/examples_rclpy_executors/prefix_override:/usr/lib/python3/dist-packages/colcon_core/task/python/colcon_distutils_commands:/home/reddy/ros2_ws/install/examples_rclpy_executors/lib/python3.10/site-packages:${PYTHONPATH} /usr/bin/python3 -W ignore:setup.py install is deprecated -W ignore:easy_install command is deprecated setup.py egg_info --egg-base ../../../../build/examples_rclpy_executors build --build-base /home/reddy/ros2_ws/build/examples_rclpy_executors/build install --record /home/reddy/ros2_ws/build/examples_rclpy_executors/install.log --single-version-externally-managed install_data
[3.269s] running egg_info
[3.270s] creating ../../../../build/examples_rclpy_executors/examples_rclpy_executors.egg-info
[3.271s] writing ../../../../build/examples_rclpy_executors/examples_rclpy_executors.egg-info/PKG-INFO
[3.271s] writing dependency_links to ../../../../build/examples_rclpy_executors/examples_rclpy_executors.egg-info/dependency_links.txt
[3.271s] writing entry points to ../../../../build/examples_rclpy_executors/examples_rclpy_executors.egg-info/entry_points.txt
[3.271s] writing requirements to ../../../../build/examples_rclpy_executors/examples_rclpy_executors.egg-info/requires.txt
[3.271s] writing top-level names to ../../../../build/examples_rclpy_executors/examples_rclpy_executors.egg-info/top_level.txt
[3.272s] writing manifest file '../../../../build/examples_rclpy_executors/examples_rclpy_executors.egg-info/SOURCES.txt'
[3.277s] reading manifest file '../../../../build/examples_rclpy_executors/examples_rclpy_executors.egg-info/SOURCES.txt'
[3.277s] writing manifest file '../../../../build/examples_rclpy_executors/examples_rclpy_executors.egg-info/SOURCES.txt'
[3.277s] running build
[3.277s] running build_py
[3.278s] creating /home/reddy/ros2_ws/build/examples_rclpy_executors/build
[3.278s] creating /home/reddy/ros2_ws/build/examples_rclpy_executors/build/lib
[3.279s] creating /home/reddy/ros2_ws/build/examples_rclpy_executors/build/lib/examples_rclpy_executors
[3.280s] copying examples_rclpy_executors/listener.py -> /home/reddy/ros2_ws/build/examples_rclpy_executors/build/lib/examples_rclpy_executors
[3.283s] copying examples_rclpy_executors/custom_executor.py -> /home/reddy/ros2_ws/build/examples_rclpy_executors/build/lib/examples_rclpy_executors
[3.283s] copying examples_rclpy_executors/talker.py -> /home/reddy/ros2_ws/build/examples_rclpy_executors/build/lib/examples_rclpy_executors
[3.283s] copying examples_rclpy_executors/__init__.py -> /home/reddy/ros2_ws/build/examples_rclpy_executors/build/lib/examples_rclpy_executors
[3.284s] copying examples_rclpy_executors/custom_callback_group.py -> /home/reddy/ros2_ws/build/examples_rclpy_executors/build/lib/examples_rclpy_executors
[3.284s] copying examples_rclpy_executors/composed.py -> /home/reddy/ros2_ws/build/examples_rclpy_executors/build/lib/examples_rclpy_executors
[3.284s] copying examples_rclpy_executors/callback_group.py -> /home/reddy/ros2_ws/build/examples_rclpy_executors/build/lib/examples_rclpy_executors
[3.285s] running install
[3.285s] running install_lib
[3.286s] creating /home/reddy/ros2_ws/install/examples_rclpy_executors/lib/python3.10/site-packages/examples_rclpy_executors
[3.286s] copying /home/reddy/ros2_ws/build/examples_rclpy_executors/build/lib/examples_rclpy_executors/listener.py -> /home/reddy/ros2_ws/install/examples_rclpy_executors/lib/python3.10/site-packages/examples_rclpy_executors
[3.286s] copying /home/reddy/ros2_ws/build/examples_rclpy_executors/build/lib/examples_rclpy_executors/custom_executor.py -> /home/reddy/ros2_ws/install/examples_rclpy_executors/lib/python3.10/site-packages/examples_rclpy_executors
[3.286s] copying /home/reddy/ros2_ws/build/examples_rclpy_executors/build/lib/examples_rclpy_executors/talker.py -> /home/reddy/ros2_ws/install/examples_rclpy_executors/lib/python3.10/site-packages/examples_rclpy_executors
[3.286s] copying /home/reddy/ros2_ws/build/examples_rclpy_executors/build/lib/examples_rclpy_executors/__init__.py -> /home/reddy/ros2_ws/install/examples_rclpy_executors/lib/python3.10/site-packages/examples_rclpy_executors
[3.287s] copying /home/reddy/ros2_ws/build/examples_rclpy_executors/build/lib/examples_rclpy_executors/custom_callback_group.py -> /home/reddy/ros2_ws/install/examples_rclpy_executors/lib/python3.10/site-packages/examples_rclpy_executors
[3.287s] copying /home/reddy/ros2_ws/build/examples_rclpy_executors/build/lib/examples_rclpy_executors/composed.py -> /home/reddy/ros2_ws/install/examples_rclpy_executors/lib/python3.10/site-packages/examples_rclpy_executors
[3.287s] copying /home/reddy/ros2_ws/build/examples_rclpy_executors/build/lib/examples_rclpy_executors/callback_group.py -> /home/reddy/ros2_ws/install/examples_rclpy_executors/lib/python3.10/site-packages/examples_rclpy_executors
[3.287s] byte-compiling /home/reddy/ros2_ws/install/examples_rclpy_executors/lib/python3.10/site-packages/examples_rclpy_executors/listener.py to listener.cpython-310.pyc
[3.288s] byte-compiling /home/reddy/ros2_ws/install/examples_rclpy_executors/lib/python3.10/site-packages/examples_rclpy_executors/custom_executor.py to custom_executor.cpython-310.pyc
[3.288s] byte-compiling /home/reddy/ros2_ws/install/examples_rclpy_executors/lib/python3.10/site-packages/examples_rclpy_executors/talker.py to talker.cpython-310.pyc
[3.288s] byte-compiling /home/reddy/ros2_ws/install/examples_rclpy_executors/lib/python3.10/site-packages/examples_rclpy_executors/__init__.py to __init__.cpython-310.pyc
[3.288s] byte-compiling /home/reddy/ros2_ws/install/examples_rclpy_executors/lib/python3.10/site-packages/examples_rclpy_executors/custom_callback_group.py to custom_callback_group.cpython-310.pyc
[3.288s] byte-compiling /home/reddy/ros2_ws/install/examples_rclpy_executors/lib/python3.10/site-packages/examples_rclpy_executors/composed.py to composed.cpython-310.pyc
[3.288s] byte-compiling /home/reddy/ros2_ws/install/examples_rclpy_executors/lib/python3.10/site-packages/examples_rclpy_executors/callback_group.py to callback_group.cpython-310.pyc
[3.288s] running install_data
[3.288s] creating /home/reddy/ros2_ws/install/examples_rclpy_executors/share/ament_index
[3.289s] creating /home/reddy/ros2_ws/install/examples_rclpy_executors/share/ament_index/resource_index
[3.289s] creating /home/reddy/ros2_ws/install/examples_rclpy_executors/share/ament_index/resource_index/packages
[3.289s] copying resource/examples_rclpy_executors -> /home/reddy/ros2_ws/install/examples_rclpy_executors/share/ament_index/resource_index/packages
[3.289s] copying package.xml -> /home/reddy/ros2_ws/install/examples_rclpy_executors/share/examples_rclpy_executors
[3.289s] running install_egg_info
[3.291s] Copying ../../../../build/examples_rclpy_executors/examples_rclpy_executors.egg-info to /home/reddy/ros2_ws/install/examples_rclpy_executors/lib/python3.10/site-packages/examples_rclpy_executors-0.15.3-py3.10.egg-info
[3.292s] running install_scripts
[3.318s] Installing callback_group script to /home/reddy/ros2_ws/install/examples_rclpy_executors/lib/examples_rclpy_executors
[3.318s] Installing composed script to /home/reddy/ros2_ws/install/examples_rclpy_executors/lib/examples_rclpy_executors
[3.318s] Installing custom_callback_group script to /home/reddy/ros2_ws/install/examples_rclpy_executors/lib/examples_rclpy_executors
[3.318s] Installing custom_executor script to /home/reddy/ros2_ws/install/examples_rclpy_executors/lib/examples_rclpy_executors
[3.319s] Installing listener script to /home/reddy/ros2_ws/install/examples_rclpy_executors/lib/examples_rclpy_executors
[3.319s] Installing talker script to /home/reddy/ros2_ws/install/examples_rclpy_executors/lib/examples_rclpy_executors
[3.319s] writing list of installed files to '/home/reddy/ros2_ws/build/examples_rclpy_executors/install.log'
[3.436s] Invoked command in '/home/reddy/ros2_ws/src/examples/rclpy/executors' returned '0': PYTHONPATH=/home/reddy/ros2_ws/build/examples_rclpy_executors/prefix_override:/usr/lib/python3/dist-packages/colcon_core/task/python/colcon_distutils_commands:/home/reddy/ros2_ws/install/examples_rclpy_executors/lib/python3.10/site-packages:${PYTHONPATH} /usr/bin/python3 -W ignore:setup.py install is deprecated -W ignore:easy_install command is deprecated setup.py egg_info --egg-base ../../../../build/examples_rclpy_executors build --build-base /home/reddy/ros2_ws/build/examples_rclpy_executors/build install --record /home/reddy/ros2_ws/build/examples_rclpy_executors/install.log --single-version-externally-managed install_data
