[0.008s] Invoking command in '/home/reddy/ros2_ws/build/py_action_interfaces': CMAKE_PREFIX_PATH=${CMAKE_PREFIX_PATH}:/home/reddy/ros2_ws/install/py_service:/home/reddy/ros2_ws/install/py_clint:/home/reddy/ros2_ws/install/launch_testing_examples:/home/reddy/ros2_ws/install/examples_rclpy_pointcloud_publisher:/home/reddy/ros2_ws/install/examples_rclpy_minimal_subscriber:/home/reddy/ros2_ws/install/examples_rclpy_minimal_service:/home/reddy/ros2_ws/install/examples_rclpy_minimal_publisher:/home/reddy/ros2_ws/install/examples_rclpy_minimal_client:/home/reddy/ros2_ws/install/examples_rclpy_minimal_action_server:/home/reddy/ros2_ws/install/examples_rclpy_minimal_action_client:/home/reddy/ros2_ws/install/examples_rclpy_guard_conditions:/home/reddy/ros2_ws/install/examples_rclpy_executors:/home/reddy/ros2_ws/install/py_action:/home/reddy/ros2_ws/install/py_srvcli:/home/reddy/ros2_ws/install/py_pubsub:/home/reddy/ros2_ws/install/py_params:/opt/ros/humble /usr/bin/cmake /home/reddy/ros2_ws/src/py_action_interfaces -DCMAKE_INSTALL_PREFIX=/home/reddy/ros2_ws/install/py_action_interfaces
[0.073s] -- The C compiler identification is GNU 11.4.0
[0.280s] -- The CXX compiler identification is GNU 11.4.0
[0.427s] -- Detecting C compiler ABI info
[0.496s] -- Detecting C compiler ABI info - done
[0.500s] -- Check for working C compiler: /usr/bin/cc - skipped
[0.500s] -- Detecting C compile features
[0.500s] -- Detecting C compile features - done
[0.502s] -- Detecting CXX compiler ABI info
[0.574s] -- Detecting CXX compiler ABI info - done
[0.578s] -- Check for working CXX compiler: /usr/bin/c++ - skipped
[0.578s] -- Detecting CXX compile features
[0.578s] -- Detecting CXX compile features - done
[0.580s] -- Found ament_cmake: 1.3.11 (/opt/ros/humble/share/ament_cmake/cmake)
[0.668s] -- Found Python3: /usr/bin/python3 (found version "3.10.12") found components: Interpreter 
[0.725s] -- Found rosidl_default_generators: 1.2.0 (/opt/ros/humble/share/rosidl_default_generators/cmake)
[0.729s] -- Using all available rosidl_typesupport_c: rosidl_typesupport_fastrtps_c;rosidl_typesupport_introspection_c
[0.735s] -- Found rosidl_adapter: 3.1.6 (/opt/ros/humble/share/rosidl_adapter/cmake)
[0.821s] -- Using all available rosidl_typesupport_cpp: rosidl_typesupport_fastrtps_cpp;rosidl_typesupport_introspection_cpp
[0.842s] -- Found action_msgs: 1.2.1 (/opt/ros/humble/share/action_msgs/cmake)
[1.001s] -- Found ament_cmake_ros: 0.10.0 (/opt/ros/humble/share/ament_cmake_ros/cmake)
[1.112s] -- Using all available rosidl_typesupport_c: rosidl_typesupport_fastrtps_c;rosidl_typesupport_introspection_c
[1.251s] -- Using all available rosidl_typesupport_cpp: rosidl_typesupport_fastrtps_cpp;rosidl_typesupport_introspection_cpp
[1.317s] -- Found PythonInterp: /usr/bin/python3 (found suitable version "3.10.12", minimum required is "3.6") 
[1.319s] -- Found python_cmake_module: 0.10.0 (/opt/ros/humble/share/python_cmake_module/cmake)
[1.518s] -- Found PythonLibs: /usr/lib/x86_64-linux-gnu/libpython3.10.so (found suitable version "3.10.12", minimum required is "3.5") 
[1.518s] -- Using PYTHON_EXECUTABLE: /usr/bin/python3
[1.518s] -- Using PYTHON_INCLUDE_DIRS: /usr/include/python3.10
[1.518s] -- Using PYTHON_LIBRARIES: /usr/lib/x86_64-linux-gnu/libpython3.10.so
[1.531s] -- Found PythonExtra: .so  
[1.583s] -- Found ament_lint_auto: 0.12.12 (/opt/ros/humble/share/ament_lint_auto/cmake)
[1.587s] -- Configuring done
[1.607s] -- Generating done
[1.613s] -- Build files have been written to: /home/reddy/ros2_ws/build/py_action_interfaces
[1.616s] Invoked command in '/home/reddy/ros2_ws/build/py_action_interfaces' returned '0': CMAKE_PREFIX_PATH=${CMAKE_PREFIX_PATH}:/home/reddy/ros2_ws/install/py_service:/home/reddy/ros2_ws/install/py_clint:/home/reddy/ros2_ws/install/launch_testing_examples:/home/reddy/ros2_ws/install/examples_rclpy_pointcloud_publisher:/home/reddy/ros2_ws/install/examples_rclpy_minimal_subscriber:/home/reddy/ros2_ws/install/examples_rclpy_minimal_service:/home/reddy/ros2_ws/install/examples_rclpy_minimal_publisher:/home/reddy/ros2_ws/install/examples_rclpy_minimal_client:/home/reddy/ros2_ws/install/examples_rclpy_minimal_action_server:/home/reddy/ros2_ws/install/examples_rclpy_minimal_action_client:/home/reddy/ros2_ws/install/examples_rclpy_guard_conditions:/home/reddy/ros2_ws/install/examples_rclpy_executors:/home/reddy/ros2_ws/install/py_action:/home/reddy/ros2_ws/install/py_srvcli:/home/reddy/ros2_ws/install/py_pubsub:/home/reddy/ros2_ws/install/py_params:/opt/ros/humble /usr/bin/cmake /home/reddy/ros2_ws/src/py_action_interfaces -DCMAKE_INSTALL_PREFIX=/home/reddy/ros2_ws/install/py_action_interfaces
[1.618s] Invoking command in '/home/reddy/ros2_ws/build/py_action_interfaces': CMAKE_PREFIX_PATH=${CMAKE_PREFIX_PATH}:/home/reddy/ros2_ws/install/py_service:/home/reddy/ros2_ws/install/py_clint:/home/reddy/ros2_ws/install/launch_testing_examples:/home/reddy/ros2_ws/install/examples_rclpy_pointcloud_publisher:/home/reddy/ros2_ws/install/examples_rclpy_minimal_subscriber:/home/reddy/ros2_ws/install/examples_rclpy_minimal_service:/home/reddy/ros2_ws/install/examples_rclpy_minimal_publisher:/home/reddy/ros2_ws/install/examples_rclpy_minimal_client:/home/reddy/ros2_ws/install/examples_rclpy_minimal_action_server:/home/reddy/ros2_ws/install/examples_rclpy_minimal_action_client:/home/reddy/ros2_ws/install/examples_rclpy_guard_conditions:/home/reddy/ros2_ws/install/examples_rclpy_executors:/home/reddy/ros2_ws/install/py_action:/home/reddy/ros2_ws/install/py_srvcli:/home/reddy/ros2_ws/install/py_pubsub:/home/reddy/ros2_ws/install/py_params:/opt/ros/humble /usr/bin/cmake --build /home/reddy/ros2_ws/build/py_action_interfaces -- -j32 -l32
[1.638s] [  3%] [34m[1mGenerating C code for ROS interfaces[0m
[1.644s] [  6%] [34m[1mGenerating C++ code for ROS interfaces[0m
[1.647s] [  6%] Built target ament_cmake_python_copy_py_action_interfaces
[1.773s] running egg_info
[1.773s] creating py_action_interfaces.egg-info
[1.773s] writing py_action_interfaces.egg-info/PKG-INFO
[1.774s] writing dependency_links to py_action_interfaces.egg-info/dependency_links.txt
[1.774s] writing top-level names to py_action_interfaces.egg-info/top_level.txt
[1.774s] writing manifest file 'py_action_interfaces.egg-info/SOURCES.txt'
[1.775s] reading manifest file 'py_action_interfaces.egg-info/SOURCES.txt'
[1.775s] writing manifest file 'py_action_interfaces.egg-info/SOURCES.txt'
[1.789s] [  6%] Built target ament_cmake_python_build_py_action_interfaces_egg
[1.840s] [  9%] [32mBuilding C object CMakeFiles/py_action_interfaces__rosidl_generator_c.dir/rosidl_generator_c/py_action_interfaces/action/detail/fibonacci__functions.c.o[0m
[1.845s] [  9%] Built target py_action_interfaces__cpp
[1.851s] [ 16%] [34m[1mGenerating C++ type support dispatch for ROS interfaces[0m
[1.851s] [ 16%] [34m[1mGenerating C++ type support for eProsima Fast-RTPS[0m
[1.851s] [ 19%] [34m[1mGenerating C++ introspection for ROS interfaces[0m
[1.908s] [ 22%] [32m[1mLinking C shared library libpy_action_interfaces__rosidl_generator_c.so[0m
[1.976s] [ 22%] Built target py_action_interfaces__rosidl_generator_c
[1.981s] [ 29%] [34m[1mGenerating C type support for eProsima Fast-RTPS[0m
[1.981s] [ 29%] [34m[1mGenerating C introspection for ROS interfaces[0m
[1.981s] [ 32%] [34m[1mGenerating C type support dispatch for ROS interfaces[0m
[1.994s] [ 35%] [32mBuilding CXX object CMakeFiles/py_action_interfaces__rosidl_typesupport_cpp.dir/rosidl_typesupport_cpp/py_action_interfaces/action/fibonacci__type_support.cpp.o[0m
[2.019s] [ 38%] [32mBuilding CXX object CMakeFiles/py_action_interfaces__rosidl_typesupport_introspection_cpp.dir/rosidl_typesupport_introspection_cpp/py_action_interfaces/action/detail/fibonacci__type_support.cpp.o[0m
[2.044s] [ 41%] [32mBuilding CXX object CMakeFiles/py_action_interfaces__rosidl_typesupport_fastrtps_cpp.dir/rosidl_typesupport_fastrtps_cpp/py_action_interfaces/action/detail/dds_fastrtps/fibonacci__type_support.cpp.o[0m
[2.127s] [ 45%] [32mBuilding CXX object CMakeFiles/py_action_interfaces__rosidl_typesupport_c.dir/rosidl_typesupport_c/py_action_interfaces/action/fibonacci__type_support.cpp.o[0m
[2.152s] [ 48%] [32m[1mLinking CXX shared library libpy_action_interfaces__rosidl_typesupport_c.so[0m
[2.164s] [ 51%] [32mBuilding C object CMakeFiles/py_action_interfaces__rosidl_typesupport_introspection_c.dir/rosidl_typesupport_introspection_c/py_action_interfaces/action/detail/fibonacci__type_support.c.o[0m
[2.177s] [ 54%] [32mBuilding CXX object CMakeFiles/py_action_interfaces__rosidl_typesupport_fastrtps_c.dir/rosidl_typesupport_fastrtps_c/py_action_interfaces/action/detail/fibonacci__type_support_c.cpp.o[0m
[2.192s] [ 58%] [32m[1mLinking C shared library libpy_action_interfaces__rosidl_typesupport_introspection_c.so[0m
[2.229s] [ 61%] [32m[1mLinking CXX shared library libpy_action_interfaces__rosidl_typesupport_cpp.so[0m
[2.230s] [ 61%] Built target py_action_interfaces__rosidl_typesupport_c
[2.256s] [ 61%] Built target py_action_interfaces__rosidl_typesupport_introspection_c
[2.292s] [ 61%] Built target py_action_interfaces__rosidl_typesupport_cpp
[2.336s] [ 64%] [32m[1mLinking CXX shared library libpy_action_interfaces__rosidl_typesupport_introspection_cpp.so[0m
[2.348s] [ 67%] [32m[1mLinking CXX shared library libpy_action_interfaces__rosidl_typesupport_fastrtps_cpp.so[0m
[2.362s] [ 70%] [32m[1mLinking CXX shared library libpy_action_interfaces__rosidl_typesupport_fastrtps_c.so[0m
[2.413s] [ 70%] Built target py_action_interfaces__rosidl_typesupport_introspection_cpp
[2.429s] [ 70%] Built target py_action_interfaces__rosidl_typesupport_fastrtps_cpp
[2.441s] [ 70%] Built target py_action_interfaces__rosidl_typesupport_fastrtps_c
[2.451s] [ 70%] Built target py_action_interfaces
[2.461s] [ 74%] [34m[1mGenerating Python code for ROS interfaces[0m
[2.779s] [ 74%] Built target py_action_interfaces__py
[2.789s] [ 77%] [32mBuilding C object CMakeFiles/py_action_interfaces__rosidl_generator_py.dir/rosidl_generator_py/py_action_interfaces/action/_fibonacci_s.c.o[0m
[2.861s] [ 80%] [32m[1mLinking C shared library rosidl_generator_py/py_action_interfaces/libpy_action_interfaces__rosidl_generator_py.so[0m
[2.929s] [ 80%] Built target py_action_interfaces__rosidl_generator_py
[2.940s] [ 83%] [32mBuilding C object CMakeFiles/py_action_interfaces__rosidl_typesupport_introspection_c__pyext.dir/rosidl_generator_py/py_action_interfaces/_py_action_interfaces_s.ep.rosidl_typesupport_introspection_c.c.o[0m
[2.940s] [ 87%] [32mBuilding C object CMakeFiles/py_action_interfaces__rosidl_typesupport_c__pyext.dir/rosidl_generator_py/py_action_interfaces/_py_action_interfaces_s.ep.rosidl_typesupport_c.c.o[0m
[2.940s] [ 90%] [32mBuilding C object CMakeFiles/py_action_interfaces__rosidl_typesupport_fastrtps_c__pyext.dir/rosidl_generator_py/py_action_interfaces/_py_action_interfaces_s.ep.rosidl_typesupport_fastrtps_c.c.o[0m
[2.998s] [ 96%] [32m[1mLinking C shared library rosidl_generator_py/py_action_interfaces/py_action_interfaces_s__rosidl_typesupport_c.cpython-310-x86_64-linux-gnu.so[0m
[2.998s] [100%] [32m[1mLinking C shared library rosidl_generator_py/py_action_interfaces/py_action_interfaces_s__rosidl_typesupport_introspection_c.cpython-310-x86_64-linux-gnu.so[0m
[2.998s] [100%] [32m[1mLinking C shared library rosidl_generator_py/py_action_interfaces/py_action_interfaces_s__rosidl_typesupport_fastrtps_c.cpython-310-x86_64-linux-gnu.so[0m
[3.049s] [100%] Built target py_action_interfaces__rosidl_typesupport_fastrtps_c__pyext
[3.049s] [100%] Built target py_action_interfaces__rosidl_typesupport_introspection_c__pyext
[3.049s] [100%] Built target py_action_interfaces__rosidl_typesupport_c__pyext
[3.055s] Invoked command in '/home/reddy/ros2_ws/build/py_action_interfaces' returned '0': CMAKE_PREFIX_PATH=${CMAKE_PREFIX_PATH}:/home/reddy/ros2_ws/install/py_service:/home/reddy/ros2_ws/install/py_clint:/home/reddy/ros2_ws/install/launch_testing_examples:/home/reddy/ros2_ws/install/examples_rclpy_pointcloud_publisher:/home/reddy/ros2_ws/install/examples_rclpy_minimal_subscriber:/home/reddy/ros2_ws/install/examples_rclpy_minimal_service:/home/reddy/ros2_ws/install/examples_rclpy_minimal_publisher:/home/reddy/ros2_ws/install/examples_rclpy_minimal_client:/home/reddy/ros2_ws/install/examples_rclpy_minimal_action_server:/home/reddy/ros2_ws/install/examples_rclpy_minimal_action_client:/home/reddy/ros2_ws/install/examples_rclpy_guard_conditions:/home/reddy/ros2_ws/install/examples_rclpy_executors:/home/reddy/ros2_ws/install/py_action:/home/reddy/ros2_ws/install/py_srvcli:/home/reddy/ros2_ws/install/py_pubsub:/home/reddy/ros2_ws/install/py_params:/opt/ros/humble /usr/bin/cmake --build /home/reddy/ros2_ws/build/py_action_interfaces -- -j32 -l32
[3.060s] Invoking command in '/home/reddy/ros2_ws/build/py_action_interfaces': CMAKE_PREFIX_PATH=${CMAKE_PREFIX_PATH}:/home/reddy/ros2_ws/install/py_service:/home/reddy/ros2_ws/install/py_clint:/home/reddy/ros2_ws/install/launch_testing_examples:/home/reddy/ros2_ws/install/examples_rclpy_pointcloud_publisher:/home/reddy/ros2_ws/install/examples_rclpy_minimal_subscriber:/home/reddy/ros2_ws/install/examples_rclpy_minimal_service:/home/reddy/ros2_ws/install/examples_rclpy_minimal_publisher:/home/reddy/ros2_ws/install/examples_rclpy_minimal_client:/home/reddy/ros2_ws/install/examples_rclpy_minimal_action_server:/home/reddy/ros2_ws/install/examples_rclpy_minimal_action_client:/home/reddy/ros2_ws/install/examples_rclpy_guard_conditions:/home/reddy/ros2_ws/install/examples_rclpy_executors:/home/reddy/ros2_ws/install/py_action:/home/reddy/ros2_ws/install/py_srvcli:/home/reddy/ros2_ws/install/py_pubsub:/home/reddy/ros2_ws/install/py_params:/opt/ros/humble /usr/bin/cmake --install /home/reddy/ros2_ws/build/py_action_interfaces
[3.063s] -- Install configuration: ""
[3.064s] -- Installing: /home/reddy/ros2_ws/install/py_action_interfaces/share/ament_index/resource_index/rosidl_interfaces/py_action_interfaces
[3.064s] -- Installing: /home/reddy/ros2_ws/install/py_action_interfaces/include/py_action_interfaces/py_action_interfaces
[3.064s] -- Installing: /home/reddy/ros2_ws/install/py_action_interfaces/include/py_action_interfaces/py_action_interfaces/msg
[3.064s] -- Installing: /home/reddy/ros2_ws/install/py_action_interfaces/include/py_action_interfaces/py_action_interfaces/msg/rosidl_generator_c__visibility_control.h
[3.065s] -- Installing: /home/reddy/ros2_ws/install/py_action_interfaces/include/py_action_interfaces/py_action_interfaces/action
[3.065s] -- Installing: /home/reddy/ros2_ws/install/py_action_interfaces/include/py_action_interfaces/py_action_interfaces/action/fibonacci.h
[3.065s] -- Installing: /home/reddy/ros2_ws/install/py_action_interfaces/include/py_action_interfaces/py_action_interfaces/action/detail
[3.065s] -- Installing: /home/reddy/ros2_ws/install/py_action_interfaces/include/py_action_interfaces/py_action_interfaces/action/detail/fibonacci__functions.h
[3.065s] -- Installing: /home/reddy/ros2_ws/install/py_action_interfaces/include/py_action_interfaces/py_action_interfaces/action/detail/fibonacci__functions.c
[3.065s] -- Installing: /home/reddy/ros2_ws/install/py_action_interfaces/include/py_action_interfaces/py_action_interfaces/action/detail/fibonacci__struct.h
[3.065s] -- Installing: /home/reddy/ros2_ws/install/py_action_interfaces/include/py_action_interfaces/py_action_interfaces/action/detail/fibonacci__type_support.h
[3.065s] -- Installing: /home/reddy/ros2_ws/install/py_action_interfaces/share/py_action_interfaces/environment/library_path.sh
[3.065s] -- Installing: /home/reddy/ros2_ws/install/py_action_interfaces/share/py_action_interfaces/environment/library_path.dsv
[3.066s] -- Installing: /home/reddy/ros2_ws/install/py_action_interfaces/lib/libpy_action_interfaces__rosidl_generator_c.so
[3.066s] -- Set runtime path of "/home/reddy/ros2_ws/install/py_action_interfaces/lib/libpy_action_interfaces__rosidl_generator_c.so" to ""
[3.066s] -- Up-to-date: /home/reddy/ros2_ws/install/py_action_interfaces/include/py_action_interfaces/py_action_interfaces
[3.066s] -- Up-to-date: /home/reddy/ros2_ws/install/py_action_interfaces/include/py_action_interfaces/py_action_interfaces/msg
[3.066s] -- Installing: /home/reddy/ros2_ws/install/py_action_interfaces/include/py_action_interfaces/py_action_interfaces/msg/rosidl_typesupport_fastrtps_c__visibility_control.h
[3.066s] -- Up-to-date: /home/reddy/ros2_ws/install/py_action_interfaces/include/py_action_interfaces/py_action_interfaces/action
[3.066s] -- Up-to-date: /home/reddy/ros2_ws/install/py_action_interfaces/include/py_action_interfaces/py_action_interfaces/action/detail
[3.066s] -- Installing: /home/reddy/ros2_ws/install/py_action_interfaces/include/py_action_interfaces/py_action_interfaces/action/detail/fibonacci__rosidl_typesupport_fastrtps_c.h
[3.066s] -- Installing: /home/reddy/ros2_ws/install/py_action_interfaces/lib/libpy_action_interfaces__rosidl_typesupport_fastrtps_c.so
[3.067s] -- Set runtime path of "/home/reddy/ros2_ws/install/py_action_interfaces/lib/libpy_action_interfaces__rosidl_typesupport_fastrtps_c.so" to ""
[3.067s] -- Up-to-date: /home/reddy/ros2_ws/install/py_action_interfaces/include/py_action_interfaces/py_action_interfaces
[3.067s] -- Up-to-date: /home/reddy/ros2_ws/install/py_action_interfaces/include/py_action_interfaces/py_action_interfaces/msg
[3.067s] -- Installing: /home/reddy/ros2_ws/install/py_action_interfaces/include/py_action_interfaces/py_action_interfaces/msg/rosidl_typesupport_introspection_c__visibility_control.h
[3.067s] -- Up-to-date: /home/reddy/ros2_ws/install/py_action_interfaces/include/py_action_interfaces/py_action_interfaces/action
[3.067s] -- Up-to-date: /home/reddy/ros2_ws/install/py_action_interfaces/include/py_action_interfaces/py_action_interfaces/action/detail
[3.067s] -- Installing: /home/reddy/ros2_ws/install/py_action_interfaces/include/py_action_interfaces/py_action_interfaces/action/detail/fibonacci__rosidl_typesupport_introspection_c.h
[3.067s] -- Installing: /home/reddy/ros2_ws/install/py_action_interfaces/include/py_action_interfaces/py_action_interfaces/action/detail/fibonacci__type_support.c
[3.067s] -- Installing: /home/reddy/ros2_ws/install/py_action_interfaces/lib/libpy_action_interfaces__rosidl_typesupport_introspection_c.so
[3.067s] -- Set runtime path of "/home/reddy/ros2_ws/install/py_action_interfaces/lib/libpy_action_interfaces__rosidl_typesupport_introspection_c.so" to ""
[3.068s] -- Installing: /home/reddy/ros2_ws/install/py_action_interfaces/lib/libpy_action_interfaces__rosidl_typesupport_c.so
[3.068s] -- Set runtime path of "/home/reddy/ros2_ws/install/py_action_interfaces/lib/libpy_action_interfaces__rosidl_typesupport_c.so" to ""
[3.068s] -- Up-to-date: /home/reddy/ros2_ws/install/py_action_interfaces/include/py_action_interfaces/py_action_interfaces
[3.068s] -- Up-to-date: /home/reddy/ros2_ws/install/py_action_interfaces/include/py_action_interfaces/py_action_interfaces/msg
[3.068s] -- Installing: /home/reddy/ros2_ws/install/py_action_interfaces/include/py_action_interfaces/py_action_interfaces/msg/rosidl_generator_cpp__visibility_control.hpp
[3.068s] -- Up-to-date: /home/reddy/ros2_ws/install/py_action_interfaces/include/py_action_interfaces/py_action_interfaces/action
[3.068s] -- Installing: /home/reddy/ros2_ws/install/py_action_interfaces/include/py_action_interfaces/py_action_interfaces/action/fibonacci.hpp
[3.068s] -- Up-to-date: /home/reddy/ros2_ws/install/py_action_interfaces/include/py_action_interfaces/py_action_interfaces/action/detail
[3.068s] -- Installing: /home/reddy/ros2_ws/install/py_action_interfaces/include/py_action_interfaces/py_action_interfaces/action/detail/fibonacci__traits.hpp
[3.068s] -- Installing: /home/reddy/ros2_ws/install/py_action_interfaces/include/py_action_interfaces/py_action_interfaces/action/detail/fibonacci__type_support.hpp
[3.068s] -- Installing: /home/reddy/ros2_ws/install/py_action_interfaces/include/py_action_interfaces/py_action_interfaces/action/detail/fibonacci__struct.hpp
[3.068s] -- Installing: /home/reddy/ros2_ws/install/py_action_interfaces/include/py_action_interfaces/py_action_interfaces/action/detail/fibonacci__builder.hpp
[3.069s] -- Up-to-date: /home/reddy/ros2_ws/install/py_action_interfaces/include/py_action_interfaces/py_action_interfaces
[3.069s] -- Up-to-date: /home/reddy/ros2_ws/install/py_action_interfaces/include/py_action_interfaces/py_action_interfaces/msg
[3.069s] -- Installing: /home/reddy/ros2_ws/install/py_action_interfaces/include/py_action_interfaces/py_action_interfaces/msg/rosidl_typesupport_fastrtps_cpp__visibility_control.h
[3.069s] -- Up-to-date: /home/reddy/ros2_ws/install/py_action_interfaces/include/py_action_interfaces/py_action_interfaces/action
[3.069s] -- Up-to-date: /home/reddy/ros2_ws/install/py_action_interfaces/include/py_action_interfaces/py_action_interfaces/action/detail
[3.069s] -- Installing: /home/reddy/ros2_ws/install/py_action_interfaces/include/py_action_interfaces/py_action_interfaces/action/detail/fibonacci__rosidl_typesupport_fastrtps_cpp.hpp
[3.069s] -- Installing: /home/reddy/ros2_ws/install/py_action_interfaces/include/py_action_interfaces/py_action_interfaces/action/detail/dds_fastrtps
[3.069s] -- Installing: /home/reddy/ros2_ws/install/py_action_interfaces/lib/libpy_action_interfaces__rosidl_typesupport_fastrtps_cpp.so
[3.069s] -- Set runtime path of "/home/reddy/ros2_ws/install/py_action_interfaces/lib/libpy_action_interfaces__rosidl_typesupport_fastrtps_cpp.so" to ""
[3.069s] -- Up-to-date: /home/reddy/ros2_ws/install/py_action_interfaces/include/py_action_interfaces/py_action_interfaces
[3.069s] -- Up-to-date: /home/reddy/ros2_ws/install/py_action_interfaces/include/py_action_interfaces/py_action_interfaces/action
[3.070s] -- Up-to-date: /home/reddy/ros2_ws/install/py_action_interfaces/include/py_action_interfaces/py_action_interfaces/action/detail
[3.070s] -- Installing: /home/reddy/ros2_ws/install/py_action_interfaces/include/py_action_interfaces/py_action_interfaces/action/detail/fibonacci__type_support.cpp
[3.070s] -- Installing: /home/reddy/ros2_ws/install/py_action_interfaces/include/py_action_interfaces/py_action_interfaces/action/detail/fibonacci__rosidl_typesupport_introspection_cpp.hpp
[3.070s] -- Installing: /home/reddy/ros2_ws/install/py_action_interfaces/lib/libpy_action_interfaces__rosidl_typesupport_introspection_cpp.so
[3.070s] -- Set runtime path of "/home/reddy/ros2_ws/install/py_action_interfaces/lib/libpy_action_interfaces__rosidl_typesupport_introspection_cpp.so" to ""
[3.070s] -- Installing: /home/reddy/ros2_ws/install/py_action_interfaces/lib/libpy_action_interfaces__rosidl_typesupport_cpp.so
[3.070s] -- Set runtime path of "/home/reddy/ros2_ws/install/py_action_interfaces/lib/libpy_action_interfaces__rosidl_typesupport_cpp.so" to ""
[3.070s] -- Installing: /home/reddy/ros2_ws/install/py_action_interfaces/share/py_action_interfaces/environment/pythonpath.sh
[3.070s] -- Installing: /home/reddy/ros2_ws/install/py_action_interfaces/share/py_action_interfaces/environment/pythonpath.dsv
[3.070s] -- Installing: /home/reddy/ros2_ws/install/py_action_interfaces/local/lib/python3.10/dist-packages/py_action_interfaces-0.0.0-py3.10.egg-info
[3.070s] -- Installing: /home/reddy/ros2_ws/install/py_action_interfaces/local/lib/python3.10/dist-packages/py_action_interfaces-0.0.0-py3.10.egg-info/SOURCES.txt
[3.070s] -- Installing: /home/reddy/ros2_ws/install/py_action_interfaces/local/lib/python3.10/dist-packages/py_action_interfaces-0.0.0-py3.10.egg-info/PKG-INFO
[3.071s] -- Installing: /home/reddy/ros2_ws/install/py_action_interfaces/local/lib/python3.10/dist-packages/py_action_interfaces-0.0.0-py3.10.egg-info/dependency_links.txt
[3.071s] -- Installing: /home/reddy/ros2_ws/install/py_action_interfaces/local/lib/python3.10/dist-packages/py_action_interfaces-0.0.0-py3.10.egg-info/top_level.txt
[3.071s] -- Installing: /home/reddy/ros2_ws/install/py_action_interfaces/local/lib/python3.10/dist-packages/py_action_interfaces
[3.071s] -- Installing: /home/reddy/ros2_ws/install/py_action_interfaces/local/lib/python3.10/dist-packages/py_action_interfaces/py_action_interfaces_s__rosidl_typesupport_introspection_c.cpython-310-x86_64-linux-gnu.so
[3.071s] -- Installing: /home/reddy/ros2_ws/install/py_action_interfaces/local/lib/python3.10/dist-packages/py_action_interfaces/libpy_action_interfaces__rosidl_generator_py.so
[3.071s] -- Installing: /home/reddy/ros2_ws/install/py_action_interfaces/local/lib/python3.10/dist-packages/py_action_interfaces/_py_action_interfaces_s.ep.rosidl_typesupport_c.c
[3.071s] -- Installing: /home/reddy/ros2_ws/install/py_action_interfaces/local/lib/python3.10/dist-packages/py_action_interfaces/action
[3.071s] -- Installing: /home/reddy/ros2_ws/install/py_action_interfaces/local/lib/python3.10/dist-packages/py_action_interfaces/action/_fibonacci.py
[3.071s] -- Installing: /home/reddy/ros2_ws/install/py_action_interfaces/local/lib/python3.10/dist-packages/py_action_interfaces/action/__init__.py
[3.071s] -- Installing: /home/reddy/ros2_ws/install/py_action_interfaces/local/lib/python3.10/dist-packages/py_action_interfaces/action/_fibonacci_s.c
[3.071s] -- Installing: /home/reddy/ros2_ws/install/py_action_interfaces/local/lib/python3.10/dist-packages/py_action_interfaces/_py_action_interfaces_s.ep.rosidl_typesupport_fastrtps_c.c
[3.071s] -- Installing: /home/reddy/ros2_ws/install/py_action_interfaces/local/lib/python3.10/dist-packages/py_action_interfaces/__init__.py
[3.071s] -- Installing: /home/reddy/ros2_ws/install/py_action_interfaces/local/lib/python3.10/dist-packages/py_action_interfaces/py_action_interfaces_s__rosidl_typesupport_fastrtps_c.cpython-310-x86_64-linux-gnu.so
[3.071s] -- Installing: /home/reddy/ros2_ws/install/py_action_interfaces/local/lib/python3.10/dist-packages/py_action_interfaces/py_action_interfaces_s__rosidl_typesupport_c.cpython-310-x86_64-linux-gnu.so
[3.071s] -- Installing: /home/reddy/ros2_ws/install/py_action_interfaces/local/lib/python3.10/dist-packages/py_action_interfaces/_py_action_interfaces_s.ep.rosidl_typesupport_introspection_c.c
[3.095s] Listing '/home/reddy/ros2_ws/install/py_action_interfaces/local/lib/python3.10/dist-packages/py_action_interfaces'...
[3.095s] Compiling '/home/reddy/ros2_ws/install/py_action_interfaces/local/lib/python3.10/dist-packages/py_action_interfaces/__init__.py'...
[3.095s] Listing '/home/reddy/ros2_ws/install/py_action_interfaces/local/lib/python3.10/dist-packages/py_action_interfaces/action'...
[3.095s] Compiling '/home/reddy/ros2_ws/install/py_action_interfaces/local/lib/python3.10/dist-packages/py_action_interfaces/action/__init__.py'...
[3.095s] Compiling '/home/reddy/ros2_ws/install/py_action_interfaces/local/lib/python3.10/dist-packages/py_action_interfaces/action/_fibonacci.py'...
[3.097s] -- Installing: /home/reddy/ros2_ws/install/py_action_interfaces/local/lib/python3.10/dist-packages/py_action_interfaces/py_action_interfaces_s__rosidl_typesupport_fastrtps_c.cpython-310-x86_64-linux-gnu.so
[3.097s] -- Set runtime path of "/home/reddy/ros2_ws/install/py_action_interfaces/local/lib/python3.10/dist-packages/py_action_interfaces/py_action_interfaces_s__rosidl_typesupport_fastrtps_c.cpython-310-x86_64-linux-gnu.so" to ""
[3.097s] -- Installing: /home/reddy/ros2_ws/install/py_action_interfaces/local/lib/python3.10/dist-packages/py_action_interfaces/py_action_interfaces_s__rosidl_typesupport_introspection_c.cpython-310-x86_64-linux-gnu.so
[3.097s] -- Set runtime path of "/home/reddy/ros2_ws/install/py_action_interfaces/local/lib/python3.10/dist-packages/py_action_interfaces/py_action_interfaces_s__rosidl_typesupport_introspection_c.cpython-310-x86_64-linux-gnu.so" to ""
[3.098s] -- Installing: /home/reddy/ros2_ws/install/py_action_interfaces/local/lib/python3.10/dist-packages/py_action_interfaces/py_action_interfaces_s__rosidl_typesupport_c.cpython-310-x86_64-linux-gnu.so
[3.098s] -- Set runtime path of "/home/reddy/ros2_ws/install/py_action_interfaces/local/lib/python3.10/dist-packages/py_action_interfaces/py_action_interfaces_s__rosidl_typesupport_c.cpython-310-x86_64-linux-gnu.so" to ""
[3.098s] -- Installing: /home/reddy/ros2_ws/install/py_action_interfaces/lib/libpy_action_interfaces__rosidl_generator_py.so
[3.098s] -- Set runtime path of "/home/reddy/ros2_ws/install/py_action_interfaces/lib/libpy_action_interfaces__rosidl_generator_py.so" to ""
[3.098s] -- Installing: /home/reddy/ros2_ws/install/py_action_interfaces/share/py_action_interfaces/action/Fibonacci.idl
[3.098s] -- Installing: /home/reddy/ros2_ws/install/py_action_interfaces/share/py_action_interfaces/action/Fibonacci.action
[3.098s] -- Installing: /home/reddy/ros2_ws/install/py_action_interfaces/share/ament_index/resource_index/package_run_dependencies/py_action_interfaces
[3.099s] -- Installing: /home/reddy/ros2_ws/install/py_action_interfaces/share/ament_index/resource_index/parent_prefix_path/py_action_interfaces
[3.099s] -- Installing: /home/reddy/ros2_ws/install/py_action_interfaces/share/py_action_interfaces/environment/ament_prefix_path.sh
[3.099s] -- Installing: /home/reddy/ros2_ws/install/py_action_interfaces/share/py_action_interfaces/environment/ament_prefix_path.dsv
[3.099s] -- Installing: /home/reddy/ros2_ws/install/py_action_interfaces/share/py_action_interfaces/environment/path.sh
[3.099s] -- Installing: /home/reddy/ros2_ws/install/py_action_interfaces/share/py_action_interfaces/environment/path.dsv
[3.099s] -- Installing: /home/reddy/ros2_ws/install/py_action_interfaces/share/py_action_interfaces/local_setup.bash
[3.099s] -- Installing: /home/reddy/ros2_ws/install/py_action_interfaces/share/py_action_interfaces/local_setup.sh
[3.099s] -- Installing: /home/reddy/ros2_ws/install/py_action_interfaces/share/py_action_interfaces/local_setup.zsh
[3.099s] -- Installing: /home/reddy/ros2_ws/install/py_action_interfaces/share/py_action_interfaces/local_setup.dsv
[3.099s] -- Installing: /home/reddy/ros2_ws/install/py_action_interfaces/share/py_action_interfaces/package.dsv
[3.099s] -- Installing: /home/reddy/ros2_ws/install/py_action_interfaces/share/ament_index/resource_index/packages/py_action_interfaces
[3.099s] -- Installing: /home/reddy/ros2_ws/install/py_action_interfaces/share/py_action_interfaces/cmake/export_py_action_interfaces__rosidl_generator_cExport.cmake
[3.099s] -- Installing: /home/reddy/ros2_ws/install/py_action_interfaces/share/py_action_interfaces/cmake/export_py_action_interfaces__rosidl_generator_cExport-noconfig.cmake
[3.100s] -- Installing: /home/reddy/ros2_ws/install/py_action_interfaces/share/py_action_interfaces/cmake/export_py_action_interfaces__rosidl_typesupport_fastrtps_cExport.cmake
[3.100s] -- Installing: /home/reddy/ros2_ws/install/py_action_interfaces/share/py_action_interfaces/cmake/export_py_action_interfaces__rosidl_typesupport_fastrtps_cExport-noconfig.cmake
[3.100s] -- Installing: /home/reddy/ros2_ws/install/py_action_interfaces/share/py_action_interfaces/cmake/py_action_interfaces__rosidl_typesupport_introspection_cExport.cmake
[3.100s] -- Installing: /home/reddy/ros2_ws/install/py_action_interfaces/share/py_action_interfaces/cmake/py_action_interfaces__rosidl_typesupport_introspection_cExport-noconfig.cmake
[3.100s] -- Installing: /home/reddy/ros2_ws/install/py_action_interfaces/share/py_action_interfaces/cmake/py_action_interfaces__rosidl_typesupport_cExport.cmake
[3.100s] -- Installing: /home/reddy/ros2_ws/install/py_action_interfaces/share/py_action_interfaces/cmake/py_action_interfaces__rosidl_typesupport_cExport-noconfig.cmake
[3.100s] -- Installing: /home/reddy/ros2_ws/install/py_action_interfaces/share/py_action_interfaces/cmake/export_py_action_interfaces__rosidl_generator_cppExport.cmake
[3.100s] -- Installing: /home/reddy/ros2_ws/install/py_action_interfaces/share/py_action_interfaces/cmake/export_py_action_interfaces__rosidl_typesupport_fastrtps_cppExport.cmake
[3.100s] -- Installing: /home/reddy/ros2_ws/install/py_action_interfaces/share/py_action_interfaces/cmake/export_py_action_interfaces__rosidl_typesupport_fastrtps_cppExport-noconfig.cmake
[3.100s] -- Installing: /home/reddy/ros2_ws/install/py_action_interfaces/share/py_action_interfaces/cmake/py_action_interfaces__rosidl_typesupport_introspection_cppExport.cmake
[3.100s] -- Installing: /home/reddy/ros2_ws/install/py_action_interfaces/share/py_action_interfaces/cmake/py_action_interfaces__rosidl_typesupport_introspection_cppExport-noconfig.cmake
[3.100s] -- Installing: /home/reddy/ros2_ws/install/py_action_interfaces/share/py_action_interfaces/cmake/py_action_interfaces__rosidl_typesupport_cppExport.cmake
[3.100s] -- Installing: /home/reddy/ros2_ws/install/py_action_interfaces/share/py_action_interfaces/cmake/py_action_interfaces__rosidl_typesupport_cppExport-noconfig.cmake
[3.101s] -- Installing: /home/reddy/ros2_ws/install/py_action_interfaces/share/py_action_interfaces/cmake/export_py_action_interfaces__rosidl_generator_pyExport.cmake
[3.101s] -- Installing: /home/reddy/ros2_ws/install/py_action_interfaces/share/py_action_interfaces/cmake/export_py_action_interfaces__rosidl_generator_pyExport-noconfig.cmake
[3.101s] -- Installing: /home/reddy/ros2_ws/install/py_action_interfaces/share/py_action_interfaces/cmake/rosidl_cmake-extras.cmake
[3.101s] -- Installing: /home/reddy/ros2_ws/install/py_action_interfaces/share/py_action_interfaces/cmake/ament_cmake_export_dependencies-extras.cmake
[3.101s] -- Installing: /home/reddy/ros2_ws/install/py_action_interfaces/share/py_action_interfaces/cmake/ament_cmake_export_include_directories-extras.cmake
[3.101s] -- Installing: /home/reddy/ros2_ws/install/py_action_interfaces/share/py_action_interfaces/cmake/ament_cmake_export_libraries-extras.cmake
[3.101s] -- Installing: /home/reddy/ros2_ws/install/py_action_interfaces/share/py_action_interfaces/cmake/ament_cmake_export_targets-extras.cmake
[3.101s] -- Installing: /home/reddy/ros2_ws/install/py_action_interfaces/share/py_action_interfaces/cmake/rosidl_cmake_export_typesupport_targets-extras.cmake
[3.101s] -- Installing: /home/reddy/ros2_ws/install/py_action_interfaces/share/py_action_interfaces/cmake/rosidl_cmake_export_typesupport_libraries-extras.cmake
[3.101s] -- Installing: /home/reddy/ros2_ws/install/py_action_interfaces/share/py_action_interfaces/cmake/py_action_interfacesConfig.cmake
[3.101s] -- Installing: /home/reddy/ros2_ws/install/py_action_interfaces/share/py_action_interfaces/cmake/py_action_interfacesConfig-version.cmake
[3.101s] -- Installing: /home/reddy/ros2_ws/install/py_action_interfaces/share/py_action_interfaces/package.xml
[3.103s] Invoked command in '/home/reddy/ros2_ws/build/py_action_interfaces' returned '0': CMAKE_PREFIX_PATH=${CMAKE_PREFIX_PATH}:/home/reddy/ros2_ws/install/py_service:/home/reddy/ros2_ws/install/py_clint:/home/reddy/ros2_ws/install/launch_testing_examples:/home/reddy/ros2_ws/install/examples_rclpy_pointcloud_publisher:/home/reddy/ros2_ws/install/examples_rclpy_minimal_subscriber:/home/reddy/ros2_ws/install/examples_rclpy_minimal_service:/home/reddy/ros2_ws/install/examples_rclpy_minimal_publisher:/home/reddy/ros2_ws/install/examples_rclpy_minimal_client:/home/reddy/ros2_ws/install/examples_rclpy_minimal_action_server:/home/reddy/ros2_ws/install/examples_rclpy_minimal_action_client:/home/reddy/ros2_ws/install/examples_rclpy_guard_conditions:/home/reddy/ros2_ws/install/examples_rclpy_executors:/home/reddy/ros2_ws/install/py_action:/home/reddy/ros2_ws/install/py_srvcli:/home/reddy/ros2_ws/install/py_pubsub:/home/reddy/ros2_ws/install/py_params:/opt/ros/humble /usr/bin/cmake --install /home/reddy/ros2_ws/build/py_action_interfaces
