running egg_info
creating ../../build/py_srvcli/py_srvcli.egg-info
writing ../../build/py_srvcli/py_srvcli.egg-info/PKG-INFO
writing dependency_links to ../../build/py_srvcli/py_srvcli.egg-info/dependency_links.txt
writing entry points to ../../build/py_srvcli/py_srvcli.egg-info/entry_points.txt
writing requirements to ../../build/py_srvcli/py_srvcli.egg-info/requires.txt
writing top-level names to ../../build/py_srvcli/py_srvcli.egg-info/top_level.txt
writing manifest file '../../build/py_srvcli/py_srvcli.egg-info/SOURCES.txt'
reading manifest file '../../build/py_srvcli/py_srvcli.egg-info/SOURCES.txt'
writing manifest file '../../build/py_srvcli/py_srvcli.egg-info/SOURCES.txt'
running build
running build_py
creating /home/reddy/ros2_ws/build/py_srvcli/build
creating /home/reddy/ros2_ws/build/py_srvcli/build/lib
creating /home/reddy/ros2_ws/build/py_srvcli/build/lib/py_srvcli
copying py_srvcli/countdown_client.py -> /home/reddy/ros2_ws/build/py_srvcli/build/lib/py_srvcli
copying py_srvcli/__init__.py -> /home/reddy/ros2_ws/build/py_srvcli/build/lib/py_srvcli
copying py_srvcli/add_two_ints_client.py -> /home/reddy/ros2_ws/build/py_srvcli/build/lib/py_srvcli
copying py_srvcli/add_two_ints_server.py -> /home/reddy/ros2_ws/build/py_srvcli/build/lib/py_srvcli
running install
running install_lib
creating /home/reddy/ros2_ws/install/py_srvcli/lib/python3.10/site-packages/py_srvcli
copying /home/reddy/ros2_ws/build/py_srvcli/build/lib/py_srvcli/countdown_client.py -> /home/reddy/ros2_ws/install/py_srvcli/lib/python3.10/site-packages/py_srvcli
copying /home/reddy/ros2_ws/build/py_srvcli/build/lib/py_srvcli/__init__.py -> /home/reddy/ros2_ws/install/py_srvcli/lib/python3.10/site-packages/py_srvcli
copying /home/reddy/ros2_ws/build/py_srvcli/build/lib/py_srvcli/add_two_ints_client.py -> /home/reddy/ros2_ws/install/py_srvcli/lib/python3.10/site-packages/py_srvcli
copying /home/reddy/ros2_ws/build/py_srvcli/build/lib/py_srvcli/add_two_ints_server.py -> /home/reddy/ros2_ws/install/py_srvcli/lib/python3.10/site-packages/py_srvcli
byte-compiling /home/reddy/ros2_ws/install/py_srvcli/lib/python3.10/site-packages/py_srvcli/countdown_client.py to countdown_client.cpython-310.pyc
byte-compiling /home/reddy/ros2_ws/install/py_srvcli/lib/python3.10/site-packages/py_srvcli/__init__.py to __init__.cpython-310.pyc
byte-compiling /home/reddy/ros2_ws/install/py_srvcli/lib/python3.10/site-packages/py_srvcli/add_two_ints_client.py to add_two_ints_client.cpython-310.pyc
byte-compiling /home/reddy/ros2_ws/install/py_srvcli/lib/python3.10/site-packages/py_srvcli/add_two_ints_server.py to add_two_ints_server.cpython-310.pyc
running install_data
creating /home/reddy/ros2_ws/install/py_srvcli/share/ament_index
creating /home/reddy/ros2_ws/install/py_srvcli/share/ament_index/resource_index
creating /home/reddy/ros2_ws/install/py_srvcli/share/ament_index/resource_index/packages
copying resource/py_srvcli -> /home/reddy/ros2_ws/install/py_srvcli/share/ament_index/resource_index/packages
copying package.xml -> /home/reddy/ros2_ws/install/py_srvcli/share/py_srvcli
running install_egg_info
Copying ../../build/py_srvcli/py_srvcli.egg-info to /home/reddy/ros2_ws/install/py_srvcli/lib/python3.10/site-packages/py_srvcli-0.0.0-py3.10.egg-info
running install_scripts
Installing add_two_ints_client script to /home/reddy/ros2_ws/install/py_srvcli/lib/py_srvcli
Installing add_two_ints_server script to /home/reddy/ros2_ws/install/py_srvcli/lib/py_srvcli
Installing countdown_client script to /home/reddy/ros2_ws/install/py_srvcli/lib/py_srvcli
writing list of installed files to '/home/reddy/ros2_ws/build/py_srvcli/install.log'
