[2.981s] Invoking command in '/home/reddy/ros2_ws/src/py_srvcli': PYTHONPATH=/home/reddy/ros2_ws/build/py_srvcli/prefix_override:/usr/lib/python3/dist-packages/colcon_core/task/python/colcon_distutils_commands:/home/reddy/ros2_ws/install/py_srvcli/lib/python3.10/site-packages:${PYTHONPATH} /usr/bin/python3 -W ignore:setup.py install is deprecated -W ignore:easy_install command is deprecated setup.py egg_info --egg-base ../../build/py_srvcli build --build-base /home/reddy/ros2_ws/build/py_srvcli/build install --record /home/reddy/ros2_ws/build/py_srvcli/install.log --single-version-externally-managed install_data
[3.294s] running egg_info
[3.294s] creating ../../build/py_srvcli/py_srvcli.egg-info
[3.294s] writing ../../build/py_srvcli/py_srvcli.egg-info/PKG-INFO
[3.294s] writing dependency_links to ../../build/py_srvcli/py_srvcli.egg-info/dependency_links.txt
[3.294s] writing entry points to ../../build/py_srvcli/py_srvcli.egg-info/entry_points.txt
[3.294s] writing requirements to ../../build/py_srvcli/py_srvcli.egg-info/requires.txt
[3.295s] writing top-level names to ../../build/py_srvcli/py_srvcli.egg-info/top_level.txt
[3.295s] writing manifest file '../../build/py_srvcli/py_srvcli.egg-info/SOURCES.txt'
[3.295s] reading manifest file '../../build/py_srvcli/py_srvcli.egg-info/SOURCES.txt'
[3.296s] writing manifest file '../../build/py_srvcli/py_srvcli.egg-info/SOURCES.txt'
[3.296s] running build
[3.296s] running build_py
[3.296s] creating /home/reddy/ros2_ws/build/py_srvcli/build
[3.296s] creating /home/reddy/ros2_ws/build/py_srvcli/build/lib
[3.297s] creating /home/reddy/ros2_ws/build/py_srvcli/build/lib/py_srvcli
[3.297s] copying py_srvcli/countdown_client.py -> /home/reddy/ros2_ws/build/py_srvcli/build/lib/py_srvcli
[3.297s] copying py_srvcli/__init__.py -> /home/reddy/ros2_ws/build/py_srvcli/build/lib/py_srvcli
[3.297s] copying py_srvcli/add_two_ints_client.py -> /home/reddy/ros2_ws/build/py_srvcli/build/lib/py_srvcli
[3.298s] copying py_srvcli/add_two_ints_server.py -> /home/reddy/ros2_ws/build/py_srvcli/build/lib/py_srvcli
[3.298s] running install
[3.298s] running install_lib
[3.298s] creating /home/reddy/ros2_ws/install/py_srvcli/lib/python3.10/site-packages/py_srvcli
[3.298s] copying /home/reddy/ros2_ws/build/py_srvcli/build/lib/py_srvcli/countdown_client.py -> /home/reddy/ros2_ws/install/py_srvcli/lib/python3.10/site-packages/py_srvcli
[3.299s] copying /home/reddy/ros2_ws/build/py_srvcli/build/lib/py_srvcli/__init__.py -> /home/reddy/ros2_ws/install/py_srvcli/lib/python3.10/site-packages/py_srvcli
[3.299s] copying /home/reddy/ros2_ws/build/py_srvcli/build/lib/py_srvcli/add_two_ints_client.py -> /home/reddy/ros2_ws/install/py_srvcli/lib/python3.10/site-packages/py_srvcli
[3.300s] copying /home/reddy/ros2_ws/build/py_srvcli/build/lib/py_srvcli/add_two_ints_server.py -> /home/reddy/ros2_ws/install/py_srvcli/lib/python3.10/site-packages/py_srvcli
[3.301s] byte-compiling /home/reddy/ros2_ws/install/py_srvcli/lib/python3.10/site-packages/py_srvcli/countdown_client.py to countdown_client.cpython-310.pyc
[3.301s] byte-compiling /home/reddy/ros2_ws/install/py_srvcli/lib/python3.10/site-packages/py_srvcli/__init__.py to __init__.cpython-310.pyc
[3.301s] byte-compiling /home/reddy/ros2_ws/install/py_srvcli/lib/python3.10/site-packages/py_srvcli/add_two_ints_client.py to add_two_ints_client.cpython-310.pyc
[3.301s] byte-compiling /home/reddy/ros2_ws/install/py_srvcli/lib/python3.10/site-packages/py_srvcli/add_two_ints_server.py to add_two_ints_server.cpython-310.pyc
[3.301s] running install_data
[3.301s] creating /home/reddy/ros2_ws/install/py_srvcli/share/ament_index
[3.301s] creating /home/reddy/ros2_ws/install/py_srvcli/share/ament_index/resource_index
[3.301s] creating /home/reddy/ros2_ws/install/py_srvcli/share/ament_index/resource_index/packages
[3.301s] copying resource/py_srvcli -> /home/reddy/ros2_ws/install/py_srvcli/share/ament_index/resource_index/packages
[3.301s] copying package.xml -> /home/reddy/ros2_ws/install/py_srvcli/share/py_srvcli
[3.301s] running install_egg_info
[3.301s] Copying ../../build/py_srvcli/py_srvcli.egg-info to /home/reddy/ros2_ws/install/py_srvcli/lib/python3.10/site-packages/py_srvcli-0.0.0-py3.10.egg-info
[3.302s] running install_scripts
[3.302s] Installing add_two_ints_client script to /home/reddy/ros2_ws/install/py_srvcli/lib/py_srvcli
[3.302s] Installing add_two_ints_server script to /home/reddy/ros2_ws/install/py_srvcli/lib/py_srvcli
[3.302s] Installing countdown_client script to /home/reddy/ros2_ws/install/py_srvcli/lib/py_srvcli
[3.302s] writing list of installed files to '/home/reddy/ros2_ws/build/py_srvcli/install.log'
[3.334s] Invoked command in '/home/reddy/ros2_ws/src/py_srvcli' returned '0': PYTHONPATH=/home/reddy/ros2_ws/build/py_srvcli/prefix_override:/usr/lib/python3/dist-packages/colcon_core/task/python/colcon_distutils_commands:/home/reddy/ros2_ws/install/py_srvcli/lib/python3.10/site-packages:${PYTHONPATH} /usr/bin/python3 -W ignore:setup.py install is deprecated -W ignore:easy_install command is deprecated setup.py egg_info --egg-base ../../build/py_srvcli build --build-base /home/reddy/ros2_ws/build/py_srvcli/build install --record /home/reddy/ros2_ws/build/py_srvcli/install.log --single-version-externally-managed install_data
