[0.369s] Invoking command in '/home/reddy/ros2_ws/build/py_srvcli': PYTHONPATH=/home/reddy/ros2_ws/build/py_srvcli/prefix_override:/usr/lib/python3/dist-packages/colcon_core/task/python/colcon_distutils_commands:/home/reddy/ros2_ws/install/py_srvcli/lib/python3.10/site-packages:${PYTHONPATH} /usr/bin/python3 -W ignore:setup.py install is deprecated -W ignore:easy_install command is deprecated setup.py develop --editable --build-directory /home/reddy/ros2_ws/build/py_srvcli/build --no-deps symlink_data
[0.495s] running develop
[0.584s] running egg_info
[0.584s] creating py_srvcli.egg-info
[0.584s] writing py_srvcli.egg-info/PKG-INFO
[0.584s] writing dependency_links to py_srvcli.egg-info/dependency_links.txt
[0.584s] writing entry points to py_srvcli.egg-info/entry_points.txt
[0.584s] writing requirements to py_srvcli.egg-info/requires.txt
[0.584s] writing top-level names to py_srvcli.egg-info/top_level.txt
[0.584s] writing manifest file 'py_srvcli.egg-info/SOURCES.txt'
[0.585s] reading manifest file 'py_srvcli.egg-info/SOURCES.txt'
[0.585s] writing manifest file 'py_srvcli.egg-info/SOURCES.txt'
[0.586s] running build_ext
[0.586s] Creating /home/reddy/ros2_ws/install/py_srvcli/lib/python3.10/site-packages/py-srvcli.egg-link (link to .)
[0.586s] Installing add_two_ints_client script to /home/reddy/ros2_ws/install/py_srvcli/lib/py_srvcli
[0.586s] Installing add_two_ints_server script to /home/reddy/ros2_ws/install/py_srvcli/lib/py_srvcli
[0.586s] Installing countdown_client script to /home/reddy/ros2_ws/install/py_srvcli/lib/py_srvcli
[0.586s] 
[0.587s] Installed /home/reddy/ros2_ws/build/py_srvcli
[0.587s] running symlink_data
[0.587s] creating /home/reddy/ros2_ws/install/py_srvcli/share/ament_index
[0.587s] creating /home/reddy/ros2_ws/install/py_srvcli/share/ament_index/resource_index
[0.587s] creating /home/reddy/ros2_ws/install/py_srvcli/share/ament_index/resource_index/packages
[0.587s] symbolically linking /home/reddy/ros2_ws/build/py_srvcli/resource/py_srvcli -> /home/reddy/ros2_ws/install/py_srvcli/share/ament_index/resource_index/packages
[0.587s] symbolically linking /home/reddy/ros2_ws/build/py_srvcli/package.xml -> /home/reddy/ros2_ws/install/py_srvcli/share/py_srvcli
[0.599s] Invoked command in '/home/reddy/ros2_ws/build/py_srvcli' returned '0': PYTHONPATH=/home/reddy/ros2_ws/build/py_srvcli/prefix_override:/usr/lib/python3/dist-packages/colcon_core/task/python/colcon_distutils_commands:/home/reddy/ros2_ws/install/py_srvcli/lib/python3.10/site-packages:${PYTHONPATH} /usr/bin/python3 -W ignore:setup.py install is deprecated -W ignore:easy_install command is deprecated setup.py develop --editable --build-directory /home/reddy/ros2_ws/build/py_srvcli/build --no-deps symlink_data
