[3.030s] Invoking command in '/home/reddy/ros2_ws/src/examples/rclpy/services/minimal_client': PYTHONPATH=/home/reddy/ros2_ws/build/examples_rclpy_minimal_client/prefix_override:/usr/lib/python3/dist-packages/colcon_core/task/python/colcon_distutils_commands:/home/reddy/ros2_ws/install/examples_rclpy_minimal_client/lib/python3.10/site-packages:${PYTHONPATH} /usr/bin/python3 -W ignore:setup.py install is deprecated -W ignore:easy_install command is deprecated setup.py egg_info --egg-base ../../../../../build/examples_rclpy_minimal_client build --build-base /home/reddy/ros2_ws/build/examples_rclpy_minimal_client/build install --record /home/reddy/ros2_ws/build/examples_rclpy_minimal_client/install.log --single-version-externally-managed install_data
[3.385s] running egg_info
[3.386s] creating ../../../../../build/examples_rclpy_minimal_client/examples_rclpy_minimal_client.egg-info
[3.386s] writing ../../../../../build/examples_rclpy_minimal_client/examples_rclpy_minimal_client.egg-info/PKG-INFO
[3.386s] writing dependency_links to ../../../../../build/examples_rclpy_minimal_client/examples_rclpy_minimal_client.egg-info/dependency_links.txt
[3.386s] writing entry points to ../../../../../build/examples_rclpy_minimal_client/examples_rclpy_minimal_client.egg-info/entry_points.txt
[3.386s] writing requirements to ../../../../../build/examples_rclpy_minimal_client/examples_rclpy_minimal_client.egg-info/requires.txt
[3.386s] writing top-level names to ../../../../../build/examples_rclpy_minimal_client/examples_rclpy_minimal_client.egg-info/top_level.txt
[3.386s] writing manifest file '../../../../../build/examples_rclpy_minimal_client/examples_rclpy_minimal_client.egg-info/SOURCES.txt'
[3.386s] reading manifest file '../../../../../build/examples_rclpy_minimal_client/examples_rclpy_minimal_client.egg-info/SOURCES.txt'
[3.386s] writing manifest file '../../../../../build/examples_rclpy_minimal_client/examples_rclpy_minimal_client.egg-info/SOURCES.txt'
[3.386s] running build
[3.386s] running build_py
[3.387s] creating /home/reddy/ros2_ws/build/examples_rclpy_minimal_client/build
[3.387s] creating /home/reddy/ros2_ws/build/examples_rclpy_minimal_client/build/lib
[3.388s] creating /home/reddy/ros2_ws/build/examples_rclpy_minimal_client/build/lib/examples_rclpy_minimal_client
[3.388s] copying examples_rclpy_minimal_client/client_async.py -> /home/reddy/ros2_ws/build/examples_rclpy_minimal_client/build/lib/examples_rclpy_minimal_client
[3.388s] copying examples_rclpy_minimal_client/__init__.py -> /home/reddy/ros2_ws/build/examples_rclpy_minimal_client/build/lib/examples_rclpy_minimal_client
[3.388s] copying examples_rclpy_minimal_client/client_async_member_function.py -> /home/reddy/ros2_ws/build/examples_rclpy_minimal_client/build/lib/examples_rclpy_minimal_client
[3.388s] copying examples_rclpy_minimal_client/client_async_callback.py -> /home/reddy/ros2_ws/build/examples_rclpy_minimal_client/build/lib/examples_rclpy_minimal_client
[3.389s] copying examples_rclpy_minimal_client/client.py -> /home/reddy/ros2_ws/build/examples_rclpy_minimal_client/build/lib/examples_rclpy_minimal_client
[3.389s] running install
[3.389s] running install_lib
[3.390s] creating /home/reddy/ros2_ws/install/examples_rclpy_minimal_client/lib/python3.10/site-packages/examples_rclpy_minimal_client
[3.390s] copying /home/reddy/ros2_ws/build/examples_rclpy_minimal_client/build/lib/examples_rclpy_minimal_client/client_async.py -> /home/reddy/ros2_ws/install/examples_rclpy_minimal_client/lib/python3.10/site-packages/examples_rclpy_minimal_client
[3.390s] copying /home/reddy/ros2_ws/build/examples_rclpy_minimal_client/build/lib/examples_rclpy_minimal_client/__init__.py -> /home/reddy/ros2_ws/install/examples_rclpy_minimal_client/lib/python3.10/site-packages/examples_rclpy_minimal_client
[3.390s] copying /home/reddy/ros2_ws/build/examples_rclpy_minimal_client/build/lib/examples_rclpy_minimal_client/client_async_member_function.py -> /home/reddy/ros2_ws/install/examples_rclpy_minimal_client/lib/python3.10/site-packages/examples_rclpy_minimal_client
[3.390s] copying /home/reddy/ros2_ws/build/examples_rclpy_minimal_client/build/lib/examples_rclpy_minimal_client/client_async_callback.py -> /home/reddy/ros2_ws/install/examples_rclpy_minimal_client/lib/python3.10/site-packages/examples_rclpy_minimal_client
[3.390s] copying /home/reddy/ros2_ws/build/examples_rclpy_minimal_client/build/lib/examples_rclpy_minimal_client/client.py -> /home/reddy/ros2_ws/install/examples_rclpy_minimal_client/lib/python3.10/site-packages/examples_rclpy_minimal_client
[3.391s] byte-compiling /home/reddy/ros2_ws/install/examples_rclpy_minimal_client/lib/python3.10/site-packages/examples_rclpy_minimal_client/client_async.py to client_async.cpython-310.pyc
[3.391s] byte-compiling /home/reddy/ros2_ws/install/examples_rclpy_minimal_client/lib/python3.10/site-packages/examples_rclpy_minimal_client/__init__.py to __init__.cpython-310.pyc
[3.391s] byte-compiling /home/reddy/ros2_ws/install/examples_rclpy_minimal_client/lib/python3.10/site-packages/examples_rclpy_minimal_client/client_async_member_function.py to client_async_member_function.cpython-310.pyc
[3.391s] byte-compiling /home/reddy/ros2_ws/install/examples_rclpy_minimal_client/lib/python3.10/site-packages/examples_rclpy_minimal_client/client_async_callback.py to client_async_callback.cpython-310.pyc
[3.392s] byte-compiling /home/reddy/ros2_ws/install/examples_rclpy_minimal_client/lib/python3.10/site-packages/examples_rclpy_minimal_client/client.py to client.cpython-310.pyc
[3.392s] running install_data
[3.392s] creating /home/reddy/ros2_ws/install/examples_rclpy_minimal_client/share/ament_index
[3.392s] creating /home/reddy/ros2_ws/install/examples_rclpy_minimal_client/share/ament_index/resource_index
[3.392s] creating /home/reddy/ros2_ws/install/examples_rclpy_minimal_client/share/ament_index/resource_index/packages
[3.393s] copying resource/examples_rclpy_minimal_client -> /home/reddy/ros2_ws/install/examples_rclpy_minimal_client/share/ament_index/resource_index/packages
[3.393s] copying package.xml -> /home/reddy/ros2_ws/install/examples_rclpy_minimal_client/share/examples_rclpy_minimal_client
[3.394s] running install_egg_info
[3.394s] Copying ../../../../../build/examples_rclpy_minimal_client/examples_rclpy_minimal_client.egg-info to /home/reddy/ros2_ws/install/examples_rclpy_minimal_client/lib/python3.10/site-packages/examples_rclpy_minimal_client-0.15.3-py3.10.egg-info
[3.394s] running install_scripts
[3.394s] Installing client script to /home/reddy/ros2_ws/install/examples_rclpy_minimal_client/lib/examples_rclpy_minimal_client
[3.394s] Installing client_async script to /home/reddy/ros2_ws/install/examples_rclpy_minimal_client/lib/examples_rclpy_minimal_client
[3.394s] Installing client_async_callback script to /home/reddy/ros2_ws/install/examples_rclpy_minimal_client/lib/examples_rclpy_minimal_client
[3.395s] Installing client_async_member_function script to /home/reddy/ros2_ws/install/examples_rclpy_minimal_client/lib/examples_rclpy_minimal_client
[3.395s] writing list of installed files to '/home/reddy/ros2_ws/build/examples_rclpy_minimal_client/install.log'
[3.428s] Invoked command in '/home/reddy/ros2_ws/src/examples/rclpy/services/minimal_client' returned '0': PYTHONPATH=/home/reddy/ros2_ws/build/examples_rclpy_minimal_client/prefix_override:/usr/lib/python3/dist-packages/colcon_core/task/python/colcon_distutils_commands:/home/reddy/ros2_ws/install/examples_rclpy_minimal_client/lib/python3.10/site-packages:${PYTHONPATH} /usr/bin/python3 -W ignore:setup.py install is deprecated -W ignore:easy_install command is deprecated setup.py egg_info --egg-base ../../../../../build/examples_rclpy_minimal_client build --build-base /home/reddy/ros2_ws/build/examples_rclpy_minimal_client/build install --record /home/reddy/ros2_ws/build/examples_rclpy_minimal_client/install.log --single-version-externally-managed install_data
