[0.007s] Invoking command in '/home/reddy/ros2_ws/build/py_action_interfaces': CMAKE_PREFIX_PATH=${CMAKE_PREFIX_PATH}:/home/reddy/ros2_ws/install/py_service:/home/reddy/ros2_ws/install/py_clint:/home/reddy/ros2_ws/install/launch_testing_examples:/home/reddy/ros2_ws/install/examples_rclpy_pointcloud_publisher:/home/reddy/ros2_ws/install/examples_rclpy_minimal_subscriber:/home/reddy/ros2_ws/install/examples_rclpy_minimal_service:/home/reddy/ros2_ws/install/examples_rclpy_minimal_publisher:/home/reddy/ros2_ws/install/examples_rclpy_minimal_client:/home/reddy/ros2_ws/install/examples_rclpy_minimal_action_server:/home/reddy/ros2_ws/install/examples_rclpy_minimal_action_client:/home/reddy/ros2_ws/install/examples_rclpy_guard_conditions:/home/reddy/ros2_ws/install/examples_rclpy_executors:/home/reddy/ros2_ws/install/py_action:/home/reddy/ros2_ws/install/py_srvcli:/home/reddy/ros2_ws/install/py_pubsub:/home/reddy/ros2_ws/install/py_params:/opt/ros/humble /usr/bin/cmake /home/reddy/ros2_ws/src/py_action_interfaces -DCMAKE_VERBOSE_MAKEFILE=ON -DCMAKE_INSTALL_PREFIX=/home/reddy/ros2_ws/install/py_action_interfaces
[0.077s] -- The C compiler identification is GNU 11.4.0
[0.287s] -- The CXX compiler identification is GNU 11.4.0
[0.454s] -- Detecting C compiler ABI info
[0.523s] -- Detecting C compiler ABI info - done
[0.526s] -- Check for working C compiler: /usr/bin/cc - skipped
[0.527s] -- Detecting C compile features
[0.527s] -- Detecting C compile features - done
[0.528s] -- Detecting CXX compiler ABI info
[0.606s] -- Detecting CXX compiler ABI info - done
[0.610s] -- Check for working CXX compiler: /usr/bin/c++ - skipped
[0.610s] -- Detecting CXX compile features
[0.610s] -- Detecting CXX compile features - done
[0.612s] -- Found ament_cmake: 1.3.11 (/opt/ros/humble/share/ament_cmake/cmake)
[0.704s] -- Found Python3: /usr/bin/python3 (found version "3.10.12") found components: Interpreter 
[0.762s] -- Found rosidl_default_generators: 1.2.0 (/opt/ros/humble/share/rosidl_default_generators/cmake)
[0.766s] -- Using all available rosidl_typesupport_c: rosidl_typesupport_fastrtps_c;rosidl_typesupport_introspection_c
[0.771s] -- Found rosidl_adapter: 3.1.6 (/opt/ros/humble/share/rosidl_adapter/cmake)
[0.861s] -- Using all available rosidl_typesupport_cpp: rosidl_typesupport_fastrtps_cpp;rosidl_typesupport_introspection_cpp
[0.881s] -- Found action_msgs: 1.2.1 (/opt/ros/humble/share/action_msgs/cmake)
[1.047s] -- Found ament_cmake_ros: 0.10.0 (/opt/ros/humble/share/ament_cmake_ros/cmake)
[1.163s] -- Using all available rosidl_typesupport_c: rosidl_typesupport_fastrtps_c;rosidl_typesupport_introspection_c
[1.309s] -- Using all available rosidl_typesupport_cpp: rosidl_typesupport_fastrtps_cpp;rosidl_typesupport_introspection_cpp
[1.380s] -- Found PythonInterp: /usr/bin/python3 (found suitable version "3.10.12", minimum required is "3.6") 
[1.381s] -- Found python_cmake_module: 0.10.0 (/opt/ros/humble/share/python_cmake_module/cmake)
[1.637s] -- Found PythonLibs: /usr/lib/x86_64-linux-gnu/libpython3.10.so (found suitable version "3.10.12", minimum required is "3.5") 
[1.637s] -- Using PYTHON_EXECUTABLE: /usr/bin/python3
[1.637s] -- Using PYTHON_INCLUDE_DIRS: /usr/include/python3.10
[1.637s] -- Using PYTHON_LIBRARIES: /usr/lib/x86_64-linux-gnu/libpython3.10.so
[1.650s] -- Found PythonExtra: .so  
[1.729s] -- Found ament_lint_auto: 0.12.12 (/opt/ros/humble/share/ament_lint_auto/cmake)
[1.733s] -- Configuring done
[1.754s] -- Generating done
[1.759s] -- Build files have been written to: /home/reddy/ros2_ws/build/py_action_interfaces
[1.763s] Invoked command in '/home/reddy/ros2_ws/build/py_action_interfaces' returned '0': CMAKE_PREFIX_PATH=${CMAKE_PREFIX_PATH}:/home/reddy/ros2_ws/install/py_service:/home/reddy/ros2_ws/install/py_clint:/home/reddy/ros2_ws/install/launch_testing_examples:/home/reddy/ros2_ws/install/examples_rclpy_pointcloud_publisher:/home/reddy/ros2_ws/install/examples_rclpy_minimal_subscriber:/home/reddy/ros2_ws/install/examples_rclpy_minimal_service:/home/reddy/ros2_ws/install/examples_rclpy_minimal_publisher:/home/reddy/ros2_ws/install/examples_rclpy_minimal_client:/home/reddy/ros2_ws/install/examples_rclpy_minimal_action_server:/home/reddy/ros2_ws/install/examples_rclpy_minimal_action_client:/home/reddy/ros2_ws/install/examples_rclpy_guard_conditions:/home/reddy/ros2_ws/install/examples_rclpy_executors:/home/reddy/ros2_ws/install/py_action:/home/reddy/ros2_ws/install/py_srvcli:/home/reddy/ros2_ws/install/py_pubsub:/home/reddy/ros2_ws/install/py_params:/opt/ros/humble /usr/bin/cmake /home/reddy/ros2_ws/src/py_action_interfaces -DCMAKE_VERBOSE_MAKEFILE=ON -DCMAKE_INSTALL_PREFIX=/home/reddy/ros2_ws/install/py_action_interfaces
[1.765s] Invoking command in '/home/reddy/ros2_ws/build/py_action_interfaces': CMAKE_PREFIX_PATH=${CMAKE_PREFIX_PATH}:/home/reddy/ros2_ws/install/py_service:/home/reddy/ros2_ws/install/py_clint:/home/reddy/ros2_ws/install/launch_testing_examples:/home/reddy/ros2_ws/install/examples_rclpy_pointcloud_publisher:/home/reddy/ros2_ws/install/examples_rclpy_minimal_subscriber:/home/reddy/ros2_ws/install/examples_rclpy_minimal_service:/home/reddy/ros2_ws/install/examples_rclpy_minimal_publisher:/home/reddy/ros2_ws/install/examples_rclpy_minimal_client:/home/reddy/ros2_ws/install/examples_rclpy_minimal_action_server:/home/reddy/ros2_ws/install/examples_rclpy_minimal_action_client:/home/reddy/ros2_ws/install/examples_rclpy_guard_conditions:/home/reddy/ros2_ws/install/examples_rclpy_executors:/home/reddy/ros2_ws/install/py_action:/home/reddy/ros2_ws/install/py_srvcli:/home/reddy/ros2_ws/install/py_pubsub:/home/reddy/ros2_ws/install/py_params:/opt/ros/humble /usr/bin/cmake --build /home/reddy/ros2_ws/build/py_action_interfaces -- -j32 -l32
[1.774s] /usr/bin/cmake -S/home/reddy/ros2_ws/src/py_action_interfaces -B/home/reddy/ros2_ws/build/py_action_interfaces --check-build-system CMakeFiles/Makefile.cmake 0
[1.780s] /usr/bin/cmake -E cmake_progress_start /home/reddy/ros2_ws/build/py_action_interfaces/CMakeFiles /home/reddy/ros2_ws/build/py_action_interfaces//CMakeFiles/progress.marks
[1.784s] /usr/bin/gmake  -f CMakeFiles/Makefile2 all
[1.786s] gmake[1]: Entering directory '/home/reddy/ros2_ws/build/py_action_interfaces'
[1.786s] /usr/bin/gmake  -f CMakeFiles/py_action_interfaces__rosidl_generator_c.dir/build.make CMakeFiles/py_action_interfaces__rosidl_generator_c.dir/depend
[1.786s] /usr/bin/gmake  -f CMakeFiles/py_action_interfaces__cpp.dir/build.make CMakeFiles/py_action_interfaces__cpp.dir/depend
[1.786s] /usr/bin/gmake  -f CMakeFiles/ament_cmake_python_copy_py_action_interfaces.dir/build.make CMakeFiles/ament_cmake_python_copy_py_action_interfaces.dir/depend
[1.786s] gmake[2]: Entering directory '/home/reddy/ros2_ws/build/py_action_interfaces'
[1.786s] gmake[2]: Entering directory '/home/reddy/ros2_ws/build/py_action_interfaces'
[1.786s] cd /home/reddy/ros2_ws/build/py_action_interfaces && /usr/bin/cmake -E cmake_depends "Unix Makefiles" /home/reddy/ros2_ws/src/py_action_interfaces /home/reddy/ros2_ws/src/py_action_interfaces /home/reddy/ros2_ws/build/py_action_interfaces /home/reddy/ros2_ws/build/py_action_interfaces /home/reddy/ros2_ws/build/py_action_interfaces/CMakeFiles/py_action_interfaces__cpp.dir/DependInfo.cmake --color=
[1.786s] gmake[2]: Entering directory '/home/reddy/ros2_ws/build/py_action_interfaces'
[1.786s] cd /home/reddy/ros2_ws/build/py_action_interfaces && /usr/bin/cmake -E cmake_depends "Unix Makefiles" /home/reddy/ros2_ws/src/py_action_interfaces /home/reddy/ros2_ws/src/py_action_interfaces /home/reddy/ros2_ws/build/py_action_interfaces /home/reddy/ros2_ws/build/py_action_interfaces /home/reddy/ros2_ws/build/py_action_interfaces/CMakeFiles/ament_cmake_python_copy_py_action_interfaces.dir/DependInfo.cmake --color=
[1.790s] [  3%] [34m[1mGenerating C code for ROS interfaces[0m
[1.791s] /usr/bin/python3 /opt/ros/humble/share/rosidl_generator_c/cmake/../../../lib/rosidl_generator_c/rosidl_generator_c --generator-arguments-file /home/reddy/ros2_ws/build/py_action_interfaces/rosidl_generator_c__arguments.json
[1.791s] gmake[2]: Leaving directory '/home/reddy/ros2_ws/build/py_action_interfaces'
[1.791s] /usr/bin/gmake  -f CMakeFiles/py_action_interfaces__cpp.dir/build.make CMakeFiles/py_action_interfaces__cpp.dir/build
[1.791s] gmake[2]: Leaving directory '/home/reddy/ros2_ws/build/py_action_interfaces'
[1.791s] /usr/bin/gmake  -f CMakeFiles/ament_cmake_python_copy_py_action_interfaces.dir/build.make CMakeFiles/ament_cmake_python_copy_py_action_interfaces.dir/build
[1.792s] gmake[2]: Entering directory '/home/reddy/ros2_ws/build/py_action_interfaces'
[1.792s] gmake[2]: Entering directory '/home/reddy/ros2_ws/build/py_action_interfaces'
[1.792s] /usr/bin/cmake -E copy_directory /home/reddy/ros2_ws/build/py_action_interfaces/rosidl_generator_py/py_action_interfaces /home/reddy/ros2_ws/build/py_action_interfaces/ament_cmake_python/py_action_interfaces/py_action_interfaces
[1.796s] [  6%] [34m[1mGenerating C++ code for ROS interfaces[0m
[1.796s] /usr/bin/python3 /opt/ros/humble/share/rosidl_generator_cpp/cmake/../../../lib/rosidl_generator_cpp/rosidl_generator_cpp --generator-arguments-file /home/reddy/ros2_ws/build/py_action_interfaces/rosidl_generator_cpp__arguments.json
[1.796s] gmake[2]: Leaving directory '/home/reddy/ros2_ws/build/py_action_interfaces'
[1.800s] [  6%] Built target ament_cmake_python_copy_py_action_interfaces
[1.801s] /usr/bin/gmake  -f CMakeFiles/ament_cmake_python_build_py_action_interfaces_egg.dir/build.make CMakeFiles/ament_cmake_python_build_py_action_interfaces_egg.dir/depend
[1.802s] gmake[2]: Entering directory '/home/reddy/ros2_ws/build/py_action_interfaces'
[1.802s] cd /home/reddy/ros2_ws/build/py_action_interfaces && /usr/bin/cmake -E cmake_depends "Unix Makefiles" /home/reddy/ros2_ws/src/py_action_interfaces /home/reddy/ros2_ws/src/py_action_interfaces /home/reddy/ros2_ws/build/py_action_interfaces /home/reddy/ros2_ws/build/py_action_interfaces /home/reddy/ros2_ws/build/py_action_interfaces/CMakeFiles/ament_cmake_python_build_py_action_interfaces_egg.dir/DependInfo.cmake --color=
[1.807s] gmake[2]: Leaving directory '/home/reddy/ros2_ws/build/py_action_interfaces'
[1.807s] /usr/bin/gmake  -f CMakeFiles/ament_cmake_python_build_py_action_interfaces_egg.dir/build.make CMakeFiles/ament_cmake_python_build_py_action_interfaces_egg.dir/build
[1.808s] gmake[2]: Entering directory '/home/reddy/ros2_ws/build/py_action_interfaces'
[1.809s] cd /home/reddy/ros2_ws/build/py_action_interfaces/ament_cmake_python/py_action_interfaces && /usr/bin/python3 setup.py egg_info
[1.929s] running egg_info
[1.929s] creating py_action_interfaces.egg-info
[1.930s] writing py_action_interfaces.egg-info/PKG-INFO
[1.930s] writing dependency_links to py_action_interfaces.egg-info/dependency_links.txt
[1.930s] writing top-level names to py_action_interfaces.egg-info/top_level.txt
[1.930s] writing manifest file 'py_action_interfaces.egg-info/SOURCES.txt'
[1.931s] reading manifest file 'py_action_interfaces.egg-info/SOURCES.txt'
[1.931s] writing manifest file 'py_action_interfaces.egg-info/SOURCES.txt'
[1.941s] gmake[2]: Leaving directory '/home/reddy/ros2_ws/build/py_action_interfaces'
[1.945s] [  6%] Built target ament_cmake_python_build_py_action_interfaces_egg
[1.989s] cd /home/reddy/ros2_ws/build/py_action_interfaces && /usr/bin/cmake -E cmake_depends "Unix Makefiles" /home/reddy/ros2_ws/src/py_action_interfaces /home/reddy/ros2_ws/src/py_action_interfaces /home/reddy/ros2_ws/build/py_action_interfaces /home/reddy/ros2_ws/build/py_action_interfaces /home/reddy/ros2_ws/build/py_action_interfaces/CMakeFiles/py_action_interfaces__rosidl_generator_c.dir/DependInfo.cmake --color=
[1.994s] gmake[2]: Leaving directory '/home/reddy/ros2_ws/build/py_action_interfaces'
[1.994s] /usr/bin/gmake  -f CMakeFiles/py_action_interfaces__rosidl_generator_c.dir/build.make CMakeFiles/py_action_interfaces__rosidl_generator_c.dir/build
[1.995s] gmake[2]: Entering directory '/home/reddy/ros2_ws/build/py_action_interfaces'
[1.999s] [  9%] [32mBuilding C object CMakeFiles/py_action_interfaces__rosidl_generator_c.dir/rosidl_generator_c/py_action_interfaces/action/detail/fibonacci__functions.c.o[0m
[2.000s] /usr/bin/cc -DRCUTILS_ENABLE_FAULT_INJECTION -DROSIDL_GENERATOR_C_BUILDING_DLL_py_action_interfaces -DROS_PACKAGE_NAME=\"py_action_interfaces\" -I/home/reddy/ros2_ws/build/py_action_interfaces/rosidl_generator_c -isystem /opt/ros/humble/include/action_msgs -isystem /opt/ros/humble/include/builtin_interfaces -isystem /opt/ros/humble/include/rosidl_runtime_c -isystem /opt/ros/humble/include/rcutils -isystem /opt/ros/humble/include/rosidl_typesupport_interface -isystem /opt/ros/humble/include/unique_identifier_msgs -fPIC -Wall -std=gnu11 -MD -MT CMakeFiles/py_action_interfaces__rosidl_generator_c.dir/rosidl_generator_c/py_action_interfaces/action/detail/fibonacci__functions.c.o -MF CMakeFiles/py_action_interfaces__rosidl_generator_c.dir/rosidl_generator_c/py_action_interfaces/action/detail/fibonacci__functions.c.o.d -o CMakeFiles/py_action_interfaces__rosidl_generator_c.dir/rosidl_generator_c/py_action_interfaces/action/detail/fibonacci__functions.c.o -c /home/reddy/ros2_ws/build/py_action_interfaces/rosidl_generator_c/py_action_interfaces/action/detail/fibonacci__functions.c
[2.003s] gmake[2]: Leaving directory '/home/reddy/ros2_ws/build/py_action_interfaces'
[2.007s] [  9%] Built target py_action_interfaces__cpp
[2.007s] /usr/bin/gmake  -f CMakeFiles/py_action_interfaces__rosidl_typesupport_fastrtps_cpp.dir/build.make CMakeFiles/py_action_interfaces__rosidl_typesupport_fastrtps_cpp.dir/depend
[2.007s] /usr/bin/gmake  -f CMakeFiles/py_action_interfaces__rosidl_typesupport_introspection_cpp.dir/build.make CMakeFiles/py_action_interfaces__rosidl_typesupport_introspection_cpp.dir/depend
[2.008s] /usr/bin/gmake  -f CMakeFiles/py_action_interfaces__rosidl_typesupport_cpp.dir/build.make CMakeFiles/py_action_interfaces__rosidl_typesupport_cpp.dir/depend
[2.008s] gmake[2]: Entering directory '/home/reddy/ros2_ws/build/py_action_interfaces'
[2.008s] gmake[2]: Entering directory '/home/reddy/ros2_ws/build/py_action_interfaces'
[2.008s] gmake[2]: Entering directory '/home/reddy/ros2_ws/build/py_action_interfaces'
[2.012s] [ 12%] [34m[1mGenerating C++ type support for eProsima Fast-RTPS[0m
[2.012s] [ 19%] [34m[1mGenerating C++ introspection for ROS interfaces[0m
[2.012s] [ 19%] [34m[1mGenerating C++ type support dispatch for ROS interfaces[0m
[2.013s] /usr/bin/python3 /opt/ros/humble/lib/rosidl_typesupport_fastrtps_cpp/rosidl_typesupport_fastrtps_cpp --generator-arguments-file /home/reddy/ros2_ws/build/py_action_interfaces/rosidl_typesupport_fastrtps_cpp__arguments.json
[2.013s] /usr/bin/python3 /opt/ros/humble/lib/rosidl_typesupport_cpp/rosidl_typesupport_cpp --generator-arguments-file /home/reddy/ros2_ws/build/py_action_interfaces/rosidl_typesupport_cpp__arguments.json --typesupports rosidl_typesupport_fastrtps_cpp rosidl_typesupport_introspection_cpp
[2.013s] /usr/bin/python3 /opt/ros/humble/lib/rosidl_typesupport_introspection_cpp/rosidl_typesupport_introspection_cpp --generator-arguments-file /home/reddy/ros2_ws/build/py_action_interfaces/rosidl_typesupport_introspection_cpp__arguments.json
[2.067s] [ 22%] [32m[1mLinking C shared library libpy_action_interfaces__rosidl_generator_c.so[0m
[2.068s] /usr/bin/cmake -E cmake_link_script CMakeFiles/py_action_interfaces__rosidl_generator_c.dir/link.txt --verbose=1
[2.072s] /usr/bin/cc -fPIC -shared -Wl,-soname,libpy_action_interfaces__rosidl_generator_c.so -o libpy_action_interfaces__rosidl_generator_c.so CMakeFiles/py_action_interfaces__rosidl_generator_c.dir/rosidl_generator_c/py_action_interfaces/action/detail/fibonacci__functions.c.o  -Wl,-rpath,/opt/ros/humble/lib: /opt/ros/humble/lib/libaction_msgs__rosidl_generator_c.so /opt/ros/humble/lib/libbuiltin_interfaces__rosidl_generator_c.so /opt/ros/humble/lib/libunique_identifier_msgs__rosidl_generator_c.so /opt/ros/humble/lib/librosidl_runtime_c.so /opt/ros/humble/lib/librcutils.so -ldl 
[2.128s] gmake[2]: Leaving directory '/home/reddy/ros2_ws/build/py_action_interfaces'
[2.133s] [ 22%] Built target py_action_interfaces__rosidl_generator_c
[2.134s] /usr/bin/gmake  -f CMakeFiles/py_action_interfaces__rosidl_typesupport_introspection_c.dir/build.make CMakeFiles/py_action_interfaces__rosidl_typesupport_introspection_c.dir/depend
[2.134s] /usr/bin/gmake  -f CMakeFiles/py_action_interfaces__rosidl_typesupport_c.dir/build.make CMakeFiles/py_action_interfaces__rosidl_typesupport_c.dir/depend
[2.134s] /usr/bin/gmake  -f CMakeFiles/py_action_interfaces__rosidl_typesupport_fastrtps_c.dir/build.make CMakeFiles/py_action_interfaces__rosidl_typesupport_fastrtps_c.dir/depend
[2.135s] gmake[2]: Entering directory '/home/reddy/ros2_ws/build/py_action_interfaces'
[2.135s] gmake[2]: Entering directory '/home/reddy/ros2_ws/build/py_action_interfaces'
[2.135s] gmake[2]: Entering directory '/home/reddy/ros2_ws/build/py_action_interfaces'
[2.139s] [ 32%] [34m[1mGenerating C introspection for ROS interfaces[0m
[2.139s] [ 32%] [34m[1mGenerating C type support dispatch for ROS interfaces[0m
[2.139s] [ 32%] [34m[1mGenerating C type support for eProsima Fast-RTPS[0m
[2.140s] /usr/bin/python3 /opt/ros/humble/lib/rosidl_typesupport_introspection_c/rosidl_typesupport_introspection_c --generator-arguments-file /home/reddy/ros2_ws/build/py_action_interfaces/rosidl_typesupport_introspection_c__arguments.json
[2.140s] /usr/bin/python3 /opt/ros/humble/lib/rosidl_typesupport_fastrtps_c/rosidl_typesupport_fastrtps_c --generator-arguments-file /home/reddy/ros2_ws/build/py_action_interfaces/rosidl_typesupport_fastrtps_c__arguments.json
[2.140s] /usr/bin/python3 /opt/ros/humble/lib/rosidl_typesupport_c/rosidl_typesupport_c --generator-arguments-file /home/reddy/ros2_ws/build/py_action_interfaces/rosidl_typesupport_c__arguments.json --typesupports rosidl_typesupport_fastrtps_c rosidl_typesupport_introspection_c
[2.147s] cd /home/reddy/ros2_ws/build/py_action_interfaces && /usr/bin/cmake -E cmake_depends "Unix Makefiles" /home/reddy/ros2_ws/src/py_action_interfaces /home/reddy/ros2_ws/src/py_action_interfaces /home/reddy/ros2_ws/build/py_action_interfaces /home/reddy/ros2_ws/build/py_action_interfaces /home/reddy/ros2_ws/build/py_action_interfaces/CMakeFiles/py_action_interfaces__rosidl_typesupport_cpp.dir/DependInfo.cmake --color=
[2.152s] gmake[2]: Leaving directory '/home/reddy/ros2_ws/build/py_action_interfaces'
[2.152s] /usr/bin/gmake  -f CMakeFiles/py_action_interfaces__rosidl_typesupport_cpp.dir/build.make CMakeFiles/py_action_interfaces__rosidl_typesupport_cpp.dir/build
[2.153s] gmake[2]: Entering directory '/home/reddy/ros2_ws/build/py_action_interfaces'
[2.157s] [ 35%] [32mBuilding CXX object CMakeFiles/py_action_interfaces__rosidl_typesupport_cpp.dir/rosidl_typesupport_cpp/py_action_interfaces/action/fibonacci__type_support.cpp.o[0m
[2.158s] /usr/bin/c++ -DRCUTILS_ENABLE_FAULT_INJECTION -DROSIDL_TYPESUPPORT_CPP_BUILDING_DLL -DROS_PACKAGE_NAME=\"py_action_interfaces\" -I/home/reddy/ros2_ws/build/py_action_interfaces/rosidl_generator_cpp -isystem /opt/ros/humble/include/action_msgs -isystem /opt/ros/humble/include/builtin_interfaces -isystem /opt/ros/humble/include/rosidl_runtime_cpp -isystem /opt/ros/humble/include/rosidl_runtime_c -isystem /opt/ros/humble/include/rcutils -isystem /opt/ros/humble/include/rosidl_typesupport_interface -isystem /opt/ros/humble/include/unique_identifier_msgs -isystem /opt/ros/humble/include/rosidl_typesupport_cpp -isystem /opt/ros/humble/include/rosidl_typesupport_c -fPIC -Wall -Wextra -Wpedantic -std=gnu++14 -MD -MT CMakeFiles/py_action_interfaces__rosidl_typesupport_cpp.dir/rosidl_typesupport_cpp/py_action_interfaces/action/fibonacci__type_support.cpp.o -MF CMakeFiles/py_action_interfaces__rosidl_typesupport_cpp.dir/rosidl_typesupport_cpp/py_action_interfaces/action/fibonacci__type_support.cpp.o.d -o CMakeFiles/py_action_interfaces__rosidl_typesupport_cpp.dir/rosidl_typesupport_cpp/py_action_interfaces/action/fibonacci__type_support.cpp.o -c /home/reddy/ros2_ws/build/py_action_interfaces/rosidl_typesupport_cpp/py_action_interfaces/action/fibonacci__type_support.cpp
[2.175s] cd /home/reddy/ros2_ws/build/py_action_interfaces && /usr/bin/cmake -E cmake_depends "Unix Makefiles" /home/reddy/ros2_ws/src/py_action_interfaces /home/reddy/ros2_ws/src/py_action_interfaces /home/reddy/ros2_ws/build/py_action_interfaces /home/reddy/ros2_ws/build/py_action_interfaces /home/reddy/ros2_ws/build/py_action_interfaces/CMakeFiles/py_action_interfaces__rosidl_typesupport_introspection_cpp.dir/DependInfo.cmake --color=
[2.181s] gmake[2]: Leaving directory '/home/reddy/ros2_ws/build/py_action_interfaces'
[2.181s] /usr/bin/gmake  -f CMakeFiles/py_action_interfaces__rosidl_typesupport_introspection_cpp.dir/build.make CMakeFiles/py_action_interfaces__rosidl_typesupport_introspection_cpp.dir/build
[2.181s] gmake[2]: Entering directory '/home/reddy/ros2_ws/build/py_action_interfaces'
[2.186s] [ 38%] [32mBuilding CXX object CMakeFiles/py_action_interfaces__rosidl_typesupport_introspection_cpp.dir/rosidl_typesupport_introspection_cpp/py_action_interfaces/action/detail/fibonacci__type_support.cpp.o[0m
[2.186s] /usr/bin/c++ -DRCUTILS_ENABLE_FAULT_INJECTION -DROSIDL_TYPESUPPORT_INTROSPECTION_CPP_BUILDING_DLL -DROS_PACKAGE_NAME=\"py_action_interfaces\" -I/home/reddy/ros2_ws/build/py_action_interfaces/rosidl_typesupport_introspection_cpp -I/home/reddy/ros2_ws/build/py_action_interfaces/rosidl_generator_cpp -isystem /opt/ros/humble/include/action_msgs -isystem /opt/ros/humble/include/builtin_interfaces -isystem /opt/ros/humble/include/rosidl_runtime_cpp -isystem /opt/ros/humble/include/rosidl_runtime_c -isystem /opt/ros/humble/include/rcutils -isystem /opt/ros/humble/include/rosidl_typesupport_interface -isystem /opt/ros/humble/include/unique_identifier_msgs -isystem /opt/ros/humble/include/rosidl_typesupport_introspection_cpp -isystem /opt/ros/humble/include/rosidl_typesupport_introspection_c -fPIC -Wall -Wextra -Wpedantic -MD -MT CMakeFiles/py_action_interfaces__rosidl_typesupport_introspection_cpp.dir/rosidl_typesupport_introspection_cpp/py_action_interfaces/action/detail/fibonacci__type_support.cpp.o -MF CMakeFiles/py_action_interfaces__rosidl_typesupport_introspection_cpp.dir/rosidl_typesupport_introspection_cpp/py_action_interfaces/action/detail/fibonacci__type_support.cpp.o.d -o CMakeFiles/py_action_interfaces__rosidl_typesupport_introspection_cpp.dir/rosidl_typesupport_introspection_cpp/py_action_interfaces/action/detail/fibonacci__type_support.cpp.o -c /home/reddy/ros2_ws/build/py_action_interfaces/rosidl_typesupport_introspection_cpp/py_action_interfaces/action/detail/fibonacci__type_support.cpp
[2.201s] cd /home/reddy/ros2_ws/build/py_action_interfaces && /usr/bin/cmake -E cmake_depends "Unix Makefiles" /home/reddy/ros2_ws/src/py_action_interfaces /home/reddy/ros2_ws/src/py_action_interfaces /home/reddy/ros2_ws/build/py_action_interfaces /home/reddy/ros2_ws/build/py_action_interfaces /home/reddy/ros2_ws/build/py_action_interfaces/CMakeFiles/py_action_interfaces__rosidl_typesupport_fastrtps_cpp.dir/DependInfo.cmake --color=
[2.206s] gmake[2]: Leaving directory '/home/reddy/ros2_ws/build/py_action_interfaces'
[2.206s] /usr/bin/gmake  -f CMakeFiles/py_action_interfaces__rosidl_typesupport_fastrtps_cpp.dir/build.make CMakeFiles/py_action_interfaces__rosidl_typesupport_fastrtps_cpp.dir/build
[2.207s] gmake[2]: Entering directory '/home/reddy/ros2_ws/build/py_action_interfaces'
[2.212s] [ 41%] [32mBuilding CXX object CMakeFiles/py_action_interfaces__rosidl_typesupport_fastrtps_cpp.dir/rosidl_typesupport_fastrtps_cpp/py_action_interfaces/action/detail/dds_fastrtps/fibonacci__type_support.cpp.o[0m
[2.212s] /usr/bin/c++ -DRCUTILS_ENABLE_FAULT_INJECTION -DROSIDL_TYPESUPPORT_FASTRTPS_CPP_BUILDING_DLL_py_action_interfaces -DROS_PACKAGE_NAME=\"py_action_interfaces\" -I/home/reddy/ros2_ws/build/py_action_interfaces/rosidl_typesupport_fastrtps_cpp -I/home/reddy/ros2_ws/build/py_action_interfaces/rosidl_generator_cpp -isystem /opt/ros/humble/include/fastcdr -isystem /opt/ros/humble/include/rmw -isystem /opt/ros/humble/include/rcutils -isystem /opt/ros/humble/include/rosidl_runtime_c -isystem /opt/ros/humble/include/rosidl_typesupport_interface -isystem /opt/ros/humble/include/rosidl_runtime_cpp -isystem /opt/ros/humble/include/rosidl_typesupport_fastrtps_cpp -isystem /opt/ros/humble/include/action_msgs -isystem /opt/ros/humble/include/builtin_interfaces -isystem /opt/ros/humble/include/unique_identifier_msgs -fPIC -Wall -Wextra -Wpedantic -Wredundant-decls -std=gnu++14 -MD -MT CMakeFiles/py_action_interfaces__rosidl_typesupport_fastrtps_cpp.dir/rosidl_typesupport_fastrtps_cpp/py_action_interfaces/action/detail/dds_fastrtps/fibonacci__type_support.cpp.o -MF CMakeFiles/py_action_interfaces__rosidl_typesupport_fastrtps_cpp.dir/rosidl_typesupport_fastrtps_cpp/py_action_interfaces/action/detail/dds_fastrtps/fibonacci__type_support.cpp.o.d -o CMakeFiles/py_action_interfaces__rosidl_typesupport_fastrtps_cpp.dir/rosidl_typesupport_fastrtps_cpp/py_action_interfaces/action/detail/dds_fastrtps/fibonacci__type_support.cpp.o -c /home/reddy/ros2_ws/build/py_action_interfaces/rosidl_typesupport_fastrtps_cpp/py_action_interfaces/action/detail/dds_fastrtps/fibonacci__type_support.cpp
[2.278s] cd /home/reddy/ros2_ws/build/py_action_interfaces && /usr/bin/cmake -E cmake_depends "Unix Makefiles" /home/reddy/ros2_ws/src/py_action_interfaces /home/reddy/ros2_ws/src/py_action_interfaces /home/reddy/ros2_ws/build/py_action_interfaces /home/reddy/ros2_ws/build/py_action_interfaces /home/reddy/ros2_ws/build/py_action_interfaces/CMakeFiles/py_action_interfaces__rosidl_typesupport_c.dir/DependInfo.cmake --color=
[2.284s] gmake[2]: Leaving directory '/home/reddy/ros2_ws/build/py_action_interfaces'
[2.284s] /usr/bin/gmake  -f CMakeFiles/py_action_interfaces__rosidl_typesupport_c.dir/build.make CMakeFiles/py_action_interfaces__rosidl_typesupport_c.dir/build
[2.285s] gmake[2]: Entering directory '/home/reddy/ros2_ws/build/py_action_interfaces'
[2.291s] [ 45%] [32mBuilding CXX object CMakeFiles/py_action_interfaces__rosidl_typesupport_c.dir/rosidl_typesupport_c/py_action_interfaces/action/fibonacci__type_support.cpp.o[0m
[2.291s] /usr/bin/c++ -DRCUTILS_ENABLE_FAULT_INJECTION -DROSIDL_GENERATOR_C_BUILDING_DLL_py_action_interfaces -DROS_PACKAGE_NAME=\"py_action_interfaces\" -I/home/reddy/ros2_ws/build/py_action_interfaces/rosidl_generator_c -isystem /opt/ros/humble/include/action_msgs -isystem /opt/ros/humble/include/builtin_interfaces -isystem /opt/ros/humble/include/rosidl_runtime_c -isystem /opt/ros/humble/include/rcutils -isystem /opt/ros/humble/include/rosidl_typesupport_interface -isystem /opt/ros/humble/include/unique_identifier_msgs -isystem /opt/ros/humble/include/rosidl_typesupport_c -fPIC -Wall -std=gnu++14 -MD -MT CMakeFiles/py_action_interfaces__rosidl_typesupport_c.dir/rosidl_typesupport_c/py_action_interfaces/action/fibonacci__type_support.cpp.o -MF CMakeFiles/py_action_interfaces__rosidl_typesupport_c.dir/rosidl_typesupport_c/py_action_interfaces/action/fibonacci__type_support.cpp.o.d -o CMakeFiles/py_action_interfaces__rosidl_typesupport_c.dir/rosidl_typesupport_c/py_action_interfaces/action/fibonacci__type_support.cpp.o -c /home/reddy/ros2_ws/build/py_action_interfaces/rosidl_typesupport_c/py_action_interfaces/action/fibonacci__type_support.cpp
[2.316s] cd /home/reddy/ros2_ws/build/py_action_interfaces && /usr/bin/cmake -E cmake_depends "Unix Makefiles" /home/reddy/ros2_ws/src/py_action_interfaces /home/reddy/ros2_ws/src/py_action_interfaces /home/reddy/ros2_ws/build/py_action_interfaces /home/reddy/ros2_ws/build/py_action_interfaces /home/reddy/ros2_ws/build/py_action_interfaces/CMakeFiles/py_action_interfaces__rosidl_typesupport_introspection_c.dir/DependInfo.cmake --color=
[2.320s] [ 48%] [32m[1mLinking CXX shared library libpy_action_interfaces__rosidl_typesupport_c.so[0m
[2.321s] /usr/bin/cmake -E cmake_link_script CMakeFiles/py_action_interfaces__rosidl_typesupport_c.dir/link.txt --verbose=1
[2.321s] gmake[2]: Leaving directory '/home/reddy/ros2_ws/build/py_action_interfaces'
[2.321s] /usr/bin/gmake  -f CMakeFiles/py_action_interfaces__rosidl_typesupport_introspection_c.dir/build.make CMakeFiles/py_action_interfaces__rosidl_typesupport_introspection_c.dir/build
[2.322s] gmake[2]: Entering directory '/home/reddy/ros2_ws/build/py_action_interfaces'
[2.325s] /usr/bin/c++ -fPIC -shared -Wl,-soname,libpy_action_interfaces__rosidl_typesupport_c.so -o libpy_action_interfaces__rosidl_typesupport_c.so CMakeFiles/py_action_interfaces__rosidl_typesupport_c.dir/rosidl_typesupport_c/py_action_interfaces/action/fibonacci__type_support.cpp.o  -Wl,-rpath,/home/reddy/ros2_ws/build/py_action_interfaces:/opt/ros/humble/lib: libpy_action_interfaces__rosidl_generator_c.so /opt/ros/humble/lib/libaction_msgs__rosidl_typesupport_c.so /opt/ros/humble/lib/libbuiltin_interfaces__rosidl_typesupport_c.so /opt/ros/humble/lib/libunique_identifier_msgs__rosidl_typesupport_c.so /opt/ros/humble/lib/librosidl_typesupport_c.so /opt/ros/humble/lib/libaction_msgs__rosidl_generator_c.so /opt/ros/humble/lib/libbuiltin_interfaces__rosidl_generator_c.so /opt/ros/humble/lib/libunique_identifier_msgs__rosidl_generator_c.so /opt/ros/humble/lib/librosidl_runtime_c.so /opt/ros/humble/lib/librcutils.so -ldl -Wl,-rpath-link,/opt/ros/humble/lib 
[2.327s] cd /home/reddy/ros2_ws/build/py_action_interfaces && /usr/bin/cmake -E cmake_depends "Unix Makefiles" /home/reddy/ros2_ws/src/py_action_interfaces /home/reddy/ros2_ws/src/py_action_interfaces /home/reddy/ros2_ws/build/py_action_interfaces /home/reddy/ros2_ws/build/py_action_interfaces /home/reddy/ros2_ws/build/py_action_interfaces/CMakeFiles/py_action_interfaces__rosidl_typesupport_fastrtps_c.dir/DependInfo.cmake --color=
[2.327s] [ 51%] [32mBuilding C object CMakeFiles/py_action_interfaces__rosidl_typesupport_introspection_c.dir/rosidl_typesupport_introspection_c/py_action_interfaces/action/detail/fibonacci__type_support.c.o[0m
[2.327s] /usr/bin/cc -DRCUTILS_ENABLE_FAULT_INJECTION -DROSIDL_TYPESUPPORT_INTROSPECTION_C_BUILDING_DLL_py_action_interfaces -DROS_PACKAGE_NAME=\"py_action_interfaces\" -I/home/reddy/ros2_ws/build/py_action_interfaces/rosidl_typesupport_introspection_c -I/home/reddy/ros2_ws/build/py_action_interfaces/rosidl_generator_c -isystem /opt/ros/humble/include/action_msgs -isystem /opt/ros/humble/include/builtin_interfaces -isystem /opt/ros/humble/include/rosidl_runtime_c -isystem /opt/ros/humble/include/rcutils -isystem /opt/ros/humble/include/rosidl_typesupport_interface -isystem /opt/ros/humble/include/unique_identifier_msgs -isystem /opt/ros/humble/include/rosidl_typesupport_introspection_c -fPIC -Wall -std=gnu11 -MD -MT CMakeFiles/py_action_interfaces__rosidl_typesupport_introspection_c.dir/rosidl_typesupport_introspection_c/py_action_interfaces/action/detail/fibonacci__type_support.c.o -MF CMakeFiles/py_action_interfaces__rosidl_typesupport_introspection_c.dir/rosidl_typesupport_introspection_c/py_action_interfaces/action/detail/fibonacci__type_support.c.o.d -o CMakeFiles/py_action_interfaces__rosidl_typesupport_introspection_c.dir/rosidl_typesupport_introspection_c/py_action_interfaces/action/detail/fibonacci__type_support.c.o -c /home/reddy/ros2_ws/build/py_action_interfaces/rosidl_typesupport_introspection_c/py_action_interfaces/action/detail/fibonacci__type_support.c
[2.331s] gmake[2]: Leaving directory '/home/reddy/ros2_ws/build/py_action_interfaces'
[2.332s] /usr/bin/gmake  -f CMakeFiles/py_action_interfaces__rosidl_typesupport_fastrtps_c.dir/build.make CMakeFiles/py_action_interfaces__rosidl_typesupport_fastrtps_c.dir/build
[2.332s] gmake[2]: Entering directory '/home/reddy/ros2_ws/build/py_action_interfaces'
[2.337s] [ 54%] [32mBuilding CXX object CMakeFiles/py_action_interfaces__rosidl_typesupport_fastrtps_c.dir/rosidl_typesupport_fastrtps_c/py_action_interfaces/action/detail/fibonacci__type_support_c.cpp.o[0m
[2.338s] /usr/bin/c++ -DRCUTILS_ENABLE_FAULT_INJECTION -DROSIDL_TYPESUPPORT_FASTRTPS_C_BUILDING_DLL_py_action_interfaces -DROS_PACKAGE_NAME=\"py_action_interfaces\" -I/home/reddy/ros2_ws/build/py_action_interfaces/rosidl_typesupport_fastrtps_c -I/home/reddy/ros2_ws/build/py_action_interfaces/rosidl_generator_c -isystem /opt/ros/humble/include/fastcdr -isystem /opt/ros/humble/include/rosidl_runtime_c -isystem /opt/ros/humble/include/rcutils -isystem /opt/ros/humble/include/rosidl_typesupport_interface -isystem /opt/ros/humble/include/rosidl_runtime_cpp -isystem /opt/ros/humble/include/rosidl_typesupport_fastrtps_cpp -isystem /opt/ros/humble/include/rmw -isystem /opt/ros/humble/include/rosidl_typesupport_fastrtps_c -isystem /opt/ros/humble/include/action_msgs -isystem /opt/ros/humble/include/builtin_interfaces -isystem /opt/ros/humble/include/unique_identifier_msgs -fPIC -Wall -Wextra -Wpedantic -std=gnu++14 -MD -MT CMakeFiles/py_action_interfaces__rosidl_typesupport_fastrtps_c.dir/rosidl_typesupport_fastrtps_c/py_action_interfaces/action/detail/fibonacci__type_support_c.cpp.o -MF CMakeFiles/py_action_interfaces__rosidl_typesupport_fastrtps_c.dir/rosidl_typesupport_fastrtps_c/py_action_interfaces/action/detail/fibonacci__type_support_c.cpp.o.d -o CMakeFiles/py_action_interfaces__rosidl_typesupport_fastrtps_c.dir/rosidl_typesupport_fastrtps_c/py_action_interfaces/action/detail/fibonacci__type_support_c.cpp.o -c /home/reddy/ros2_ws/build/py_action_interfaces/rosidl_typesupport_fastrtps_c/py_action_interfaces/action/detail/fibonacci__type_support_c.cpp
[2.355s] [ 58%] [32m[1mLinking C shared library libpy_action_interfaces__rosidl_typesupport_introspection_c.so[0m
[2.356s] /usr/bin/cmake -E cmake_link_script CMakeFiles/py_action_interfaces__rosidl_typesupport_introspection_c.dir/link.txt --verbose=1
[2.361s] /usr/bin/cc -fPIC -shared -Wl,-soname,libpy_action_interfaces__rosidl_typesupport_introspection_c.so -o libpy_action_interfaces__rosidl_typesupport_introspection_c.so CMakeFiles/py_action_interfaces__rosidl_typesupport_introspection_c.dir/rosidl_typesupport_introspection_c/py_action_interfaces/action/detail/fibonacci__type_support.c.o  -Wl,-rpath,/home/reddy/ros2_ws/build/py_action_interfaces:/opt/ros/humble/lib: libpy_action_interfaces__rosidl_generator_c.so /opt/ros/humble/lib/libaction_msgs__rosidl_typesupport_introspection_c.so /opt/ros/humble/lib/libbuiltin_interfaces__rosidl_typesupport_introspection_c.so /opt/ros/humble/lib/libunique_identifier_msgs__rosidl_typesupport_introspection_c.so /opt/ros/humble/lib/librosidl_typesupport_introspection_c.so /opt/ros/humble/lib/libaction_msgs__rosidl_generator_c.so /opt/ros/humble/lib/libbuiltin_interfaces__rosidl_generator_c.so /opt/ros/humble/lib/libunique_identifier_msgs__rosidl_generator_c.so /opt/ros/humble/lib/librosidl_runtime_c.so /opt/ros/humble/lib/librcutils.so -ldl 
[2.394s] [ 61%] [32m[1mLinking CXX shared library libpy_action_interfaces__rosidl_typesupport_cpp.so[0m
[2.395s] /usr/bin/cmake -E cmake_link_script CMakeFiles/py_action_interfaces__rosidl_typesupport_cpp.dir/link.txt --verbose=1
[2.398s] /usr/bin/c++ -fPIC -shared -Wl,-soname,libpy_action_interfaces__rosidl_typesupport_cpp.so -o libpy_action_interfaces__rosidl_typesupport_cpp.so CMakeFiles/py_action_interfaces__rosidl_typesupport_cpp.dir/rosidl_typesupport_cpp/py_action_interfaces/action/fibonacci__type_support.cpp.o  -Wl,-rpath,/opt/ros/humble/lib: /opt/ros/humble/lib/libaction_msgs__rosidl_typesupport_cpp.so /opt/ros/humble/lib/libbuiltin_interfaces__rosidl_typesupport_cpp.so /opt/ros/humble/lib/libunique_identifier_msgs__rosidl_typesupport_cpp.so /opt/ros/humble/lib/librosidl_typesupport_cpp.so /opt/ros/humble/lib/librosidl_typesupport_c.so /opt/ros/humble/lib/librosidl_runtime_c.so /opt/ros/humble/lib/librcutils.so -ldl -Wl,-rpath-link,/opt/ros/humble/lib 
[2.417s] gmake[2]: Leaving directory '/home/reddy/ros2_ws/build/py_action_interfaces'
[2.422s] [ 61%] Built target py_action_interfaces__rosidl_typesupport_c
[2.440s] gmake[2]: Leaving directory '/home/reddy/ros2_ws/build/py_action_interfaces'
[2.444s] [ 61%] Built target py_action_interfaces__rosidl_typesupport_introspection_c
[2.502s] [ 64%] [32m[1mLinking CXX shared library libpy_action_interfaces__rosidl_typesupport_introspection_cpp.so[0m
[2.503s] /usr/bin/cmake -E cmake_link_script CMakeFiles/py_action_interfaces__rosidl_typesupport_introspection_cpp.dir/link.txt --verbose=1
[2.507s] /usr/bin/c++ -fPIC -shared -Wl,-soname,libpy_action_interfaces__rosidl_typesupport_introspection_cpp.so -o libpy_action_interfaces__rosidl_typesupport_introspection_cpp.so CMakeFiles/py_action_interfaces__rosidl_typesupport_introspection_cpp.dir/rosidl_typesupport_introspection_cpp/py_action_interfaces/action/detail/fibonacci__type_support.cpp.o  -Wl,-rpath,/opt/ros/humble/lib: /opt/ros/humble/lib/libaction_msgs__rosidl_typesupport_introspection_cpp.so /opt/ros/humble/lib/libbuiltin_interfaces__rosidl_typesupport_introspection_cpp.so /opt/ros/humble/lib/libunique_identifier_msgs__rosidl_typesupport_introspection_cpp.so /opt/ros/humble/lib/librosidl_typesupport_introspection_cpp.so /opt/ros/humble/lib/librosidl_typesupport_introspection_c.so /opt/ros/humble/lib/librosidl_runtime_c.so /opt/ros/humble/lib/librcutils.so -ldl 
[2.519s] [ 67%] [32m[1mLinking CXX shared library libpy_action_interfaces__rosidl_typesupport_fastrtps_cpp.so[0m
[2.520s] /usr/bin/cmake -E cmake_link_script CMakeFiles/py_action_interfaces__rosidl_typesupport_fastrtps_cpp.dir/link.txt --verbose=1
[2.523s] /usr/bin/c++ -fPIC -shared -Wl,-soname,libpy_action_interfaces__rosidl_typesupport_fastrtps_cpp.so -o libpy_action_interfaces__rosidl_typesupport_fastrtps_cpp.so CMakeFiles/py_action_interfaces__rosidl_typesupport_fastrtps_cpp.dir/rosidl_typesupport_fastrtps_cpp/py_action_interfaces/action/detail/dds_fastrtps/fibonacci__type_support.cpp.o  -Wl,-rpath,/opt/ros/humble/lib: /opt/ros/humble/lib/libaction_msgs__rosidl_typesupport_fastrtps_cpp.so /opt/ros/humble/lib/libbuiltin_interfaces__rosidl_typesupport_fastrtps_cpp.so /opt/ros/humble/lib/libunique_identifier_msgs__rosidl_typesupport_fastrtps_cpp.so /opt/ros/humble/lib/librosidl_typesupport_fastrtps_cpp.so /opt/ros/humble/lib/libfastcdr.so.1.0.24 /opt/ros/humble/lib/librmw.so /opt/ros/humble/lib/librosidl_runtime_c.so /opt/ros/humble/lib/librcutils.so -ldl 
[2.525s] [ 70%] [32m[1mLinking CXX shared library libpy_action_interfaces__rosidl_typesupport_fastrtps_c.so[0m
[2.526s] /usr/bin/cmake -E cmake_link_script CMakeFiles/py_action_interfaces__rosidl_typesupport_fastrtps_c.dir/link.txt --verbose=1
[2.528s] gmake[2]: Leaving directory '/home/reddy/ros2_ws/build/py_action_interfaces'
[2.529s] /usr/bin/c++ -fPIC -shared -Wl,-soname,libpy_action_interfaces__rosidl_typesupport_fastrtps_c.so -o libpy_action_interfaces__rosidl_typesupport_fastrtps_c.so CMakeFiles/py_action_interfaces__rosidl_typesupport_fastrtps_c.dir/rosidl_typesupport_fastrtps_c/py_action_interfaces/action/detail/fibonacci__type_support_c.cpp.o  -Wl,-rpath,/home/reddy/ros2_ws/build/py_action_interfaces:/opt/ros/humble/lib: libpy_action_interfaces__rosidl_generator_c.so /opt/ros/humble/lib/libaction_msgs__rosidl_typesupport_fastrtps_c.so /opt/ros/humble/lib/libbuiltin_interfaces__rosidl_typesupport_fastrtps_c.so /opt/ros/humble/lib/libunique_identifier_msgs__rosidl_typesupport_fastrtps_c.so /opt/ros/humble/lib/librosidl_typesupport_fastrtps_cpp.so /opt/ros/humble/lib/libfastcdr.so.1.0.24 /opt/ros/humble/lib/librmw.so /opt/ros/humble/lib/librosidl_typesupport_fastrtps_c.so /opt/ros/humble/lib/libaction_msgs__rosidl_generator_c.so /opt/ros/humble/lib/libbuiltin_interfaces__rosidl_generator_c.so /opt/ros/humble/lib/libunique_identifier_msgs__rosidl_generator_c.so /opt/ros/humble/lib/librosidl_runtime_c.so /opt/ros/humble/lib/librcutils.so -ldl 
[2.532s] [ 70%] Built target py_action_interfaces__rosidl_typesupport_cpp
[2.614s] gmake[2]: Leaving directory '/home/reddy/ros2_ws/build/py_action_interfaces'
[2.616s] gmake[2]: Leaving directory '/home/reddy/ros2_ws/build/py_action_interfaces'
[2.618s] [ 70%] Built target py_action_interfaces__rosidl_typesupport_introspection_cpp
[2.620s] [ 70%] Built target py_action_interfaces__rosidl_typesupport_fastrtps_cpp
[2.630s] gmake[2]: Leaving directory '/home/reddy/ros2_ws/build/py_action_interfaces'
[2.634s] [ 70%] Built target py_action_interfaces__rosidl_typesupport_fastrtps_c
[2.635s] /usr/bin/gmake  -f CMakeFiles/py_action_interfaces.dir/build.make CMakeFiles/py_action_interfaces.dir/depend
[2.636s] gmake[2]: Entering directory '/home/reddy/ros2_ws/build/py_action_interfaces'
[2.636s] cd /home/reddy/ros2_ws/build/py_action_interfaces && /usr/bin/cmake -E cmake_depends "Unix Makefiles" /home/reddy/ros2_ws/src/py_action_interfaces /home/reddy/ros2_ws/src/py_action_interfaces /home/reddy/ros2_ws/build/py_action_interfaces /home/reddy/ros2_ws/build/py_action_interfaces /home/reddy/ros2_ws/build/py_action_interfaces/CMakeFiles/py_action_interfaces.dir/DependInfo.cmake --color=
[2.641s] gmake[2]: Leaving directory '/home/reddy/ros2_ws/build/py_action_interfaces'
[2.641s] /usr/bin/gmake  -f CMakeFiles/py_action_interfaces.dir/build.make CMakeFiles/py_action_interfaces.dir/build
[2.642s] gmake[2]: Entering directory '/home/reddy/ros2_ws/build/py_action_interfaces'
[2.642s] gmake[2]: Nothing to be done for 'CMakeFiles/py_action_interfaces.dir/build'.
[2.642s] gmake[2]: Leaving directory '/home/reddy/ros2_ws/build/py_action_interfaces'
[2.646s] [ 70%] Built target py_action_interfaces
[2.646s] /usr/bin/gmake  -f py_action_interfaces__py/CMakeFiles/py_action_interfaces__py.dir/build.make py_action_interfaces__py/CMakeFiles/py_action_interfaces__py.dir/depend
[2.647s] gmake[2]: Entering directory '/home/reddy/ros2_ws/build/py_action_interfaces'
[2.647s] cd /home/reddy/ros2_ws/build/py_action_interfaces && /usr/bin/cmake -E cmake_depends "Unix Makefiles" /home/reddy/ros2_ws/src/py_action_interfaces /home/reddy/ros2_ws/build/py_action_interfaces/py_action_interfaces__py /home/reddy/ros2_ws/build/py_action_interfaces /home/reddy/ros2_ws/build/py_action_interfaces/py_action_interfaces__py /home/reddy/ros2_ws/build/py_action_interfaces/py_action_interfaces__py/CMakeFiles/py_action_interfaces__py.dir/DependInfo.cmake --color=
[2.652s] gmake[2]: Leaving directory '/home/reddy/ros2_ws/build/py_action_interfaces'
[2.652s] /usr/bin/gmake  -f py_action_interfaces__py/CMakeFiles/py_action_interfaces__py.dir/build.make py_action_interfaces__py/CMakeFiles/py_action_interfaces__py.dir/build
[2.653s] gmake[2]: Entering directory '/home/reddy/ros2_ws/build/py_action_interfaces'
[2.657s] [ 74%] [34m[1mGenerating Python code for ROS interfaces[0m
[2.657s] cd /home/reddy/ros2_ws/build/py_action_interfaces/py_action_interfaces__py && /usr/bin/python3 /opt/ros/humble/share/rosidl_generator_py/cmake/../../../lib/rosidl_generator_py/rosidl_generator_py --generator-arguments-file /home/reddy/ros2_ws/build/py_action_interfaces/rosidl_generator_py__arguments.json --typesupport-impls "rosidl_typesupport_fastrtps_c;rosidl_typesupport_introspection_c;rosidl_typesupport_c"
[2.980s] gmake[2]: Leaving directory '/home/reddy/ros2_ws/build/py_action_interfaces'
[2.984s] [ 74%] Built target py_action_interfaces__py
[2.984s] /usr/bin/gmake  -f CMakeFiles/py_action_interfaces__rosidl_generator_py.dir/build.make CMakeFiles/py_action_interfaces__rosidl_generator_py.dir/depend
[2.985s] gmake[2]: Entering directory '/home/reddy/ros2_ws/build/py_action_interfaces'
[2.985s] cd /home/reddy/ros2_ws/build/py_action_interfaces && /usr/bin/cmake -E cmake_depends "Unix Makefiles" /home/reddy/ros2_ws/src/py_action_interfaces /home/reddy/ros2_ws/src/py_action_interfaces /home/reddy/ros2_ws/build/py_action_interfaces /home/reddy/ros2_ws/build/py_action_interfaces /home/reddy/ros2_ws/build/py_action_interfaces/CMakeFiles/py_action_interfaces__rosidl_generator_py.dir/DependInfo.cmake --color=
[2.990s] gmake[2]: Leaving directory '/home/reddy/ros2_ws/build/py_action_interfaces'
[2.990s] /usr/bin/gmake  -f CMakeFiles/py_action_interfaces__rosidl_generator_py.dir/build.make CMakeFiles/py_action_interfaces__rosidl_generator_py.dir/build
[2.991s] gmake[2]: Entering directory '/home/reddy/ros2_ws/build/py_action_interfaces'
[2.995s] [ 77%] [32mBuilding C object CMakeFiles/py_action_interfaces__rosidl_generator_py.dir/rosidl_generator_py/py_action_interfaces/action/_fibonacci_s.c.o[0m
[2.996s] /usr/bin/cc -DRCUTILS_ENABLE_FAULT_INJECTION -DROS_PACKAGE_NAME=\"py_action_interfaces\" -Dpy_action_interfaces__rosidl_generator_py_EXPORTS -I/home/reddy/ros2_ws/build/py_action_interfaces/rosidl_generator_c -I/home/reddy/ros2_ws/build/py_action_interfaces/rosidl_generator_py -I/usr/include/python3.10 -isystem /opt/ros/humble/include/action_msgs -isystem /opt/ros/humble/include/builtin_interfaces -isystem /opt/ros/humble/include/rosidl_runtime_c -isystem /opt/ros/humble/include/rcutils -isystem /opt/ros/humble/include/rosidl_typesupport_interface -isystem /opt/ros/humble/include/unique_identifier_msgs -fPIC -Wall -Wextra -MD -MT CMakeFiles/py_action_interfaces__rosidl_generator_py.dir/rosidl_generator_py/py_action_interfaces/action/_fibonacci_s.c.o -MF CMakeFiles/py_action_interfaces__rosidl_generator_py.dir/rosidl_generator_py/py_action_interfaces/action/_fibonacci_s.c.o.d -o CMakeFiles/py_action_interfaces__rosidl_generator_py.dir/rosidl_generator_py/py_action_interfaces/action/_fibonacci_s.c.o -c /home/reddy/ros2_ws/build/py_action_interfaces/rosidl_generator_py/py_action_interfaces/action/_fibonacci_s.c
[3.071s] [ 80%] [32m[1mLinking C shared library rosidl_generator_py/py_action_interfaces/libpy_action_interfaces__rosidl_generator_py.so[0m
[3.071s] /usr/bin/cmake -E cmake_link_script CMakeFiles/py_action_interfaces__rosidl_generator_py.dir/link.txt --verbose=1
[3.075s] /usr/bin/cc -fPIC -shared -Wl,-soname,libpy_action_interfaces__rosidl_generator_py.so -o rosidl_generator_py/py_action_interfaces/libpy_action_interfaces__rosidl_generator_py.so CMakeFiles/py_action_interfaces__rosidl_generator_py.dir/rosidl_generator_py/py_action_interfaces/action/_fibonacci_s.c.o  -Wl,-rpath,/home/reddy/ros2_ws/build/py_action_interfaces:/opt/ros/humble/lib: /usr/lib/x86_64-linux-gnu/libpython3.10.so libpy_action_interfaces__rosidl_typesupport_c.so /opt/ros/humble/lib/libaction_msgs__rosidl_generator_py.so /opt/ros/humble/lib/libbuiltin_interfaces__rosidl_generator_py.so /opt/ros/humble/lib/libunique_identifier_msgs__rosidl_generator_py.so libpy_action_interfaces__rosidl_generator_c.so /usr/lib/x86_64-linux-gnu/libpython3.10.so /opt/ros/humble/lib/libaction_msgs__rosidl_typesupport_c.so /opt/ros/humble/lib/libaction_msgs__rosidl_generator_c.so /opt/ros/humble/lib/libbuiltin_interfaces__rosidl_typesupport_c.so /opt/ros/humble/lib/libbuiltin_interfaces__rosidl_generator_c.so /opt/ros/humble/lib/libunique_identifier_msgs__rosidl_typesupport_c.so /opt/ros/humble/lib/libunique_identifier_msgs__rosidl_generator_c.so /opt/ros/humble/lib/librosidl_runtime_c.so /opt/ros/humble/lib/librcutils.so -ldl -Wl,-rpath-link,/opt/ros/humble/lib 
[3.131s] gmake[2]: Leaving directory '/home/reddy/ros2_ws/build/py_action_interfaces'
[3.135s] [ 80%] Built target py_action_interfaces__rosidl_generator_py
[3.136s] /usr/bin/gmake  -f CMakeFiles/py_action_interfaces__rosidl_typesupport_fastrtps_c__pyext.dir/build.make CMakeFiles/py_action_interfaces__rosidl_typesupport_fastrtps_c__pyext.dir/depend
[3.136s] /usr/bin/gmake  -f CMakeFiles/py_action_interfaces__rosidl_typesupport_introspection_c__pyext.dir/build.make CMakeFiles/py_action_interfaces__rosidl_typesupport_introspection_c__pyext.dir/depend
[3.136s] /usr/bin/gmake  -f CMakeFiles/py_action_interfaces__rosidl_typesupport_c__pyext.dir/build.make CMakeFiles/py_action_interfaces__rosidl_typesupport_c__pyext.dir/depend
[3.137s] gmake[2]: Entering directory '/home/reddy/ros2_ws/build/py_action_interfaces'
[3.137s] cd /home/reddy/ros2_ws/build/py_action_interfaces && /usr/bin/cmake -E cmake_depends "Unix Makefiles" /home/reddy/ros2_ws/src/py_action_interfaces /home/reddy/ros2_ws/src/py_action_interfaces /home/reddy/ros2_ws/build/py_action_interfaces /home/reddy/ros2_ws/build/py_action_interfaces /home/reddy/ros2_ws/build/py_action_interfaces/CMakeFiles/py_action_interfaces__rosidl_typesupport_fastrtps_c__pyext.dir/DependInfo.cmake --color=
[3.137s] gmake[2]: Entering directory '/home/reddy/ros2_ws/build/py_action_interfaces'
[3.137s] cd /home/reddy/ros2_ws/build/py_action_interfaces && /usr/bin/cmake -E cmake_depends "Unix Makefiles" /home/reddy/ros2_ws/src/py_action_interfaces /home/reddy/ros2_ws/src/py_action_interfaces /home/reddy/ros2_ws/build/py_action_interfaces /home/reddy/ros2_ws/build/py_action_interfaces /home/reddy/ros2_ws/build/py_action_interfaces/CMakeFiles/py_action_interfaces__rosidl_typesupport_introspection_c__pyext.dir/DependInfo.cmake --color=
[3.137s] gmake[2]: Entering directory '/home/reddy/ros2_ws/build/py_action_interfaces'
[3.137s] cd /home/reddy/ros2_ws/build/py_action_interfaces && /usr/bin/cmake -E cmake_depends "Unix Makefiles" /home/reddy/ros2_ws/src/py_action_interfaces /home/reddy/ros2_ws/src/py_action_interfaces /home/reddy/ros2_ws/build/py_action_interfaces /home/reddy/ros2_ws/build/py_action_interfaces /home/reddy/ros2_ws/build/py_action_interfaces/CMakeFiles/py_action_interfaces__rosidl_typesupport_c__pyext.dir/DependInfo.cmake --color=
[3.141s] gmake[2]: Leaving directory '/home/reddy/ros2_ws/build/py_action_interfaces'
[3.142s] gmake[2]: Leaving directory '/home/reddy/ros2_ws/build/py_action_interfaces'
[3.142s] /usr/bin/gmake  -f CMakeFiles/py_action_interfaces__rosidl_typesupport_fastrtps_c__pyext.dir/build.make CMakeFiles/py_action_interfaces__rosidl_typesupport_fastrtps_c__pyext.dir/build
[3.142s] /usr/bin/gmake  -f CMakeFiles/py_action_interfaces__rosidl_typesupport_introspection_c__pyext.dir/build.make CMakeFiles/py_action_interfaces__rosidl_typesupport_introspection_c__pyext.dir/build
[3.142s] gmake[2]: Leaving directory '/home/reddy/ros2_ws/build/py_action_interfaces'
[3.142s] /usr/bin/gmake  -f CMakeFiles/py_action_interfaces__rosidl_typesupport_c__pyext.dir/build.make CMakeFiles/py_action_interfaces__rosidl_typesupport_c__pyext.dir/build
[3.143s] gmake[2]: Entering directory '/home/reddy/ros2_ws/build/py_action_interfaces'
[3.143s] gmake[2]: Entering directory '/home/reddy/ros2_ws/build/py_action_interfaces'
[3.143s] gmake[2]: Entering directory '/home/reddy/ros2_ws/build/py_action_interfaces'
[3.146s] [ 83%] [32mBuilding C object CMakeFiles/py_action_interfaces__rosidl_typesupport_fastrtps_c__pyext.dir/rosidl_generator_py/py_action_interfaces/_py_action_interfaces_s.ep.rosidl_typesupport_fastrtps_c.c.o[0m
[3.146s] [ 87%] [32mBuilding C object CMakeFiles/py_action_interfaces__rosidl_typesupport_introspection_c__pyext.dir/rosidl_generator_py/py_action_interfaces/_py_action_interfaces_s.ep.rosidl_typesupport_introspection_c.c.o[0m
[3.147s] /usr/bin/cc -DRCUTILS_ENABLE_FAULT_INJECTION -DROS_PACKAGE_NAME=\"py_action_interfaces\" -Dpy_action_interfaces__rosidl_typesupport_fastrtps_c__pyext_EXPORTS -I/home/reddy/ros2_ws/build/py_action_interfaces/rosidl_generator_c -I/home/reddy/ros2_ws/build/py_action_interfaces/rosidl_generator_py -I/usr/include/python3.10 -I/home/reddy/ros2_ws/build/py_action_interfaces/rosidl_typesupport_fastrtps_c -isystem /opt/ros/humble/include/rosidl_runtime_c -isystem /opt/ros/humble/include/rosidl_typesupport_c -isystem /opt/ros/humble/include/rosidl_typesupport_interface -isystem /opt/ros/humble/include/action_msgs -isystem /opt/ros/humble/include/builtin_interfaces -isystem /opt/ros/humble/include/unique_identifier_msgs -isystem /opt/ros/humble/include/rmw -isystem /opt/ros/humble/include/rcutils -isystem /opt/ros/humble/include/fastcdr -isystem /opt/ros/humble/include/rosidl_runtime_cpp -isystem /opt/ros/humble/include/rosidl_typesupport_fastrtps_cpp -isystem /opt/ros/humble/include/rosidl_typesupport_fastrtps_c -isystem /opt/ros/humble/include/rosidl_typesupport_introspection_c -isystem /opt/ros/humble/include/rosidl_typesupport_introspection_cpp -fPIC -Wall -Wextra -MD -MT CMakeFiles/py_action_interfaces__rosidl_typesupport_fastrtps_c__pyext.dir/rosidl_generator_py/py_action_interfaces/_py_action_interfaces_s.ep.rosidl_typesupport_fastrtps_c.c.o -MF CMakeFiles/py_action_interfaces__rosidl_typesupport_fastrtps_c__pyext.dir/rosidl_generator_py/py_action_interfaces/_py_action_interfaces_s.ep.rosidl_typesupport_fastrtps_c.c.o.d -o CMakeFiles/py_action_interfaces__rosidl_typesupport_fastrtps_c__pyext.dir/rosidl_generator_py/py_action_interfaces/_py_action_interfaces_s.ep.rosidl_typesupport_fastrtps_c.c.o -c /home/reddy/ros2_ws/build/py_action_interfaces/rosidl_generator_py/py_action_interfaces/_py_action_interfaces_s.ep.rosidl_typesupport_fastrtps_c.c
[3.147s] [ 90%] [32mBuilding C object CMakeFiles/py_action_interfaces__rosidl_typesupport_c__pyext.dir/rosidl_generator_py/py_action_interfaces/_py_action_interfaces_s.ep.rosidl_typesupport_c.c.o[0m
[3.147s] /usr/bin/cc -DRCUTILS_ENABLE_FAULT_INJECTION -DROS_PACKAGE_NAME=\"py_action_interfaces\" -Dpy_action_interfaces__rosidl_typesupport_introspection_c__pyext_EXPORTS -I/home/reddy/ros2_ws/build/py_action_interfaces/rosidl_generator_c -I/home/reddy/ros2_ws/build/py_action_interfaces/rosidl_generator_py -I/usr/include/python3.10 -I/home/reddy/ros2_ws/build/py_action_interfaces/rosidl_typesupport_introspection_c -isystem /opt/ros/humble/include/rosidl_runtime_c -isystem /opt/ros/humble/include/rosidl_typesupport_c -isystem /opt/ros/humble/include/rosidl_typesupport_interface -isystem /opt/ros/humble/include/action_msgs -isystem /opt/ros/humble/include/builtin_interfaces -isystem /opt/ros/humble/include/unique_identifier_msgs -isystem /opt/ros/humble/include/rmw -isystem /opt/ros/humble/include/rcutils -isystem /opt/ros/humble/include/rosidl_typesupport_introspection_c -isystem /opt/ros/humble/include/fastcdr -isystem /opt/ros/humble/include/rosidl_runtime_cpp -isystem /opt/ros/humble/include/rosidl_typesupport_fastrtps_cpp -isystem /opt/ros/humble/include/rosidl_typesupport_fastrtps_c -isystem /opt/ros/humble/include/rosidl_typesupport_introspection_cpp -fPIC -Wall -Wextra -MD -MT CMakeFiles/py_action_interfaces__rosidl_typesupport_introspection_c__pyext.dir/rosidl_generator_py/py_action_interfaces/_py_action_interfaces_s.ep.rosidl_typesupport_introspection_c.c.o -MF CMakeFiles/py_action_interfaces__rosidl_typesupport_introspection_c__pyext.dir/rosidl_generator_py/py_action_interfaces/_py_action_interfaces_s.ep.rosidl_typesupport_introspection_c.c.o.d -o CMakeFiles/py_action_interfaces__rosidl_typesupport_introspection_c__pyext.dir/rosidl_generator_py/py_action_interfaces/_py_action_interfaces_s.ep.rosidl_typesupport_introspection_c.c.o -c /home/reddy/ros2_ws/build/py_action_interfaces/rosidl_generator_py/py_action_interfaces/_py_action_interfaces_s.ep.rosidl_typesupport_introspection_c.c
[3.148s] /usr/bin/cc -DRCUTILS_ENABLE_FAULT_INJECTION -DROS_PACKAGE_NAME=\"py_action_interfaces\" -Dpy_action_interfaces__rosidl_typesupport_c__pyext_EXPORTS -I/home/reddy/ros2_ws/build/py_action_interfaces/rosidl_generator_c -I/home/reddy/ros2_ws/build/py_action_interfaces/rosidl_generator_py -I/usr/include/python3.10 -isystem /opt/ros/humble/include/rosidl_runtime_c -isystem /opt/ros/humble/include/rosidl_typesupport_c -isystem /opt/ros/humble/include/rosidl_typesupport_interface -isystem /opt/ros/humble/include/action_msgs -isystem /opt/ros/humble/include/builtin_interfaces -isystem /opt/ros/humble/include/unique_identifier_msgs -isystem /opt/ros/humble/include/rmw -isystem /opt/ros/humble/include/rcutils -isystem /opt/ros/humble/include/fastcdr -isystem /opt/ros/humble/include/rosidl_runtime_cpp -isystem /opt/ros/humble/include/rosidl_typesupport_fastrtps_cpp -isystem /opt/ros/humble/include/rosidl_typesupport_fastrtps_c -isystem /opt/ros/humble/include/rosidl_typesupport_introspection_c -isystem /opt/ros/humble/include/rosidl_typesupport_introspection_cpp -fPIC -Wall -Wextra -MD -MT CMakeFiles/py_action_interfaces__rosidl_typesupport_c__pyext.dir/rosidl_generator_py/py_action_interfaces/_py_action_interfaces_s.ep.rosidl_typesupport_c.c.o -MF CMakeFiles/py_action_interfaces__rosidl_typesupport_c__pyext.dir/rosidl_generator_py/py_action_interfaces/_py_action_interfaces_s.ep.rosidl_typesupport_c.c.o.d -o CMakeFiles/py_action_interfaces__rosidl_typesupport_c__pyext.dir/rosidl_generator_py/py_action_interfaces/_py_action_interfaces_s.ep.rosidl_typesupport_c.c.o -c /home/reddy/ros2_ws/build/py_action_interfaces/rosidl_generator_py/py_action_interfaces/_py_action_interfaces_s.ep.rosidl_typesupport_c.c
[3.208s] [100%] [32m[1mLinking C shared library rosidl_generator_py/py_action_interfaces/py_action_interfaces_s__rosidl_typesupport_introspection_c.cpython-310-x86_64-linux-gnu.so[0m
[3.208s] [100%] [32m[1mLinking C shared library rosidl_generator_py/py_action_interfaces/py_action_interfaces_s__rosidl_typesupport_c.cpython-310-x86_64-linux-gnu.so[0m
[3.208s] [100%] [32m[1mLinking C shared library rosidl_generator_py/py_action_interfaces/py_action_interfaces_s__rosidl_typesupport_fastrtps_c.cpython-310-x86_64-linux-gnu.so[0m
[3.208s] /usr/bin/cmake -E cmake_link_script CMakeFiles/py_action_interfaces__rosidl_typesupport_introspection_c__pyext.dir/link.txt --verbose=1
[3.208s] /usr/bin/cmake -E cmake_link_script CMakeFiles/py_action_interfaces__rosidl_typesupport_c__pyext.dir/link.txt --verbose=1
[3.208s] /usr/bin/cmake -E cmake_link_script CMakeFiles/py_action_interfaces__rosidl_typesupport_fastrtps_c__pyext.dir/link.txt --verbose=1
[3.212s] /usr/bin/cc -fPIC -shared -Wl,-soname,py_action_interfaces_s__rosidl_typesupport_introspection_c.cpython-310-x86_64-linux-gnu.so -o rosidl_generator_py/py_action_interfaces/py_action_interfaces_s__rosidl_typesupport_introspection_c.cpython-310-x86_64-linux-gnu.so CMakeFiles/py_action_interfaces__rosidl_typesupport_introspection_c__pyext.dir/rosidl_generator_py/py_action_interfaces/_py_action_interfaces_s.ep.rosidl_typesupport_introspection_c.c.o  -Wl,-rpath,/home/reddy/ros2_ws/build/py_action_interfaces/rosidl_generator_py/py_action_interfaces:/home/reddy/ros2_ws/build/py_action_interfaces:/opt/ros/humble/lib: rosidl_generator_py/py_action_interfaces/libpy_action_interfaces__rosidl_generator_py.so /usr/lib/x86_64-linux-gnu/libpython3.10.so libpy_action_interfaces__rosidl_typesupport_introspection_c.so libpy_action_interfaces__rosidl_typesupport_c.so /opt/ros/humble/lib/libaction_msgs__rosidl_typesupport_fastrtps_c.so /opt/ros/humble/lib/libaction_msgs__rosidl_typesupport_fastrtps_cpp.so /opt/ros/humble/lib/libaction_msgs__rosidl_typesupport_introspection_c.so /opt/ros/humble/lib/libaction_msgs__rosidl_typesupport_introspection_cpp.so /opt/ros/humble/lib/libaction_msgs__rosidl_typesupport_cpp.so /opt/ros/humble/lib/libaction_msgs__rosidl_generator_py.so /opt/ros/humble/lib/libbuiltin_interfaces__rosidl_typesupport_fastrtps_c.so /opt/ros/humble/lib/libbuiltin_interfaces__rosidl_typesupport_introspection_c.so /opt/ros/humble/lib/libbuiltin_interfaces__rosidl_typesupport_fastrtps_cpp.so /opt/ros/humble/lib/libbuiltin_interfaces__rosidl_typesupport_introspection_cpp.so /opt/ros/humble/lib/libbuiltin_interfaces__rosidl_typesupport_cpp.so /opt/ros/humble/lib/libbuiltin_interfaces__rosidl_generator_py.so /opt/ros/humble/lib/libunique_identifier_msgs__rosidl_typesupport_fastrtps_c.so /opt/ros/humble/lib/libunique_identifier_msgs__rosidl_typesupport_introspection_c.so /opt/ros/humble/lib/libunique_identifier_msgs__rosidl_typesupport_fastrtps_cpp.so /opt/ros/humble/lib/libunique_identifier_msgs__rosidl_typesupport_introspection_cpp.so /opt/ros/humble/lib/libunique_identifier_msgs__rosidl_typesupport_cpp.so /opt/ros/humble/lib/libunique_identifier_msgs__rosidl_generator_py.so /opt/ros/humble/lib/librmw.so /opt/ros/humble/lib/libaction_msgs__rosidl_typesupport_c.so /opt/ros/humble/lib/libbuiltin_interfaces__rosidl_typesupport_c.so /usr/lib/x86_64-linux-gnu/libpython3.10.so /opt/ros/humble/lib/libunique_identifier_msgs__rosidl_typesupport_c.so libpy_action_interfaces__rosidl_generator_c.so /opt/ros/humble/lib/libaction_msgs__rosidl_generator_c.so /opt/ros/humble/lib/libbuiltin_interfaces__rosidl_generator_c.so /opt/ros/humble/lib/libunique_identifier_msgs__rosidl_generator_c.so /opt/ros/humble/lib/librosidl_typesupport_fastrtps_c.so /opt/ros/humble/lib/librosidl_typesupport_fastrtps_cpp.so /opt/ros/humble/lib/libfastcdr.so.1.0.24 /opt/ros/humble/lib/librmw.so /opt/ros/humble/lib/librosidl_typesupport_introspection_cpp.so /opt/ros/humble/lib/librosidl_typesupport_introspection_c.so /opt/ros/humble/lib/librosidl_typesupport_c.so /op/usr/bin/cc -fPIC -shared -Wl,-soname,py_action_interfaces_s__rosidl_typesupport_fastrtps_c.cpython-310-x86_64-linux-gnu.so -o rosidl_generator_py/py_action_interfaces/py_action_interfaces_s__rosidl_typesupport_fastrtps_c.cpython-310-x86_64-linux-gnu.so CMakeFiles/py_action_interfaces__rosidl_typesupport_fastrtps_c__pyext.dir/rosidl_generator_py/py_action_interfaces/_py_action_interfaces_s.ep.rosidl_typesupport_fastrtps_c.c.o  -Wl,-rpath,/home/reddy/ros2_ws/build/py_action_interfaces/rosidl_generator_py/py_action_interfaces:/home/reddy/ros2_ws/build/py_action_interfaces:/opt/ros/humble/lib: rosidl_generator_py/py_action_interfaces/libpy_action_interfaces__rosidl_generator_py.so /usr/lib/x86_64-linux-gnu/libpython3.10.so libpy_action_interfaces__rosidl_typesupport_fastrtps_c.so libpy_action_interfaces__rosidl_typesupport_c.so /opt/ros/humble/lib/libaction_msgs__rosidl_typesupport_fastrtps_c.so /opt/ros/humble/lib/libaction_msgs__rosidl_typesupport_fastrtps_cpp.so /opt/ros/humble/lib/libaction_msgs__rosidl_typesupport_introspection_c.so /opt/ros/humble/lib/libaction_msgs__rosidl_typesupport_introspection_cpp.so /opt/ros/humble/lib/libaction_msgs__rosidl_typesupport_cpp.so /opt/ros/humble/lib/libaction_msgs__rosidl_generator_py.so /opt/ros/humble/lib/libbuiltin_interfaces__rosidl_typesupport_fastrtps_c.so /opt/ros/humble/lib/libbuiltin_interfaces__rosidl_typesupport_introspection_c.so /opt/ros/humble/lib/libbuiltin_interfaces__rosidl_typesupport_fastrtps_cpp.so /opt/ros/humble/lib/libbuiltin_interfaces__rosidl_typesupport_introspection_cpp.so /opt/ros/humble/lib/libbuiltin_interfaces__rosidl_typesupport_cpp.so /opt/ros/humble/lib/libbuiltin_interfaces__rosidl_generator_py.so /opt/ros/humble/lib/libunique_identifier_msgs__rosidl_typesupport_fastrtps_c.so /opt/ros/humble/lib/libunique_identifier_msgs__rosidl_typesupport_introspection_c.so /opt/ros/humble/lib/libunique_identifier_msgs__rosidl_typesupport_fastrtps_cpp.so /opt/ros/humble/lib/libunique_identifier_msgs__rosidl_typesupport_introspection_cpp.so /opt/ros/humble/lib/libunique_identifier_msgs__rosidl_typesupport_cpp.so /opt/ros/humble/lib/libunique_identifier_msgs__rosidl_generator_py.so /opt/ros/humble/lib/librmw.so /opt/ros/humble/lib/libaction_msgs__rosidl_typesupport_c.so /opt/ros/humble/lib/libbuiltin_interfaces__rosidl_typesupport_c.so /usr/lib/x86_64-linux-gnu/libpython3.10.so /opt/ros/humble/lib/libunique_identifier_msgs__rosidl_typesupport_c.so libpy_action_interfaces__rosidl_generator_c.so /opt/ros/humble/lib/librosidl_typesupport_fastrtps_c.so /opt/ros/humble/lib/librosidl_typesupport_fastrtps_cpp.so /opt/ros/humble/lib/libfastcdr.so.1.0.24 /opt/ros/humble/lib/librmw.so /opt/ros/humble/lib/libaction_msgs__rosidl_generator_c.so /opt/ros/humble/lib/libbuiltin_interfaces__rosidl_generator_c.so /opt/ros/humble/lib/libunique_identifier_msgs__rosidl_generator_c.so /opt/ros/humble/lib/librosidl_typesupport_introspection_cpp.so /opt/ros/humble/lib/librosidl_typesupport_introspection_c.so /opt/ros/humble/lib/librosidl_typesupport_c.so /opt/ros/humble/lib/librosid/usr/bin/cc -fPIC -shared -Wl,-soname,py_action_interfaces_s__rosidl_typesupport_c.cpython-310-x86_64-linux-gnu.so -o rosidl_generator_py/py_action_interfaces/py_action_interfaces_s__rosidl_typesupport_c.cpython-310-x86_64-linux-gnu.so CMakeFiles/py_action_interfaces__rosidl_typesupport_c__pyext.dir/rosidl_generator_py/py_action_interfaces/_py_action_interfaces_s.ep.rosidl_typesupport_c.c.o  -Wl,-rpath,/home/reddy/ros2_ws/build/py_action_interfaces/rosidl_generator_py/py_action_interfaces:/home/reddy/ros2_ws/build/py_action_interfaces:/opt/ros/humble/lib: rosidl_generator_py/py_action_interfaces/libpy_action_interfaces__rosidl_generator_py.so /usr/lib/x86_64-linux-gnu/libpython3.10.so libpy_action_interfaces__rosidl_typesupport_c.so /opt/ros/humble/lib/libaction_msgs__rosidl_typesupport_fastrtps_c.so /opt/ros/humble/lib/libaction_msgs__rosidl_typesupport_fastrtps_cpp.so /opt/ros/humble/lib/libaction_msgs__rosidl_typesupport_introspection_c.so /opt/ros/humble/lib/libaction_msgs__rosidl_typesupport_introspection_cpp.so /opt/ros/humble/lib/libaction_msgs__rosidl_typesupport_cpp.so /opt/ros/humble/lib/libaction_msgs__rosidl_generator_py.so /opt/ros/humble/lib/libbuiltin_interfaces__rosidl_typesupport_fastrtps_c.so /opt/ros/humble/lib/libbuiltin_interfaces__rosidl_typesupport_introspection_c.so /opt/ros/humble/lib/libbuiltin_interfaces__rosidl_typesupport_fastrtps_cpp.so /opt/ros/humble/lib/libbuiltin_interfaces__rosidl_typesupport_introspection_cpp.so /opt/ros/humble/lib/libbuiltin_interfaces__rosidl_typesupport_cpp.so /opt/ros/humble/lib/libbuiltin_interfaces__rosidl_generator_py.so /opt/ros/humble/lib/libunique_identifier_msgs__rosidl_typesupport_fastrtps_c.so /opt/ros/humble/lib/libunique_identifier_msgs__rosidl_typesupport_introspection_c.so /opt/ros/humble/lib/libunique_identifier_msgs__rosidl_typesupport_fastrtps_cpp.so /opt/ros/humble/lib/libunique_identifier_msgs__rosidl_typesupport_introspection_cpp.so /opt/ros/humble/lib/libunique_identifier_msgs__rosidl_typesupport_cpp.so /opt/ros/humble/lib/libunique_ident/ros/humble/lib/librosidl_runtime_c.so /opt/ros/humble/lib/librcutils.so -ldl -Wl,-rpath-link,/opt/ros/humble/lib 
[3.212s] l_runtime_c.so /opt/ros/humble/lib/librcutils.so -ldl -Wl,-rpath-link,/opt/ros/humble/lib 
[3.213s] tifier_msgs__rosidl_generator_py.so /opt/ros/humble/lib/librmw.so /opt/ros/humble/lib/libaction_msgs__rosidl_typesupport_c.so /opt/ros/humble/lib/libbuiltin_interfaces__rosidl_typesupport_c.so /usr/lib/x86_64-linux-gnu/libpython3.10.so /opt/ros/humble/lib/libunique_identifier_msgs__rosidl_typesupport_c.so libpy_action_interfaces__rosidl_generator_c.so /opt/ros/humble/lib/librosidl_typesupport_fastrtps_c.so /opt/ros/humble/lib/librosidl_typesupport_fastrtps_cpp.so /opt/ros/humble/lib/libfastcdr.so.1.0.24 /opt/ros/humble/lib/librmw.so /opt/ros/humble/lib/libaction_msgs__rosidl_generator_c.so /opt/ros/humble/lib/libbuiltin_interfaces__rosidl_generator_c.so /opt/ros/humble/lib/libunique_identifier_msgs__rosidl_generator_c.so /opt/ros/humble/lib/librosidl_typesupport_introspection_cpp.so /opt/ros/humble/lib/librosidl_typesupport_introspection_c.so /opt/ros/humble/lib/librosidl_typesupport_c.so /opt/ros/humble/lib/librosidl_runtime_c.so /opt/ros/humble/lib/librcutils.so -ldl -Wl,-rpath-link,/opt/ros/humble/lib 
[3.251s] gmake[2]: Leaving directory '/home/reddy/ros2_ws/build/py_action_interfaces'
[3.251s] gmake[2]: Leaving directory '/home/reddy/ros2_ws/build/py_action_interfaces'
[3.251s] gmake[2]: Leaving directory '/home/reddy/ros2_ws/build/py_action_interfaces'
[3.256s] [100%] Built target py_action_interfaces__rosidl_typesupport_c__pyext
[3.256s] [100%] Built target py_action_interfaces__rosidl_typesupport_introspection_c__pyext
[3.256s] [100%] Built target py_action_interfaces__rosidl_typesupport_fastrtps_c__pyext
[3.256s] gmake[1]: Leaving directory '/home/reddy/ros2_ws/build/py_action_interfaces'
[3.257s] /usr/bin/cmake -E cmake_progress_start /home/reddy/ros2_ws/build/py_action_interfaces/CMakeFiles 0
[3.263s] Invoked command in '/home/reddy/ros2_ws/build/py_action_interfaces' returned '0': CMAKE_PREFIX_PATH=${CMAKE_PREFIX_PATH}:/home/reddy/ros2_ws/install/py_service:/home/reddy/ros2_ws/install/py_clint:/home/reddy/ros2_ws/install/launch_testing_examples:/home/reddy/ros2_ws/install/examples_rclpy_pointcloud_publisher:/home/reddy/ros2_ws/install/examples_rclpy_minimal_subscriber:/home/reddy/ros2_ws/install/examples_rclpy_minimal_service:/home/reddy/ros2_ws/install/examples_rclpy_minimal_publisher:/home/reddy/ros2_ws/install/examples_rclpy_minimal_client:/home/reddy/ros2_ws/install/examples_rclpy_minimal_action_server:/home/reddy/ros2_ws/install/examples_rclpy_minimal_action_client:/home/reddy/ros2_ws/install/examples_rclpy_guard_conditions:/home/reddy/ros2_ws/install/examples_rclpy_executors:/home/reddy/ros2_ws/install/py_action:/home/reddy/ros2_ws/install/py_srvcli:/home/reddy/ros2_ws/install/py_pubsub:/home/reddy/ros2_ws/install/py_params:/opt/ros/humble /usr/bin/cmake --build /home/reddy/ros2_ws/build/py_action_interfaces -- -j32 -l32
[3.268s] Invoking command in '/home/reddy/ros2_ws/build/py_action_interfaces': CMAKE_PREFIX_PATH=${CMAKE_PREFIX_PATH}:/home/reddy/ros2_ws/install/py_service:/home/reddy/ros2_ws/install/py_clint:/home/reddy/ros2_ws/install/launch_testing_examples:/home/reddy/ros2_ws/install/examples_rclpy_pointcloud_publisher:/home/reddy/ros2_ws/install/examples_rclpy_minimal_subscriber:/home/reddy/ros2_ws/install/examples_rclpy_minimal_service:/home/reddy/ros2_ws/install/examples_rclpy_minimal_publisher:/home/reddy/ros2_ws/install/examples_rclpy_minimal_client:/home/reddy/ros2_ws/install/examples_rclpy_minimal_action_server:/home/reddy/ros2_ws/install/examples_rclpy_minimal_action_client:/home/reddy/ros2_ws/install/examples_rclpy_guard_conditions:/home/reddy/ros2_ws/install/examples_rclpy_executors:/home/reddy/ros2_ws/install/py_action:/home/reddy/ros2_ws/install/py_srvcli:/home/reddy/ros2_ws/install/py_pubsub:/home/reddy/ros2_ws/install/py_params:/opt/ros/humble /usr/bin/cmake --install /home/reddy/ros2_ws/build/py_action_interfaces
[3.273s] -- Install configuration: ""
[3.273s] -- Installing: /home/reddy/ros2_ws/install/py_action_interfaces/share/ament_index/resource_index/rosidl_interfaces/py_action_interfaces
[3.273s] -- Installing: /home/reddy/ros2_ws/install/py_action_interfaces/include/py_action_interfaces/py_action_interfaces
[3.273s] -- Installing: /home/reddy/ros2_ws/install/py_action_interfaces/include/py_action_interfaces/py_action_interfaces/msg
[3.274s] -- Installing: /home/reddy/ros2_ws/install/py_action_interfaces/include/py_action_interfaces/py_action_interfaces/msg/rosidl_generator_c__visibility_control.h
[3.274s] -- Installing: /home/reddy/ros2_ws/install/py_action_interfaces/include/py_action_interfaces/py_action_interfaces/action
[3.274s] -- Installing: /home/reddy/ros2_ws/install/py_action_interfaces/include/py_action_interfaces/py_action_interfaces/action/fibonacci.h
[3.274s] -- Installing: /home/reddy/ros2_ws/install/py_action_interfaces/include/py_action_interfaces/py_action_interfaces/action/detail
[3.274s] -- Installing: /home/reddy/ros2_ws/install/py_action_interfaces/include/py_action_interfaces/py_action_interfaces/action/detail/fibonacci__functions.h
[3.274s] -- Installing: /home/reddy/ros2_ws/install/py_action_interfaces/include/py_action_interfaces/py_action_interfaces/action/detail/fibonacci__functions.c
[3.274s] -- Installing: /home/reddy/ros2_ws/install/py_action_interfaces/include/py_action_interfaces/py_action_interfaces/action/detail/fibonacci__struct.h
[3.274s] -- Installing: /home/reddy/ros2_ws/install/py_action_interfaces/include/py_action_interfaces/py_action_interfaces/action/detail/fibonacci__type_support.h
[3.274s] -- Installing: /home/reddy/ros2_ws/install/py_action_interfaces/share/py_action_interfaces/environment/library_path.sh
[3.275s] -- Installing: /home/reddy/ros2_ws/install/py_action_interfaces/share/py_action_interfaces/environment/library_path.dsv
[3.275s] -- Installing: /home/reddy/ros2_ws/install/py_action_interfaces/lib/libpy_action_interfaces__rosidl_generator_c.so
[3.275s] -- Set runtime path of "/home/reddy/ros2_ws/install/py_action_interfaces/lib/libpy_action_interfaces__rosidl_generator_c.so" to ""
[3.275s] -- Up-to-date: /home/reddy/ros2_ws/install/py_action_interfaces/include/py_action_interfaces/py_action_interfaces
[3.275s] -- Up-to-date: /home/reddy/ros2_ws/install/py_action_interfaces/include/py_action_interfaces/py_action_interfaces/msg
[3.275s] -- Installing: /home/reddy/ros2_ws/install/py_action_interfaces/include/py_action_interfaces/py_action_interfaces/msg/rosidl_typesupport_fastrtps_c__visibility_control.h
[3.275s] -- Up-to-date: /home/reddy/ros2_ws/install/py_action_interfaces/include/py_action_interfaces/py_action_interfaces/action
[3.275s] -- Up-to-date: /home/reddy/ros2_ws/install/py_action_interfaces/include/py_action_interfaces/py_action_interfaces/action/detail
[3.275s] -- Installing: /home/reddy/ros2_ws/install/py_action_interfaces/include/py_action_interfaces/py_action_interfaces/action/detail/fibonacci__rosidl_typesupport_fastrtps_c.h
[3.276s] -- Installing: /home/reddy/ros2_ws/install/py_action_interfaces/lib/libpy_action_interfaces__rosidl_typesupport_fastrtps_c.so
[3.276s] -- Set runtime path of "/home/reddy/ros2_ws/install/py_action_interfaces/lib/libpy_action_interfaces__rosidl_typesupport_fastrtps_c.so" to ""
[3.276s] -- Up-to-date: /home/reddy/ros2_ws/install/py_action_interfaces/include/py_action_interfaces/py_action_interfaces
[3.276s] -- Up-to-date: /home/reddy/ros2_ws/install/py_action_interfaces/include/py_action_interfaces/py_action_interfaces/msg
[3.276s] -- Installing: /home/reddy/ros2_ws/install/py_action_interfaces/include/py_action_interfaces/py_action_interfaces/msg/rosidl_typesupport_introspection_c__visibility_control.h
[3.276s] -- Up-to-date: /home/reddy/ros2_ws/install/py_action_interfaces/include/py_action_interfaces/py_action_interfaces/action
[3.276s] -- Up-to-date: /home/reddy/ros2_ws/install/py_action_interfaces/include/py_action_interfaces/py_action_interfaces/action/detail
[3.276s] -- Installing: /home/reddy/ros2_ws/install/py_action_interfaces/include/py_action_interfaces/py_action_interfaces/action/detail/fibonacci__rosidl_typesupport_introspection_c.h
[3.276s] -- Installing: /home/reddy/ros2_ws/install/py_action_interfaces/include/py_action_interfaces/py_action_interfaces/action/detail/fibonacci__type_support.c
[3.276s] -- Installing: /home/reddy/ros2_ws/install/py_action_interfaces/lib/libpy_action_interfaces__rosidl_typesupport_introspection_c.so
[3.276s] -- Set runtime path of "/home/reddy/ros2_ws/install/py_action_interfaces/lib/libpy_action_interfaces__rosidl_typesupport_introspection_c.so" to ""
[3.277s] -- Installing: /home/reddy/ros2_ws/install/py_action_interfaces/lib/libpy_action_interfaces__rosidl_typesupport_c.so
[3.277s] -- Set runtime path of "/home/reddy/ros2_ws/install/py_action_interfaces/lib/libpy_action_interfaces__rosidl_typesupport_c.so" to ""
[3.277s] -- Up-to-date: /home/reddy/ros2_ws/install/py_action_interfaces/include/py_action_interfaces/py_action_interfaces
[3.277s] -- Up-to-date: /home/reddy/ros2_ws/install/py_action_interfaces/include/py_action_interfaces/py_action_interfaces/msg
[3.277s] -- Installing: /home/reddy/ros2_ws/install/py_action_interfaces/include/py_action_interfaces/py_action_interfaces/msg/rosidl_generator_cpp__visibility_control.hpp
[3.277s] -- Up-to-date: /home/reddy/ros2_ws/install/py_action_interfaces/include/py_action_interfaces/py_action_interfaces/action
[3.277s] -- Installing: /home/reddy/ros2_ws/install/py_action_interfaces/include/py_action_interfaces/py_action_interfaces/action/fibonacci.hpp
[3.277s] -- Up-to-date: /home/reddy/ros2_ws/install/py_action_interfaces/include/py_action_interfaces/py_action_interfaces/action/detail
[3.277s] -- Installing: /home/reddy/ros2_ws/install/py_action_interfaces/include/py_action_interfaces/py_action_interfaces/action/detail/fibonacci__traits.hpp
[3.277s] -- Installing: /home/reddy/ros2_ws/install/py_action_interfaces/include/py_action_interfaces/py_action_interfaces/action/detail/fibonacci__type_support.hpp
[3.277s] -- Installing: /home/reddy/ros2_ws/install/py_action_interfaces/include/py_action_interfaces/py_action_interfaces/action/detail/fibonacci__struct.hpp
[3.277s] -- Installing: /home/reddy/ros2_ws/install/py_action_interfaces/include/py_action_interfaces/py_action_interfaces/action/detail/fibonacci__builder.hpp
[3.277s] -- Up-to-date: /home/reddy/ros2_ws/install/py_action_interfaces/include/py_action_interfaces/py_action_interfaces
[3.277s] -- Up-to-date: /home/reddy/ros2_ws/install/py_action_interfaces/include/py_action_interfaces/py_action_interfaces/msg
[3.278s] -- Installing: /home/reddy/ros2_ws/install/py_action_interfaces/include/py_action_interfaces/py_action_interfaces/msg/rosidl_typesupport_fastrtps_cpp__visibility_control.h
[3.278s] -- Up-to-date: /home/reddy/ros2_ws/install/py_action_interfaces/include/py_action_interfaces/py_action_interfaces/action
[3.278s] -- Up-to-date: /home/reddy/ros2_ws/install/py_action_interfaces/include/py_action_interfaces/py_action_interfaces/action/detail
[3.278s] -- Installing: /home/reddy/ros2_ws/install/py_action_interfaces/include/py_action_interfaces/py_action_interfaces/action/detail/fibonacci__rosidl_typesupport_fastrtps_cpp.hpp
[3.278s] -- Installing: /home/reddy/ros2_ws/install/py_action_interfaces/include/py_action_interfaces/py_action_interfaces/action/detail/dds_fastrtps
[3.278s] -- Installing: /home/reddy/ros2_ws/install/py_action_interfaces/lib/libpy_action_interfaces__rosidl_typesupport_fastrtps_cpp.so
[3.278s] -- Set runtime path of "/home/reddy/ros2_ws/install/py_action_interfaces/lib/libpy_action_interfaces__rosidl_typesupport_fastrtps_cpp.so" to ""
[3.278s] -- Up-to-date: /home/reddy/ros2_ws/install/py_action_interfaces/include/py_action_interfaces/py_action_interfaces
[3.278s] -- Up-to-date: /home/reddy/ros2_ws/install/py_action_interfaces/include/py_action_interfaces/py_action_interfaces/action
[3.278s] -- Up-to-date: /home/reddy/ros2_ws/install/py_action_interfaces/include/py_action_interfaces/py_action_interfaces/action/detail
[3.278s] -- Installing: /home/reddy/ros2_ws/install/py_action_interfaces/include/py_action_interfaces/py_action_interfaces/action/detail/fibonacci__type_support.cpp
[3.278s] -- Installing: /home/reddy/ros2_ws/install/py_action_interfaces/include/py_action_interfaces/py_action_interfaces/action/detail/fibonacci__rosidl_typesupport_introspection_cpp.hpp
[3.278s] -- Installing: /home/reddy/ros2_ws/install/py_action_interfaces/lib/libpy_action_interfaces__rosidl_typesupport_introspection_cpp.so
[3.278s] -- Set runtime path of "/home/reddy/ros2_ws/install/py_action_interfaces/lib/libpy_action_interfaces__rosidl_typesupport_introspection_cpp.so" to ""
[3.278s] -- Installing: /home/reddy/ros2_ws/install/py_action_interfaces/lib/libpy_action_interfaces__rosidl_typesupport_cpp.so
[3.278s] -- Set runtime path of "/home/reddy/ros2_ws/install/py_action_interfaces/lib/libpy_action_interfaces__rosidl_typesupport_cpp.so" to ""
[3.278s] -- Installing: /home/reddy/ros2_ws/install/py_action_interfaces/share/py_action_interfaces/environment/pythonpath.sh
[3.279s] -- Installing: /home/reddy/ros2_ws/install/py_action_interfaces/share/py_action_interfaces/environment/pythonpath.dsv
[3.279s] -- Installing: /home/reddy/ros2_ws/install/py_action_interfaces/local/lib/python3.10/dist-packages/py_action_interfaces-0.0.0-py3.10.egg-info
[3.279s] -- Installing: /home/reddy/ros2_ws/install/py_action_interfaces/local/lib/python3.10/dist-packages/py_action_interfaces-0.0.0-py3.10.egg-info/SOURCES.txt
[3.279s] -- Installing: /home/reddy/ros2_ws/install/py_action_interfaces/local/lib/python3.10/dist-packages/py_action_interfaces-0.0.0-py3.10.egg-info/PKG-INFO
[3.279s] -- Installing: /home/reddy/ros2_ws/install/py_action_interfaces/local/lib/python3.10/dist-packages/py_action_interfaces-0.0.0-py3.10.egg-info/dependency_links.txt
[3.279s] -- Installing: /home/reddy/ros2_ws/install/py_action_interfaces/local/lib/python3.10/dist-packages/py_action_interfaces-0.0.0-py3.10.egg-info/top_level.txt
[3.279s] -- Installing: /home/reddy/ros2_ws/install/py_action_interfaces/local/lib/python3.10/dist-packages/py_action_interfaces
[3.279s] -- Installing: /home/reddy/ros2_ws/install/py_action_interfaces/local/lib/python3.10/dist-packages/py_action_interfaces/py_action_interfaces_s__rosidl_typesupport_introspection_c.cpython-310-x86_64-linux-gnu.so
[3.279s] -- Installing: /home/reddy/ros2_ws/install/py_action_interfaces/local/lib/python3.10/dist-packages/py_action_interfaces/libpy_action_interfaces__rosidl_generator_py.so
[3.279s] -- Installing: /home/reddy/ros2_ws/install/py_action_interfaces/local/lib/python3.10/dist-packages/py_action_interfaces/_py_action_interfaces_s.ep.rosidl_typesupport_c.c
[3.279s] -- Installing: /home/reddy/ros2_ws/install/py_action_interfaces/local/lib/python3.10/dist-packages/py_action_interfaces/action
[3.279s] -- Installing: /home/reddy/ros2_ws/install/py_action_interfaces/local/lib/python3.10/dist-packages/py_action_interfaces/action/_fibonacci.py
[3.279s] -- Installing: /home/reddy/ros2_ws/install/py_action_interfaces/local/lib/python3.10/dist-packages/py_action_interfaces/action/__init__.py
[3.279s] -- Installing: /home/reddy/ros2_ws/install/py_action_interfaces/local/lib/python3.10/dist-packages/py_action_interfaces/action/_fibonacci_s.c
[3.280s] -- Installing: /home/reddy/ros2_ws/install/py_action_interfaces/local/lib/python3.10/dist-packages/py_action_interfaces/_py_action_interfaces_s.ep.rosidl_typesupport_fastrtps_c.c
[3.280s] -- Installing: /home/reddy/ros2_ws/install/py_action_interfaces/local/lib/python3.10/dist-packages/py_action_interfaces/__init__.py
[3.280s] -- Installing: /home/reddy/ros2_ws/install/py_action_interfaces/local/lib/python3.10/dist-packages/py_action_interfaces/py_action_interfaces_s__rosidl_typesupport_fastrtps_c.cpython-310-x86_64-linux-gnu.so
[3.280s] -- Installing: /home/reddy/ros2_ws/install/py_action_interfaces/local/lib/python3.10/dist-packages/py_action_interfaces/py_action_interfaces_s__rosidl_typesupport_c.cpython-310-x86_64-linux-gnu.so
[3.280s] -- Installing: /home/reddy/ros2_ws/install/py_action_interfaces/local/lib/python3.10/dist-packages/py_action_interfaces/_py_action_interfaces_s.ep.rosidl_typesupport_introspection_c.c
[3.305s] Listing '/home/reddy/ros2_ws/install/py_action_interfaces/local/lib/python3.10/dist-packages/py_action_interfaces'...
[3.305s] Compiling '/home/reddy/ros2_ws/install/py_action_interfaces/local/lib/python3.10/dist-packages/py_action_interfaces/__init__.py'...
[3.305s] Listing '/home/reddy/ros2_ws/install/py_action_interfaces/local/lib/python3.10/dist-packages/py_action_interfaces/action'...
[3.305s] Compiling '/home/reddy/ros2_ws/install/py_action_interfaces/local/lib/python3.10/dist-packages/py_action_interfaces/action/__init__.py'...
[3.305s] Compiling '/home/reddy/ros2_ws/install/py_action_interfaces/local/lib/python3.10/dist-packages/py_action_interfaces/action/_fibonacci.py'...
[3.308s] -- Installing: /home/reddy/ros2_ws/install/py_action_interfaces/local/lib/python3.10/dist-packages/py_action_interfaces/py_action_interfaces_s__rosidl_typesupport_fastrtps_c.cpython-310-x86_64-linux-gnu.so
[3.308s] -- Set runtime path of "/home/reddy/ros2_ws/install/py_action_interfaces/local/lib/python3.10/dist-packages/py_action_interfaces/py_action_interfaces_s__rosidl_typesupport_fastrtps_c.cpython-310-x86_64-linux-gnu.so" to ""
[3.308s] -- Installing: /home/reddy/ros2_ws/install/py_action_interfaces/local/lib/python3.10/dist-packages/py_action_interfaces/py_action_interfaces_s__rosidl_typesupport_introspection_c.cpython-310-x86_64-linux-gnu.so
[3.309s] -- Set runtime path of "/home/reddy/ros2_ws/install/py_action_interfaces/local/lib/python3.10/dist-packages/py_action_interfaces/py_action_interfaces_s__rosidl_typesupport_introspection_c.cpython-310-x86_64-linux-gnu.so" to ""
[3.309s] -- Installing: /home/reddy/ros2_ws/install/py_action_interfaces/local/lib/python3.10/dist-packages/py_action_interfaces/py_action_interfaces_s__rosidl_typesupport_c.cpython-310-x86_64-linux-gnu.so
[3.309s] -- Set runtime path of "/home/reddy/ros2_ws/install/py_action_interfaces/local/lib/python3.10/dist-packages/py_action_interfaces/py_action_interfaces_s__rosidl_typesupport_c.cpython-310-x86_64-linux-gnu.so" to ""
[3.309s] -- Installing: /home/reddy/ros2_ws/install/py_action_interfaces/lib/libpy_action_interfaces__rosidl_generator_py.so
[3.309s] -- Set runtime path of "/home/reddy/ros2_ws/install/py_action_interfaces/lib/libpy_action_interfaces__rosidl_generator_py.so" to ""
[3.309s] -- Installing: /home/reddy/ros2_ws/install/py_action_interfaces/share/py_action_interfaces/action/Fibonacci.idl
[3.310s] -- Installing: /home/reddy/ros2_ws/install/py_action_interfaces/share/py_action_interfaces/action/Fibonacci.action
[3.310s] -- Installing: /home/reddy/ros2_ws/install/py_action_interfaces/share/ament_index/resource_index/package_run_dependencies/py_action_interfaces
[3.310s] -- Installing: /home/reddy/ros2_ws/install/py_action_interfaces/share/ament_index/resource_index/parent_prefix_path/py_action_interfaces
[3.310s] -- Installing: /home/reddy/ros2_ws/install/py_action_interfaces/share/py_action_interfaces/environment/ament_prefix_path.sh
[3.310s] -- Installing: /home/reddy/ros2_ws/install/py_action_interfaces/share/py_action_interfaces/environment/ament_prefix_path.dsv
[3.310s] -- Installing: /home/reddy/ros2_ws/install/py_action_interfaces/share/py_action_interfaces/environment/path.sh
[3.310s] -- Installing: /home/reddy/ros2_ws/install/py_action_interfaces/share/py_action_interfaces/environment/path.dsv
[3.311s] -- Installing: /home/reddy/ros2_ws/install/py_action_interfaces/share/py_action_interfaces/local_setup.bash
[3.311s] -- Installing: /home/reddy/ros2_ws/install/py_action_interfaces/share/py_action_interfaces/local_setup.sh
[3.311s] -- Installing: /home/reddy/ros2_ws/install/py_action_interfaces/share/py_action_interfaces/local_setup.zsh
[3.311s] -- Installing: /home/reddy/ros2_ws/install/py_action_interfaces/share/py_action_interfaces/local_setup.dsv
[3.311s] -- Installing: /home/reddy/ros2_ws/install/py_action_interfaces/share/py_action_interfaces/package.dsv
[3.311s] -- Installing: /home/reddy/ros2_ws/install/py_action_interfaces/share/ament_index/resource_index/packages/py_action_interfaces
[3.311s] -- Installing: /home/reddy/ros2_ws/install/py_action_interfaces/share/py_action_interfaces/cmake/export_py_action_interfaces__rosidl_generator_cExport.cmake
[3.311s] -- Installing: /home/reddy/ros2_ws/install/py_action_interfaces/share/py_action_interfaces/cmake/export_py_action_interfaces__rosidl_generator_cExport-noconfig.cmake
[3.311s] -- Installing: /home/reddy/ros2_ws/install/py_action_interfaces/share/py_action_interfaces/cmake/export_py_action_interfaces__rosidl_typesupport_fastrtps_cExport.cmake
[3.311s] -- Installing: /home/reddy/ros2_ws/install/py_action_interfaces/share/py_action_interfaces/cmake/export_py_action_interfaces__rosidl_typesupport_fastrtps_cExport-noconfig.cmake
[3.311s] -- Installing: /home/reddy/ros2_ws/install/py_action_interfaces/share/py_action_interfaces/cmake/py_action_interfaces__rosidl_typesupport_introspection_cExport.cmake
[3.312s] -- Installing: /home/reddy/ros2_ws/install/py_action_interfaces/share/py_action_interfaces/cmake/py_action_interfaces__rosidl_typesupport_introspection_cExport-noconfig.cmake
[3.312s] -- Installing: /home/reddy/ros2_ws/install/py_action_interfaces/share/py_action_interfaces/cmake/py_action_interfaces__rosidl_typesupport_cExport.cmake
[3.312s] -- Installing: /home/reddy/ros2_ws/install/py_action_interfaces/share/py_action_interfaces/cmake/py_action_interfaces__rosidl_typesupport_cExport-noconfig.cmake
[3.312s] -- Installing: /home/reddy/ros2_ws/install/py_action_interfaces/share/py_action_interfaces/cmake/export_py_action_interfaces__rosidl_generator_cppExport.cmake
[3.312s] -- Installing: /home/reddy/ros2_ws/install/py_action_interfaces/share/py_action_interfaces/cmake/export_py_action_interfaces__rosidl_typesupport_fastrtps_cppExport.cmake
[3.312s] -- Installing: /home/reddy/ros2_ws/install/py_action_interfaces/share/py_action_interfaces/cmake/export_py_action_interfaces__rosidl_typesupport_fastrtps_cppExport-noconfig.cmake
[3.312s] -- Installing: /home/reddy/ros2_ws/install/py_action_interfaces/share/py_action_interfaces/cmake/py_action_interfaces__rosidl_typesupport_introspection_cppExport.cmake
[3.312s] -- Installing: /home/reddy/ros2_ws/install/py_action_interfaces/share/py_action_interfaces/cmake/py_action_interfaces__rosidl_typesupport_introspection_cppExport-noconfig.cmake
[3.312s] -- Installing: /home/reddy/ros2_ws/install/py_action_interfaces/share/py_action_interfaces/cmake/py_action_interfaces__rosidl_typesupport_cppExport.cmake
[3.312s] -- Installing: /home/reddy/ros2_ws/install/py_action_interfaces/share/py_action_interfaces/cmake/py_action_interfaces__rosidl_typesupport_cppExport-noconfig.cmake
[3.312s] -- Installing: /home/reddy/ros2_ws/install/py_action_interfaces/share/py_action_interfaces/cmake/export_py_action_interfaces__rosidl_generator_pyExport.cmake
[3.312s] -- Installing: /home/reddy/ros2_ws/install/py_action_interfaces/share/py_action_interfaces/cmake/export_py_action_interfaces__rosidl_generator_pyExport-noconfig.cmake
[3.312s] -- Installing: /home/reddy/ros2_ws/install/py_action_interfaces/share/py_action_interfaces/cmake/rosidl_cmake-extras.cmake
[3.312s] -- Installing: /home/reddy/ros2_ws/install/py_action_interfaces/share/py_action_interfaces/cmake/ament_cmake_export_dependencies-extras.cmake
[3.312s] -- Installing: /home/reddy/ros2_ws/install/py_action_interfaces/share/py_action_interfaces/cmake/ament_cmake_export_include_directories-extras.cmake
[3.312s] -- Installing: /home/reddy/ros2_ws/install/py_action_interfaces/share/py_action_interfaces/cmake/ament_cmake_export_libraries-extras.cmake
[3.312s] -- Installing: /home/reddy/ros2_ws/install/py_action_interfaces/share/py_action_interfaces/cmake/ament_cmake_export_targets-extras.cmake
[3.313s] -- Installing: /home/reddy/ros2_ws/install/py_action_interfaces/share/py_action_interfaces/cmake/rosidl_cmake_export_typesupport_targets-extras.cmake
[3.313s] -- Installing: /home/reddy/ros2_ws/install/py_action_interfaces/share/py_action_interfaces/cmake/rosidl_cmake_export_typesupport_libraries-extras.cmake
[3.313s] -- Installing: /home/reddy/ros2_ws/install/py_action_interfaces/share/py_action_interfaces/cmake/py_action_interfacesConfig.cmake
[3.313s] -- Installing: /home/reddy/ros2_ws/install/py_action_interfaces/share/py_action_interfaces/cmake/py_action_interfacesConfig-version.cmake
[3.313s] -- Installing: /home/reddy/ros2_ws/install/py_action_interfaces/share/py_action_interfaces/package.xml
[3.314s] Invoked command in '/home/reddy/ros2_ws/build/py_action_interfaces' returned '0': CMAKE_PREFIX_PATH=${CMAKE_PREFIX_PATH}:/home/reddy/ros2_ws/install/py_service:/home/reddy/ros2_ws/install/py_clint:/home/reddy/ros2_ws/install/launch_testing_examples:/home/reddy/ros2_ws/install/examples_rclpy_pointcloud_publisher:/home/reddy/ros2_ws/install/examples_rclpy_minimal_subscriber:/home/reddy/ros2_ws/install/examples_rclpy_minimal_service:/home/reddy/ros2_ws/install/examples_rclpy_minimal_publisher:/home/reddy/ros2_ws/install/examples_rclpy_minimal_client:/home/reddy/ros2_ws/install/examples_rclpy_minimal_action_server:/home/reddy/ros2_ws/install/examples_rclpy_minimal_action_client:/home/reddy/ros2_ws/install/examples_rclpy_guard_conditions:/home/reddy/ros2_ws/install/examples_rclpy_executors:/home/reddy/ros2_ws/install/py_action:/home/reddy/ros2_ws/install/py_srvcli:/home/reddy/ros2_ws/install/py_pubsub:/home/reddy/ros2_ws/install/py_params:/opt/ros/humble /usr/bin/cmake --install /home/reddy/ros2_ws/build/py_action_interfaces
