[1.676s] Invoking command in '/home/reddy/ros2_ws/build/py_action_interfaces': CMAKE_PREFIX_PATH=${CMAKE_PREFIX_PATH}:/home/reddy/ros2_ws/install/py_service:/home/reddy/ros2_ws/install/py_clint:/home/reddy/ros2_ws/install/launch_testing_examples:/home/reddy/ros2_ws/install/examples_rclpy_pointcloud_publisher:/home/reddy/ros2_ws/install/examples_rclpy_minimal_subscriber:/home/reddy/ros2_ws/install/examples_rclpy_minimal_service:/home/reddy/ros2_ws/install/examples_rclpy_minimal_publisher:/home/reddy/ros2_ws/install/examples_rclpy_minimal_client:/home/reddy/ros2_ws/install/examples_rclpy_minimal_action_server:/home/reddy/ros2_ws/install/examples_rclpy_minimal_action_client:/home/reddy/ros2_ws/install/examples_rclpy_guard_conditions:/home/reddy/ros2_ws/install/examples_rclpy_executors:/home/reddy/ros2_ws/install/py_action:/home/reddy/ros2_ws/install/py_srvcli:/home/reddy/ros2_ws/install/py_pubsub:/home/reddy/ros2_ws/install/py_params:/opt/ros/humble /usr/bin/cmake /home/reddy/ros2_ws/src/py_action_interfaces -DCMAKE_INSTALL_PREFIX=/home/reddy/ros2_ws/install/py_action_interfaces
[2.403s] -- The C compiler identification is GNU 11.4.0
[2.403s] -- The CXX compiler identification is GNU 11.4.0
[2.657s] -- Detecting C compiler ABI info
[2.785s] -- Detecting C compiler ABI info - done
[2.790s] -- Check for working C compiler: /usr/bin/cc - skipped
[2.790s] -- Detecting C compile features
[2.791s] -- Detecting C compile features - done
[2.793s] -- Detecting CXX compiler ABI info
[2.907s] -- Detecting CXX compiler ABI info - done
[2.913s] -- Check for working CXX compiler: /usr/bin/c++ - skipped
[2.913s] -- Detecting CXX compile features
[2.913s] -- Detecting CXX compile features - done
[2.914s] -- Found ament_cmake: 1.3.11 (/opt/ros/humble/share/ament_cmake/cmake)
[3.105s] -- Found Python3: /usr/bin/python3 (found version "3.10.12") found components: Interpreter 
[3.226s] -- Found ament_lint_auto: 0.12.12 (/opt/ros/humble/share/ament_lint_auto/cmake)
[3.390s] -- Added test 'lint_cmake' to check CMake code style
[3.390s] -- Added test 'xmllint' to check XML markup files
[3.390s] -- Configuring done
[3.391s] -- Generating done
[3.391s] -- Build files have been written to: /home/reddy/ros2_ws/build/py_action_interfaces
[3.467s] Invoked command in '/home/reddy/ros2_ws/build/py_action_interfaces' returned '0': CMAKE_PREFIX_PATH=${CMAKE_PREFIX_PATH}:/home/reddy/ros2_ws/install/py_service:/home/reddy/ros2_ws/install/py_clint:/home/reddy/ros2_ws/install/launch_testing_examples:/home/reddy/ros2_ws/install/examples_rclpy_pointcloud_publisher:/home/reddy/ros2_ws/install/examples_rclpy_minimal_subscriber:/home/reddy/ros2_ws/install/examples_rclpy_minimal_service:/home/reddy/ros2_ws/install/examples_rclpy_minimal_publisher:/home/reddy/ros2_ws/install/examples_rclpy_minimal_client:/home/reddy/ros2_ws/install/examples_rclpy_minimal_action_server:/home/reddy/ros2_ws/install/examples_rclpy_minimal_action_client:/home/reddy/ros2_ws/install/examples_rclpy_guard_conditions:/home/reddy/ros2_ws/install/examples_rclpy_executors:/home/reddy/ros2_ws/install/py_action:/home/reddy/ros2_ws/install/py_srvcli:/home/reddy/ros2_ws/install/py_pubsub:/home/reddy/ros2_ws/install/py_params:/opt/ros/humble /usr/bin/cmake /home/reddy/ros2_ws/src/py_action_interfaces -DCMAKE_INSTALL_PREFIX=/home/reddy/ros2_ws/install/py_action_interfaces
[3.467s] Invoking command in '/home/reddy/ros2_ws/build/py_action_interfaces': CMAKE_PREFIX_PATH=${CMAKE_PREFIX_PATH}:/home/reddy/ros2_ws/install/py_service:/home/reddy/ros2_ws/install/py_clint:/home/reddy/ros2_ws/install/launch_testing_examples:/home/reddy/ros2_ws/install/examples_rclpy_pointcloud_publisher:/home/reddy/ros2_ws/install/examples_rclpy_minimal_subscriber:/home/reddy/ros2_ws/install/examples_rclpy_minimal_service:/home/reddy/ros2_ws/install/examples_rclpy_minimal_publisher:/home/reddy/ros2_ws/install/examples_rclpy_minimal_client:/home/reddy/ros2_ws/install/examples_rclpy_minimal_action_server:/home/reddy/ros2_ws/install/examples_rclpy_minimal_action_client:/home/reddy/ros2_ws/install/examples_rclpy_guard_conditions:/home/reddy/ros2_ws/install/examples_rclpy_executors:/home/reddy/ros2_ws/install/py_action:/home/reddy/ros2_ws/install/py_srvcli:/home/reddy/ros2_ws/install/py_pubsub:/home/reddy/ros2_ws/install/py_params:/opt/ros/humble /usr/bin/cmake --build /home/reddy/ros2_ws/build/py_action_interfaces -- -j32 -l32
[3.490s] Invoked command in '/home/reddy/ros2_ws/build/py_action_interfaces' returned '0': CMAKE_PREFIX_PATH=${CMAKE_PREFIX_PATH}:/home/reddy/ros2_ws/install/py_service:/home/reddy/ros2_ws/install/py_clint:/home/reddy/ros2_ws/install/launch_testing_examples:/home/reddy/ros2_ws/install/examples_rclpy_pointcloud_publisher:/home/reddy/ros2_ws/install/examples_rclpy_minimal_subscriber:/home/reddy/ros2_ws/install/examples_rclpy_minimal_service:/home/reddy/ros2_ws/install/examples_rclpy_minimal_publisher:/home/reddy/ros2_ws/install/examples_rclpy_minimal_client:/home/reddy/ros2_ws/install/examples_rclpy_minimal_action_server:/home/reddy/ros2_ws/install/examples_rclpy_minimal_action_client:/home/reddy/ros2_ws/install/examples_rclpy_guard_conditions:/home/reddy/ros2_ws/install/examples_rclpy_executors:/home/reddy/ros2_ws/install/py_action:/home/reddy/ros2_ws/install/py_srvcli:/home/reddy/ros2_ws/install/py_pubsub:/home/reddy/ros2_ws/install/py_params:/opt/ros/humble /usr/bin/cmake --build /home/reddy/ros2_ws/build/py_action_interfaces -- -j32 -l32
[3.496s] Invoking command in '/home/reddy/ros2_ws/build/py_action_interfaces': CMAKE_PREFIX_PATH=${CMAKE_PREFIX_PATH}:/home/reddy/ros2_ws/install/py_service:/home/reddy/ros2_ws/install/py_clint:/home/reddy/ros2_ws/install/launch_testing_examples:/home/reddy/ros2_ws/install/examples_rclpy_pointcloud_publisher:/home/reddy/ros2_ws/install/examples_rclpy_minimal_subscriber:/home/reddy/ros2_ws/install/examples_rclpy_minimal_service:/home/reddy/ros2_ws/install/examples_rclpy_minimal_publisher:/home/reddy/ros2_ws/install/examples_rclpy_minimal_client:/home/reddy/ros2_ws/install/examples_rclpy_minimal_action_server:/home/reddy/ros2_ws/install/examples_rclpy_minimal_action_client:/home/reddy/ros2_ws/install/examples_rclpy_guard_conditions:/home/reddy/ros2_ws/install/examples_rclpy_executors:/home/reddy/ros2_ws/install/py_action:/home/reddy/ros2_ws/install/py_srvcli:/home/reddy/ros2_ws/install/py_pubsub:/home/reddy/ros2_ws/install/py_params:/opt/ros/humble /usr/bin/cmake --install /home/reddy/ros2_ws/build/py_action_interfaces
[3.499s] -- Install configuration: ""
[3.500s] -- Installing: /home/reddy/ros2_ws/install/py_action_interfaces/share/ament_index/resource_index/package_run_dependencies/py_action_interfaces
[3.500s] -- Installing: /home/reddy/ros2_ws/install/py_action_interfaces/share/ament_index/resource_index/parent_prefix_path/py_action_interfaces
[3.500s] -- Installing: /home/reddy/ros2_ws/install/py_action_interfaces/share/py_action_interfaces/environment/ament_prefix_path.sh
[3.500s] -- Installing: /home/reddy/ros2_ws/install/py_action_interfaces/share/py_action_interfaces/environment/ament_prefix_path.dsv
[3.500s] -- Installing: /home/reddy/ros2_ws/install/py_action_interfaces/share/py_action_interfaces/environment/path.sh
[3.500s] -- Installing: /home/reddy/ros2_ws/install/py_action_interfaces/share/py_action_interfaces/environment/path.dsv
[3.500s] -- Installing: /home/reddy/ros2_ws/install/py_action_interfaces/share/py_action_interfaces/local_setup.bash
[3.501s] -- Installing: /home/reddy/ros2_ws/install/py_action_interfaces/share/py_action_interfaces/local_setup.sh
[3.501s] -- Installing: /home/reddy/ros2_ws/install/py_action_interfaces/share/py_action_interfaces/local_setup.zsh
[3.501s] -- Installing: /home/reddy/ros2_ws/install/py_action_interfaces/share/py_action_interfaces/local_setup.dsv
[3.501s] -- Installing: /home/reddy/ros2_ws/install/py_action_interfaces/share/py_action_interfaces/package.dsv
[3.501s] -- Installing: /home/reddy/ros2_ws/install/py_action_interfaces/share/ament_index/resource_index/packages/py_action_interfaces
[3.501s] -- Installing: /home/reddy/ros2_ws/install/py_action_interfaces/share/py_action_interfaces/cmake/py_action_interfacesConfig.cmake
[3.501s] -- Installing: /home/reddy/ros2_ws/install/py_action_interfaces/share/py_action_interfaces/cmake/py_action_interfacesConfig-version.cmake
[3.501s] -- Installing: /home/reddy/ros2_ws/install/py_action_interfaces/share/py_action_interfaces/package.xml
[3.502s] Invoked command in '/home/reddy/ros2_ws/build/py_action_interfaces' returned '0': CMAKE_PREFIX_PATH=${CMAKE_PREFIX_PATH}:/home/reddy/ros2_ws/install/py_service:/home/reddy/ros2_ws/install/py_clint:/home/reddy/ros2_ws/install/launch_testing_examples:/home/reddy/ros2_ws/install/examples_rclpy_pointcloud_publisher:/home/reddy/ros2_ws/install/examples_rclpy_minimal_subscriber:/home/reddy/ros2_ws/install/examples_rclpy_minimal_service:/home/reddy/ros2_ws/install/examples_rclpy_minimal_publisher:/home/reddy/ros2_ws/install/examples_rclpy_minimal_client:/home/reddy/ros2_ws/install/examples_rclpy_minimal_action_server:/home/reddy/ros2_ws/install/examples_rclpy_minimal_action_client:/home/reddy/ros2_ws/install/examples_rclpy_guard_conditions:/home/reddy/ros2_ws/install/examples_rclpy_executors:/home/reddy/ros2_ws/install/py_action:/home/reddy/ros2_ws/install/py_srvcli:/home/reddy/ros2_ws/install/py_pubsub:/home/reddy/ros2_ws/install/py_params:/opt/ros/humble /usr/bin/cmake --install /home/reddy/ros2_ws/build/py_action_interfaces
