[0.339s] Invoking command in '/home/reddy/ros2_ws/build/py_pubsub': PYTHONPATH=/home/reddy/ros2_ws/build/py_pubsub/prefix_override:/usr/lib/python3/dist-packages/colcon_core/task/python/colcon_distutils_commands:/home/reddy/ros2_ws/install/py_pubsub/lib/python3.10/site-packages:${PYTHONPATH} /usr/bin/python3 -W ignore:setup.py install is deprecated -W ignore:easy_install command is deprecated setup.py develop --editable --build-directory /home/reddy/ros2_ws/build/py_pubsub/build --no-deps symlink_data
[0.467s] running develop
[0.546s] running egg_info
[0.546s] creating py_pubsub.egg-info
[0.547s] writing py_pubsub.egg-info/PKG-INFO
[0.547s] writing dependency_links to py_pubsub.egg-info/dependency_links.txt
[0.547s] writing entry points to py_pubsub.egg-info/entry_points.txt
[0.547s] writing requirements to py_pubsub.egg-info/requires.txt
[0.547s] writing top-level names to py_pubsub.egg-info/top_level.txt
[0.547s] writing manifest file 'py_pubsub.egg-info/SOURCES.txt'
[0.555s] reading manifest file 'py_pubsub.egg-info/SOURCES.txt'
[0.557s] writing manifest file 'py_pubsub.egg-info/SOURCES.txt'
[0.558s] running build_ext
[0.559s] Creating /home/reddy/ros2_ws/install/py_pubsub/lib/python3.10/site-packages/py-pubsub.egg-link (link to .)
[0.560s] Installing listener script to /home/reddy/ros2_ws/install/py_pubsub/lib/py_pubsub
[0.561s] Installing talker script to /home/reddy/ros2_ws/install/py_pubsub/lib/py_pubsub
[0.561s] 
[0.561s] Installed /home/reddy/ros2_ws/build/py_pubsub
[0.561s] running symlink_data
[0.562s] creating /home/reddy/ros2_ws/install/py_pubsub/share/ament_index
[0.562s] creating /home/reddy/ros2_ws/install/py_pubsub/share/ament_index/resource_index
[0.562s] creating /home/reddy/ros2_ws/install/py_pubsub/share/ament_index/resource_index/packages
[0.562s] symbolically linking /home/reddy/ros2_ws/build/py_pubsub/resource/py_pubsub -> /home/reddy/ros2_ws/install/py_pubsub/share/ament_index/resource_index/packages
[0.562s] symbolically linking /home/reddy/ros2_ws/build/py_pubsub/package.xml -> /home/reddy/ros2_ws/install/py_pubsub/share/py_pubsub
[0.590s] Invoked command in '/home/reddy/ros2_ws/build/py_pubsub' returned '0': PYTHONPATH=/home/reddy/ros2_ws/build/py_pubsub/prefix_override:/usr/lib/python3/dist-packages/colcon_core/task/python/colcon_distutils_commands:/home/reddy/ros2_ws/install/py_pubsub/lib/python3.10/site-packages:${PYTHONPATH} /usr/bin/python3 -W ignore:setup.py install is deprecated -W ignore:easy_install command is deprecated setup.py develop --editable --build-directory /home/reddy/ros2_ws/build/py_pubsub/build --no-deps symlink_data
