/home/reddy/ros2_ws/install/py_srvcli/lib/python3.10/site-packages/py_srvcli/countdown_client.py
/home/reddy/ros2_ws/install/py_srvcli/lib/python3.10/site-packages/py_srvcli/__init__.py
/home/reddy/ros2_ws/install/py_srvcli/lib/python3.10/site-packages/py_srvcli/add_two_ints_client.py
/home/reddy/ros2_ws/install/py_srvcli/lib/python3.10/site-packages/py_srvcli/add_two_ints_server.py
/home/reddy/ros2_ws/install/py_srvcli/lib/python3.10/site-packages/py_srvcli/__pycache__/countdown_client.cpython-310.pyc
/home/reddy/ros2_ws/install/py_srvcli/lib/python3.10/site-packages/py_srvcli/__pycache__/__init__.cpython-310.pyc
/home/reddy/ros2_ws/install/py_srvcli/lib/python3.10/site-packages/py_srvcli/__pycache__/add_two_ints_client.cpython-310.pyc
/home/reddy/ros2_ws/install/py_srvcli/lib/python3.10/site-packages/py_srvcli/__pycache__/add_two_ints_server.cpython-310.pyc
/home/reddy/ros2_ws/install/py_srvcli/share/ament_index/resource_index/packages/py_srvcli
/home/reddy/ros2_ws/install/py_srvcli/share/py_srvcli/package.xml
/home/reddy/ros2_ws/install/py_srvcli/lib/python3.10/site-packages/py_srvcli-0.0.0-py3.10.egg-info/zip-safe
/home/reddy/ros2_ws/install/py_srvcli/lib/python3.10/site-packages/py_srvcli-0.0.0-py3.10.egg-info/SOURCES.txt
/home/reddy/ros2_ws/install/py_srvcli/lib/python3.10/site-packages/py_srvcli-0.0.0-py3.10.egg-info/entry_points.txt
/home/reddy/ros2_ws/install/py_srvcli/lib/python3.10/site-packages/py_srvcli-0.0.0-py3.10.egg-info/requires.txt
/home/reddy/ros2_ws/install/py_srvcli/lib/python3.10/site-packages/py_srvcli-0.0.0-py3.10.egg-info/PKG-INFO
/home/reddy/ros2_ws/install/py_srvcli/lib/python3.10/site-packages/py_srvcli-0.0.0-py3.10.egg-info/dependency_links.txt
/home/reddy/ros2_ws/install/py_srvcli/lib/python3.10/site-packages/py_srvcli-0.0.0-py3.10.egg-info/top_level.txt
/home/reddy/ros2_ws/install/py_srvcli/lib/py_srvcli/add_two_ints_client
/home/reddy/ros2_ws/install/py_srvcli/lib/py_srvcli/add_two_ints_server
/home/reddy/ros2_ws/install/py_srvcli/lib/py_srvcli/countdown_client
