[0.006s] Invoking command in '/home/reddy/ros2_ws/build/py_action_interfaces': CMAKE_PREFIX_PATH=${CMAKE_PREFIX_PATH}:/home/reddy/ros2_ws/install/py_service:/home/reddy/ros2_ws/install/py_clint:/home/reddy/ros2_ws/install/launch_testing_examples:/home/reddy/ros2_ws/install/examples_rclpy_pointcloud_publisher:/home/reddy/ros2_ws/install/examples_rclpy_minimal_subscriber:/home/reddy/ros2_ws/install/examples_rclpy_minimal_service:/home/reddy/ros2_ws/install/examples_rclpy_minimal_publisher:/home/reddy/ros2_ws/install/examples_rclpy_minimal_client:/home/reddy/ros2_ws/install/examples_rclpy_minimal_action_server:/home/reddy/ros2_ws/install/examples_rclpy_minimal_action_client:/home/reddy/ros2_ws/install/examples_rclpy_guard_conditions:/home/reddy/ros2_ws/install/examples_rclpy_executors:/home/reddy/ros2_ws/install/py_action:/home/reddy/ros2_ws/install/py_srvcli:/home/reddy/ros2_ws/install/py_pubsub:/home/reddy/ros2_ws/install/py_params:/opt/ros/humble /usr/bin/cmake /home/reddy/ros2_ws/src/py_action_interfaces -DCMAKE_INSTALL_PREFIX=/home/reddy/ros2_ws/install/py_action_interfaces
[0.085s] -- The C compiler identification is GNU 11.4.0
[0.296s] -- The CXX compiler identification is GNU 11.4.0
[0.505s] -- Detecting C compiler ABI info
[0.638s] -- Detecting C compiler ABI info - done
[0.642s] -- Check for working C compiler: /usr/bin/cc - skipped
[0.642s] -- Detecting C compile features
[0.642s] -- Detecting C compile features - done
[0.644s] -- Detecting CXX compiler ABI info
[0.741s] -- Detecting CXX compiler ABI info - done
[0.745s] -- Check for working CXX compiler: /usr/bin/c++ - skipped
[0.745s] -- Detecting CXX compile features
[0.745s] -- Detecting CXX compile features - done
[0.747s] -- Found ament_cmake: 1.3.11 (/opt/ros/humble/share/ament_cmake/cmake)
[0.840s] -- Found Python3: /usr/bin/python3 (found version "3.10.12") found components: Interpreter 
[0.899s] -- Found rosidl_default_generators: 1.2.0 (/opt/ros/humble/share/rosidl_default_generators/cmake)
[0.903s] -- Using all available rosidl_typesupport_c: rosidl_typesupport_fastrtps_c;rosidl_typesupport_introspection_c
[0.908s] -- Found rosidl_adapter: 3.1.6 (/opt/ros/humble/share/rosidl_adapter/cmake)
[1.024s] -- Using all available rosidl_typesupport_cpp: rosidl_typesupport_fastrtps_cpp;rosidl_typesupport_introspection_cpp
[1.046s] -- Found action_msgs: 1.2.1 (/opt/ros/humble/share/action_msgs/cmake)
[1.231s] -- Found ament_cmake_ros: 0.10.0 (/opt/ros/humble/share/ament_cmake_ros/cmake)
[1.352s] -- Using all available rosidl_typesupport_c: rosidl_typesupport_fastrtps_c;rosidl_typesupport_introspection_c
[1.500s] -- Using all available rosidl_typesupport_cpp: rosidl_typesupport_fastrtps_cpp;rosidl_typesupport_introspection_cpp
[1.566s] -- Found PythonInterp: /usr/bin/python3 (found suitable version "3.10.12", minimum required is "3.6") 
[1.569s] -- Found python_cmake_module: 0.10.0 (/opt/ros/humble/share/python_cmake_module/cmake)
[1.973s] -- Found PythonLibs: /usr/lib/x86_64-linux-gnu/libpython3.10.so (found suitable version "3.10.12", minimum required is "3.5") 
[1.973s] -- Using PYTHON_EXECUTABLE: /usr/bin/python3
[1.973s] -- Using PYTHON_INCLUDE_DIRS: /usr/include/python3.10
[1.973s] -- Using PYTHON_LIBRARIES: /usr/lib/x86_64-linux-gnu/libpython3.10.so
[1.989s] -- Found PythonExtra: .so  
[2.070s] -- Found ament_lint_auto: 0.12.12 (/opt/ros/humble/share/ament_lint_auto/cmake)
[2.090s] -- Added test 'lint_cmake' to check CMake code style
[2.090s] -- Added test 'xmllint' to check XML markup files
[2.092s] -- Configuring done
[2.115s] -- Generating done
[2.121s] -- Build files have been written to: /home/reddy/ros2_ws/build/py_action_interfaces
[2.124s] Invoked command in '/home/reddy/ros2_ws/build/py_action_interfaces' returned '0': CMAKE_PREFIX_PATH=${CMAKE_PREFIX_PATH}:/home/reddy/ros2_ws/install/py_service:/home/reddy/ros2_ws/install/py_clint:/home/reddy/ros2_ws/install/launch_testing_examples:/home/reddy/ros2_ws/install/examples_rclpy_pointcloud_publisher:/home/reddy/ros2_ws/install/examples_rclpy_minimal_subscriber:/home/reddy/ros2_ws/install/examples_rclpy_minimal_service:/home/reddy/ros2_ws/install/examples_rclpy_minimal_publisher:/home/reddy/ros2_ws/install/examples_rclpy_minimal_client:/home/reddy/ros2_ws/install/examples_rclpy_minimal_action_server:/home/reddy/ros2_ws/install/examples_rclpy_minimal_action_client:/home/reddy/ros2_ws/install/examples_rclpy_guard_conditions:/home/reddy/ros2_ws/install/examples_rclpy_executors:/home/reddy/ros2_ws/install/py_action:/home/reddy/ros2_ws/install/py_srvcli:/home/reddy/ros2_ws/install/py_pubsub:/home/reddy/ros2_ws/install/py_params:/opt/ros/humble /usr/bin/cmake /home/reddy/ros2_ws/src/py_action_interfaces -DCMAKE_INSTALL_PREFIX=/home/reddy/ros2_ws/install/py_action_interfaces
[2.126s] Invoking command in '/home/reddy/ros2_ws/build/py_action_interfaces': CMAKE_PREFIX_PATH=${CMAKE_PREFIX_PATH}:/home/reddy/ros2_ws/install/py_service:/home/reddy/ros2_ws/install/py_clint:/home/reddy/ros2_ws/install/launch_testing_examples:/home/reddy/ros2_ws/install/examples_rclpy_pointcloud_publisher:/home/reddy/ros2_ws/install/examples_rclpy_minimal_subscriber:/home/reddy/ros2_ws/install/examples_rclpy_minimal_service:/home/reddy/ros2_ws/install/examples_rclpy_minimal_publisher:/home/reddy/ros2_ws/install/examples_rclpy_minimal_client:/home/reddy/ros2_ws/install/examples_rclpy_minimal_action_server:/home/reddy/ros2_ws/install/examples_rclpy_minimal_action_client:/home/reddy/ros2_ws/install/examples_rclpy_guard_conditions:/home/reddy/ros2_ws/install/examples_rclpy_executors:/home/reddy/ros2_ws/install/py_action:/home/reddy/ros2_ws/install/py_srvcli:/home/reddy/ros2_ws/install/py_pubsub:/home/reddy/ros2_ws/install/py_params:/opt/ros/humble /usr/bin/cmake --build /home/reddy/ros2_ws/build/py_action_interfaces -- -j32 -l32
[2.146s] [  3%] [34m[1mGenerating C code for ROS interfaces[0m
[2.152s] [  6%] [34m[1mGenerating C++ code for ROS interfaces[0m
[2.155s] [  6%] Built target ament_cmake_python_copy_py_action_interfaces
[2.284s] running egg_info
[2.285s] creating py_action_interfaces.egg-info
[2.285s] writing py_action_interfaces.egg-info/PKG-INFO
[2.285s] writing dependency_links to py_action_interfaces.egg-info/dependency_links.txt
[2.285s] writing top-level names to py_action_interfaces.egg-info/top_level.txt
[2.285s] writing manifest file 'py_action_interfaces.egg-info/SOURCES.txt'
[2.287s] reading manifest file 'py_action_interfaces.egg-info/SOURCES.txt'
[2.287s] writing manifest file 'py_action_interfaces.egg-info/SOURCES.txt'
[2.302s] [  6%] Built target ament_cmake_python_build_py_action_interfaces_egg
[2.375s] [  6%] Built target py_action_interfaces__cpp
[2.377s] [  9%] [32mBuilding C object CMakeFiles/py_action_interfaces__rosidl_generator_c.dir/rosidl_generator_c/py_action_interfaces/action/detail/fibonacci__functions.c.o[0m
[2.381s] [ 12%] [34m[1mGenerating C++ type support dispatch for ROS interfaces[0m
[2.381s] [ 16%] [34m[1mGenerating C++ introspection for ROS interfaces[0m
[2.382s] [ 19%] [34m[1mGenerating C++ type support for eProsima Fast-RTPS[0m
[2.477s] [ 22%] [32m[1mLinking C shared library libpy_action_interfaces__rosidl_generator_c.so[0m
[2.529s] [ 25%] [32mBuilding CXX object CMakeFiles/py_action_interfaces__rosidl_typesupport_cpp.dir/rosidl_typesupport_cpp/py_action_interfaces/action/fibonacci__type_support.cpp.o[0m
[2.542s] [ 25%] Built target py_action_interfaces__rosidl_generator_c
[2.548s] [ 29%] [34m[1mGenerating C type support for eProsima Fast-RTPS[0m
[2.548s] [ 32%] [34m[1mGenerating C introspection for ROS interfaces[0m
[2.548s] [ 35%] [34m[1mGenerating C type support dispatch for ROS interfaces[0m
[2.553s] [ 38%] [32mBuilding CXX object CMakeFiles/py_action_interfaces__rosidl_typesupport_introspection_cpp.dir/rosidl_typesupport_introspection_cpp/py_action_interfaces/action/detail/fibonacci__type_support.cpp.o[0m
[2.578s] [ 41%] [32mBuilding CXX object CMakeFiles/py_action_interfaces__rosidl_typesupport_fastrtps_cpp.dir/rosidl_typesupport_fastrtps_cpp/py_action_interfaces/action/detail/dds_fastrtps/fibonacci__type_support.cpp.o[0m
[2.697s] [ 45%] [32mBuilding CXX object CMakeFiles/py_action_interfaces__rosidl_typesupport_c.dir/rosidl_typesupport_c/py_action_interfaces/action/fibonacci__type_support.cpp.o[0m
[2.728s] [ 48%] [32m[1mLinking CXX shared library libpy_action_interfaces__rosidl_typesupport_c.so[0m
[2.739s] [ 51%] [32mBuilding C object CMakeFiles/py_action_interfaces__rosidl_typesupport_introspection_c.dir/rosidl_typesupport_introspection_c/py_action_interfaces/action/detail/fibonacci__type_support.c.o[0m
[2.748s] [ 54%] [32mBuilding CXX object CMakeFiles/py_action_interfaces__rosidl_typesupport_fastrtps_c.dir/rosidl_typesupport_fastrtps_c/py_action_interfaces/action/detail/fibonacci__type_support_c.cpp.o[0m
[2.772s] [ 58%] [32m[1mLinking C shared library libpy_action_interfaces__rosidl_typesupport_introspection_c.so[0m
[2.818s] [ 61%] [32m[1mLinking CXX shared library libpy_action_interfaces__rosidl_typesupport_cpp.so[0m
[2.819s] [ 61%] Built target py_action_interfaces__rosidl_typesupport_c
[2.842s] [ 61%] Built target py_action_interfaces__rosidl_typesupport_introspection_c
[2.895s] [ 64%] [32m[1mLinking CXX shared library libpy_action_interfaces__rosidl_typesupport_introspection_cpp.so[0m
[2.904s] [ 67%] [32m[1mLinking CXX shared library libpy_action_interfaces__rosidl_typesupport_fastrtps_cpp.so[0m
[2.919s] [ 67%] Built target py_action_interfaces__rosidl_typesupport_cpp
[2.945s] [ 70%] [32m[1mLinking CXX shared library libpy_action_interfaces__rosidl_typesupport_fastrtps_c.so[0m
[2.995s] [ 70%] Built target py_action_interfaces__rosidl_typesupport_introspection_cpp
[2.998s] [ 70%] Built target py_action_interfaces__rosidl_typesupport_fastrtps_cpp
[3.069s] [ 70%] Built target py_action_interfaces__rosidl_typesupport_fastrtps_c
[3.079s] [ 70%] Built target py_action_interfaces
[3.091s] [ 74%] [34m[1mGenerating Python code for ROS interfaces[0m
[3.427s] [ 74%] Built target py_action_interfaces__py
[3.438s] [ 77%] [32mBuilding C object CMakeFiles/py_action_interfaces__rosidl_generator_py.dir/rosidl_generator_py/py_action_interfaces/action/_fibonacci_s.c.o[0m
[3.551s] [ 80%] [32m[1mLinking C shared library rosidl_generator_py/py_action_interfaces/libpy_action_interfaces__rosidl_generator_py.so[0m
[3.672s] [ 80%] Built target py_action_interfaces__rosidl_generator_py
[3.683s] [ 83%] [32mBuilding C object CMakeFiles/py_action_interfaces__rosidl_typesupport_introspection_c__pyext.dir/rosidl_generator_py/py_action_interfaces/_py_action_interfaces_s.ep.rosidl_typesupport_introspection_c.c.o[0m
[3.684s] [ 87%] [32mBuilding C object CMakeFiles/py_action_interfaces__rosidl_typesupport_c__pyext.dir/rosidl_generator_py/py_action_interfaces/_py_action_interfaces_s.ep.rosidl_typesupport_c.c.o[0m
[3.684s] [ 90%] [32mBuilding C object CMakeFiles/py_action_interfaces__rosidl_typesupport_fastrtps_c__pyext.dir/rosidl_generator_py/py_action_interfaces/_py_action_interfaces_s.ep.rosidl_typesupport_fastrtps_c.c.o[0m
[3.745s] [ 96%] [32m[1mLinking C shared library rosidl_generator_py/py_action_interfaces/py_action_interfaces_s__rosidl_typesupport_c.cpython-310-x86_64-linux-gnu.so[0m
[3.745s] [ 96%] [32m[1mLinking C shared library rosidl_generator_py/py_action_interfaces/py_action_interfaces_s__rosidl_typesupport_introspection_c.cpython-310-x86_64-linux-gnu.so[0m
[3.758s] [100%] [32m[1mLinking C shared library rosidl_generator_py/py_action_interfaces/py_action_interfaces_s__rosidl_typesupport_fastrtps_c.cpython-310-x86_64-linux-gnu.so[0m
[3.862s] [100%] Built target py_action_interfaces__rosidl_typesupport_introspection_c__pyext
[3.869s] [100%] Built target py_action_interfaces__rosidl_typesupport_c__pyext
[3.939s] [100%] Built target py_action_interfaces__rosidl_typesupport_fastrtps_c__pyext
[3.946s] Invoked command in '/home/reddy/ros2_ws/build/py_action_interfaces' returned '0': CMAKE_PREFIX_PATH=${CMAKE_PREFIX_PATH}:/home/reddy/ros2_ws/install/py_service:/home/reddy/ros2_ws/install/py_clint:/home/reddy/ros2_ws/install/launch_testing_examples:/home/reddy/ros2_ws/install/examples_rclpy_pointcloud_publisher:/home/reddy/ros2_ws/install/examples_rclpy_minimal_subscriber:/home/reddy/ros2_ws/install/examples_rclpy_minimal_service:/home/reddy/ros2_ws/install/examples_rclpy_minimal_publisher:/home/reddy/ros2_ws/install/examples_rclpy_minimal_client:/home/reddy/ros2_ws/install/examples_rclpy_minimal_action_server:/home/reddy/ros2_ws/install/examples_rclpy_minimal_action_client:/home/reddy/ros2_ws/install/examples_rclpy_guard_conditions:/home/reddy/ros2_ws/install/examples_rclpy_executors:/home/reddy/ros2_ws/install/py_action:/home/reddy/ros2_ws/install/py_srvcli:/home/reddy/ros2_ws/install/py_pubsub:/home/reddy/ros2_ws/install/py_params:/opt/ros/humble /usr/bin/cmake --build /home/reddy/ros2_ws/build/py_action_interfaces -- -j32 -l32
[3.951s] Invoking command in '/home/reddy/ros2_ws/build/py_action_interfaces': CMAKE_PREFIX_PATH=${CMAKE_PREFIX_PATH}:/home/reddy/ros2_ws/install/py_service:/home/reddy/ros2_ws/install/py_clint:/home/reddy/ros2_ws/install/launch_testing_examples:/home/reddy/ros2_ws/install/examples_rclpy_pointcloud_publisher:/home/reddy/ros2_ws/install/examples_rclpy_minimal_subscriber:/home/reddy/ros2_ws/install/examples_rclpy_minimal_service:/home/reddy/ros2_ws/install/examples_rclpy_minimal_publisher:/home/reddy/ros2_ws/install/examples_rclpy_minimal_client:/home/reddy/ros2_ws/install/examples_rclpy_minimal_action_server:/home/reddy/ros2_ws/install/examples_rclpy_minimal_action_client:/home/reddy/ros2_ws/install/examples_rclpy_guard_conditions:/home/reddy/ros2_ws/install/examples_rclpy_executors:/home/reddy/ros2_ws/install/py_action:/home/reddy/ros2_ws/install/py_srvcli:/home/reddy/ros2_ws/install/py_pubsub:/home/reddy/ros2_ws/install/py_params:/opt/ros/humble /usr/bin/cmake --install /home/reddy/ros2_ws/build/py_action_interfaces
[3.956s] -- Install configuration: ""
[3.957s] -- Installing: /home/reddy/ros2_ws/install/py_action_interfaces/share/ament_index/resource_index/rosidl_interfaces/py_action_interfaces
[3.957s] -- Installing: /home/reddy/ros2_ws/install/py_action_interfaces/include/py_action_interfaces/py_action_interfaces
[3.957s] -- Installing: /home/reddy/ros2_ws/install/py_action_interfaces/include/py_action_interfaces/py_action_interfaces/msg
[3.957s] -- Installing: /home/reddy/ros2_ws/install/py_action_interfaces/include/py_action_interfaces/py_action_interfaces/msg/rosidl_generator_c__visibility_control.h
[3.957s] -- Installing: /home/reddy/ros2_ws/install/py_action_interfaces/include/py_action_interfaces/py_action_interfaces/action
[3.958s] -- Installing: /home/reddy/ros2_ws/install/py_action_interfaces/include/py_action_interfaces/py_action_interfaces/action/fibonacci.h
[3.958s] -- Installing: /home/reddy/ros2_ws/install/py_action_interfaces/include/py_action_interfaces/py_action_interfaces/action/detail
[3.958s] -- Installing: /home/reddy/ros2_ws/install/py_action_interfaces/include/py_action_interfaces/py_action_interfaces/action/detail/fibonacci__functions.h
[3.958s] -- Installing: /home/reddy/ros2_ws/install/py_action_interfaces/include/py_action_interfaces/py_action_interfaces/action/detail/fibonacci__functions.c
[3.958s] -- Installing: /home/reddy/ros2_ws/install/py_action_interfaces/include/py_action_interfaces/py_action_interfaces/action/detail/fibonacci__struct.h
[3.958s] -- Installing: /home/reddy/ros2_ws/install/py_action_interfaces/include/py_action_interfaces/py_action_interfaces/action/detail/fibonacci__type_support.h
[3.958s] -- Installing: /home/reddy/ros2_ws/install/py_action_interfaces/share/py_action_interfaces/environment/library_path.sh
[3.958s] -- Installing: /home/reddy/ros2_ws/install/py_action_interfaces/share/py_action_interfaces/environment/library_path.dsv
[3.958s] -- Installing: /home/reddy/ros2_ws/install/py_action_interfaces/lib/libpy_action_interfaces__rosidl_generator_c.so
[3.959s] -- Set runtime path of "/home/reddy/ros2_ws/install/py_action_interfaces/lib/libpy_action_interfaces__rosidl_generator_c.so" to ""
[3.959s] -- Up-to-date: /home/reddy/ros2_ws/install/py_action_interfaces/include/py_action_interfaces/py_action_interfaces
[3.959s] -- Up-to-date: /home/reddy/ros2_ws/install/py_action_interfaces/include/py_action_interfaces/py_action_interfaces/msg
[3.959s] -- Installing: /home/reddy/ros2_ws/install/py_action_interfaces/include/py_action_interfaces/py_action_interfaces/msg/rosidl_typesupport_fastrtps_c__visibility_control.h
[3.959s] -- Up-to-date: /home/reddy/ros2_ws/install/py_action_interfaces/include/py_action_interfaces/py_action_interfaces/action
[3.959s] -- Up-to-date: /home/reddy/ros2_ws/install/py_action_interfaces/include/py_action_interfaces/py_action_interfaces/action/detail
[3.959s] -- Installing: /home/reddy/ros2_ws/install/py_action_interfaces/include/py_action_interfaces/py_action_interfaces/action/detail/fibonacci__rosidl_typesupport_fastrtps_c.h
[3.959s] -- Installing: /home/reddy/ros2_ws/install/py_action_interfaces/lib/libpy_action_interfaces__rosidl_typesupport_fastrtps_c.so
[3.959s] -- Set runtime path of "/home/reddy/ros2_ws/install/py_action_interfaces/lib/libpy_action_interfaces__rosidl_typesupport_fastrtps_c.so" to ""
[3.959s] -- Up-to-date: /home/reddy/ros2_ws/install/py_action_interfaces/include/py_action_interfaces/py_action_interfaces
[3.959s] -- Up-to-date: /home/reddy/ros2_ws/install/py_action_interfaces/include/py_action_interfaces/py_action_interfaces/msg
[3.959s] -- Installing: /home/reddy/ros2_ws/install/py_action_interfaces/include/py_action_interfaces/py_action_interfaces/msg/rosidl_typesupport_introspection_c__visibility_control.h
[3.959s] -- Up-to-date: /home/reddy/ros2_ws/install/py_action_interfaces/include/py_action_interfaces/py_action_interfaces/action
[3.959s] -- Up-to-date: /home/reddy/ros2_ws/install/py_action_interfaces/include/py_action_interfaces/py_action_interfaces/action/detail
[3.959s] -- Installing: /home/reddy/ros2_ws/install/py_action_interfaces/include/py_action_interfaces/py_action_interfaces/action/detail/fibonacci__rosidl_typesupport_introspection_c.h
[3.960s] -- Installing: /home/reddy/ros2_ws/install/py_action_interfaces/include/py_action_interfaces/py_action_interfaces/action/detail/fibonacci__type_support.c
[3.960s] -- Installing: /home/reddy/ros2_ws/install/py_action_interfaces/lib/libpy_action_interfaces__rosidl_typesupport_introspection_c.so
[3.960s] -- Set runtime path of "/home/reddy/ros2_ws/install/py_action_interfaces/lib/libpy_action_interfaces__rosidl_typesupport_introspection_c.so" to ""
[3.960s] -- Installing: /home/reddy/ros2_ws/install/py_action_interfaces/lib/libpy_action_interfaces__rosidl_typesupport_c.so
[3.960s] -- Set runtime path of "/home/reddy/ros2_ws/install/py_action_interfaces/lib/libpy_action_interfaces__rosidl_typesupport_c.so" to ""
[3.960s] -- Up-to-date: /home/reddy/ros2_ws/install/py_action_interfaces/include/py_action_interfaces/py_action_interfaces
[3.960s] -- Up-to-date: /home/reddy/ros2_ws/install/py_action_interfaces/include/py_action_interfaces/py_action_interfaces/msg
[3.960s] -- Installing: /home/reddy/ros2_ws/install/py_action_interfaces/include/py_action_interfaces/py_action_interfaces/msg/rosidl_generator_cpp__visibility_control.hpp
[3.960s] -- Up-to-date: /home/reddy/ros2_ws/install/py_action_interfaces/include/py_action_interfaces/py_action_interfaces/action
[3.960s] -- Installing: /home/reddy/ros2_ws/install/py_action_interfaces/include/py_action_interfaces/py_action_interfaces/action/fibonacci.hpp
[3.960s] -- Up-to-date: /home/reddy/ros2_ws/install/py_action_interfaces/include/py_action_interfaces/py_action_interfaces/action/detail
[3.960s] -- Installing: /home/reddy/ros2_ws/install/py_action_interfaces/include/py_action_interfaces/py_action_interfaces/action/detail/fibonacci__traits.hpp
[3.961s] -- Installing: /home/reddy/ros2_ws/install/py_action_interfaces/include/py_action_interfaces/py_action_interfaces/action/detail/fibonacci__type_support.hpp
[3.961s] -- Installing: /home/reddy/ros2_ws/install/py_action_interfaces/include/py_action_interfaces/py_action_interfaces/action/detail/fibonacci__struct.hpp
[3.961s] -- Installing: /home/reddy/ros2_ws/install/py_action_interfaces/include/py_action_interfaces/py_action_interfaces/action/detail/fibonacci__builder.hpp
[3.961s] -- Up-to-date: /home/reddy/ros2_ws/install/py_action_interfaces/include/py_action_interfaces/py_action_interfaces
[3.961s] -- Up-to-date: /home/reddy/ros2_ws/install/py_action_interfaces/include/py_action_interfaces/py_action_interfaces/msg
[3.961s] -- Installing: /home/reddy/ros2_ws/install/py_action_interfaces/include/py_action_interfaces/py_action_interfaces/msg/rosidl_typesupport_fastrtps_cpp__visibility_control.h
[3.961s] -- Up-to-date: /home/reddy/ros2_ws/install/py_action_interfaces/include/py_action_interfaces/py_action_interfaces/action
[3.961s] -- Up-to-date: /home/reddy/ros2_ws/install/py_action_interfaces/include/py_action_interfaces/py_action_interfaces/action/detail
[3.961s] -- Installing: /home/reddy/ros2_ws/install/py_action_interfaces/include/py_action_interfaces/py_action_interfaces/action/detail/fibonacci__rosidl_typesupport_fastrtps_cpp.hpp
[3.961s] -- Installing: /home/reddy/ros2_ws/install/py_action_interfaces/include/py_action_interfaces/py_action_interfaces/action/detail/dds_fastrtps
[3.961s] -- Installing: /home/reddy/ros2_ws/install/py_action_interfaces/lib/libpy_action_interfaces__rosidl_typesupport_fastrtps_cpp.so
[3.961s] -- Set runtime path of "/home/reddy/ros2_ws/install/py_action_interfaces/lib/libpy_action_interfaces__rosidl_typesupport_fastrtps_cpp.so" to ""
[3.961s] -- Up-to-date: /home/reddy/ros2_ws/install/py_action_interfaces/include/py_action_interfaces/py_action_interfaces
[3.961s] -- Up-to-date: /home/reddy/ros2_ws/install/py_action_interfaces/include/py_action_interfaces/py_action_interfaces/action
[3.961s] -- Up-to-date: /home/reddy/ros2_ws/install/py_action_interfaces/include/py_action_interfaces/py_action_interfaces/action/detail
[3.961s] -- Installing: /home/reddy/ros2_ws/install/py_action_interfaces/include/py_action_interfaces/py_action_interfaces/action/detail/fibonacci__type_support.cpp
[3.961s] -- Installing: /home/reddy/ros2_ws/install/py_action_interfaces/include/py_action_interfaces/py_action_interfaces/action/detail/fibonacci__rosidl_typesupport_introspection_cpp.hpp
[3.962s] -- Installing: /home/reddy/ros2_ws/install/py_action_interfaces/lib/libpy_action_interfaces__rosidl_typesupport_introspection_cpp.so
[3.962s] -- Set runtime path of "/home/reddy/ros2_ws/install/py_action_interfaces/lib/libpy_action_interfaces__rosidl_typesupport_introspection_cpp.so" to ""
[3.962s] -- Installing: /home/reddy/ros2_ws/install/py_action_interfaces/lib/libpy_action_interfaces__rosidl_typesupport_cpp.so
[3.962s] -- Set runtime path of "/home/reddy/ros2_ws/install/py_action_interfaces/lib/libpy_action_interfaces__rosidl_typesupport_cpp.so" to ""
[3.962s] -- Installing: /home/reddy/ros2_ws/install/py_action_interfaces/share/py_action_interfaces/environment/pythonpath.sh
[3.962s] -- Installing: /home/reddy/ros2_ws/install/py_action_interfaces/share/py_action_interfaces/environment/pythonpath.dsv
[3.962s] -- Installing: /home/reddy/ros2_ws/install/py_action_interfaces/local/lib/python3.10/dist-packages/py_action_interfaces-0.0.0-py3.10.egg-info
[3.963s] -- Installing: /home/reddy/ros2_ws/install/py_action_interfaces/local/lib/python3.10/dist-packages/py_action_interfaces-0.0.0-py3.10.egg-info/SOURCES.txt
[3.963s] -- Installing: /home/reddy/ros2_ws/install/py_action_interfaces/local/lib/python3.10/dist-packages/py_action_interfaces-0.0.0-py3.10.egg-info/PKG-INFO
[3.963s] -- Installing: /home/reddy/ros2_ws/install/py_action_interfaces/local/lib/python3.10/dist-packages/py_action_interfaces-0.0.0-py3.10.egg-info/dependency_links.txt
[3.963s] -- Installing: /home/reddy/ros2_ws/install/py_action_interfaces/local/lib/python3.10/dist-packages/py_action_interfaces-0.0.0-py3.10.egg-info/top_level.txt
[3.963s] -- Installing: /home/reddy/ros2_ws/install/py_action_interfaces/local/lib/python3.10/dist-packages/py_action_interfaces
[3.963s] -- Installing: /home/reddy/ros2_ws/install/py_action_interfaces/local/lib/python3.10/dist-packages/py_action_interfaces/py_action_interfaces_s__rosidl_typesupport_introspection_c.cpython-310-x86_64-linux-gnu.so
[3.963s] -- Installing: /home/reddy/ros2_ws/install/py_action_interfaces/local/lib/python3.10/dist-packages/py_action_interfaces/libpy_action_interfaces__rosidl_generator_py.so
[3.963s] -- Installing: /home/reddy/ros2_ws/install/py_action_interfaces/local/lib/python3.10/dist-packages/py_action_interfaces/_py_action_interfaces_s.ep.rosidl_typesupport_c.c
[3.963s] -- Installing: /home/reddy/ros2_ws/install/py_action_interfaces/local/lib/python3.10/dist-packages/py_action_interfaces/action
[3.963s] -- Installing: /home/reddy/ros2_ws/install/py_action_interfaces/local/lib/python3.10/dist-packages/py_action_interfaces/action/_fibonacci.py
[3.963s] -- Installing: /home/reddy/ros2_ws/install/py_action_interfaces/local/lib/python3.10/dist-packages/py_action_interfaces/action/__init__.py
[3.964s] -- Installing: /home/reddy/ros2_ws/install/py_action_interfaces/local/lib/python3.10/dist-packages/py_action_interfaces/action/_fibonacci_s.c
[3.964s] -- Installing: /home/reddy/ros2_ws/install/py_action_interfaces/local/lib/python3.10/dist-packages/py_action_interfaces/_py_action_interfaces_s.ep.rosidl_typesupport_fastrtps_c.c
[3.964s] -- Installing: /home/reddy/ros2_ws/install/py_action_interfaces/local/lib/python3.10/dist-packages/py_action_interfaces/__init__.py
[3.964s] -- Installing: /home/reddy/ros2_ws/install/py_action_interfaces/local/lib/python3.10/dist-packages/py_action_interfaces/py_action_interfaces_s__rosidl_typesupport_fastrtps_c.cpython-310-x86_64-linux-gnu.so
[3.964s] -- Installing: /home/reddy/ros2_ws/install/py_action_interfaces/local/lib/python3.10/dist-packages/py_action_interfaces/py_action_interfaces_s__rosidl_typesupport_c.cpython-310-x86_64-linux-gnu.so
[3.964s] -- Installing: /home/reddy/ros2_ws/install/py_action_interfaces/local/lib/python3.10/dist-packages/py_action_interfaces/_py_action_interfaces_s.ep.rosidl_typesupport_introspection_c.c
[3.994s] Listing '/home/reddy/ros2_ws/install/py_action_interfaces/local/lib/python3.10/dist-packages/py_action_interfaces'...
[3.994s] Compiling '/home/reddy/ros2_ws/install/py_action_interfaces/local/lib/python3.10/dist-packages/py_action_interfaces/__init__.py'...
[3.994s] Listing '/home/reddy/ros2_ws/install/py_action_interfaces/local/lib/python3.10/dist-packages/py_action_interfaces/action'...
[3.994s] Compiling '/home/reddy/ros2_ws/install/py_action_interfaces/local/lib/python3.10/dist-packages/py_action_interfaces/action/__init__.py'...
[3.994s] Compiling '/home/reddy/ros2_ws/install/py_action_interfaces/local/lib/python3.10/dist-packages/py_action_interfaces/action/_fibonacci.py'...
[3.997s] -- Installing: /home/reddy/ros2_ws/install/py_action_interfaces/local/lib/python3.10/dist-packages/py_action_interfaces/py_action_interfaces_s__rosidl_typesupport_fastrtps_c.cpython-310-x86_64-linux-gnu.so
[3.997s] -- Set runtime path of "/home/reddy/ros2_ws/install/py_action_interfaces/local/lib/python3.10/dist-packages/py_action_interfaces/py_action_interfaces_s__rosidl_typesupport_fastrtps_c.cpython-310-x86_64-linux-gnu.so" to ""
[3.997s] -- Installing: /home/reddy/ros2_ws/install/py_action_interfaces/local/lib/python3.10/dist-packages/py_action_interfaces/py_action_interfaces_s__rosidl_typesupport_introspection_c.cpython-310-x86_64-linux-gnu.so
[3.998s] -- Set runtime path of "/home/reddy/ros2_ws/install/py_action_interfaces/local/lib/python3.10/dist-packages/py_action_interfaces/py_action_interfaces_s__rosidl_typesupport_introspection_c.cpython-310-x86_64-linux-gnu.so" to ""
[3.998s] -- Installing: /home/reddy/ros2_ws/install/py_action_interfaces/local/lib/python3.10/dist-packages/py_action_interfaces/py_action_interfaces_s__rosidl_typesupport_c.cpython-310-x86_64-linux-gnu.so
[3.998s] -- Set runtime path of "/home/reddy/ros2_ws/install/py_action_interfaces/local/lib/python3.10/dist-packages/py_action_interfaces/py_action_interfaces_s__rosidl_typesupport_c.cpython-310-x86_64-linux-gnu.so" to ""
[3.998s] -- Installing: /home/reddy/ros2_ws/install/py_action_interfaces/lib/libpy_action_interfaces__rosidl_generator_py.so
[3.998s] -- Set runtime path of "/home/reddy/ros2_ws/install/py_action_interfaces/lib/libpy_action_interfaces__rosidl_generator_py.so" to ""
[3.998s] -- Installing: /home/reddy/ros2_ws/install/py_action_interfaces/share/py_action_interfaces/action/Fibonacci.idl
[3.998s] -- Installing: /home/reddy/ros2_ws/install/py_action_interfaces/share/py_action_interfaces/action/Fibonacci.action
[3.998s] -- Installing: /home/reddy/ros2_ws/install/py_action_interfaces/share/ament_index/resource_index/package_run_dependencies/py_action_interfaces
[3.998s] -- Installing: /home/reddy/ros2_ws/install/py_action_interfaces/share/ament_index/resource_index/parent_prefix_path/py_action_interfaces
[3.999s] -- Installing: /home/reddy/ros2_ws/install/py_action_interfaces/share/py_action_interfaces/environment/ament_prefix_path.sh
[3.999s] -- Installing: /home/reddy/ros2_ws/install/py_action_interfaces/share/py_action_interfaces/environment/ament_prefix_path.dsv
[3.999s] -- Installing: /home/reddy/ros2_ws/install/py_action_interfaces/share/py_action_interfaces/environment/path.sh
[3.999s] -- Installing: /home/reddy/ros2_ws/install/py_action_interfaces/share/py_action_interfaces/environment/path.dsv
[3.999s] -- Installing: /home/reddy/ros2_ws/install/py_action_interfaces/share/py_action_interfaces/local_setup.bash
[3.999s] -- Installing: /home/reddy/ros2_ws/install/py_action_interfaces/share/py_action_interfaces/local_setup.sh
[3.999s] -- Installing: /home/reddy/ros2_ws/install/py_action_interfaces/share/py_action_interfaces/local_setup.zsh
[3.999s] -- Installing: /home/reddy/ros2_ws/install/py_action_interfaces/share/py_action_interfaces/local_setup.dsv
[3.999s] -- Installing: /home/reddy/ros2_ws/install/py_action_interfaces/share/py_action_interfaces/package.dsv
[3.999s] -- Installing: /home/reddy/ros2_ws/install/py_action_interfaces/share/ament_index/resource_index/packages/py_action_interfaces
[3.999s] -- Installing: /home/reddy/ros2_ws/install/py_action_interfaces/share/py_action_interfaces/cmake/export_py_action_interfaces__rosidl_generator_cExport.cmake
[4.000s] -- Installing: /home/reddy/ros2_ws/install/py_action_interfaces/share/py_action_interfaces/cmake/export_py_action_interfaces__rosidl_generator_cExport-noconfig.cmake
[4.000s] -- Installing: /home/reddy/ros2_ws/install/py_action_interfaces/share/py_action_interfaces/cmake/export_py_action_interfaces__rosidl_typesupport_fastrtps_cExport.cmake
[4.000s] -- Installing: /home/reddy/ros2_ws/install/py_action_interfaces/share/py_action_interfaces/cmake/export_py_action_interfaces__rosidl_typesupport_fastrtps_cExport-noconfig.cmake
[4.000s] -- Installing: /home/reddy/ros2_ws/install/py_action_interfaces/share/py_action_interfaces/cmake/py_action_interfaces__rosidl_typesupport_introspection_cExport.cmake
[4.000s] -- Installing: /home/reddy/ros2_ws/install/py_action_interfaces/share/py_action_interfaces/cmake/py_action_interfaces__rosidl_typesupport_introspection_cExport-noconfig.cmake
[4.000s] -- Installing: /home/reddy/ros2_ws/install/py_action_interfaces/share/py_action_interfaces/cmake/py_action_interfaces__rosidl_typesupport_cExport.cmake
[4.000s] -- Installing: /home/reddy/ros2_ws/install/py_action_interfaces/share/py_action_interfaces/cmake/py_action_interfaces__rosidl_typesupport_cExport-noconfig.cmake
[4.000s] -- Installing: /home/reddy/ros2_ws/install/py_action_interfaces/share/py_action_interfaces/cmake/export_py_action_interfaces__rosidl_generator_cppExport.cmake
[4.000s] -- Installing: /home/reddy/ros2_ws/install/py_action_interfaces/share/py_action_interfaces/cmake/export_py_action_interfaces__rosidl_typesupport_fastrtps_cppExport.cmake
[4.000s] -- Installing: /home/reddy/ros2_ws/install/py_action_interfaces/share/py_action_interfaces/cmake/export_py_action_interfaces__rosidl_typesupport_fastrtps_cppExport-noconfig.cmake
[4.000s] -- Installing: /home/reddy/ros2_ws/install/py_action_interfaces/share/py_action_interfaces/cmake/py_action_interfaces__rosidl_typesupport_introspection_cppExport.cmake
[4.000s] -- Installing: /home/reddy/ros2_ws/install/py_action_interfaces/share/py_action_interfaces/cmake/py_action_interfaces__rosidl_typesupport_introspection_cppExport-noconfig.cmake
[4.001s] -- Installing: /home/reddy/ros2_ws/install/py_action_interfaces/share/py_action_interfaces/cmake/py_action_interfaces__rosidl_typesupport_cppExport.cmake
[4.001s] -- Installing: /home/reddy/ros2_ws/install/py_action_interfaces/share/py_action_interfaces/cmake/py_action_interfaces__rosidl_typesupport_cppExport-noconfig.cmake
[4.001s] -- Installing: /home/reddy/ros2_ws/install/py_action_interfaces/share/py_action_interfaces/cmake/export_py_action_interfaces__rosidl_generator_pyExport.cmake
[4.001s] -- Installing: /home/reddy/ros2_ws/install/py_action_interfaces/share/py_action_interfaces/cmake/export_py_action_interfaces__rosidl_generator_pyExport-noconfig.cmake
[4.001s] -- Installing: /home/reddy/ros2_ws/install/py_action_interfaces/share/py_action_interfaces/cmake/rosidl_cmake-extras.cmake
[4.001s] -- Installing: /home/reddy/ros2_ws/install/py_action_interfaces/share/py_action_interfaces/cmake/ament_cmake_export_dependencies-extras.cmake
[4.001s] -- Installing: /home/reddy/ros2_ws/install/py_action_interfaces/share/py_action_interfaces/cmake/ament_cmake_export_include_directories-extras.cmake
[4.001s] -- Installing: /home/reddy/ros2_ws/install/py_action_interfaces/share/py_action_interfaces/cmake/ament_cmake_export_libraries-extras.cmake
[4.001s] -- Installing: /home/reddy/ros2_ws/install/py_action_interfaces/share/py_action_interfaces/cmake/ament_cmake_export_targets-extras.cmake
[4.001s] -- Installing: /home/reddy/ros2_ws/install/py_action_interfaces/share/py_action_interfaces/cmake/rosidl_cmake_export_typesupport_targets-extras.cmake
[4.001s] -- Installing: /home/reddy/ros2_ws/install/py_action_interfaces/share/py_action_interfaces/cmake/rosidl_cmake_export_typesupport_libraries-extras.cmake
[4.001s] -- Installing: /home/reddy/ros2_ws/install/py_action_interfaces/share/py_action_interfaces/cmake/py_action_interfacesConfig.cmake
[4.001s] -- Installing: /home/reddy/ros2_ws/install/py_action_interfaces/share/py_action_interfaces/cmake/py_action_interfacesConfig-version.cmake
[4.001s] -- Installing: /home/reddy/ros2_ws/install/py_action_interfaces/share/py_action_interfaces/package.xml
[4.003s] Invoked command in '/home/reddy/ros2_ws/build/py_action_interfaces' returned '0': CMAKE_PREFIX_PATH=${CMAKE_PREFIX_PATH}:/home/reddy/ros2_ws/install/py_service:/home/reddy/ros2_ws/install/py_clint:/home/reddy/ros2_ws/install/launch_testing_examples:/home/reddy/ros2_ws/install/examples_rclpy_pointcloud_publisher:/home/reddy/ros2_ws/install/examples_rclpy_minimal_subscriber:/home/reddy/ros2_ws/install/examples_rclpy_minimal_service:/home/reddy/ros2_ws/install/examples_rclpy_minimal_publisher:/home/reddy/ros2_ws/install/examples_rclpy_minimal_client:/home/reddy/ros2_ws/install/examples_rclpy_minimal_action_server:/home/reddy/ros2_ws/install/examples_rclpy_minimal_action_client:/home/reddy/ros2_ws/install/examples_rclpy_guard_conditions:/home/reddy/ros2_ws/install/examples_rclpy_executors:/home/reddy/ros2_ws/install/py_action:/home/reddy/ros2_ws/install/py_srvcli:/home/reddy/ros2_ws/install/py_pubsub:/home/reddy/ros2_ws/install/py_params:/opt/ros/humble /usr/bin/cmake --install /home/reddy/ros2_ws/build/py_action_interfaces
