[0.081s] Invoking command in '/home/reddy/ros2_ws/build/examples_rclcpp_minimal_publisher': CMAKE_PREFIX_PATH=${CMAKE_PREFIX_PATH}:/home/reddy/ros2_ws/install/py_service:/home/reddy/ros2_ws/install/py_clint:/home/reddy/ros2_ws/install/launch_testing_examples:/home/reddy/ros2_ws/install/examples_rclpy_pointcloud_publisher:/home/reddy/ros2_ws/install/examples_rclpy_minimal_subscriber:/home/reddy/ros2_ws/install/examples_rclpy_minimal_service:/home/reddy/ros2_ws/install/examples_rclpy_minimal_publisher:/home/reddy/ros2_ws/install/examples_rclpy_minimal_client:/home/reddy/ros2_ws/install/examples_rclpy_minimal_action_server:/home/reddy/ros2_ws/install/examples_rclpy_minimal_action_client:/home/reddy/ros2_ws/install/examples_rclpy_guard_conditions:/home/reddy/ros2_ws/install/examples_rclpy_executors:/home/reddy/ros2_ws/install/py_action:/home/reddy/ros2_ws/install/py_srvcli:/home/reddy/ros2_ws/install/py_pubsub:/home/reddy/ros2_ws/install/py_params:/opt/ros/humble /usr/bin/cmake /home/reddy/ros2_ws/src/examples/rclcpp/topics/minimal_publisher -DCMAKE_INSTALL_PREFIX=/home/reddy/ros2_ws/install/examples_rclcpp_minimal_publisher
[2.435s] -- The C compiler identification is GNU 11.4.0
[2.435s] -- The CXX compiler identification is GNU 11.4.0
[2.435s] -- Detecting C compiler ABI info
[2.435s] -- Detecting C compiler ABI info - done
[2.435s] -- Check for working C compiler: /usr/bin/cc - skipped
[2.435s] -- Detecting C compile features
[2.435s] -- Detecting C compile features - done
[2.435s] -- Detecting CXX compiler ABI info
[2.436s] -- Detecting CXX compiler ABI info - done
[2.436s] -- Check for working CXX compiler: /usr/bin/c++ - skipped
[2.436s] -- Detecting CXX compile features
[2.436s] -- Detecting CXX compile features - done
[2.436s] -- Found ament_cmake: 1.3.11 (/opt/ros/humble/share/ament_cmake/cmake)
[2.436s] -- Found Python3: /usr/bin/python3 (found version "3.10.12") found components: Interpreter 
[2.436s] -- Found rclcpp: 16.0.12 (/opt/ros/humble/share/rclcpp/cmake)
[2.436s] -- Found rosidl_generator_c: 3.1.6 (/opt/ros/humble/share/rosidl_generator_c/cmake)
[2.436s] -- Found rosidl_adapter: 3.1.6 (/opt/ros/humble/share/rosidl_adapter/cmake)
[2.436s] -- Found rosidl_generator_cpp: 3.1.6 (/opt/ros/humble/share/rosidl_generator_cpp/cmake)
[2.436s] -- Using all available rosidl_typesupport_c: rosidl_typesupport_fastrtps_c;rosidl_typesupport_introspection_c
[2.437s] -- Using all available rosidl_typesupport_cpp: rosidl_typesupport_fastrtps_cpp;rosidl_typesupport_introspection_cpp
[2.437s] -- Found rmw_implementation_cmake: 6.1.2 (/opt/ros/humble/share/rmw_implementation_cmake/cmake)
[2.437s] -- Found rmw_fastrtps_cpp: 6.2.7 (/opt/ros/humble/share/rmw_fastrtps_cpp/cmake)
[2.664s] -- Found OpenSSL: /usr/lib/x86_64-linux-gnu/libcrypto.so (found version "3.0.2")  
[3.868s] -- Found FastRTPS: /opt/ros/humble/include  
[6.093s] -- Using RMW implementation 'rmw_fastrtps_cpp' as default
[6.102s] -- Looking for pthread.h
[6.189s] -- Looking for pthread.h - found
[6.189s] -- Performing Test CMAKE_HAVE_LIBC_PTHREAD
[6.277s] -- Performing Test CMAKE_HAVE_LIBC_PTHREAD - Success
[6.279s] -- Found Threads: TRUE  
[6.335s] -- Found ament_lint_auto: 0.12.12 (/opt/ros/humble/share/ament_lint_auto/cmake)
[6.404s] -- Added test 'copyright' to check source files copyright and LICENSE
[6.405s] -- Added test 'cppcheck' to perform static code analysis on C / C++ code
[6.406s] -- Configured cppcheck include dirs: 
[6.406s] -- Configured cppcheck exclude dirs and/or files: 
[6.407s] -- Added test 'cpplint' to check C / C++ code against the Google style
[6.407s] -- Configured cpplint exclude dirs and/or files: 
[6.407s] -- Added test 'lint_cmake' to check CMake code style
[6.408s] -- Added test 'uncrustify' to check C / C++ code style
[6.408s] -- Configured uncrustify additional arguments: 
[6.409s] -- Added test 'xmllint' to check XML markup files
[6.410s] -- Configuring done
[6.428s] -- Generating done
[6.436s] -- Build files have been written to: /home/reddy/ros2_ws/build/examples_rclcpp_minimal_publisher
[6.448s] Invoked command in '/home/reddy/ros2_ws/build/examples_rclcpp_minimal_publisher' returned '0': CMAKE_PREFIX_PATH=${CMAKE_PREFIX_PATH}:/home/reddy/ros2_ws/install/py_service:/home/reddy/ros2_ws/install/py_clint:/home/reddy/ros2_ws/install/launch_testing_examples:/home/reddy/ros2_ws/install/examples_rclpy_pointcloud_publisher:/home/reddy/ros2_ws/install/examples_rclpy_minimal_subscriber:/home/reddy/ros2_ws/install/examples_rclpy_minimal_service:/home/reddy/ros2_ws/install/examples_rclpy_minimal_publisher:/home/reddy/ros2_ws/install/examples_rclpy_minimal_client:/home/reddy/ros2_ws/install/examples_rclpy_minimal_action_server:/home/reddy/ros2_ws/install/examples_rclpy_minimal_action_client:/home/reddy/ros2_ws/install/examples_rclpy_guard_conditions:/home/reddy/ros2_ws/install/examples_rclpy_executors:/home/reddy/ros2_ws/install/py_action:/home/reddy/ros2_ws/install/py_srvcli:/home/reddy/ros2_ws/install/py_pubsub:/home/reddy/ros2_ws/install/py_params:/opt/ros/humble /usr/bin/cmake /home/reddy/ros2_ws/src/examples/rclcpp/topics/minimal_publisher -DCMAKE_INSTALL_PREFIX=/home/reddy/ros2_ws/install/examples_rclcpp_minimal_publisher
[6.449s] Invoking command in '/home/reddy/ros2_ws/build/examples_rclcpp_minimal_publisher': CMAKE_PREFIX_PATH=${CMAKE_PREFIX_PATH}:/home/reddy/ros2_ws/install/py_service:/home/reddy/ros2_ws/install/py_clint:/home/reddy/ros2_ws/install/launch_testing_examples:/home/reddy/ros2_ws/install/examples_rclpy_pointcloud_publisher:/home/reddy/ros2_ws/install/examples_rclpy_minimal_subscriber:/home/reddy/ros2_ws/install/examples_rclpy_minimal_service:/home/reddy/ros2_ws/install/examples_rclpy_minimal_publisher:/home/reddy/ros2_ws/install/examples_rclpy_minimal_client:/home/reddy/ros2_ws/install/examples_rclpy_minimal_action_server:/home/reddy/ros2_ws/install/examples_rclpy_minimal_action_client:/home/reddy/ros2_ws/install/examples_rclpy_guard_conditions:/home/reddy/ros2_ws/install/examples_rclpy_executors:/home/reddy/ros2_ws/install/py_action:/home/reddy/ros2_ws/install/py_srvcli:/home/reddy/ros2_ws/install/py_pubsub:/home/reddy/ros2_ws/install/py_params:/opt/ros/humble /usr/bin/cmake --build /home/reddy/ros2_ws/build/examples_rclcpp_minimal_publisher -- -j32 -l32
[6.475s] gmake[2]: Warning: File 'CMakeFiles/publisher_wait_for_all_acked.dir/flags.make' has modification time 0.53 s in the future
[6.475s] gmake[2]: Warning: File 'CMakeFiles/publisher_lambda.dir/flags.make' has modification time 0.53 s in the future
[6.476s] gmake[2]: Warning: File 'CMakeFiles/publisher_member_function_with_unique_network_flow_endpoints.dir/flags.make' has modification time 0.53 s in the future
[6.478s] gmake[2]: Warning: File 'CMakeFiles/publisher_not_composable.dir/flags.make' has modification time 0.53 s in the future
[6.479s] gmake[2]: Warning: File 'CMakeFiles/publisher_member_function_with_type_adapter.dir/flags.make' has modification time 0.53 s in the future
[6.480s] gmake[2]: Warning: File 'CMakeFiles/publisher_member_function.dir/flags.make' has modification time 0.52 s in the future
[6.482s] [  8%] [32mBuilding CXX object CMakeFiles/publisher_wait_for_all_acked.dir/member_function_with_wait_for_all_acked.cpp.o[0m
[6.484s] [ 16%] [32mBuilding CXX object CMakeFiles/publisher_lambda.dir/lambda.cpp.o[0m
[6.484s] [ 25%] [32mBuilding CXX object CMakeFiles/publisher_not_composable.dir/not_composable.cpp.o[0m
[6.484s] [ 33%] [32mBuilding CXX object CMakeFiles/publisher_member_function_with_unique_network_flow_endpoints.dir/member_function_with_unique_network_flow_endpoints.cpp.o[0m
[6.484s] [ 41%] [32mBuilding CXX object CMakeFiles/publisher_member_function_with_type_adapter.dir/member_function_with_type_adapter.cpp.o[0m
[6.488s] [ 50%] [32mBuilding CXX object CMakeFiles/publisher_member_function.dir/member_function.cpp.o[0m
[13.225s] [ 58%] [32m[1mLinking CXX executable publisher_member_function[0m
[13.503s] [ 66%] [32m[1mLinking CXX executable publisher_lambda[0m
[13.842s] gmake[2]: warning:  Clock skew detected.  Your build may be incomplete.
[13.871s] [ 66%] Built target publisher_member_function
[13.946s] [ 75%] [32m[1mLinking CXX executable publisher_not_composable[0m
[14.376s] gmake[2]: warning:  Clock skew detected.  Your build may be incomplete.
[14.389s] [ 83%] [32m[1mLinking CXX executable publisher_wait_for_all_acked[0m
[14.402s] [ 83%] Built target publisher_lambda
[14.518s] [ 91%] [32m[1mLinking CXX executable publisher_member_function_with_type_adapter[0m
[14.580s] gmake[2]: warning:  Clock skew detected.  Your build may be incomplete.
[14.584s] [100%] [32m[1mLinking CXX executable publisher_member_function_with_unique_network_flow_endpoints[0m
[14.604s] [100%] Built target publisher_not_composable
[15.016s] gmake[2]: warning:  Clock skew detected.  Your build may be incomplete.
[15.025s] gmake[2]: warning:  Clock skew detected.  Your build may be incomplete.
[15.050s] [100%] Built target publisher_wait_for_all_acked
[15.050s] [100%] Built target publisher_member_function_with_unique_network_flow_endpoints
[15.281s] gmake[2]: warning:  Clock skew detected.  Your build may be incomplete.
[15.296s] [100%] Built target publisher_member_function_with_type_adapter
[15.320s] Invoked command in '/home/reddy/ros2_ws/build/examples_rclcpp_minimal_publisher' returned '0': CMAKE_PREFIX_PATH=${CMAKE_PREFIX_PATH}:/home/reddy/ros2_ws/install/py_service:/home/reddy/ros2_ws/install/py_clint:/home/reddy/ros2_ws/install/launch_testing_examples:/home/reddy/ros2_ws/install/examples_rclpy_pointcloud_publisher:/home/reddy/ros2_ws/install/examples_rclpy_minimal_subscriber:/home/reddy/ros2_ws/install/examples_rclpy_minimal_service:/home/reddy/ros2_ws/install/examples_rclpy_minimal_publisher:/home/reddy/ros2_ws/install/examples_rclpy_minimal_client:/home/reddy/ros2_ws/install/examples_rclpy_minimal_action_server:/home/reddy/ros2_ws/install/examples_rclpy_minimal_action_client:/home/reddy/ros2_ws/install/examples_rclpy_guard_conditions:/home/reddy/ros2_ws/install/examples_rclpy_executors:/home/reddy/ros2_ws/install/py_action:/home/reddy/ros2_ws/install/py_srvcli:/home/reddy/ros2_ws/install/py_pubsub:/home/reddy/ros2_ws/install/py_params:/opt/ros/humble /usr/bin/cmake --build /home/reddy/ros2_ws/build/examples_rclcpp_minimal_publisher -- -j32 -l32
[15.321s] Invoking command in '/home/reddy/ros2_ws/build/examples_rclcpp_minimal_publisher': CMAKE_PREFIX_PATH=${CMAKE_PREFIX_PATH}:/home/reddy/ros2_ws/install/py_service:/home/reddy/ros2_ws/install/py_clint:/home/reddy/ros2_ws/install/launch_testing_examples:/home/reddy/ros2_ws/install/examples_rclpy_pointcloud_publisher:/home/reddy/ros2_ws/install/examples_rclpy_minimal_subscriber:/home/reddy/ros2_ws/install/examples_rclpy_minimal_service:/home/reddy/ros2_ws/install/examples_rclpy_minimal_publisher:/home/reddy/ros2_ws/install/examples_rclpy_minimal_client:/home/reddy/ros2_ws/install/examples_rclpy_minimal_action_server:/home/reddy/ros2_ws/install/examples_rclpy_minimal_action_client:/home/reddy/ros2_ws/install/examples_rclpy_guard_conditions:/home/reddy/ros2_ws/install/examples_rclpy_executors:/home/reddy/ros2_ws/install/py_action:/home/reddy/ros2_ws/install/py_srvcli:/home/reddy/ros2_ws/install/py_pubsub:/home/reddy/ros2_ws/install/py_params:/opt/ros/humble /usr/bin/cmake --install /home/reddy/ros2_ws/build/examples_rclcpp_minimal_publisher
[15.332s] -- Install configuration: ""
[15.333s] -- Installing: /home/reddy/ros2_ws/install/examples_rclcpp_minimal_publisher/lib/examples_rclcpp_minimal_publisher/publisher_lambda
[15.336s] -- Set runtime path of "/home/reddy/ros2_ws/install/examples_rclcpp_minimal_publisher/lib/examples_rclcpp_minimal_publisher/publisher_lambda" to ""
[15.336s] -- Installing: /home/reddy/ros2_ws/install/examples_rclcpp_minimal_publisher/lib/examples_rclcpp_minimal_publisher/publisher_member_function
[15.338s] -- Set runtime path of "/home/reddy/ros2_ws/install/examples_rclcpp_minimal_publisher/lib/examples_rclcpp_minimal_publisher/publisher_member_function" to ""
[15.339s] -- Installing: /home/reddy/ros2_ws/install/examples_rclcpp_minimal_publisher/lib/examples_rclcpp_minimal_publisher/publisher_member_function_with_type_adapter
[15.340s] -- Set runtime path of "/home/reddy/ros2_ws/install/examples_rclcpp_minimal_publisher/lib/examples_rclcpp_minimal_publisher/publisher_member_function_with_type_adapter" to ""
[15.340s] -- Installing: /home/reddy/ros2_ws/install/examples_rclcpp_minimal_publisher/lib/examples_rclcpp_minimal_publisher/publisher_member_function_with_unique_network_flow_endpoints
[15.342s] -- Set runtime path of "/home/reddy/ros2_ws/install/examples_rclcpp_minimal_publisher/lib/examples_rclcpp_minimal_publisher/publisher_member_function_with_unique_network_flow_endpoints" to ""
[15.342s] -- Installing: /home/reddy/ros2_ws/install/examples_rclcpp_minimal_publisher/lib/examples_rclcpp_minimal_publisher/publisher_wait_for_all_acked
[15.344s] -- Set runtime path of "/home/reddy/ros2_ws/install/examples_rclcpp_minimal_publisher/lib/examples_rclcpp_minimal_publisher/publisher_wait_for_all_acked" to ""
[15.344s] -- Installing: /home/reddy/ros2_ws/install/examples_rclcpp_minimal_publisher/lib/examples_rclcpp_minimal_publisher/publisher_not_composable
[15.346s] -- Set runtime path of "/home/reddy/ros2_ws/install/examples_rclcpp_minimal_publisher/lib/examples_rclcpp_minimal_publisher/publisher_not_composable" to ""
[15.347s] -- Installing: /home/reddy/ros2_ws/install/examples_rclcpp_minimal_publisher/share/ament_index/resource_index/package_run_dependencies/examples_rclcpp_minimal_publisher
[15.347s] -- Installing: /home/reddy/ros2_ws/install/examples_rclcpp_minimal_publisher/share/ament_index/resource_index/parent_prefix_path/examples_rclcpp_minimal_publisher
[15.348s] -- Installing: /home/reddy/ros2_ws/install/examples_rclcpp_minimal_publisher/share/examples_rclcpp_minimal_publisher/environment/ament_prefix_path.sh
[15.348s] -- Installing: /home/reddy/ros2_ws/install/examples_rclcpp_minimal_publisher/share/examples_rclcpp_minimal_publisher/environment/ament_prefix_path.dsv
[15.349s] -- Installing: /home/reddy/ros2_ws/install/examples_rclcpp_minimal_publisher/share/examples_rclcpp_minimal_publisher/environment/path.sh
[15.349s] -- Installing: /home/reddy/ros2_ws/install/examples_rclcpp_minimal_publisher/share/examples_rclcpp_minimal_publisher/environment/path.dsv
[15.349s] -- Installing: /home/reddy/ros2_ws/install/examples_rclcpp_minimal_publisher/share/examples_rclcpp_minimal_publisher/local_setup.bash
[15.349s] -- Installing: /home/reddy/ros2_ws/install/examples_rclcpp_minimal_publisher/share/examples_rclcpp_minimal_publisher/local_setup.sh
[15.350s] -- Installing: /home/reddy/ros2_ws/install/examples_rclcpp_minimal_publisher/share/examples_rclcpp_minimal_publisher/local_setup.zsh
[15.350s] -- Installing: /home/reddy/ros2_ws/install/examples_rclcpp_minimal_publisher/share/examples_rclcpp_minimal_publisher/local_setup.dsv
[15.355s] -- Installing: /home/reddy/ros2_ws/install/examples_rclcpp_minimal_publisher/share/examples_rclcpp_minimal_publisher/package.dsv
[15.355s] -- Installing: /home/reddy/ros2_ws/install/examples_rclcpp_minimal_publisher/share/ament_index/resource_index/packages/examples_rclcpp_minimal_publisher
[15.355s] -- Installing: /home/reddy/ros2_ws/install/examples_rclcpp_minimal_publisher/share/examples_rclcpp_minimal_publisher/cmake/examples_rclcpp_minimal_publisherConfig.cmake
[15.355s] -- Installing: /home/reddy/ros2_ws/install/examples_rclcpp_minimal_publisher/share/examples_rclcpp_minimal_publisher/cmake/examples_rclcpp_minimal_publisherConfig-version.cmake
[15.355s] -- Installing: /home/reddy/ros2_ws/install/examples_rclcpp_minimal_publisher/share/examples_rclcpp_minimal_publisher/package.xml
[15.358s] Invoked command in '/home/reddy/ros2_ws/build/examples_rclcpp_minimal_publisher' returned '0': CMAKE_PREFIX_PATH=${CMAKE_PREFIX_PATH}:/home/reddy/ros2_ws/install/py_service:/home/reddy/ros2_ws/install/py_clint:/home/reddy/ros2_ws/install/launch_testing_examples:/home/reddy/ros2_ws/install/examples_rclpy_pointcloud_publisher:/home/reddy/ros2_ws/install/examples_rclpy_minimal_subscriber:/home/reddy/ros2_ws/install/examples_rclpy_minimal_service:/home/reddy/ros2_ws/install/examples_rclpy_minimal_publisher:/home/reddy/ros2_ws/install/examples_rclpy_minimal_client:/home/reddy/ros2_ws/install/examples_rclpy_minimal_action_server:/home/reddy/ros2_ws/install/examples_rclpy_minimal_action_client:/home/reddy/ros2_ws/install/examples_rclpy_guard_conditions:/home/reddy/ros2_ws/install/examples_rclpy_executors:/home/reddy/ros2_ws/install/py_action:/home/reddy/ros2_ws/install/py_srvcli:/home/reddy/ros2_ws/install/py_pubsub:/home/reddy/ros2_ws/install/py_params:/opt/ros/humble /usr/bin/cmake --install /home/reddy/ros2_ws/build/examples_rclcpp_minimal_publisher
