[0.313s] Invoking command in '/home/reddy/ros2_ws/build/py_action': PYTHONPATH=/home/reddy/ros2_ws/build/py_action/prefix_override:/usr/lib/python3/dist-packages/colcon_core/task/python/colcon_distutils_commands:/home/reddy/ros2_ws/install/py_action/lib/python3.10/site-packages:${PYTHONPATH} /usr/bin/python3 -W ignore:setup.py install is deprecated -W ignore:easy_install command is deprecated setup.py develop --editable --build-directory /home/reddy/ros2_ws/build/py_action/build --no-deps symlink_data --force
[0.451s] running develop
[0.517s] running egg_info
[0.517s] writing py_action.egg-info/PKG-INFO
[0.518s] writing dependency_links to py_action.egg-info/dependency_links.txt
[0.519s] writing entry points to py_action.egg-info/entry_points.txt
[0.519s] writing requirements to py_action.egg-info/requires.txt
[0.519s] writing top-level names to py_action.egg-info/top_level.txt
[0.520s] reading manifest file 'py_action.egg-info/SOURCES.txt'
[0.520s] writing manifest file 'py_action.egg-info/SOURCES.txt'
[0.521s] running build_ext
[0.521s] Creating /home/reddy/ros2_ws/install/py_action/lib/python3.10/site-packages/py-action.egg-link (link to .)
[0.522s] Installing fibonacci_action_client script to /home/reddy/ros2_ws/install/py_action/lib/py_action
[0.522s] Installing fibonacci_action_server script to /home/reddy/ros2_ws/install/py_action/lib/py_action
[0.522s] 
[0.522s] Installed /home/reddy/ros2_ws/build/py_action
[0.522s] running symlink_data
[0.522s] symbolically linking /home/reddy/ros2_ws/build/py_action/resource/py_action -> /home/reddy/ros2_ws/install/py_action/share/ament_index/resource_index/packages
[0.522s] symbolically linking /home/reddy/ros2_ws/build/py_action/package.xml -> /home/reddy/ros2_ws/install/py_action/share/py_action
[0.535s] Invoked command in '/home/reddy/ros2_ws/build/py_action' returned '0': PYTHONPATH=/home/reddy/ros2_ws/build/py_action/prefix_override:/usr/lib/python3/dist-packages/colcon_core/task/python/colcon_distutils_commands:/home/reddy/ros2_ws/install/py_action/lib/python3.10/site-packages:${PYTHONPATH} /usr/bin/python3 -W ignore:setup.py install is deprecated -W ignore:easy_install command is deprecated setup.py develop --editable --build-directory /home/reddy/ros2_ws/build/py_action/build --no-deps symlink_data --force
