running egg_info
writing ../../build/py_action/py_action.egg-info/PKG-INFO
writing dependency_links to ../../build/py_action/py_action.egg-info/dependency_links.txt
writing entry points to ../../build/py_action/py_action.egg-info/entry_points.txt
writing requirements to ../../build/py_action/py_action.egg-info/requires.txt
writing top-level names to ../../build/py_action/py_action.egg-info/top_level.txt
reading manifest file '../../build/py_action/py_action.egg-info/SOURCES.txt'
writing manifest file '../../build/py_action/py_action.egg-info/SOURCES.txt'
running build
running build_py
copying py_action/fibonacci_action_client.py -> /home/reddy/ros2_ws/build/py_action/build/lib/py_action
copying py_action/fibonacci_action_server.py -> /home/reddy/ros2_ws/build/py_action/build/lib/py_action
running install
running install_lib
copying /home/reddy/ros2_ws/build/py_action/build/lib/py_action/fibonacci_action_client.py -> /home/reddy/ros2_ws/install/py_action/lib/python3.10/site-packages/py_action
copying /home/reddy/ros2_ws/build/py_action/build/lib/py_action/fibonacci_action_server.py -> /home/reddy/ros2_ws/install/py_action/lib/python3.10/site-packages/py_action
byte-compiling /home/reddy/ros2_ws/install/py_action/lib/python3.10/site-packages/py_action/fibonacci_action_client.py to fibonacci_action_client.cpython-310.pyc
byte-compiling /home/reddy/ros2_ws/install/py_action/lib/python3.10/site-packages/py_action/fibonacci_action_server.py to fibonacci_action_server.cpython-310.pyc
running install_data
running install_egg_info
removing '/home/reddy/ros2_ws/install/py_action/lib/python3.10/site-packages/py_action-0.0.0-py3.10.egg-info' (and everything under it)
Copying ../../build/py_action/py_action.egg-info to /home/reddy/ros2_ws/install/py_action/lib/python3.10/site-packages/py_action-0.0.0-py3.10.egg-info
running install_scripts
Installing fibonacci_action_client script to /home/reddy/ros2_ws/install/py_action/lib/py_action
Installing fibonacci_action_server script to /home/reddy/ros2_ws/install/py_action/lib/py_action
writing list of installed files to '/home/reddy/ros2_ws/build/py_action/install.log'
