[0.420s] Invoking command in '/home/reddy/ros2_ws/src/py_action': PYTHONPATH=/home/reddy/ros2_ws/build/py_action/prefix_override:/usr/lib/python3/dist-packages/colcon_core/task/python/colcon_distutils_commands:/home/reddy/ros2_ws/install/py_action/lib/python3.10/site-packages:${PYTHONPATH} /usr/bin/python3 -W ignore:setup.py install is deprecated -W ignore:easy_install command is deprecated setup.py egg_info --egg-base ../../build/py_action build --build-base /home/reddy/ros2_ws/build/py_action/build install --record /home/reddy/ros2_ws/build/py_action/install.log --single-version-externally-managed install_data
[0.540s] running egg_info
[0.540s] writing ../../build/py_action/py_action.egg-info/PKG-INFO
[0.540s] writing dependency_links to ../../build/py_action/py_action.egg-info/dependency_links.txt
[0.540s] writing entry points to ../../build/py_action/py_action.egg-info/entry_points.txt
[0.540s] writing requirements to ../../build/py_action/py_action.egg-info/requires.txt
[0.540s] writing top-level names to ../../build/py_action/py_action.egg-info/top_level.txt
[0.542s] reading manifest file '../../build/py_action/py_action.egg-info/SOURCES.txt'
[0.544s] writing manifest file '../../build/py_action/py_action.egg-info/SOURCES.txt'
[0.544s] running build
[0.544s] running build_py
[0.544s] copying py_action/fibonacci_action_client.py -> /home/reddy/ros2_ws/build/py_action/build/lib/py_action
[0.544s] copying py_action/fibonacci_action_server.py -> /home/reddy/ros2_ws/build/py_action/build/lib/py_action
[0.544s] running install
[0.544s] running install_lib
[0.545s] copying /home/reddy/ros2_ws/build/py_action/build/lib/py_action/fibonacci_action_client.py -> /home/reddy/ros2_ws/install/py_action/lib/python3.10/site-packages/py_action
[0.545s] copying /home/reddy/ros2_ws/build/py_action/build/lib/py_action/fibonacci_action_server.py -> /home/reddy/ros2_ws/install/py_action/lib/python3.10/site-packages/py_action
[0.546s] byte-compiling /home/reddy/ros2_ws/install/py_action/lib/python3.10/site-packages/py_action/fibonacci_action_client.py to fibonacci_action_client.cpython-310.pyc
[0.547s] byte-compiling /home/reddy/ros2_ws/install/py_action/lib/python3.10/site-packages/py_action/fibonacci_action_server.py to fibonacci_action_server.cpython-310.pyc
[0.547s] running install_data
[0.547s] running install_egg_info
[0.548s] removing '/home/reddy/ros2_ws/install/py_action/lib/python3.10/site-packages/py_action-0.0.0-py3.10.egg-info' (and everything under it)
[0.549s] Copying ../../build/py_action/py_action.egg-info to /home/reddy/ros2_ws/install/py_action/lib/python3.10/site-packages/py_action-0.0.0-py3.10.egg-info
[0.550s] running install_scripts
[0.560s] Installing fibonacci_action_client script to /home/reddy/ros2_ws/install/py_action/lib/py_action
[0.560s] Installing fibonacci_action_server script to /home/reddy/ros2_ws/install/py_action/lib/py_action
[0.561s] writing list of installed files to '/home/reddy/ros2_ws/build/py_action/install.log'
[0.571s] Invoked command in '/home/reddy/ros2_ws/src/py_action' returned '0': PYTHONPATH=/home/reddy/ros2_ws/build/py_action/prefix_override:/usr/lib/python3/dist-packages/colcon_core/task/python/colcon_distutils_commands:/home/reddy/ros2_ws/install/py_action/lib/python3.10/site-packages:${PYTHONPATH} /usr/bin/python3 -W ignore:setup.py install is deprecated -W ignore:easy_install command is deprecated setup.py egg_info --egg-base ../../build/py_action build --build-base /home/reddy/ros2_ws/build/py_action/build install --record /home/reddy/ros2_ws/build/py_action/install.log --single-version-externally-managed install_data
