[0.007s] Invoking command in '/home/reddy/ros2_ws/build/py_action_interfaces': CMAKE_PREFIX_PATH=${CMAKE_PREFIX_PATH}:/home/reddy/ros2_ws/install/py_service:/home/reddy/ros2_ws/install/py_clint:/home/reddy/ros2_ws/install/launch_testing_examples:/home/reddy/ros2_ws/install/examples_rclpy_pointcloud_publisher:/home/reddy/ros2_ws/install/examples_rclpy_minimal_subscriber:/home/reddy/ros2_ws/install/examples_rclpy_minimal_service:/home/reddy/ros2_ws/install/examples_rclpy_minimal_publisher:/home/reddy/ros2_ws/install/examples_rclpy_minimal_client:/home/reddy/ros2_ws/install/examples_rclpy_minimal_action_server:/home/reddy/ros2_ws/install/examples_rclpy_minimal_action_client:/home/reddy/ros2_ws/install/examples_rclpy_guard_conditions:/home/reddy/ros2_ws/install/examples_rclpy_executors:/home/reddy/ros2_ws/install/py_action:/home/reddy/ros2_ws/install/py_srvcli:/home/reddy/ros2_ws/install/py_pubsub:/home/reddy/ros2_ws/install/py_params:/opt/ros/humble /usr/bin/cmake /home/reddy/ros2_ws/src/py_action_interfaces -DCMAKE_INSTALL_PREFIX=/home/reddy/ros2_ws/install/py_action_interfaces
[0.150s] -- The C compiler identification is GNU 11.4.0
[0.560s] -- The CXX compiler identification is GNU 11.4.0
[0.818s] -- Detecting C compiler ABI info
[0.896s] -- Detecting C compiler ABI info - done
[0.900s] -- Check for working C compiler: /usr/bin/cc - skipped
[0.900s] -- Detecting C compile features
[0.900s] -- Detecting C compile features - done
[0.902s] -- Detecting CXX compiler ABI info
[0.984s] -- Detecting CXX compiler ABI info - done
[0.988s] -- Check for working CXX compiler: /usr/bin/c++ - skipped
[0.988s] -- Detecting CXX compile features
[0.988s] -- Detecting CXX compile features - done
[0.990s] -- Found ament_cmake: 1.3.11 (/opt/ros/humble/share/ament_cmake/cmake)
[1.085s] -- Found Python3: /usr/bin/python3 (found version "3.10.12") found components: Interpreter 
[1.151s] -- Found rosidl_default_generators: 1.2.0 (/opt/ros/humble/share/rosidl_default_generators/cmake)
[1.161s] -- Using all available rosidl_typesupport_c: rosidl_typesupport_fastrtps_c;rosidl_typesupport_introspection_c
[1.169s] -- Found rosidl_adapter: 3.1.6 (/opt/ros/humble/share/rosidl_adapter/cmake)
[1.284s] -- Using all available rosidl_typesupport_cpp: rosidl_typesupport_fastrtps_cpp;rosidl_typesupport_introspection_cpp
[1.322s] -- Found action_msgs: 1.2.1 (/opt/ros/humble/share/action_msgs/cmake)
[1.464s] [31mCMake Error at /opt/ros/humble/share/rosidl_cmake/cmake/rosidl_generate_interfaces.cmake:229 (message):
[1.464s]   Packages installing interfaces must include
[1.464s]   '<member_of_group>rosidl_interface_packages</member_of_group>' in their
[1.464s]   package.xml
[1.464s] Call Stack (most recent call first):
[1.464s]   CMakeLists.txt:15 (rosidl_generate_interfaces)
[1.464s] 
[1.464s] [0m
[1.464s] -- Configuring incomplete, errors occurred!
[1.464s] See also "/home/reddy/ros2_ws/build/py_action_interfaces/CMakeFiles/CMakeOutput.log".
[1.470s] Invoked command in '/home/reddy/ros2_ws/build/py_action_interfaces' returned '1': CMAKE_PREFIX_PATH=${CMAKE_PREFIX_PATH}:/home/reddy/ros2_ws/install/py_service:/home/reddy/ros2_ws/install/py_clint:/home/reddy/ros2_ws/install/launch_testing_examples:/home/reddy/ros2_ws/install/examples_rclpy_pointcloud_publisher:/home/reddy/ros2_ws/install/examples_rclpy_minimal_subscriber:/home/reddy/ros2_ws/install/examples_rclpy_minimal_service:/home/reddy/ros2_ws/install/examples_rclpy_minimal_publisher:/home/reddy/ros2_ws/install/examples_rclpy_minimal_client:/home/reddy/ros2_ws/install/examples_rclpy_minimal_action_server:/home/reddy/ros2_ws/install/examples_rclpy_minimal_action_client:/home/reddy/ros2_ws/install/examples_rclpy_guard_conditions:/home/reddy/ros2_ws/install/examples_rclpy_executors:/home/reddy/ros2_ws/install/py_action:/home/reddy/ros2_ws/install/py_srvcli:/home/reddy/ros2_ws/install/py_pubsub:/home/reddy/ros2_ws/install/py_params:/opt/ros/humble /usr/bin/cmake /home/reddy/ros2_ws/src/py_action_interfaces -DCMAKE_INSTALL_PREFIX=/home/reddy/ros2_ws/install/py_action_interfaces
