[0.291s] Invoking command in '/home/reddy/ros2_ws/build/py_params': PYTHONPATH=/home/reddy/ros2_ws/build/py_params/prefix_override:/usr/lib/python3/dist-packages/colcon_core/task/python/colcon_distutils_commands:/home/reddy/ros2_ws/install/py_params/lib/python3.10/site-packages:${PYTHONPATH} /usr/bin/python3 -W ignore:setup.py install is deprecated -W ignore:easy_install command is deprecated setup.py develop --editable --build-directory /home/reddy/ros2_ws/build/py_params/build --no-deps symlink_data
[0.402s] running develop
[0.470s] running egg_info
[0.470s] creating py_params.egg-info
[0.470s] writing py_params.egg-info/PKG-INFO
[0.470s] writing dependency_links to py_params.egg-info/dependency_links.txt
[0.470s] writing entry points to py_params.egg-info/entry_points.txt
[0.470s] writing requirements to py_params.egg-info/requires.txt
[0.470s] writing top-level names to py_params.egg-info/top_level.txt
[0.470s] writing manifest file 'py_params.egg-info/SOURCES.txt'
[0.471s] reading manifest file 'py_params.egg-info/SOURCES.txt'
[0.472s] writing manifest file 'py_params.egg-info/SOURCES.txt'
[0.472s] running build_ext
[0.473s] Creating /home/reddy/ros2_ws/install/py_params/lib/python3.10/site-packages/py-params.egg-link (link to .)
[0.473s] Installing configurable_talker script to /home/reddy/ros2_ws/install/py_params/bin
[0.473s] 
[0.473s] Installed /home/reddy/ros2_ws/build/py_params
[0.473s] running symlink_data
[0.473s] creating /home/reddy/ros2_ws/install/py_params/share/ament_index
[0.473s] creating /home/reddy/ros2_ws/install/py_params/share/ament_index/resource_index
[0.474s] creating /home/reddy/ros2_ws/install/py_params/share/ament_index/resource_index/packages
[0.474s] symbolically linking /home/reddy/ros2_ws/build/py_params/resource/py_params -> /home/reddy/ros2_ws/install/py_params/share/ament_index/resource_index/packages
[0.474s] symbolically linking /home/reddy/ros2_ws/build/py_params/package.xml -> /home/reddy/ros2_ws/install/py_params/share/py_params
[0.487s] Invoked command in '/home/reddy/ros2_ws/build/py_params' returned '0': PYTHONPATH=/home/reddy/ros2_ws/build/py_params/prefix_override:/usr/lib/python3/dist-packages/colcon_core/task/python/colcon_distutils_commands:/home/reddy/ros2_ws/install/py_params/lib/python3.10/site-packages:${PYTHONPATH} /usr/bin/python3 -W ignore:setup.py install is deprecated -W ignore:easy_install command is deprecated setup.py develop --editable --build-directory /home/reddy/ros2_ws/build/py_params/build --no-deps symlink_data
