[3.040s] Invoking command in '/home/reddy/ros2_ws/src/examples/rclpy/actions/minimal_action_server': PYTHONPATH=/home/reddy/ros2_ws/build/examples_rclpy_minimal_action_server/prefix_override:/usr/lib/python3/dist-packages/colcon_core/task/python/colcon_distutils_commands:/home/reddy/ros2_ws/install/examples_rclpy_minimal_action_server/lib/python3.10/site-packages:${PYTHONPATH} /usr/bin/python3 -W ignore:setup.py install is deprecated -W ignore:easy_install command is deprecated setup.py egg_info --egg-base ../../../../../build/examples_rclpy_minimal_action_server build --build-base /home/reddy/ros2_ws/build/examples_rclpy_minimal_action_server/build install --record /home/reddy/ros2_ws/build/examples_rclpy_minimal_action_server/install.log --single-version-externally-managed install_data
[3.398s] running egg_info
[3.398s] creating ../../../../../build/examples_rclpy_minimal_action_server/examples_rclpy_minimal_action_server.egg-info
[3.398s] writing ../../../../../build/examples_rclpy_minimal_action_server/examples_rclpy_minimal_action_server.egg-info/PKG-INFO
[3.398s] writing dependency_links to ../../../../../build/examples_rclpy_minimal_action_server/examples_rclpy_minimal_action_server.egg-info/dependency_links.txt
[3.398s] writing entry points to ../../../../../build/examples_rclpy_minimal_action_server/examples_rclpy_minimal_action_server.egg-info/entry_points.txt
[3.398s] writing requirements to ../../../../../build/examples_rclpy_minimal_action_server/examples_rclpy_minimal_action_server.egg-info/requires.txt
[3.399s] writing top-level names to ../../../../../build/examples_rclpy_minimal_action_server/examples_rclpy_minimal_action_server.egg-info/top_level.txt
[3.399s] writing manifest file '../../../../../build/examples_rclpy_minimal_action_server/examples_rclpy_minimal_action_server.egg-info/SOURCES.txt'
[3.399s] reading manifest file '../../../../../build/examples_rclpy_minimal_action_server/examples_rclpy_minimal_action_server.egg-info/SOURCES.txt'
[3.399s] writing manifest file '../../../../../build/examples_rclpy_minimal_action_server/examples_rclpy_minimal_action_server.egg-info/SOURCES.txt'
[3.399s] running build
[3.399s] running build_py
[3.399s] creating /home/reddy/ros2_ws/build/examples_rclpy_minimal_action_server/build
[3.399s] creating /home/reddy/ros2_ws/build/examples_rclpy_minimal_action_server/build/lib
[3.399s] creating /home/reddy/ros2_ws/build/examples_rclpy_minimal_action_server/build/lib/examples_rclpy_minimal_action_server
[3.399s] copying examples_rclpy_minimal_action_server/server_defer.py -> /home/reddy/ros2_ws/build/examples_rclpy_minimal_action_server/build/lib/examples_rclpy_minimal_action_server
[3.400s] copying examples_rclpy_minimal_action_server/server.py -> /home/reddy/ros2_ws/build/examples_rclpy_minimal_action_server/build/lib/examples_rclpy_minimal_action_server
[3.400s] copying examples_rclpy_minimal_action_server/server_not_composable.py -> /home/reddy/ros2_ws/build/examples_rclpy_minimal_action_server/build/lib/examples_rclpy_minimal_action_server
[3.400s] copying examples_rclpy_minimal_action_server/server_single_goal.py -> /home/reddy/ros2_ws/build/examples_rclpy_minimal_action_server/build/lib/examples_rclpy_minimal_action_server
[3.400s] copying examples_rclpy_minimal_action_server/__init__.py -> /home/reddy/ros2_ws/build/examples_rclpy_minimal_action_server/build/lib/examples_rclpy_minimal_action_server
[3.400s] copying examples_rclpy_minimal_action_server/server_queue_goals.py -> /home/reddy/ros2_ws/build/examples_rclpy_minimal_action_server/build/lib/examples_rclpy_minimal_action_server
[3.400s] running install
[3.401s] running install_lib
[3.401s] creating /home/reddy/ros2_ws/install/examples_rclpy_minimal_action_server/lib/python3.10/site-packages/examples_rclpy_minimal_action_server
[3.401s] copying /home/reddy/ros2_ws/build/examples_rclpy_minimal_action_server/build/lib/examples_rclpy_minimal_action_server/server_defer.py -> /home/reddy/ros2_ws/install/examples_rclpy_minimal_action_server/lib/python3.10/site-packages/examples_rclpy_minimal_action_server
[3.401s] copying /home/reddy/ros2_ws/build/examples_rclpy_minimal_action_server/build/lib/examples_rclpy_minimal_action_server/server.py -> /home/reddy/ros2_ws/install/examples_rclpy_minimal_action_server/lib/python3.10/site-packages/examples_rclpy_minimal_action_server
[3.401s] copying /home/reddy/ros2_ws/build/examples_rclpy_minimal_action_server/build/lib/examples_rclpy_minimal_action_server/server_not_composable.py -> /home/reddy/ros2_ws/install/examples_rclpy_minimal_action_server/lib/python3.10/site-packages/examples_rclpy_minimal_action_server
[3.401s] copying /home/reddy/ros2_ws/build/examples_rclpy_minimal_action_server/build/lib/examples_rclpy_minimal_action_server/server_single_goal.py -> /home/reddy/ros2_ws/install/examples_rclpy_minimal_action_server/lib/python3.10/site-packages/examples_rclpy_minimal_action_server
[3.401s] copying /home/reddy/ros2_ws/build/examples_rclpy_minimal_action_server/build/lib/examples_rclpy_minimal_action_server/__init__.py -> /home/reddy/ros2_ws/install/examples_rclpy_minimal_action_server/lib/python3.10/site-packages/examples_rclpy_minimal_action_server
[3.401s] copying /home/reddy/ros2_ws/build/examples_rclpy_minimal_action_server/build/lib/examples_rclpy_minimal_action_server/server_queue_goals.py -> /home/reddy/ros2_ws/install/examples_rclpy_minimal_action_server/lib/python3.10/site-packages/examples_rclpy_minimal_action_server
[3.401s] byte-compiling /home/reddy/ros2_ws/install/examples_rclpy_minimal_action_server/lib/python3.10/site-packages/examples_rclpy_minimal_action_server/server_defer.py to server_defer.cpython-310.pyc
[3.401s] byte-compiling /home/reddy/ros2_ws/install/examples_rclpy_minimal_action_server/lib/python3.10/site-packages/examples_rclpy_minimal_action_server/server.py to server.cpython-310.pyc
[3.402s] byte-compiling /home/reddy/ros2_ws/install/examples_rclpy_minimal_action_server/lib/python3.10/site-packages/examples_rclpy_minimal_action_server/server_not_composable.py to server_not_composable.cpython-310.pyc
[3.402s] byte-compiling /home/reddy/ros2_ws/install/examples_rclpy_minimal_action_server/lib/python3.10/site-packages/examples_rclpy_minimal_action_server/server_single_goal.py to server_single_goal.cpython-310.pyc
[3.402s] byte-compiling /home/reddy/ros2_ws/install/examples_rclpy_minimal_action_server/lib/python3.10/site-packages/examples_rclpy_minimal_action_server/__init__.py to __init__.cpython-310.pyc
[3.402s] byte-compiling /home/reddy/ros2_ws/install/examples_rclpy_minimal_action_server/lib/python3.10/site-packages/examples_rclpy_minimal_action_server/server_queue_goals.py to server_queue_goals.cpython-310.pyc
[3.402s] running install_data
[3.403s] creating /home/reddy/ros2_ws/install/examples_rclpy_minimal_action_server/share/ament_index
[3.403s] creating /home/reddy/ros2_ws/install/examples_rclpy_minimal_action_server/share/ament_index/resource_index
[3.403s] creating /home/reddy/ros2_ws/install/examples_rclpy_minimal_action_server/share/ament_index/resource_index/packages
[3.403s] copying resource/examples_rclpy_minimal_action_server -> /home/reddy/ros2_ws/install/examples_rclpy_minimal_action_server/share/ament_index/resource_index/packages
[3.404s] copying package.xml -> /home/reddy/ros2_ws/install/examples_rclpy_minimal_action_server/share/examples_rclpy_minimal_action_server
[3.404s] running install_egg_info
[3.404s] Copying ../../../../../build/examples_rclpy_minimal_action_server/examples_rclpy_minimal_action_server.egg-info to /home/reddy/ros2_ws/install/examples_rclpy_minimal_action_server/lib/python3.10/site-packages/examples_rclpy_minimal_action_server-0.15.3-py3.10.egg-info
[3.404s] running install_scripts
[3.404s] Installing server script to /home/reddy/ros2_ws/install/examples_rclpy_minimal_action_server/lib/examples_rclpy_minimal_action_server
[3.404s] Installing server_defer script to /home/reddy/ros2_ws/install/examples_rclpy_minimal_action_server/lib/examples_rclpy_minimal_action_server
[3.404s] Installing server_not_composable script to /home/reddy/ros2_ws/install/examples_rclpy_minimal_action_server/lib/examples_rclpy_minimal_action_server
[3.404s] Installing server_queue_goals script to /home/reddy/ros2_ws/install/examples_rclpy_minimal_action_server/lib/examples_rclpy_minimal_action_server
[3.404s] Installing server_single_goal script to /home/reddy/ros2_ws/install/examples_rclpy_minimal_action_server/lib/examples_rclpy_minimal_action_server
[3.404s] writing list of installed files to '/home/reddy/ros2_ws/build/examples_rclpy_minimal_action_server/install.log'
[3.467s] Invoked command in '/home/reddy/ros2_ws/src/examples/rclpy/actions/minimal_action_server' returned '0': PYTHONPATH=/home/reddy/ros2_ws/build/examples_rclpy_minimal_action_server/prefix_override:/usr/lib/python3/dist-packages/colcon_core/task/python/colcon_distutils_commands:/home/reddy/ros2_ws/install/examples_rclpy_minimal_action_server/lib/python3.10/site-packages:${PYTHONPATH} /usr/bin/python3 -W ignore:setup.py install is deprecated -W ignore:easy_install command is deprecated setup.py egg_info --egg-base ../../../../../build/examples_rclpy_minimal_action_server build --build-base /home/reddy/ros2_ws/build/examples_rclpy_minimal_action_server/build install --record /home/reddy/ros2_ws/build/examples_rclpy_minimal_action_server/install.log --single-version-externally-managed install_data
