[0.535s] Invoking command in '/home/reddy/ros2_ws/src/py_pubsub': PYTHONPATH=/home/reddy/ros2_ws/src/build/py_pubsub/prefix_override:/usr/lib/python3/dist-packages/colcon_core/task/python/colcon_distutils_commands:/home/reddy/ros2_ws/src/install/py_pubsub/lib/python3.10/site-packages:${PYTHONPATH} /usr/bin/python3 -W ignore:setup.py install is deprecated -W ignore:easy_install command is deprecated setup.py egg_info --egg-base ../build/py_pubsub build --build-base /home/reddy/ros2_ws/src/build/py_pubsub/build install --record /home/reddy/ros2_ws/src/build/py_pubsub/install.log --single-version-externally-managed install_data
[0.675s] running egg_info
[0.675s] creating ../build/py_pubsub/py_pubsub.egg-info
[0.675s] writing ../build/py_pubsub/py_pubsub.egg-info/PKG-INFO
[0.676s] writing dependency_links to ../build/py_pubsub/py_pubsub.egg-info/dependency_links.txt
[0.676s] writing entry points to ../build/py_pubsub/py_pubsub.egg-info/entry_points.txt
[0.676s] writing requirements to ../build/py_pubsub/py_pubsub.egg-info/requires.txt
[0.676s] writing top-level names to ../build/py_pubsub/py_pubsub.egg-info/top_level.txt
[0.676s] writing manifest file '../build/py_pubsub/py_pubsub.egg-info/SOURCES.txt'
[0.678s] reading manifest file '../build/py_pubsub/py_pubsub.egg-info/SOURCES.txt'
[0.678s] writing manifest file '../build/py_pubsub/py_pubsub.egg-info/SOURCES.txt'
[0.679s] running build
[0.679s] running build_py
[0.679s] creating /home/reddy/ros2_ws/src/build/py_pubsub/build
[0.679s] creating /home/reddy/ros2_ws/src/build/py_pubsub/build/lib
[0.679s] creating /home/reddy/ros2_ws/src/build/py_pubsub/build/lib/py_pubsub
[0.679s] copying py_pubsub/listener.py -> /home/reddy/ros2_ws/src/build/py_pubsub/build/lib/py_pubsub
[0.680s] copying py_pubsub/talker.py -> /home/reddy/ros2_ws/src/build/py_pubsub/build/lib/py_pubsub
[0.680s] copying py_pubsub/__init__.py -> /home/reddy/ros2_ws/src/build/py_pubsub/build/lib/py_pubsub
[0.680s] running install
[0.680s] running install_lib
[0.681s] creating /home/reddy/ros2_ws/src/install/py_pubsub/lib/python3.10/site-packages/py_pubsub
[0.681s] copying /home/reddy/ros2_ws/src/build/py_pubsub/build/lib/py_pubsub/listener.py -> /home/reddy/ros2_ws/src/install/py_pubsub/lib/python3.10/site-packages/py_pubsub
[0.681s] copying /home/reddy/ros2_ws/src/build/py_pubsub/build/lib/py_pubsub/talker.py -> /home/reddy/ros2_ws/src/install/py_pubsub/lib/python3.10/site-packages/py_pubsub
[0.681s] copying /home/reddy/ros2_ws/src/build/py_pubsub/build/lib/py_pubsub/__init__.py -> /home/reddy/ros2_ws/src/install/py_pubsub/lib/python3.10/site-packages/py_pubsub
[0.681s] byte-compiling /home/reddy/ros2_ws/src/install/py_pubsub/lib/python3.10/site-packages/py_pubsub/listener.py to listener.cpython-310.pyc
[0.681s] byte-compiling /home/reddy/ros2_ws/src/install/py_pubsub/lib/python3.10/site-packages/py_pubsub/talker.py to talker.cpython-310.pyc
[0.682s] Sorry: TabError: inconsistent use of tabs and spaces in indentation (talker.py, line 10)
[0.682s] byte-compiling /home/reddy/ros2_ws/src/install/py_pubsub/lib/python3.10/site-packages/py_pubsub/__init__.py to __init__.cpython-310.pyc
[0.682s] running install_data
[0.682s] creating /home/reddy/ros2_ws/src/install/py_pubsub/share/ament_index
[0.683s] creating /home/reddy/ros2_ws/src/install/py_pubsub/share/ament_index/resource_index
[0.683s] creating /home/reddy/ros2_ws/src/install/py_pubsub/share/ament_index/resource_index/packages
[0.683s] copying resource/py_pubsub -> /home/reddy/ros2_ws/src/install/py_pubsub/share/ament_index/resource_index/packages
[0.683s] copying package.xml -> /home/reddy/ros2_ws/src/install/py_pubsub/share/py_pubsub
[0.683s] running install_egg_info
[0.684s] Copying ../build/py_pubsub/py_pubsub.egg-info to /home/reddy/ros2_ws/src/install/py_pubsub/lib/python3.10/site-packages/py_pubsub-0.0.0-py3.10.egg-info
[0.685s] running install_scripts
[0.697s] Installing listener script to /home/reddy/ros2_ws/src/install/py_pubsub/lib/py_pubsub
[0.697s] Installing talker script to /home/reddy/ros2_ws/src/install/py_pubsub/lib/py_pubsub
[0.697s] writing list of installed files to '/home/reddy/ros2_ws/src/build/py_pubsub/install.log'
[0.719s] Invoked command in '/home/reddy/ros2_ws/src/py_pubsub' returned '0': PYTHONPATH=/home/reddy/ros2_ws/src/build/py_pubsub/prefix_override:/usr/lib/python3/dist-packages/colcon_core/task/python/colcon_distutils_commands:/home/reddy/ros2_ws/src/install/py_pubsub/lib/python3.10/site-packages:${PYTHONPATH} /usr/bin/python3 -W ignore:setup.py install is deprecated -W ignore:easy_install command is deprecated setup.py egg_info --egg-base ../build/py_pubsub build --build-base /home/reddy/ros2_ws/src/build/py_pubsub/build install --record /home/reddy/ros2_ws/src/build/py_pubsub/install.log --single-version-externally-managed install_data
