[0.008s] Invoking command in '/home/reddy/ros2_ws/build/py_action_interfaces': CMAKE_PREFIX_PATH=${CMAKE_PREFIX_PATH}:/home/reddy/ros2_ws/install/py_service:/home/reddy/ros2_ws/install/py_clint:/home/reddy/ros2_ws/install/launch_testing_examples:/home/reddy/ros2_ws/install/examples_rclpy_pointcloud_publisher:/home/reddy/ros2_ws/install/examples_rclpy_minimal_subscriber:/home/reddy/ros2_ws/install/examples_rclpy_minimal_service:/home/reddy/ros2_ws/install/examples_rclpy_minimal_publisher:/home/reddy/ros2_ws/install/examples_rclpy_minimal_client:/home/reddy/ros2_ws/install/examples_rclpy_minimal_action_server:/home/reddy/ros2_ws/install/examples_rclpy_minimal_action_client:/home/reddy/ros2_ws/install/examples_rclpy_guard_conditions:/home/reddy/ros2_ws/install/examples_rclpy_executors:/home/reddy/ros2_ws/install/py_action:/home/reddy/ros2_ws/install/py_srvcli:/home/reddy/ros2_ws/install/py_pubsub:/home/reddy/ros2_ws/install/py_params:/opt/ros/humble /usr/bin/cmake /home/reddy/ros2_ws/src/py_action_interfaces -DCMAKE_VERBOSE_MAKEFILE=ON -DCMAKE_INSTALL_PREFIX=/home/reddy/ros2_ws/install/py_action_interfaces
[0.064s] -- The C compiler identification is GNU 11.4.0
[0.271s] -- The CXX compiler identification is GNU 11.4.0
[0.430s] -- Detecting C compiler ABI info
[0.590s] -- Detecting C compiler ABI info - done
[0.593s] -- Check for working C compiler: /usr/bin/cc - skipped
[0.593s] -- Detecting C compile features
[0.593s] -- Detecting C compile features - done
[0.595s] -- Detecting CXX compiler ABI info
[0.683s] -- Detecting CXX compiler ABI info - done
[0.686s] -- Check for working CXX compiler: /usr/bin/c++ - skipped
[0.686s] -- Detecting CXX compile features
[0.687s] -- Detecting CXX compile features - done
[0.688s] -- Found ament_cmake: 1.3.11 (/opt/ros/humble/share/ament_cmake/cmake)
[0.778s] -- Found Python3: /usr/bin/python3 (found version "3.10.12") found components: Interpreter 
[0.837s] -- Found ament_lint_auto: 0.12.12 (/opt/ros/humble/share/ament_lint_auto/cmake)
[0.884s] -- Added test 'lint_cmake' to check CMake code style
[0.884s] -- Added test 'xmllint' to check XML markup files
[0.886s] -- Configuring done
[0.888s] -- Generating done
[0.889s] -- Build files have been written to: /home/reddy/ros2_ws/build/py_action_interfaces
[0.892s] Invoked command in '/home/reddy/ros2_ws/build/py_action_interfaces' returned '0': CMAKE_PREFIX_PATH=${CMAKE_PREFIX_PATH}:/home/reddy/ros2_ws/install/py_service:/home/reddy/ros2_ws/install/py_clint:/home/reddy/ros2_ws/install/launch_testing_examples:/home/reddy/ros2_ws/install/examples_rclpy_pointcloud_publisher:/home/reddy/ros2_ws/install/examples_rclpy_minimal_subscriber:/home/reddy/ros2_ws/install/examples_rclpy_minimal_service:/home/reddy/ros2_ws/install/examples_rclpy_minimal_publisher:/home/reddy/ros2_ws/install/examples_rclpy_minimal_client:/home/reddy/ros2_ws/install/examples_rclpy_minimal_action_server:/home/reddy/ros2_ws/install/examples_rclpy_minimal_action_client:/home/reddy/ros2_ws/install/examples_rclpy_guard_conditions:/home/reddy/ros2_ws/install/examples_rclpy_executors:/home/reddy/ros2_ws/install/py_action:/home/reddy/ros2_ws/install/py_srvcli:/home/reddy/ros2_ws/install/py_pubsub:/home/reddy/ros2_ws/install/py_params:/opt/ros/humble /usr/bin/cmake /home/reddy/ros2_ws/src/py_action_interfaces -DCMAKE_VERBOSE_MAKEFILE=ON -DCMAKE_INSTALL_PREFIX=/home/reddy/ros2_ws/install/py_action_interfaces
[0.893s] Invoking command in '/home/reddy/ros2_ws/build/py_action_interfaces': CMAKE_PREFIX_PATH=${CMAKE_PREFIX_PATH}:/home/reddy/ros2_ws/install/py_service:/home/reddy/ros2_ws/install/py_clint:/home/reddy/ros2_ws/install/launch_testing_examples:/home/reddy/ros2_ws/install/examples_rclpy_pointcloud_publisher:/home/reddy/ros2_ws/install/examples_rclpy_minimal_subscriber:/home/reddy/ros2_ws/install/examples_rclpy_minimal_service:/home/reddy/ros2_ws/install/examples_rclpy_minimal_publisher:/home/reddy/ros2_ws/install/examples_rclpy_minimal_client:/home/reddy/ros2_ws/install/examples_rclpy_minimal_action_server:/home/reddy/ros2_ws/install/examples_rclpy_minimal_action_client:/home/reddy/ros2_ws/install/examples_rclpy_guard_conditions:/home/reddy/ros2_ws/install/examples_rclpy_executors:/home/reddy/ros2_ws/install/py_action:/home/reddy/ros2_ws/install/py_srvcli:/home/reddy/ros2_ws/install/py_pubsub:/home/reddy/ros2_ws/install/py_params:/opt/ros/humble /usr/bin/cmake --build /home/reddy/ros2_ws/build/py_action_interfaces -- -j32 -l32
[0.901s] /usr/bin/cmake -S/home/reddy/ros2_ws/src/py_action_interfaces -B/home/reddy/ros2_ws/build/py_action_interfaces --check-build-system CMakeFiles/Makefile.cmake 0
[0.907s] /usr/bin/cmake -E cmake_progress_start /home/reddy/ros2_ws/build/py_action_interfaces/CMakeFiles /home/reddy/ros2_ws/build/py_action_interfaces//CMakeFiles/progress.marks
[0.910s] /usr/bin/gmake  -f CMakeFiles/Makefile2 all
[0.911s] gmake[1]: Entering directory '/home/reddy/ros2_ws/build/py_action_interfaces'
[0.911s] gmake[1]: Nothing to be done for 'all'.
[0.911s] gmake[1]: Leaving directory '/home/reddy/ros2_ws/build/py_action_interfaces'
[0.911s] /usr/bin/cmake -E cmake_progress_start /home/reddy/ros2_ws/build/py_action_interfaces/CMakeFiles 0
[0.916s] Invoked command in '/home/reddy/ros2_ws/build/py_action_interfaces' returned '0': CMAKE_PREFIX_PATH=${CMAKE_PREFIX_PATH}:/home/reddy/ros2_ws/install/py_service:/home/reddy/ros2_ws/install/py_clint:/home/reddy/ros2_ws/install/launch_testing_examples:/home/reddy/ros2_ws/install/examples_rclpy_pointcloud_publisher:/home/reddy/ros2_ws/install/examples_rclpy_minimal_subscriber:/home/reddy/ros2_ws/install/examples_rclpy_minimal_service:/home/reddy/ros2_ws/install/examples_rclpy_minimal_publisher:/home/reddy/ros2_ws/install/examples_rclpy_minimal_client:/home/reddy/ros2_ws/install/examples_rclpy_minimal_action_server:/home/reddy/ros2_ws/install/examples_rclpy_minimal_action_client:/home/reddy/ros2_ws/install/examples_rclpy_guard_conditions:/home/reddy/ros2_ws/install/examples_rclpy_executors:/home/reddy/ros2_ws/install/py_action:/home/reddy/ros2_ws/install/py_srvcli:/home/reddy/ros2_ws/install/py_pubsub:/home/reddy/ros2_ws/install/py_params:/opt/ros/humble /usr/bin/cmake --build /home/reddy/ros2_ws/build/py_action_interfaces -- -j32 -l32
[0.922s] Invoking command in '/home/reddy/ros2_ws/build/py_action_interfaces': CMAKE_PREFIX_PATH=${CMAKE_PREFIX_PATH}:/home/reddy/ros2_ws/install/py_service:/home/reddy/ros2_ws/install/py_clint:/home/reddy/ros2_ws/install/launch_testing_examples:/home/reddy/ros2_ws/install/examples_rclpy_pointcloud_publisher:/home/reddy/ros2_ws/install/examples_rclpy_minimal_subscriber:/home/reddy/ros2_ws/install/examples_rclpy_minimal_service:/home/reddy/ros2_ws/install/examples_rclpy_minimal_publisher:/home/reddy/ros2_ws/install/examples_rclpy_minimal_client:/home/reddy/ros2_ws/install/examples_rclpy_minimal_action_server:/home/reddy/ros2_ws/install/examples_rclpy_minimal_action_client:/home/reddy/ros2_ws/install/examples_rclpy_guard_conditions:/home/reddy/ros2_ws/install/examples_rclpy_executors:/home/reddy/ros2_ws/install/py_action:/home/reddy/ros2_ws/install/py_srvcli:/home/reddy/ros2_ws/install/py_pubsub:/home/reddy/ros2_ws/install/py_params:/opt/ros/humble /usr/bin/cmake --install /home/reddy/ros2_ws/build/py_action_interfaces
[0.926s] -- Install configuration: ""
[0.926s] -- Installing: /home/reddy/ros2_ws/install/py_action_interfaces/share/ament_index/resource_index/package_run_dependencies/py_action_interfaces
[0.926s] -- Installing: /home/reddy/ros2_ws/install/py_action_interfaces/share/ament_index/resource_index/parent_prefix_path/py_action_interfaces
[0.927s] -- Installing: /home/reddy/ros2_ws/install/py_action_interfaces/share/py_action_interfaces/environment/ament_prefix_path.sh
[0.927s] -- Installing: /home/reddy/ros2_ws/install/py_action_interfaces/share/py_action_interfaces/environment/ament_prefix_path.dsv
[0.927s] -- Installing: /home/reddy/ros2_ws/install/py_action_interfaces/share/py_action_interfaces/environment/path.sh
[0.927s] -- Installing: /home/reddy/ros2_ws/install/py_action_interfaces/share/py_action_interfaces/environment/path.dsv
[0.928s] -- Installing: /home/reddy/ros2_ws/install/py_action_interfaces/share/py_action_interfaces/local_setup.bash
[0.928s] -- Installing: /home/reddy/ros2_ws/install/py_action_interfaces/share/py_action_interfaces/local_setup.sh
[0.928s] -- Installing: /home/reddy/ros2_ws/install/py_action_interfaces/share/py_action_interfaces/local_setup.zsh
[0.928s] -- Installing: /home/reddy/ros2_ws/install/py_action_interfaces/share/py_action_interfaces/local_setup.dsv
[0.928s] -- Installing: /home/reddy/ros2_ws/install/py_action_interfaces/share/py_action_interfaces/package.dsv
[0.928s] -- Installing: /home/reddy/ros2_ws/install/py_action_interfaces/share/ament_index/resource_index/packages/py_action_interfaces
[0.928s] -- Installing: /home/reddy/ros2_ws/install/py_action_interfaces/share/py_action_interfaces/cmake/py_action_interfacesConfig.cmake
[0.929s] -- Installing: /home/reddy/ros2_ws/install/py_action_interfaces/share/py_action_interfaces/cmake/py_action_interfacesConfig-version.cmake
[0.929s] -- Installing: /home/reddy/ros2_ws/install/py_action_interfaces/share/py_action_interfaces/package.xml
[0.930s] Invoked command in '/home/reddy/ros2_ws/build/py_action_interfaces' returned '0': CMAKE_PREFIX_PATH=${CMAKE_PREFIX_PATH}:/home/reddy/ros2_ws/install/py_service:/home/reddy/ros2_ws/install/py_clint:/home/reddy/ros2_ws/install/launch_testing_examples:/home/reddy/ros2_ws/install/examples_rclpy_pointcloud_publisher:/home/reddy/ros2_ws/install/examples_rclpy_minimal_subscriber:/home/reddy/ros2_ws/install/examples_rclpy_minimal_service:/home/reddy/ros2_ws/install/examples_rclpy_minimal_publisher:/home/reddy/ros2_ws/install/examples_rclpy_minimal_client:/home/reddy/ros2_ws/install/examples_rclpy_minimal_action_server:/home/reddy/ros2_ws/install/examples_rclpy_minimal_action_client:/home/reddy/ros2_ws/install/examples_rclpy_guard_conditions:/home/reddy/ros2_ws/install/examples_rclpy_executors:/home/reddy/ros2_ws/install/py_action:/home/reddy/ros2_ws/install/py_srvcli:/home/reddy/ros2_ws/install/py_pubsub:/home/reddy/ros2_ws/install/py_params:/opt/ros/humble /usr/bin/cmake --install /home/reddy/ros2_ws/build/py_action_interfaces
